[2026-04-10T02:38:47.867+0000] {taskinstance.py:1956} INFO - Dependencies all met for dep_context=non-requeueable deps ti=<TaskInstance: smart_building_pipeline_stream_to_kafka.stream_to_kafka manual__2026-04-10T02:29:53.165318+00:00 [queued]>
[2026-04-10T02:38:47.881+0000] {taskinstance.py:1956} INFO - Dependencies all met for dep_context=requeueable deps ti=<TaskInstance: smart_building_pipeline_stream_to_kafka.stream_to_kafka manual__2026-04-10T02:29:53.165318+00:00 [queued]>
[2026-04-10T02:38:47.882+0000] {taskinstance.py:2170} INFO - Starting attempt 2 of 3
[2026-04-10T02:38:48.133+0000] {taskinstance.py:2191} INFO - Executing <Task(PythonOperator): stream_to_kafka> on 2026-04-10 02:29:53.165318+00:00
[2026-04-10T02:38:48.142+0000] {standard_task_runner.py:60} INFO - Started process 38412 to run task
[2026-04-10T02:38:48.146+0000] {standard_task_runner.py:87} INFO - Running: ['***', 'tasks', 'run', 'smart_building_pipeline_stream_to_kafka', 'stream_to_kafka', 'manual__2026-04-10T02:29:53.165318+00:00', '--job-id', '36', '--raw', '--subdir', 'DAGS_FOLDER/bems_dag.py', '--cfg-path', '/tmp/tmpvpycrgaj']
[2026-04-10T02:38:48.150+0000] {standard_task_runner.py:88} INFO - Job 36: Subtask stream_to_kafka
[2026-04-10T02:38:48.219+0000] {task_command.py:423} INFO - Running <TaskInstance: smart_building_pipeline_stream_to_kafka.stream_to_kafka manual__2026-04-10T02:29:53.165318+00:00 [running]> on host d81182cf7fc4
[2026-04-10T02:38:48.299+0000] {taskinstance.py:2480} INFO - Exporting env vars: AIRFLOW_CTX_DAG_OWNER='smart-building' AIRFLOW_CTX_DAG_ID='smart_building_pipeline_stream_to_kafka' AIRFLOW_CTX_TASK_ID='stream_to_kafka' AIRFLOW_CTX_EXECUTION_DATE='2026-04-10T02:29:53.165318+00:00' AIRFLOW_CTX_TRY_NUMBER='2' AIRFLOW_CTX_DAG_RUN_ID='manual__2026-04-10T02:29:53.165318+00:00'
[2026-04-10T02:39:37.182+0000] {taskinstance.py:2698} ERROR - Task failed with exception
Traceback (most recent call last):
  File "/home/airflow/.local/lib/python3.8/site-packages/airflow/models/taskinstance.py", line 433, in _execute_task
    result = execute_callable(context=context, **execute_callable_kwargs)
  File "/home/airflow/.local/lib/python3.8/site-packages/airflow/operators/python.py", line 199, in execute
    return_value = self.execute_callable()
  File "/home/airflow/.local/lib/python3.8/site-packages/airflow/operators/python.py", line 216, in execute_callable
    return self.python_callable(*self.op_args, **self.op_kwargs)
  File "/opt/airflow/dags/bems_dag.py", line 219, in stream_to_kafka
    subprocess.run(
  File "/usr/local/lib/python3.8/subprocess.py", line 495, in run
    stdout, stderr = process.communicate(input, timeout=timeout)
  File "/usr/local/lib/python3.8/subprocess.py", line 1028, in communicate
    stdout, stderr = self._communicate(input, endtime, timeout)
  File "/usr/local/lib/python3.8/subprocess.py", line 1910, in _communicate
    self.wait(timeout=self._remaining_time(endtime))
  File "/usr/local/lib/python3.8/subprocess.py", line 1083, in wait
    return self._wait(timeout=timeout)
  File "/usr/local/lib/python3.8/subprocess.py", line 1814, in _wait
    raise TimeoutExpired(self.args, timeout)
subprocess.TimeoutExpired: Command '['ssh', 'itds344@10.34.111.33', 'echo \'{"readingID": "ee52062b-6900-448a-b2a9-681f1958c111", "timestamp": "2026-04-01 08:50:00", "roomID": "Lab103", "deviceID": "Lab103_light", "value": "38.0", "deviceType": "light"}\\n{"readingID": "7ac9fe6f-8ba5-4949-8ba0-d23db83fbbd4", "timestamp": "2026-04-01 08:50:00", "roomID": "Lab103", "deviceID": "Lab103_power", "value": "0.48", "deviceType": "power"}\\n{"readingID": "6fc39dae-0645-48bf-a7ba-294d0d7637d9", "timestamp": "2026-04-01 08:50:00", "roomID": "IT305", "deviceID": "IT305_temperature", "value": "30.35", "deviceType": "temperature"}\\n{"readingID": "eb6f011e-99ac-4ab8-a94b-cebff9c47683", "timestamp": "2026-04-01 08:50:00", "roomID": "IT305", "deviceID": "IT305_light", "value": "13.0", "deviceType": "light"}\\n{"readingID": "29785879-ac41-4fcc-b1a0-8d401a1dbf1c", "timestamp": "2026-04-01 08:50:00", "roomID": "IT305", "deviceID": "IT305_power", "value": "0.24", "deviceType": "power"}\\n{"readingID": "9b82794b-2954-4a5d-8e00-a41fc44cc4e4", "timestamp": "2026-04-01 08:50:00", "roomID": "IT305", "deviceID": "IT305_temperature", "value": "30.13", "deviceType": "temperature"}\\n{"readingID": "9bd0f6c4-fff7-4af3-85d0-e485362038d2", "timestamp": "2026-04-01 08:50:00", "roomID": "IT305", "deviceID": "IT305_light", "value": "47.0", "deviceType": "light"}\\n{"readingID": "4c9f2038-1589-47f3-a819-8859a0976269", "timestamp": "2026-04-01 08:50:00", "roomID": "IT305", "deviceID": "IT305_power", "value": "0.38", "deviceType": "power"}\\n{"readingID": "4d37f464-a179-46dc-892a-5218d26ca5e8", "timestamp": "2026-04-01 08:55:00", "roomID": "IT334", "deviceID": "IT334_temperature", "value": "29.14", "deviceType": "temperature"}\\n{"readingID": "204afd29-e6bc-4d9f-8e15-504baf46af75", "timestamp": "2026-04-01 08:55:00", "roomID": "IT334", "deviceID": "IT334_light", "value": "50.0", "deviceType": "light"}\' | /opt/kafka/bin/kafka-console-producer.sh --broker-list localhost:9092 --topic iot-sensor']' timed out after 9.999926406999293 seconds
[2026-04-10T02:39:37.208+0000] {taskinstance.py:1138} INFO - Marking task as UP_FOR_RETRY. dag_id=smart_building_pipeline_stream_to_kafka, task_id=stream_to_kafka, execution_date=20260410T022953, start_date=20260410T023847, end_date=20260410T023937
[2026-04-10T02:39:37.234+0000] {standard_task_runner.py:107} ERROR - Failed to execute job 36 for task stream_to_kafka (Command '['ssh', 'itds344@10.34.111.33', 'echo \'{"readingID": "ee52062b-6900-448a-b2a9-681f1958c111", "timestamp": "2026-04-01 08:50:00", "roomID": "Lab103", "deviceID": "Lab103_light", "value": "38.0", "deviceType": "light"}\\n{"readingID": "7ac9fe6f-8ba5-4949-8ba0-d23db83fbbd4", "timestamp": "2026-04-01 08:50:00", "roomID": "Lab103", "deviceID": "Lab103_power", "value": "0.48", "deviceType": "power"}\\n{"readingID": "6fc39dae-0645-48bf-a7ba-294d0d7637d9", "timestamp": "2026-04-01 08:50:00", "roomID": "IT305", "deviceID": "IT305_temperature", "value": "30.35", "deviceType": "temperature"}\\n{"readingID": "eb6f011e-99ac-4ab8-a94b-cebff9c47683", "timestamp": "2026-04-01 08:50:00", "roomID": "IT305", "deviceID": "IT305_light", "value": "13.0", "deviceType": "light"}\\n{"readingID": "29785879-ac41-4fcc-b1a0-8d401a1dbf1c", "timestamp": "2026-04-01 08:50:00", "roomID": "IT305", "deviceID": "IT305_power", "value": "0.24", "deviceType": "power"}\\n{"readingID": "9b82794b-2954-4a5d-8e00-a41fc44cc4e4", "timestamp": "2026-04-01 08:50:00", "roomID": "IT305", "deviceID": "IT305_temperature", "value": "30.13", "deviceType": "temperature"}\\n{"readingID": "9bd0f6c4-fff7-4af3-85d0-e485362038d2", "timestamp": "2026-04-01 08:50:00", "roomID": "IT305", "deviceID": "IT305_light", "value": "47.0", "deviceType": "light"}\\n{"readingID": "4c9f2038-1589-47f3-a819-8859a0976269", "timestamp": "2026-04-01 08:50:00", "roomID": "IT305", "deviceID": "IT305_power", "value": "0.38", "deviceType": "power"}\\n{"readingID": "4d37f464-a179-46dc-892a-5218d26ca5e8", "timestamp": "2026-04-01 08:55:00", "roomID": "IT334", "deviceID": "IT334_temperature", "value": "29.14", "deviceType": "temperature"}\\n{"readingID": "204afd29-e6bc-4d9f-8e15-504baf46af75", "timestamp": "2026-04-01 08:55:00", "roomID": "IT334", "deviceID": "IT334_light", "value": "50.0", "deviceType": "light"}\' | /opt/kafka/bin/kafka-console-producer.sh --broker-list localhost:9092 --topic iot-sensor']' timed out after 9.999926406999293 seconds; 38412)
[2026-04-10T02:39:37.277+0000] {local_task_job_runner.py:234} INFO - Task exited with return code 1
[2026-04-10T02:39:37.303+0000] {taskinstance.py:3280} INFO - 0 downstream tasks scheduled from follow-on schedule check
