[2026-04-10T02:46:03.935+0000] {taskinstance.py:1956} INFO - Dependencies all met for dep_context=non-requeueable deps ti=<TaskInstance: smart_building_pipeline_stream_to_kafka.stream_to_kafka manual__2026-04-10T02:29:53.165318+00:00 [queued]>
[2026-04-10T02:46:04.138+0000] {taskinstance.py:1956} INFO - Dependencies all met for dep_context=requeueable deps ti=<TaskInstance: smart_building_pipeline_stream_to_kafka.stream_to_kafka manual__2026-04-10T02:29:53.165318+00:00 [queued]>
[2026-04-10T02:46:04.138+0000] {taskinstance.py:2170} INFO - Starting attempt 3 of 3
[2026-04-10T02:46:04.152+0000] {taskinstance.py:2191} INFO - Executing <Task(PythonOperator): stream_to_kafka> on 2026-04-10 02:29:53.165318+00:00
[2026-04-10T02:46:04.165+0000] {standard_task_runner.py:60} INFO - Started process 227 to run task
[2026-04-10T02:46:04.171+0000] {standard_task_runner.py:87} INFO - Running: ['***', 'tasks', 'run', 'smart_building_pipeline_stream_to_kafka', 'stream_to_kafka', 'manual__2026-04-10T02:29:53.165318+00:00', '--job-id', '39', '--raw', '--subdir', 'DAGS_FOLDER/bems_dag.py', '--cfg-path', '/tmp/tmpf5em2pqf']
[2026-04-10T02:46:04.174+0000] {standard_task_runner.py:88} INFO - Job 39: Subtask stream_to_kafka
[2026-04-10T02:46:04.266+0000] {task_command.py:423} INFO - Running <TaskInstance: smart_building_pipeline_stream_to_kafka.stream_to_kafka manual__2026-04-10T02:29:53.165318+00:00 [running]> on host 3b28ab149844
[2026-04-10T02:46:04.373+0000] {taskinstance.py:2480} INFO - Exporting env vars: AIRFLOW_CTX_DAG_OWNER='smart-building' AIRFLOW_CTX_DAG_ID='smart_building_pipeline_stream_to_kafka' AIRFLOW_CTX_TASK_ID='stream_to_kafka' AIRFLOW_CTX_EXECUTION_DATE='2026-04-10T02:29:53.165318+00:00' AIRFLOW_CTX_TRY_NUMBER='3' AIRFLOW_CTX_DAG_RUN_ID='manual__2026-04-10T02:29:53.165318+00:00'
[2026-04-10T02:46:04.376+0000] {taskinstance.py:2698} ERROR - Task failed with exception
Traceback (most recent call last):
  File "/home/airflow/.local/lib/python3.8/site-packages/airflow/models/taskinstance.py", line 433, in _execute_task
    result = execute_callable(context=context, **execute_callable_kwargs)
  File "/home/airflow/.local/lib/python3.8/site-packages/airflow/operators/python.py", line 199, in execute
    return_value = self.execute_callable()
  File "/home/airflow/.local/lib/python3.8/site-packages/airflow/operators/python.py", line 216, in execute_callable
    return self.python_callable(*self.op_args, **self.op_kwargs)
  File "/opt/airflow/dags/bems_dag.py", line 196, in stream_to_kafka
    with open(file_path, "r") as f:
FileNotFoundError: [Errno 2] No such file or directory: '/tmp/sensor_data.csv'
[2026-04-10T02:46:04.401+0000] {taskinstance.py:1138} INFO - Marking task as FAILED. dag_id=smart_building_pipeline_stream_to_kafka, task_id=stream_to_kafka, execution_date=20260410T022953, start_date=20260410T024603, end_date=20260410T024604
[2026-04-10T02:46:04.419+0000] {standard_task_runner.py:107} ERROR - Failed to execute job 39 for task stream_to_kafka ([Errno 2] No such file or directory: '/tmp/sensor_data.csv'; 227)
[2026-04-10T02:46:04.464+0000] {local_task_job_runner.py:234} INFO - Task exited with return code 1
[2026-04-10T02:46:04.488+0000] {taskinstance.py:3280} INFO - 0 downstream tasks scheduled from follow-on schedule check
