[2026-04-10T02:30:02.619+0000] {taskinstance.py:1956} INFO - Dependencies all met for dep_context=non-requeueable deps ti=<TaskInstance: smart_building_pipeline_stream_to_kafka.stream_to_kafka manual__2026-04-10T02:29:53.165318+00:00 [queued]>
[2026-04-10T02:30:02.643+0000] {taskinstance.py:1956} INFO - Dependencies all met for dep_context=requeueable deps ti=<TaskInstance: smart_building_pipeline_stream_to_kafka.stream_to_kafka manual__2026-04-10T02:29:53.165318+00:00 [queued]>
[2026-04-10T02:30:02.645+0000] {taskinstance.py:2170} INFO - Starting attempt 1 of 3
[2026-04-10T02:30:02.880+0000] {taskinstance.py:2191} INFO - Executing <Task(PythonOperator): stream_to_kafka> on 2026-04-10 02:29:53.165318+00:00
[2026-04-10T02:30:02.901+0000] {standard_task_runner.py:60} INFO - Started process 36590 to run task
[2026-04-10T02:30:02.909+0000] {standard_task_runner.py:87} INFO - Running: ['***', 'tasks', 'run', 'smart_building_pipeline_stream_to_kafka', 'stream_to_kafka', 'manual__2026-04-10T02:29:53.165318+00:00', '--job-id', '31', '--raw', '--subdir', 'DAGS_FOLDER/bems_dag.py', '--cfg-path', '/tmp/tmpue4avpii']
[2026-04-10T02:30:02.913+0000] {standard_task_runner.py:88} INFO - Job 31: Subtask stream_to_kafka
[2026-04-10T02:30:03.006+0000] {task_command.py:423} INFO - Running <TaskInstance: smart_building_pipeline_stream_to_kafka.stream_to_kafka manual__2026-04-10T02:29:53.165318+00:00 [running]> on host d81182cf7fc4
[2026-04-10T02:30:03.121+0000] {taskinstance.py:2480} INFO - Exporting env vars: AIRFLOW_CTX_DAG_OWNER='smart-building' AIRFLOW_CTX_DAG_ID='smart_building_pipeline_stream_to_kafka' AIRFLOW_CTX_TASK_ID='stream_to_kafka' AIRFLOW_CTX_EXECUTION_DATE='2026-04-10T02:29:53.165318+00:00' AIRFLOW_CTX_TRY_NUMBER='1' AIRFLOW_CTX_DAG_RUN_ID='manual__2026-04-10T02:29:53.165318+00:00'
[2026-04-10T02:33:47.041+0000] {taskinstance.py:2698} ERROR - Task failed with exception
Traceback (most recent call last):
  File "/home/airflow/.local/lib/python3.8/site-packages/airflow/models/taskinstance.py", line 433, in _execute_task
    result = execute_callable(context=context, **execute_callable_kwargs)
  File "/home/airflow/.local/lib/python3.8/site-packages/airflow/operators/python.py", line 199, in execute
    return_value = self.execute_callable()
  File "/home/airflow/.local/lib/python3.8/site-packages/airflow/operators/python.py", line 216, in execute_callable
    return self.python_callable(*self.op_args, **self.op_kwargs)
  File "/opt/airflow/dags/bems_dag.py", line 219, in stream_to_kafka
    subprocess.run(
  File "/usr/local/lib/python3.8/subprocess.py", line 495, in run
    stdout, stderr = process.communicate(input, timeout=timeout)
  File "/usr/local/lib/python3.8/subprocess.py", line 1028, in communicate
    stdout, stderr = self._communicate(input, endtime, timeout)
  File "/usr/local/lib/python3.8/subprocess.py", line 1910, in _communicate
    self.wait(timeout=self._remaining_time(endtime))
  File "/usr/local/lib/python3.8/subprocess.py", line 1083, in wait
    return self._wait(timeout=timeout)
  File "/usr/local/lib/python3.8/subprocess.py", line 1814, in _wait
    raise TimeoutExpired(self.args, timeout)
subprocess.TimeoutExpired: Command '['ssh', 'itds344@10.34.111.33', 'echo \'{"readingID": "33e157e3-82b6-4674-94e7-cc5dc602aa88", "timestamp": "2026-04-01 13:15:00", "roomID": "IT332", "deviceID": "IT332_temperature", "value": "28.51", "deviceType": "temperature"}\\n{"readingID": "3588ac7a-44d6-4c07-936f-29ee7763bca0", "timestamp": "2026-04-01 13:15:00", "roomID": "IT332", "deviceID": "IT332_light", "value": "38.0", "deviceType": "light"}\\n{"readingID": "5d3d2276-e783-4fc0-812d-cc8d32efed92", "timestamp": "2026-04-01 13:15:00", "roomID": "IT332", "deviceID": "IT332_power", "value": "0.27", "deviceType": "power"}\\n{"readingID": "4cea40fd-f67c-4221-b3eb-53e5561562bb", "timestamp": "2026-04-01 13:15:00", "roomID": "Lab212", "deviceID": "Lab212_temperature", "value": "29.92", "deviceType": "temperature"}\\n{"readingID": "dcb65f68-c27f-4ced-9e6c-5129a0ca15a9", "timestamp": "2026-04-01 13:15:00", "roomID": "Lab212", "deviceID": "Lab212_light", "value": "43.0", "deviceType": "light"}\\n{"readingID": "4eb90f4e-80b1-48a6-a684-61806461f6e4", "timestamp": "2026-04-01 13:15:00", "roomID": "Lab212", "deviceID": "Lab212_power", "value": "0.5", "deviceType": "power"}\\n{"readingID": "4726eb73-80ce-4a9b-b69f-b98af0c5e265", "timestamp": "2026-04-01 13:15:00", "roomID": "IT332", "deviceID": "IT332_temperature", "value": "31.83", "deviceType": "temperature"}\\n{"readingID": "4ddcd074-9af7-40e3-8d2b-1e807d060f27", "timestamp": "2026-04-01 13:15:00", "roomID": "IT332", "deviceID": "IT332_light", "value": "45.0", "deviceType": "light"}\\n{"readingID": "22444a8b-2a30-4d43-a512-181329599915", "timestamp": "2026-04-01 13:15:00", "roomID": "IT332", "deviceID": "IT332_power", "value": "0.21", "deviceType": "power"}\\n{"readingID": "b0769a00-4765-41ba-80ed-7cef56f711ce", "timestamp": "2026-04-01 13:15:00", "roomID": "Lab212", "deviceID": "Lab212_temperature", "value": "29.35", "deviceType": "temperature"}\' | /opt/kafka/bin/kafka-console-producer.sh --broker-list localhost:9092 --topic iot-sensor']' timed out after 9.999845869999263 seconds
[2026-04-10T02:33:47.075+0000] {taskinstance.py:1138} INFO - Marking task as UP_FOR_RETRY. dag_id=smart_building_pipeline_stream_to_kafka, task_id=stream_to_kafka, execution_date=20260410T022953, start_date=20260410T023002, end_date=20260410T023347
[2026-04-10T02:33:47.101+0000] {standard_task_runner.py:107} ERROR - Failed to execute job 31 for task stream_to_kafka (Command '['ssh', 'itds344@10.34.111.33', 'echo \'{"readingID": "33e157e3-82b6-4674-94e7-cc5dc602aa88", "timestamp": "2026-04-01 13:15:00", "roomID": "IT332", "deviceID": "IT332_temperature", "value": "28.51", "deviceType": "temperature"}\\n{"readingID": "3588ac7a-44d6-4c07-936f-29ee7763bca0", "timestamp": "2026-04-01 13:15:00", "roomID": "IT332", "deviceID": "IT332_light", "value": "38.0", "deviceType": "light"}\\n{"readingID": "5d3d2276-e783-4fc0-812d-cc8d32efed92", "timestamp": "2026-04-01 13:15:00", "roomID": "IT332", "deviceID": "IT332_power", "value": "0.27", "deviceType": "power"}\\n{"readingID": "4cea40fd-f67c-4221-b3eb-53e5561562bb", "timestamp": "2026-04-01 13:15:00", "roomID": "Lab212", "deviceID": "Lab212_temperature", "value": "29.92", "deviceType": "temperature"}\\n{"readingID": "dcb65f68-c27f-4ced-9e6c-5129a0ca15a9", "timestamp": "2026-04-01 13:15:00", "roomID": "Lab212", "deviceID": "Lab212_light", "value": "43.0", "deviceType": "light"}\\n{"readingID": "4eb90f4e-80b1-48a6-a684-61806461f6e4", "timestamp": "2026-04-01 13:15:00", "roomID": "Lab212", "deviceID": "Lab212_power", "value": "0.5", "deviceType": "power"}\\n{"readingID": "4726eb73-80ce-4a9b-b69f-b98af0c5e265", "timestamp": "2026-04-01 13:15:00", "roomID": "IT332", "deviceID": "IT332_temperature", "value": "31.83", "deviceType": "temperature"}\\n{"readingID": "4ddcd074-9af7-40e3-8d2b-1e807d060f27", "timestamp": "2026-04-01 13:15:00", "roomID": "IT332", "deviceID": "IT332_light", "value": "45.0", "deviceType": "light"}\\n{"readingID": "22444a8b-2a30-4d43-a512-181329599915", "timestamp": "2026-04-01 13:15:00", "roomID": "IT332", "deviceID": "IT332_power", "value": "0.21", "deviceType": "power"}\\n{"readingID": "b0769a00-4765-41ba-80ed-7cef56f711ce", "timestamp": "2026-04-01 13:15:00", "roomID": "Lab212", "deviceID": "Lab212_temperature", "value": "29.35", "deviceType": "temperature"}\' | /opt/kafka/bin/kafka-console-producer.sh --broker-list localhost:9092 --topic iot-sensor']' timed out after 9.999845869999263 seconds; 36590)
[2026-04-10T02:33:47.155+0000] {local_task_job_runner.py:234} INFO - Task exited with return code 1
[2026-04-10T02:33:47.173+0000] {taskinstance.py:3280} INFO - 0 downstream tasks scheduled from follow-on schedule check
