[2026-04-09T11:52:29.822+0000] {taskinstance.py:1956} INFO - Dependencies all met for dep_context=non-requeueable deps ti=<TaskInstance: smart_building_pipeline_plswork.generate_iot_data manual__2026-04-09T11:52:24.505041+00:00 [queued]>
[2026-04-09T11:52:29.832+0000] {taskinstance.py:1956} INFO - Dependencies all met for dep_context=requeueable deps ti=<TaskInstance: smart_building_pipeline_plswork.generate_iot_data manual__2026-04-09T11:52:24.505041+00:00 [queued]>
[2026-04-09T11:52:29.833+0000] {taskinstance.py:2170} INFO - Starting attempt 1 of 3
[2026-04-09T11:52:29.845+0000] {taskinstance.py:2191} INFO - Executing <Task(PythonOperator): generate_iot_data> on 2026-04-09 11:52:24.505041+00:00
[2026-04-09T11:52:29.855+0000] {standard_task_runner.py:60} INFO - Started process 3211 to run task
[2026-04-09T11:52:29.859+0000] {standard_task_runner.py:87} INFO - Running: ['***', 'tasks', 'run', 'smart_building_pipeline_plswork', 'generate_iot_data', 'manual__2026-04-09T11:52:24.505041+00:00', '--job-id', '27', '--raw', '--subdir', 'DAGS_FOLDER/bems_dag.py', '--cfg-path', '/tmp/tmp7i227fvy']
[2026-04-09T11:52:29.861+0000] {standard_task_runner.py:88} INFO - Job 27: Subtask generate_iot_data
[2026-04-09T11:52:29.924+0000] {task_command.py:423} INFO - Running <TaskInstance: smart_building_pipeline_plswork.generate_iot_data manual__2026-04-09T11:52:24.505041+00:00 [running]> on host d81182cf7fc4
[2026-04-09T11:52:30.211+0000] {taskinstance.py:2480} INFO - Exporting env vars: AIRFLOW_CTX_DAG_OWNER='smart-building' AIRFLOW_CTX_DAG_ID='smart_building_pipeline_plswork' AIRFLOW_CTX_TASK_ID='generate_iot_data' AIRFLOW_CTX_EXECUTION_DATE='2026-04-09T11:52:24.505041+00:00' AIRFLOW_CTX_TRY_NUMBER='1' AIRFLOW_CTX_DAG_RUN_ID='manual__2026-04-09T11:52:24.505041+00:00'
[2026-04-09T11:52:30.733+0000] {logging_mixin.py:188} INFO - [INFO] Sensor data rows: 13068
[2026-04-09T11:52:30.738+0000] {logging_mixin.py:188} INFO -                            readingID           timestamp roomID           deviceID  value  deviceType
205ad8de-375b-4bb7-af97-6179ec5b7ff0 2026-04-01 08:00:00  IT334  IT334_temperature  30.63 temperature
04e2fc18-da35-47bd-adba-a2f396a8c093 2026-04-01 08:00:00  IT334        IT334_light   6.00       light
74a1341d-bda3-43d9-a242-d04c926ad6de 2026-04-01 08:00:00  IT334        IT334_power   0.43       power
3450cd00-84f6-4983-a99f-8a4a2a6d6420 2026-04-01 08:00:00 Lab103 Lab103_temperature  29.55 temperature
5478af57-1d17-4190-86e0-80c0630298f9 2026-04-01 08:00:00 Lab103       Lab103_light  19.00       light
2a08c6ba-2cd3-432b-b4c1-3d9927b6ccb8 2026-04-01 08:00:00 Lab103       Lab103_power    NaN       power
ae8c553d-5033-4d45-903a-053d70fa7cbd 2026-04-01 08:00:00  IT305  IT305_temperature  30.86 temperature
23c808ec-4ac1-4a6f-bfaa-7894e0328137 2026-04-01 08:00:00  IT305        IT305_light  23.00       light
49c089ca-8d57-489a-a253-bc126cb647ab 2026-04-01 08:00:00  IT305        IT305_power   0.34       power
628e0de8-4eec-48c4-b921-f2cac360197f 2026-04-01 08:00:00 Lab212 Lab212_temperature  29.30 temperature
82e5956c-ac40-4590-8323-a2d8ad904334 2026-04-01 08:00:00 Lab212       Lab212_light   5.00       light
5fa96259-1c95-44db-ab20-76fb757ed94f 2026-04-01 08:00:00 Lab212       Lab212_power   0.36       power
4126e46c-c544-4e51-b6f2-d6eb91e7bc17 2026-04-01 08:00:00 Lab212 Lab212_temperature  29.23 temperature
51980f46-5f8b-4384-a3ea-58e5f159b2cc 2026-04-01 08:00:00 Lab212       Lab212_light  41.00       light
0f61f408-508b-4512-876d-67ef3843ca19 2026-04-01 08:00:00 Lab212       Lab212_power   0.35       power
[2026-04-09T11:52:30.829+0000] {python.py:201} INFO - Done. Returned value was: /tmp/sensor_data.csv
[2026-04-09T11:52:30.869+0000] {taskinstance.py:1138} INFO - Marking task as SUCCESS. dag_id=smart_building_pipeline_plswork, task_id=generate_iot_data, execution_date=20260409T115224, start_date=20260409T115229, end_date=20260409T115230
[2026-04-09T11:52:30.961+0000] {local_task_job_runner.py:234} INFO - Task exited with return code 0
[2026-04-09T11:52:30.988+0000] {taskinstance.py:3280} INFO - 0 downstream tasks scheduled from follow-on schedule check
