[2026-04-09T11:27:14.829+0000] {taskinstance.py:1956} INFO - Dependencies all met for dep_context=non-requeueable deps ti=<TaskInstance: smart_building_pipeline_y.expand_timetable manual__2026-04-09T11:27:11.345176+00:00 [queued]>
[2026-04-09T11:27:14.845+0000] {taskinstance.py:1956} INFO - Dependencies all met for dep_context=requeueable deps ti=<TaskInstance: smart_building_pipeline_y.expand_timetable manual__2026-04-09T11:27:11.345176+00:00 [queued]>
[2026-04-09T11:27:14.847+0000] {taskinstance.py:2170} INFO - Starting attempt 1 of 3
[2026-04-09T11:27:14.873+0000] {taskinstance.py:2191} INFO - Executing <Task(PythonOperator): expand_timetable> on 2026-04-09 11:27:11.345176+00:00
[2026-04-09T11:27:14.891+0000] {standard_task_runner.py:60} INFO - Started process 1419 to run task
[2026-04-09T11:27:14.896+0000] {standard_task_runner.py:87} INFO - Running: ['***', 'tasks', 'run', 'smart_building_pipeline_y', 'expand_timetable', 'manual__2026-04-09T11:27:11.345176+00:00', '--job-id', '12', '--raw', '--subdir', 'DAGS_FOLDER/bems_dag.py', '--cfg-path', '/tmp/tmpk4gvn61y']
[2026-04-09T11:27:14.901+0000] {standard_task_runner.py:88} INFO - Job 12: Subtask expand_timetable
[2026-04-09T11:27:15.002+0000] {task_command.py:423} INFO - Running <TaskInstance: smart_building_pipeline_y.expand_timetable manual__2026-04-09T11:27:11.345176+00:00 [running]> on host d81182cf7fc4
[2026-04-09T11:27:15.343+0000] {taskinstance.py:2480} INFO - Exporting env vars: AIRFLOW_CTX_DAG_OWNER='smart-building' AIRFLOW_CTX_DAG_ID='smart_building_pipeline_y' AIRFLOW_CTX_TASK_ID='expand_timetable' AIRFLOW_CTX_EXECUTION_DATE='2026-04-09T11:27:11.345176+00:00' AIRFLOW_CTX_TRY_NUMBER='1' AIRFLOW_CTX_DAG_RUN_ID='manual__2026-04-09T11:27:11.345176+00:00'
[2026-04-09T11:27:15.354+0000] {taskinstance.py:2698} ERROR - Task failed with exception
Traceback (most recent call last):
  File "/home/airflow/.local/lib/python3.8/site-packages/airflow/models/taskinstance.py", line 433, in _execute_task
    result = execute_callable(context=context, **execute_callable_kwargs)
  File "/home/airflow/.local/lib/python3.8/site-packages/airflow/operators/python.py", line 199, in execute
    return_value = self.execute_callable()
  File "/home/airflow/.local/lib/python3.8/site-packages/airflow/operators/python.py", line 216, in execute_callable
    return self.python_callable(*self.op_args, **self.op_kwargs)
  File "/opt/airflow/dags/bems_dag.py", line 72, in expand_timetable
    if current.weekday() == day_map[row['day_of_week']]:
KeyError: 'Saturday'
[2026-04-09T11:27:15.368+0000] {taskinstance.py:1138} INFO - Marking task as UP_FOR_RETRY. dag_id=smart_building_pipeline_y, task_id=expand_timetable, execution_date=20260409T112711, start_date=20260409T112714, end_date=20260409T112715
[2026-04-09T11:27:15.381+0000] {standard_task_runner.py:107} ERROR - Failed to execute job 12 for task expand_timetable ('Saturday'; 1419)
[2026-04-09T11:27:15.431+0000] {local_task_job_runner.py:234} INFO - Task exited with return code 1
[2026-04-09T11:27:15.459+0000] {taskinstance.py:3280} INFO - 0 downstream tasks scheduled from follow-on schedule check
