[2026-04-10T08:08:58.805+0000] {taskinstance.py:1956} INFO - Dependencies all met for dep_context=non-requeueable deps ti=<TaskInstance: smart_building_pipeline_stream_to_kafka.load_timetable manual__2026-04-10T08:08:57.566866+00:00 [queued]>
[2026-04-10T08:08:58.815+0000] {taskinstance.py:1956} INFO - Dependencies all met for dep_context=requeueable deps ti=<TaskInstance: smart_building_pipeline_stream_to_kafka.load_timetable manual__2026-04-10T08:08:57.566866+00:00 [queued]>
[2026-04-10T08:08:58.816+0000] {taskinstance.py:2170} INFO - Starting attempt 1 of 3
[2026-04-10T08:08:59.014+0000] {taskinstance.py:2191} INFO - Executing <Task(PythonOperator): load_timetable> on 2026-04-10 08:08:57.566866+00:00
[2026-04-10T08:08:59.022+0000] {standard_task_runner.py:60} INFO - Started process 253 to run task
[2026-04-10T08:08:59.026+0000] {standard_task_runner.py:87} INFO - Running: ['***', 'tasks', 'run', 'smart_building_pipeline_stream_to_kafka', 'load_timetable', 'manual__2026-04-10T08:08:57.566866+00:00', '--job-id', '67', '--raw', '--subdir', 'DAGS_FOLDER/bems_dag.py', '--cfg-path', '/tmp/tmpwdc2pmm7']
[2026-04-10T08:08:59.029+0000] {standard_task_runner.py:88} INFO - Job 67: Subtask load_timetable
[2026-04-10T08:08:59.106+0000] {task_command.py:423} INFO - Running <TaskInstance: smart_building_pipeline_stream_to_kafka.load_timetable manual__2026-04-10T08:08:57.566866+00:00 [running]> on host 998af5aaee6c
[2026-04-10T08:08:59.199+0000] {taskinstance.py:2480} INFO - Exporting env vars: AIRFLOW_CTX_DAG_OWNER='smart-building' AIRFLOW_CTX_DAG_ID='smart_building_pipeline_stream_to_kafka' AIRFLOW_CTX_TASK_ID='load_timetable' AIRFLOW_CTX_EXECUTION_DATE='2026-04-10T08:08:57.566866+00:00' AIRFLOW_CTX_TRY_NUMBER='1' AIRFLOW_CTX_DAG_RUN_ID='manual__2026-04-10T08:08:57.566866+00:00'
[2026-04-10T08:08:59.201+0000] {logging_mixin.py:188} INFO - [DEBUG] Reading CSV: /opt/***/data/timetable.csv
[2026-04-10T08:08:59.203+0000] {logging_mixin.py:188} INFO - [DEBUG] Exists? True
[2026-04-10T08:08:59.215+0000] {logging_mixin.py:188} INFO - [DEBUG] Preview:
[2026-04-10T08:08:59.223+0000] {logging_mixin.py:188} INFO -    roomID day_of_week start_time end_time   course
0   IT311      Monday      13:00    15:00  ITDS120
1  Lab103      Monday      15:00    17:00  ITDS120
2   IT312      Monday      13:00    15:00  ITDS120
3  Lab104      Monday      15:00    17:00  ITDS120
4   IT325      Monday       9:00    12:00  ITDS124
[2026-04-10T08:08:59.227+0000] {python.py:201} INFO - Done. Returned value was: None
[2026-04-10T08:08:59.240+0000] {taskinstance.py:1138} INFO - Marking task as SUCCESS. dag_id=smart_building_pipeline_stream_to_kafka, task_id=load_timetable, execution_date=20260410T080857, start_date=20260410T080858, end_date=20260410T080859
[2026-04-10T08:08:59.279+0000] {local_task_job_runner.py:234} INFO - Task exited with return code 0
[2026-04-10T08:08:59.308+0000] {taskinstance.py:3280} INFO - 1 downstream tasks scheduled from follow-on schedule check
