[2026-04-09T11:25:15.441+0000] {taskinstance.py:1956} INFO - Dependencies all met for dep_context=non-requeueable deps ti=<TaskInstance: smart_building_pipeline_n.expand_timetable manual__2026-04-09T11:20:10.445946+00:00 [queued]>
[2026-04-09T11:25:15.461+0000] {taskinstance.py:1956} INFO - Dependencies all met for dep_context=requeueable deps ti=<TaskInstance: smart_building_pipeline_n.expand_timetable manual__2026-04-09T11:20:10.445946+00:00 [queued]>
[2026-04-09T11:25:15.463+0000] {taskinstance.py:2170} INFO - Starting attempt 1 of 3
[2026-04-09T11:25:15.488+0000] {taskinstance.py:2191} INFO - Executing <Task(PythonOperator): expand_timetable> on 2026-04-09 11:20:10.445946+00:00
[2026-04-09T11:25:15.505+0000] {standard_task_runner.py:60} INFO - Started process 1269 to run task
[2026-04-09T11:25:15.511+0000] {standard_task_runner.py:87} INFO - Running: ['***', 'tasks', 'run', 'smart_building_pipeline_n', 'expand_timetable', 'manual__2026-04-09T11:20:10.445946+00:00', '--job-id', '10', '--raw', '--subdir', 'DAGS_FOLDER/bems_dag.py', '--cfg-path', '/tmp/tmpekkajnf0']
[2026-04-09T11:25:15.515+0000] {standard_task_runner.py:88} INFO - Job 10: Subtask expand_timetable
[2026-04-09T11:25:15.617+0000] {task_command.py:423} INFO - Running <TaskInstance: smart_building_pipeline_n.expand_timetable manual__2026-04-09T11:20:10.445946+00:00 [running]> on host d81182cf7fc4
[2026-04-09T11:25:15.930+0000] {taskinstance.py:2480} INFO - Exporting env vars: AIRFLOW_CTX_DAG_OWNER='smart-building' AIRFLOW_CTX_DAG_ID='smart_building_pipeline_n' AIRFLOW_CTX_TASK_ID='expand_timetable' AIRFLOW_CTX_EXECUTION_DATE='2026-04-09T11:20:10.445946+00:00' AIRFLOW_CTX_TRY_NUMBER='1' AIRFLOW_CTX_DAG_RUN_ID='manual__2026-04-09T11:20:10.445946+00:00'
[2026-04-09T11:25:15.939+0000] {taskinstance.py:2698} ERROR - Task failed with exception
Traceback (most recent call last):
  File "/home/airflow/.local/lib/python3.8/site-packages/airflow/models/taskinstance.py", line 433, in _execute_task
    result = execute_callable(context=context, **execute_callable_kwargs)
  File "/home/airflow/.local/lib/python3.8/site-packages/airflow/operators/python.py", line 199, in execute
    return_value = self.execute_callable()
  File "/home/airflow/.local/lib/python3.8/site-packages/airflow/operators/python.py", line 216, in execute_callable
    return self.python_callable(*self.op_args, **self.op_kwargs)
  File "/opt/airflow/dags/bems_dag.py", line 80, in expand_timetable
    if current.weekday() == day_map[row['day_of_week']]:
KeyError: 'Saturday'
[2026-04-09T11:25:15.952+0000] {taskinstance.py:1138} INFO - Marking task as UP_FOR_RETRY. dag_id=smart_building_pipeline_n, task_id=expand_timetable, execution_date=20260409T112010, start_date=20260409T112515, end_date=20260409T112515
[2026-04-09T11:25:15.964+0000] {standard_task_runner.py:107} ERROR - Failed to execute job 10 for task expand_timetable ('Saturday'; 1269)
[2026-04-09T11:25:16.005+0000] {local_task_job_runner.py:234} INFO - Task exited with return code 1
[2026-04-09T11:25:16.029+0000] {taskinstance.py:3280} INFO - 0 downstream tasks scheduled from follow-on schedule check
