[2026-04-10T03:35:33.996+0000] {taskinstance.py:1956} INFO - Dependencies all met for dep_context=non-requeueable deps ti=<TaskInstance: smart_building_pipeline_stream_to_kafka_garjabuu.stream_to_kafka manual__2026-04-10T03:35:26.927205+00:00 [queued]>
[2026-04-10T03:35:34.006+0000] {taskinstance.py:1956} INFO - Dependencies all met for dep_context=requeueable deps ti=<TaskInstance: smart_building_pipeline_stream_to_kafka_garjabuu.stream_to_kafka manual__2026-04-10T03:35:26.927205+00:00 [queued]>
[2026-04-10T03:35:34.007+0000] {taskinstance.py:2170} INFO - Starting attempt 1 of 3
[2026-04-10T03:35:34.175+0000] {taskinstance.py:2191} INFO - Executing <Task(PythonOperator): stream_to_kafka> on 2026-04-10 03:35:26.927205+00:00
[2026-04-10T03:35:34.186+0000] {standard_task_runner.py:60} INFO - Started process 267 to run task
[2026-04-10T03:35:34.190+0000] {standard_task_runner.py:87} INFO - Running: ['***', 'tasks', 'run', 'smart_building_pipeline_stream_to_kafka_garjabuu', 'stream_to_kafka', 'manual__2026-04-10T03:35:26.927205+00:00', '--job-id', '57', '--raw', '--subdir', 'DAGS_FOLDER/bems_dag.py', '--cfg-path', '/tmp/tmpp9u1omsa']
[2026-04-10T03:35:34.193+0000] {standard_task_runner.py:88} INFO - Job 57: Subtask stream_to_kafka
[2026-04-10T03:35:34.281+0000] {task_command.py:423} INFO - Running <TaskInstance: smart_building_pipeline_stream_to_kafka_garjabuu.stream_to_kafka manual__2026-04-10T03:35:26.927205+00:00 [running]> on host 448fbeefe186
[2026-04-10T03:35:34.362+0000] {taskinstance.py:2480} INFO - Exporting env vars: AIRFLOW_CTX_DAG_OWNER='smart-building' AIRFLOW_CTX_DAG_ID='smart_building_pipeline_stream_to_kafka_garjabuu' AIRFLOW_CTX_TASK_ID='stream_to_kafka' AIRFLOW_CTX_EXECUTION_DATE='2026-04-10T03:35:26.927205+00:00' AIRFLOW_CTX_TRY_NUMBER='1' AIRFLOW_CTX_DAG_RUN_ID='manual__2026-04-10T03:35:26.927205+00:00'
[2026-04-10T03:37:14.588+0000] {taskinstance.py:2698} ERROR - Task failed with exception
Traceback (most recent call last):
  File "/home/airflow/.local/lib/python3.8/site-packages/airflow/models/taskinstance.py", line 433, in _execute_task
    result = execute_callable(context=context, **execute_callable_kwargs)
  File "/home/airflow/.local/lib/python3.8/site-packages/airflow/operators/python.py", line 199, in execute
    return_value = self.execute_callable()
  File "/home/airflow/.local/lib/python3.8/site-packages/airflow/operators/python.py", line 216, in execute_callable
    return self.python_callable(*self.op_args, **self.op_kwargs)
  File "/opt/airflow/dags/bems_dag.py", line 223, in stream_to_kafka
    subprocess.run(
  File "/usr/local/lib/python3.8/subprocess.py", line 495, in run
    stdout, stderr = process.communicate(input, timeout=timeout)
  File "/usr/local/lib/python3.8/subprocess.py", line 1028, in communicate
    stdout, stderr = self._communicate(input, endtime, timeout)
  File "/usr/local/lib/python3.8/subprocess.py", line 1910, in _communicate
    self.wait(timeout=self._remaining_time(endtime))
  File "/usr/local/lib/python3.8/subprocess.py", line 1083, in wait
    return self._wait(timeout=timeout)
  File "/usr/local/lib/python3.8/subprocess.py", line 1814, in _wait
    raise TimeoutExpired(self.args, timeout)
subprocess.TimeoutExpired: Command '['ssh', 'itds344@10.34.111.33', 'echo \'{"readingID": "d5050a69-b1fe-4e35-8449-de7a8c2f414f", "timestamp": "2026-04-01 10:25:00", "roomID": "IT332", "deviceID": "IT332_power", "value": "0.45", "deviceType": "power"}\\n{"readingID": "f7cbcd2a-b53f-4e2d-a652-8f49c1a91edd", "timestamp": "2026-04-01 10:25:00", "roomID": "Lab212", "deviceID": "Lab212_temperature", "value": "29.53", "deviceType": "temperature"}\\n{"readingID": "0f86f52c-3146-4aa5-ae18-2f79b573d679", "timestamp": "2026-04-01 10:25:00", "roomID": "Lab212", "deviceID": "Lab212_light", "value": "41.0", "deviceType": "light"}\\n{"readingID": "ea64f162-e78e-4d51-800b-92863cf438d2", "timestamp": "2026-04-01 10:25:00", "roomID": "Lab212", "deviceID": "Lab212_power", "value": "0.26", "deviceType": "power"}\\n{"readingID": "5be09a8f-4ca6-440d-9f2a-fe65c8791ab3", "timestamp": "2026-04-01 10:25:00", "roomID": "IT332", "deviceID": "IT332_temperature", "value": "29.6", "deviceType": "temperature"}\\n{"readingID": "23707c43-160c-4e0c-8d5b-43c67b0ed4b5", "timestamp": "2026-04-01 10:25:00", "roomID": "IT332", "deviceID": "IT332_light", "value": "47.0", "deviceType": "light"}\\n{"readingID": "88a1ab4f-1b69-40e5-8077-09f913b8973b", "timestamp": "2026-04-01 10:25:00", "roomID": "IT332", "deviceID": "IT332_power", "value": "0.35", "deviceType": "power"}\\n{"readingID": "18a488cb-13d5-4ff3-a2ee-2692dbf4a2dc", "timestamp": "2026-04-01 10:25:00", "roomID": "Lab212", "deviceID": "Lab212_temperature", "value": "31.5", "deviceType": "temperature"}\\n{"readingID": "a7418a5b-3517-4a59-aea7-9a6744722582", "timestamp": "2026-04-01 10:25:00", "roomID": "Lab212", "deviceID": "Lab212_light", "value": "32.0", "deviceType": "light"}\\n{"readingID": "7ec9e234-d31b-405a-9efa-1a08e0db1586", "timestamp": "2026-04-01 10:25:00", "roomID": "Lab212", "deviceID": "Lab212_power", "value": "0.22", "deviceType": "power"}\' | /opt/kafka/bin/kafka-console-producer.sh --broker-list localhost:9092 --topic iot-sensor']' timed out after 9.999914583000646 seconds
[2026-04-10T03:37:14.610+0000] {taskinstance.py:1138} INFO - Marking task as UP_FOR_RETRY. dag_id=smart_building_pipeline_stream_to_kafka_garjabuu, task_id=stream_to_kafka, execution_date=20260410T033526, start_date=20260410T033533, end_date=20260410T033714
[2026-04-10T03:37:14.626+0000] {standard_task_runner.py:107} ERROR - Failed to execute job 57 for task stream_to_kafka (Command '['ssh', 'itds344@10.34.111.33', 'echo \'{"readingID": "d5050a69-b1fe-4e35-8449-de7a8c2f414f", "timestamp": "2026-04-01 10:25:00", "roomID": "IT332", "deviceID": "IT332_power", "value": "0.45", "deviceType": "power"}\\n{"readingID": "f7cbcd2a-b53f-4e2d-a652-8f49c1a91edd", "timestamp": "2026-04-01 10:25:00", "roomID": "Lab212", "deviceID": "Lab212_temperature", "value": "29.53", "deviceType": "temperature"}\\n{"readingID": "0f86f52c-3146-4aa5-ae18-2f79b573d679", "timestamp": "2026-04-01 10:25:00", "roomID": "Lab212", "deviceID": "Lab212_light", "value": "41.0", "deviceType": "light"}\\n{"readingID": "ea64f162-e78e-4d51-800b-92863cf438d2", "timestamp": "2026-04-01 10:25:00", "roomID": "Lab212", "deviceID": "Lab212_power", "value": "0.26", "deviceType": "power"}\\n{"readingID": "5be09a8f-4ca6-440d-9f2a-fe65c8791ab3", "timestamp": "2026-04-01 10:25:00", "roomID": "IT332", "deviceID": "IT332_temperature", "value": "29.6", "deviceType": "temperature"}\\n{"readingID": "23707c43-160c-4e0c-8d5b-43c67b0ed4b5", "timestamp": "2026-04-01 10:25:00", "roomID": "IT332", "deviceID": "IT332_light", "value": "47.0", "deviceType": "light"}\\n{"readingID": "88a1ab4f-1b69-40e5-8077-09f913b8973b", "timestamp": "2026-04-01 10:25:00", "roomID": "IT332", "deviceID": "IT332_power", "value": "0.35", "deviceType": "power"}\\n{"readingID": "18a488cb-13d5-4ff3-a2ee-2692dbf4a2dc", "timestamp": "2026-04-01 10:25:00", "roomID": "Lab212", "deviceID": "Lab212_temperature", "value": "31.5", "deviceType": "temperature"}\\n{"readingID": "a7418a5b-3517-4a59-aea7-9a6744722582", "timestamp": "2026-04-01 10:25:00", "roomID": "Lab212", "deviceID": "Lab212_light", "value": "32.0", "deviceType": "light"}\\n{"readingID": "7ec9e234-d31b-405a-9efa-1a08e0db1586", "timestamp": "2026-04-01 10:25:00", "roomID": "Lab212", "deviceID": "Lab212_power", "value": "0.22", "deviceType": "power"}\' | /opt/kafka/bin/kafka-console-producer.sh --broker-list localhost:9092 --topic iot-sensor']' timed out after 9.999914583000646 seconds; 267)
[2026-04-10T03:37:14.675+0000] {local_task_job_runner.py:234} INFO - Task exited with return code 1
[2026-04-10T03:37:14.693+0000] {taskinstance.py:3280} INFO - 0 downstream tasks scheduled from follow-on schedule check
