[2026-04-09T11:39:01.212+0000] {taskinstance.py:1956} INFO - Dependencies all met for dep_context=non-requeueable deps ti=<TaskInstance: smart_building_pipeline_output_.generate_iot_data manual__2026-04-09T11:38:55.794466+00:00 [queued]>
[2026-04-09T11:39:01.226+0000] {taskinstance.py:1956} INFO - Dependencies all met for dep_context=requeueable deps ti=<TaskInstance: smart_building_pipeline_output_.generate_iot_data manual__2026-04-09T11:38:55.794466+00:00 [queued]>
[2026-04-09T11:39:01.226+0000] {taskinstance.py:2170} INFO - Starting attempt 1 of 3
[2026-04-09T11:39:01.245+0000] {taskinstance.py:2191} INFO - Executing <Task(PythonOperator): generate_iot_data> on 2026-04-09 11:38:55.794466+00:00
[2026-04-09T11:39:01.264+0000] {standard_task_runner.py:60} INFO - Started process 2260 to run task
[2026-04-09T11:39:01.270+0000] {standard_task_runner.py:87} INFO - Running: ['***', 'tasks', 'run', 'smart_building_pipeline_output_', 'generate_iot_data', 'manual__2026-04-09T11:38:55.794466+00:00', '--job-id', '21', '--raw', '--subdir', 'DAGS_FOLDER/bems_dag.py', '--cfg-path', '/tmp/tmpkalfn1v1']
[2026-04-09T11:39:01.273+0000] {standard_task_runner.py:88} INFO - Job 21: Subtask generate_iot_data
[2026-04-09T11:39:01.366+0000] {task_command.py:423} INFO - Running <TaskInstance: smart_building_pipeline_output_.generate_iot_data manual__2026-04-09T11:38:55.794466+00:00 [running]> on host d81182cf7fc4
[2026-04-09T11:39:01.659+0000] {taskinstance.py:2480} INFO - Exporting env vars: AIRFLOW_CTX_DAG_OWNER='smart-building' AIRFLOW_CTX_DAG_ID='smart_building_pipeline_output_' AIRFLOW_CTX_TASK_ID='generate_iot_data' AIRFLOW_CTX_EXECUTION_DATE='2026-04-09T11:38:55.794466+00:00' AIRFLOW_CTX_TRY_NUMBER='1' AIRFLOW_CTX_DAG_RUN_ID='manual__2026-04-09T11:38:55.794466+00:00'
[2026-04-09T11:39:02.127+0000] {logging_mixin.py:188} INFO - [INFO] Sensor data rows: 13068
[2026-04-09T11:39:02.132+0000] {logging_mixin.py:188} INFO -                            readingID           timestamp roomID           deviceID  value  deviceType
c605564f-907e-4667-a570-7987950d552b 2026-04-01 08:00:00  IT334  IT334_temperature  28.56 temperature
97c9779f-eb99-4d89-a0e2-014c40850352 2026-04-01 08:00:00  IT334        IT334_light  11.00       light
7f21e9ee-9a23-4a47-b5d5-b07d56ad45e6 2026-04-01 08:00:00  IT334        IT334_power   0.22       power
616cd253-ef03-48e5-9371-45d9e08a270e 2026-04-01 08:00:00 Lab103 Lab103_temperature  28.15 temperature
794ee5e9-5142-4225-a03f-7500bc5d5042 2026-04-01 08:00:00 Lab103       Lab103_light   3.00       light
30b1670e-87a4-4b63-95a8-add271206e24 2026-04-01 08:00:00 Lab103       Lab103_power   0.44       power
4a72ac43-c4b5-4f6a-9643-064ba0ca2b40 2026-04-01 08:00:00  IT305  IT305_temperature  31.82 temperature
5b0b9047-305b-4e29-8593-91d0de6ac608 2026-04-01 08:00:00  IT305        IT305_light  22.00       light
cfde96b4-a690-45ca-ad4d-dde9949c2ab4 2026-04-01 08:00:00  IT305        IT305_power   0.22       power
d0bd4974-9ff4-49b0-a697-5f36ec602e00 2026-04-01 08:00:00 Lab212 Lab212_temperature  29.27 temperature
5ba38a79-8f0e-4f7c-b704-604da099d462 2026-04-01 08:00:00 Lab212       Lab212_light  34.00       light
82a1c3c8-07ad-4447-8ea0-c6002381e347 2026-04-01 08:00:00 Lab212       Lab212_power   0.45       power
de5e40ec-8d10-47e5-88ca-900b282bf946 2026-04-01 08:00:00 Lab212 Lab212_temperature  31.00 temperature
3abe6a0a-c364-426a-a71b-0b4a06bed5c4 2026-04-01 08:00:00 Lab212       Lab212_light  46.00       light
837b81b8-9c06-4157-95cb-b7ad5a790882 2026-04-01 08:00:00 Lab212       Lab212_power   0.24       power
[2026-04-09T11:39:02.203+0000] {python.py:201} INFO - Done. Returned value was: /tmp/sensor_data.csv
[2026-04-09T11:39:02.235+0000] {taskinstance.py:1138} INFO - Marking task as SUCCESS. dag_id=smart_building_pipeline_output_, task_id=generate_iot_data, execution_date=20260409T113855, start_date=20260409T113901, end_date=20260409T113902
[2026-04-09T11:39:02.288+0000] {local_task_job_runner.py:234} INFO - Task exited with return code 0
[2026-04-09T11:39:02.314+0000] {taskinstance.py:3280} INFO - 0 downstream tasks scheduled from follow-on schedule check
