[2026-04-09T11:25:13.195+0000] {taskinstance.py:1956} INFO - Dependencies all met for dep_context=non-requeueable deps ti=<TaskInstance: smart_building_pipeline_n.load_timetable manual__2026-04-09T11:20:10.445946+00:00 [queued]>
[2026-04-09T11:25:13.206+0000] {taskinstance.py:1956} INFO - Dependencies all met for dep_context=requeueable deps ti=<TaskInstance: smart_building_pipeline_n.load_timetable manual__2026-04-09T11:20:10.445946+00:00 [queued]>
[2026-04-09T11:25:13.207+0000] {taskinstance.py:2170} INFO - Starting attempt 2 of 3
[2026-04-09T11:25:13.224+0000] {taskinstance.py:2191} INFO - Executing <Task(PythonOperator): load_timetable> on 2026-04-09 11:20:10.445946+00:00
[2026-04-09T11:25:13.234+0000] {standard_task_runner.py:60} INFO - Started process 1261 to run task
[2026-04-09T11:25:13.238+0000] {standard_task_runner.py:87} INFO - Running: ['***', 'tasks', 'run', 'smart_building_pipeline_n', 'load_timetable', 'manual__2026-04-09T11:20:10.445946+00:00', '--job-id', '9', '--raw', '--subdir', 'DAGS_FOLDER/bems_dag.py', '--cfg-path', '/tmp/tmp10ibvdmx']
[2026-04-09T11:25:13.240+0000] {standard_task_runner.py:88} INFO - Job 9: Subtask load_timetable
[2026-04-09T11:25:13.302+0000] {task_command.py:423} INFO - Running <TaskInstance: smart_building_pipeline_n.load_timetable manual__2026-04-09T11:20:10.445946+00:00 [running]> on host d81182cf7fc4
[2026-04-09T11:25:13.600+0000] {taskinstance.py:2480} INFO - Exporting env vars: AIRFLOW_CTX_DAG_OWNER='smart-building' AIRFLOW_CTX_DAG_ID='smart_building_pipeline_n' AIRFLOW_CTX_TASK_ID='load_timetable' AIRFLOW_CTX_EXECUTION_DATE='2026-04-09T11:20:10.445946+00:00' AIRFLOW_CTX_TRY_NUMBER='2' AIRFLOW_CTX_DAG_RUN_ID='manual__2026-04-09T11:20:10.445946+00:00'
[2026-04-09T11:25:13.602+0000] {logging_mixin.py:188} INFO - [DEBUG] Checking file: /opt/***/data/timetable.csv
[2026-04-09T11:25:13.605+0000] {logging_mixin.py:188} INFO - [DEBUG] File exists? True
[2026-04-09T11:25:13.616+0000] {logging_mixin.py:188} INFO - [INFO] Timetable loaded: 48 rows
[2026-04-09T11:25:13.623+0000] {logging_mixin.py:188} INFO - roomID day_of_week start_time end_time  course
 IT311      Monday      13:00    15:00 ITDS120
Lab103      Monday      15:00    17:00 ITDS120
 IT312      Monday      13:00    15:00 ITDS120
Lab104      Monday      15:00    17:00 ITDS120
 IT325      Monday       9:00    12:00 ITDS124
[2026-04-09T11:25:13.628+0000] {python.py:201} INFO - Done. Returned value was: None
[2026-04-09T11:25:13.642+0000] {taskinstance.py:1138} INFO - Marking task as SUCCESS. dag_id=smart_building_pipeline_n, task_id=load_timetable, execution_date=20260409T112010, start_date=20260409T112513, end_date=20260409T112513
[2026-04-09T11:25:13.691+0000] {local_task_job_runner.py:234} INFO - Task exited with return code 0
[2026-04-09T11:25:13.728+0000] {taskinstance.py:3280} INFO - 1 downstream tasks scheduled from follow-on schedule check
