[2026-04-10T08:17:53.986+0000] {processor.py:161} INFO - Started process (PID=1309) to work on /opt/airflow/dags/reactive_data_generation.py
[2026-04-10T08:17:53.988+0000] {processor.py:830} INFO - Processing file /opt/airflow/dags/reactive_data_generation.py for tasks to queue
[2026-04-10T08:17:53.994+0000] {logging_mixin.py:188} INFO - [2026-04-10T08:17:53.992+0000] {dagbag.py:538} INFO - Filling up the DagBag from /opt/airflow/dags/reactive_data_generation.py
[2026-04-10T08:17:56.146+0000] {processor.py:840} INFO - DAG(s) 'smart_building_pipeline_test' retrieved from /opt/airflow/dags/reactive_data_generation.py
[2026-04-10T08:17:56.650+0000] {logging_mixin.py:188} INFO - [2026-04-10T08:17:56.648+0000] {dag.py:3036} INFO - Sync 1 DAGs
[2026-04-10T08:17:56.701+0000] {logging_mixin.py:188} INFO - [2026-04-10T08:17:56.700+0000] {dag.py:3823} INFO - Setting next_dagrun for smart_building_pipeline_test to None, run_after=None
[2026-04-10T08:17:56.770+0000] {processor.py:183} INFO - Processing /opt/airflow/dags/reactive_data_generation.py took 2.797 seconds
[2026-04-10T08:18:27.395+0000] {processor.py:161} INFO - Started process (PID=1327) to work on /opt/airflow/dags/reactive_data_generation.py
[2026-04-10T08:18:27.398+0000] {processor.py:830} INFO - Processing file /opt/airflow/dags/reactive_data_generation.py for tasks to queue
[2026-04-10T08:18:27.400+0000] {logging_mixin.py:188} INFO - [2026-04-10T08:18:27.399+0000] {dagbag.py:538} INFO - Filling up the DagBag from /opt/airflow/dags/reactive_data_generation.py
[2026-04-10T08:18:28.174+0000] {processor.py:840} INFO - DAG(s) 'smart_building_pipeline_test' retrieved from /opt/airflow/dags/reactive_data_generation.py
[2026-04-10T08:18:28.230+0000] {logging_mixin.py:188} INFO - [2026-04-10T08:18:28.229+0000] {dag.py:3036} INFO - Sync 1 DAGs
[2026-04-10T08:18:28.254+0000] {logging_mixin.py:188} INFO - [2026-04-10T08:18:28.254+0000] {dag.py:3823} INFO - Setting next_dagrun for smart_building_pipeline_test to None, run_after=None
[2026-04-10T08:18:28.320+0000] {processor.py:183} INFO - Processing /opt/airflow/dags/reactive_data_generation.py took 0.932 seconds
[2026-04-10T08:18:58.629+0000] {processor.py:161} INFO - Started process (PID=1345) to work on /opt/airflow/dags/reactive_data_generation.py
[2026-04-10T08:18:58.630+0000] {processor.py:830} INFO - Processing file /opt/airflow/dags/reactive_data_generation.py for tasks to queue
[2026-04-10T08:18:58.632+0000] {logging_mixin.py:188} INFO - [2026-04-10T08:18:58.631+0000] {dagbag.py:538} INFO - Filling up the DagBag from /opt/airflow/dags/reactive_data_generation.py
[2026-04-10T08:18:59.170+0000] {processor.py:840} INFO - DAG(s) 'smart_building_pipeline_test' retrieved from /opt/airflow/dags/reactive_data_generation.py
[2026-04-10T08:18:59.188+0000] {logging_mixin.py:188} INFO - [2026-04-10T08:18:59.187+0000] {dag.py:3036} INFO - Sync 1 DAGs
[2026-04-10T08:18:59.202+0000] {logging_mixin.py:188} INFO - [2026-04-10T08:18:59.201+0000] {dag.py:3823} INFO - Setting next_dagrun for smart_building_pipeline_test to None, run_after=None
[2026-04-10T08:18:59.224+0000] {processor.py:183} INFO - Processing /opt/airflow/dags/reactive_data_generation.py took 0.600 seconds
[2026-04-10T08:19:29.942+0000] {processor.py:161} INFO - Started process (PID=1369) to work on /opt/airflow/dags/reactive_data_generation.py
[2026-04-10T08:19:29.943+0000] {processor.py:830} INFO - Processing file /opt/airflow/dags/reactive_data_generation.py for tasks to queue
[2026-04-10T08:19:29.944+0000] {logging_mixin.py:188} INFO - [2026-04-10T08:19:29.944+0000] {dagbag.py:538} INFO - Filling up the DagBag from /opt/airflow/dags/reactive_data_generation.py
[2026-04-10T08:19:30.535+0000] {processor.py:840} INFO - DAG(s) 'smart_building_pipeline_test' retrieved from /opt/airflow/dags/reactive_data_generation.py
[2026-04-10T08:19:30.655+0000] {logging_mixin.py:188} INFO - [2026-04-10T08:19:30.654+0000] {dag.py:3036} INFO - Sync 1 DAGs
[2026-04-10T08:19:30.666+0000] {logging_mixin.py:188} INFO - [2026-04-10T08:19:30.665+0000] {dag.py:3823} INFO - Setting next_dagrun for smart_building_pipeline_test to None, run_after=None
[2026-04-10T08:19:30.685+0000] {processor.py:183} INFO - Processing /opt/airflow/dags/reactive_data_generation.py took 0.747 seconds
[2026-04-10T08:20:00.933+0000] {processor.py:161} INFO - Started process (PID=1387) to work on /opt/airflow/dags/reactive_data_generation.py
[2026-04-10T08:20:00.934+0000] {processor.py:830} INFO - Processing file /opt/airflow/dags/reactive_data_generation.py for tasks to queue
[2026-04-10T08:20:00.935+0000] {logging_mixin.py:188} INFO - [2026-04-10T08:20:00.934+0000] {dagbag.py:538} INFO - Filling up the DagBag from /opt/airflow/dags/reactive_data_generation.py
[2026-04-10T08:20:01.542+0000] {processor.py:840} INFO - DAG(s) 'smart_building_pipeline_test' retrieved from /opt/airflow/dags/reactive_data_generation.py
[2026-04-10T08:20:01.577+0000] {logging_mixin.py:188} INFO - [2026-04-10T08:20:01.577+0000] {dag.py:3036} INFO - Sync 1 DAGs
[2026-04-10T08:20:01.590+0000] {logging_mixin.py:188} INFO - [2026-04-10T08:20:01.590+0000] {dag.py:3823} INFO - Setting next_dagrun for smart_building_pipeline_test to None, run_after=None
[2026-04-10T08:20:01.609+0000] {processor.py:183} INFO - Processing /opt/airflow/dags/reactive_data_generation.py took 0.680 seconds
[2026-04-10T08:20:31.893+0000] {processor.py:161} INFO - Started process (PID=1405) to work on /opt/airflow/dags/reactive_data_generation.py
[2026-04-10T08:20:31.895+0000] {processor.py:830} INFO - Processing file /opt/airflow/dags/reactive_data_generation.py for tasks to queue
[2026-04-10T08:20:31.897+0000] {logging_mixin.py:188} INFO - [2026-04-10T08:20:31.896+0000] {dagbag.py:538} INFO - Filling up the DagBag from /opt/airflow/dags/reactive_data_generation.py
[2026-04-10T08:20:32.575+0000] {processor.py:840} INFO - DAG(s) 'smart_building_pipeline_test' retrieved from /opt/airflow/dags/reactive_data_generation.py
[2026-04-10T08:20:32.593+0000] {logging_mixin.py:188} INFO - [2026-04-10T08:20:32.593+0000] {dag.py:3036} INFO - Sync 1 DAGs
[2026-04-10T08:20:32.609+0000] {logging_mixin.py:188} INFO - [2026-04-10T08:20:32.609+0000] {dag.py:3823} INFO - Setting next_dagrun for smart_building_pipeline_test to None, run_after=None
[2026-04-10T08:20:32.633+0000] {processor.py:183} INFO - Processing /opt/airflow/dags/reactive_data_generation.py took 0.747 seconds
[2026-04-10T08:21:02.715+0000] {processor.py:161} INFO - Started process (PID=1423) to work on /opt/airflow/dags/reactive_data_generation.py
[2026-04-10T08:21:02.717+0000] {processor.py:830} INFO - Processing file /opt/airflow/dags/reactive_data_generation.py for tasks to queue
[2026-04-10T08:21:02.719+0000] {logging_mixin.py:188} INFO - [2026-04-10T08:21:02.718+0000] {dagbag.py:538} INFO - Filling up the DagBag from /opt/airflow/dags/reactive_data_generation.py
[2026-04-10T08:21:03.561+0000] {processor.py:840} INFO - DAG(s) 'smart_building_pipeline_test' retrieved from /opt/airflow/dags/reactive_data_generation.py
[2026-04-10T08:21:03.695+0000] {logging_mixin.py:188} INFO - [2026-04-10T08:21:03.694+0000] {dag.py:3036} INFO - Sync 1 DAGs
[2026-04-10T08:21:03.709+0000] {logging_mixin.py:188} INFO - [2026-04-10T08:21:03.709+0000] {dag.py:3823} INFO - Setting next_dagrun for smart_building_pipeline_test to None, run_after=None
[2026-04-10T08:21:03.734+0000] {processor.py:183} INFO - Processing /opt/airflow/dags/reactive_data_generation.py took 1.025 seconds
[2026-04-10T08:21:34.041+0000] {processor.py:161} INFO - Started process (PID=1441) to work on /opt/airflow/dags/reactive_data_generation.py
[2026-04-10T08:21:34.042+0000] {processor.py:830} INFO - Processing file /opt/airflow/dags/reactive_data_generation.py for tasks to queue
[2026-04-10T08:21:34.045+0000] {logging_mixin.py:188} INFO - [2026-04-10T08:21:34.044+0000] {dagbag.py:538} INFO - Filling up the DagBag from /opt/airflow/dags/reactive_data_generation.py
[2026-04-10T08:21:34.618+0000] {processor.py:840} INFO - DAG(s) 'smart_building_pipeline_test' retrieved from /opt/airflow/dags/reactive_data_generation.py
[2026-04-10T08:21:34.652+0000] {logging_mixin.py:188} INFO - [2026-04-10T08:21:34.651+0000] {dag.py:3036} INFO - Sync 1 DAGs
[2026-04-10T08:21:34.670+0000] {logging_mixin.py:188} INFO - [2026-04-10T08:21:34.669+0000] {dag.py:3823} INFO - Setting next_dagrun for smart_building_pipeline_test to None, run_after=None
[2026-04-10T08:21:34.696+0000] {processor.py:183} INFO - Processing /opt/airflow/dags/reactive_data_generation.py took 0.660 seconds
[2026-04-10T08:22:05.027+0000] {processor.py:161} INFO - Started process (PID=1459) to work on /opt/airflow/dags/reactive_data_generation.py
[2026-04-10T08:22:05.029+0000] {processor.py:830} INFO - Processing file /opt/airflow/dags/reactive_data_generation.py for tasks to queue
[2026-04-10T08:22:05.031+0000] {logging_mixin.py:188} INFO - [2026-04-10T08:22:05.031+0000] {dagbag.py:538} INFO - Filling up the DagBag from /opt/airflow/dags/reactive_data_generation.py
[2026-04-10T08:22:05.850+0000] {processor.py:840} INFO - DAG(s) 'smart_building_pipeline_test' retrieved from /opt/airflow/dags/reactive_data_generation.py
[2026-04-10T08:22:05.869+0000] {logging_mixin.py:188} INFO - [2026-04-10T08:22:05.868+0000] {dag.py:3036} INFO - Sync 1 DAGs
[2026-04-10T08:22:05.889+0000] {logging_mixin.py:188} INFO - [2026-04-10T08:22:05.889+0000] {dag.py:3823} INFO - Setting next_dagrun for smart_building_pipeline_test to None, run_after=None
[2026-04-10T08:22:05.939+0000] {processor.py:183} INFO - Processing /opt/airflow/dags/reactive_data_generation.py took 0.920 seconds
[2026-04-10T08:22:36.298+0000] {processor.py:161} INFO - Started process (PID=1477) to work on /opt/airflow/dags/reactive_data_generation.py
[2026-04-10T08:22:36.301+0000] {processor.py:830} INFO - Processing file /opt/airflow/dags/reactive_data_generation.py for tasks to queue
[2026-04-10T08:22:36.303+0000] {logging_mixin.py:188} INFO - [2026-04-10T08:22:36.302+0000] {dagbag.py:538} INFO - Filling up the DagBag from /opt/airflow/dags/reactive_data_generation.py
[2026-04-10T08:22:36.987+0000] {processor.py:840} INFO - DAG(s) 'smart_building_pipeline_test' retrieved from /opt/airflow/dags/reactive_data_generation.py
[2026-04-10T08:22:37.164+0000] {logging_mixin.py:188} INFO - [2026-04-10T08:22:37.163+0000] {dag.py:3036} INFO - Sync 1 DAGs
[2026-04-10T08:22:37.181+0000] {logging_mixin.py:188} INFO - [2026-04-10T08:22:37.180+0000] {dag.py:3823} INFO - Setting next_dagrun for smart_building_pipeline_test to None, run_after=None
[2026-04-10T08:22:37.210+0000] {processor.py:183} INFO - Processing /opt/airflow/dags/reactive_data_generation.py took 0.922 seconds
[2026-04-10T08:23:07.533+0000] {processor.py:161} INFO - Started process (PID=1496) to work on /opt/airflow/dags/reactive_data_generation.py
[2026-04-10T08:23:07.535+0000] {processor.py:830} INFO - Processing file /opt/airflow/dags/reactive_data_generation.py for tasks to queue
[2026-04-10T08:23:07.536+0000] {logging_mixin.py:188} INFO - [2026-04-10T08:23:07.536+0000] {dagbag.py:538} INFO - Filling up the DagBag from /opt/airflow/dags/reactive_data_generation.py
[2026-04-10T08:23:08.006+0000] {processor.py:840} INFO - DAG(s) 'smart_building_pipeline_test' retrieved from /opt/airflow/dags/reactive_data_generation.py
[2026-04-10T08:23:08.034+0000] {logging_mixin.py:188} INFO - [2026-04-10T08:23:08.033+0000] {dag.py:3036} INFO - Sync 1 DAGs
[2026-04-10T08:23:08.052+0000] {logging_mixin.py:188} INFO - [2026-04-10T08:23:08.051+0000] {dag.py:3823} INFO - Setting next_dagrun for smart_building_pipeline_test to None, run_after=None
[2026-04-10T08:23:08.085+0000] {processor.py:183} INFO - Processing /opt/airflow/dags/reactive_data_generation.py took 0.557 seconds
[2026-04-10T08:23:38.431+0000] {processor.py:161} INFO - Started process (PID=1515) to work on /opt/airflow/dags/reactive_data_generation.py
[2026-04-10T08:23:38.433+0000] {processor.py:830} INFO - Processing file /opt/airflow/dags/reactive_data_generation.py for tasks to queue
[2026-04-10T08:23:38.435+0000] {logging_mixin.py:188} INFO - [2026-04-10T08:23:38.434+0000] {dagbag.py:538} INFO - Filling up the DagBag from /opt/airflow/dags/reactive_data_generation.py
[2026-04-10T08:23:38.989+0000] {processor.py:840} INFO - DAG(s) 'smart_building_pipeline_test' retrieved from /opt/airflow/dags/reactive_data_generation.py
[2026-04-10T08:23:39.005+0000] {logging_mixin.py:188} INFO - [2026-04-10T08:23:39.005+0000] {dag.py:3036} INFO - Sync 1 DAGs
[2026-04-10T08:23:39.017+0000] {logging_mixin.py:188} INFO - [2026-04-10T08:23:39.016+0000] {dag.py:3823} INFO - Setting next_dagrun for smart_building_pipeline_test to None, run_after=None
[2026-04-10T08:23:39.038+0000] {processor.py:183} INFO - Processing /opt/airflow/dags/reactive_data_generation.py took 0.611 seconds
[2026-04-10T08:24:09.358+0000] {processor.py:161} INFO - Started process (PID=1533) to work on /opt/airflow/dags/reactive_data_generation.py
[2026-04-10T08:24:09.360+0000] {processor.py:830} INFO - Processing file /opt/airflow/dags/reactive_data_generation.py for tasks to queue
[2026-04-10T08:24:09.361+0000] {logging_mixin.py:188} INFO - [2026-04-10T08:24:09.361+0000] {dagbag.py:538} INFO - Filling up the DagBag from /opt/airflow/dags/reactive_data_generation.py
[2026-04-10T08:24:09.995+0000] {processor.py:840} INFO - DAG(s) 'smart_building_pipeline_test' retrieved from /opt/airflow/dags/reactive_data_generation.py
[2026-04-10T08:24:10.161+0000] {logging_mixin.py:188} INFO - [2026-04-10T08:24:10.160+0000] {dag.py:3036} INFO - Sync 1 DAGs
[2026-04-10T08:24:10.178+0000] {logging_mixin.py:188} INFO - [2026-04-10T08:24:10.177+0000] {dag.py:3823} INFO - Setting next_dagrun for smart_building_pipeline_test to None, run_after=None
[2026-04-10T08:24:10.208+0000] {processor.py:183} INFO - Processing /opt/airflow/dags/reactive_data_generation.py took 0.856 seconds
[2026-04-10T08:24:40.564+0000] {processor.py:161} INFO - Started process (PID=1551) to work on /opt/airflow/dags/reactive_data_generation.py
[2026-04-10T08:24:40.565+0000] {processor.py:830} INFO - Processing file /opt/airflow/dags/reactive_data_generation.py for tasks to queue
[2026-04-10T08:24:40.567+0000] {logging_mixin.py:188} INFO - [2026-04-10T08:24:40.567+0000] {dagbag.py:538} INFO - Filling up the DagBag from /opt/airflow/dags/reactive_data_generation.py
[2026-04-10T08:24:41.007+0000] {processor.py:840} INFO - DAG(s) 'smart_building_pipeline_test' retrieved from /opt/airflow/dags/reactive_data_generation.py
[2026-04-10T08:24:41.033+0000] {logging_mixin.py:188} INFO - [2026-04-10T08:24:41.032+0000] {dag.py:3036} INFO - Sync 1 DAGs
[2026-04-10T08:24:41.044+0000] {logging_mixin.py:188} INFO - [2026-04-10T08:24:41.044+0000] {dag.py:3823} INFO - Setting next_dagrun for smart_building_pipeline_test to None, run_after=None
[2026-04-10T08:24:41.061+0000] {processor.py:183} INFO - Processing /opt/airflow/dags/reactive_data_generation.py took 0.503 seconds
[2026-04-10T08:25:11.377+0000] {processor.py:161} INFO - Started process (PID=1569) to work on /opt/airflow/dags/reactive_data_generation.py
[2026-04-10T08:25:11.379+0000] {processor.py:830} INFO - Processing file /opt/airflow/dags/reactive_data_generation.py for tasks to queue
[2026-04-10T08:25:11.380+0000] {logging_mixin.py:188} INFO - [2026-04-10T08:25:11.379+0000] {dagbag.py:538} INFO - Filling up the DagBag from /opt/airflow/dags/reactive_data_generation.py
[2026-04-10T08:25:11.829+0000] {processor.py:840} INFO - DAG(s) 'smart_building_pipeline_test' retrieved from /opt/airflow/dags/reactive_data_generation.py
[2026-04-10T08:25:11.849+0000] {logging_mixin.py:188} INFO - [2026-04-10T08:25:11.848+0000] {dag.py:3036} INFO - Sync 1 DAGs
[2026-04-10T08:25:11.862+0000] {logging_mixin.py:188} INFO - [2026-04-10T08:25:11.862+0000] {dag.py:3823} INFO - Setting next_dagrun for smart_building_pipeline_test to None, run_after=None
[2026-04-10T08:25:11.883+0000] {processor.py:183} INFO - Processing /opt/airflow/dags/reactive_data_generation.py took 0.510 seconds
[2026-04-10T08:25:42.171+0000] {processor.py:161} INFO - Started process (PID=1587) to work on /opt/airflow/dags/reactive_data_generation.py
[2026-04-10T08:25:42.172+0000] {processor.py:830} INFO - Processing file /opt/airflow/dags/reactive_data_generation.py for tasks to queue
[2026-04-10T08:25:42.173+0000] {logging_mixin.py:188} INFO - [2026-04-10T08:25:42.173+0000] {dagbag.py:538} INFO - Filling up the DagBag from /opt/airflow/dags/reactive_data_generation.py
[2026-04-10T08:25:42.699+0000] {processor.py:840} INFO - DAG(s) 'smart_building_pipeline_test' retrieved from /opt/airflow/dags/reactive_data_generation.py
[2026-04-10T08:25:42.820+0000] {logging_mixin.py:188} INFO - [2026-04-10T08:25:42.819+0000] {dag.py:3036} INFO - Sync 1 DAGs
[2026-04-10T08:25:42.831+0000] {logging_mixin.py:188} INFO - [2026-04-10T08:25:42.831+0000] {dag.py:3823} INFO - Setting next_dagrun for smart_building_pipeline_test to None, run_after=None
[2026-04-10T08:25:42.853+0000] {processor.py:183} INFO - Processing /opt/airflow/dags/reactive_data_generation.py took 0.687 seconds
[2026-04-10T08:26:13.108+0000] {processor.py:161} INFO - Started process (PID=1605) to work on /opt/airflow/dags/reactive_data_generation.py
[2026-04-10T08:26:13.110+0000] {processor.py:830} INFO - Processing file /opt/airflow/dags/reactive_data_generation.py for tasks to queue
[2026-04-10T08:26:13.112+0000] {logging_mixin.py:188} INFO - [2026-04-10T08:26:13.112+0000] {dagbag.py:538} INFO - Filling up the DagBag from /opt/airflow/dags/reactive_data_generation.py
[2026-04-10T08:26:13.761+0000] {processor.py:840} INFO - DAG(s) 'smart_building_pipeline_test' retrieved from /opt/airflow/dags/reactive_data_generation.py
[2026-04-10T08:26:13.795+0000] {logging_mixin.py:188} INFO - [2026-04-10T08:26:13.794+0000] {dag.py:3036} INFO - Sync 1 DAGs
[2026-04-10T08:26:13.809+0000] {logging_mixin.py:188} INFO - [2026-04-10T08:26:13.808+0000] {dag.py:3823} INFO - Setting next_dagrun for smart_building_pipeline_test to None, run_after=None
[2026-04-10T08:26:13.832+0000] {processor.py:183} INFO - Processing /opt/airflow/dags/reactive_data_generation.py took 0.731 seconds
[2026-04-10T08:26:44.223+0000] {processor.py:161} INFO - Started process (PID=1623) to work on /opt/airflow/dags/reactive_data_generation.py
[2026-04-10T08:26:44.225+0000] {processor.py:830} INFO - Processing file /opt/airflow/dags/reactive_data_generation.py for tasks to queue
[2026-04-10T08:26:44.228+0000] {logging_mixin.py:188} INFO - [2026-04-10T08:26:44.227+0000] {dagbag.py:538} INFO - Filling up the DagBag from /opt/airflow/dags/reactive_data_generation.py
[2026-04-10T08:26:44.862+0000] {processor.py:840} INFO - DAG(s) 'smart_building_pipeline_test' retrieved from /opt/airflow/dags/reactive_data_generation.py
[2026-04-10T08:26:44.884+0000] {logging_mixin.py:188} INFO - [2026-04-10T08:26:44.882+0000] {dag.py:3036} INFO - Sync 1 DAGs
[2026-04-10T08:26:44.913+0000] {logging_mixin.py:188} INFO - [2026-04-10T08:26:44.913+0000] {dag.py:3823} INFO - Setting next_dagrun for smart_building_pipeline_test to None, run_after=None
[2026-04-10T08:26:44.960+0000] {processor.py:183} INFO - Processing /opt/airflow/dags/reactive_data_generation.py took 0.745 seconds
[2026-04-10T08:27:15.399+0000] {processor.py:161} INFO - Started process (PID=1641) to work on /opt/airflow/dags/reactive_data_generation.py
[2026-04-10T08:27:15.402+0000] {processor.py:830} INFO - Processing file /opt/airflow/dags/reactive_data_generation.py for tasks to queue
[2026-04-10T08:27:15.405+0000] {logging_mixin.py:188} INFO - [2026-04-10T08:27:15.404+0000] {dagbag.py:538} INFO - Filling up the DagBag from /opt/airflow/dags/reactive_data_generation.py
[2026-04-10T08:27:16.286+0000] {processor.py:840} INFO - DAG(s) 'smart_building_pipeline_test' retrieved from /opt/airflow/dags/reactive_data_generation.py
[2026-04-10T08:27:16.394+0000] {logging_mixin.py:188} INFO - [2026-04-10T08:27:16.393+0000] {dag.py:3036} INFO - Sync 1 DAGs
[2026-04-10T08:27:16.407+0000] {logging_mixin.py:188} INFO - [2026-04-10T08:27:16.407+0000] {dag.py:3823} INFO - Setting next_dagrun for smart_building_pipeline_test to None, run_after=None
[2026-04-10T08:27:16.429+0000] {processor.py:183} INFO - Processing /opt/airflow/dags/reactive_data_generation.py took 1.039 seconds
[2026-04-10T08:27:46.722+0000] {processor.py:161} INFO - Started process (PID=1659) to work on /opt/airflow/dags/reactive_data_generation.py
[2026-04-10T08:27:46.724+0000] {processor.py:830} INFO - Processing file /opt/airflow/dags/reactive_data_generation.py for tasks to queue
[2026-04-10T08:27:46.725+0000] {logging_mixin.py:188} INFO - [2026-04-10T08:27:46.725+0000] {dagbag.py:538} INFO - Filling up the DagBag from /opt/airflow/dags/reactive_data_generation.py
[2026-04-10T08:27:47.356+0000] {processor.py:840} INFO - DAG(s) 'smart_building_pipeline_test' retrieved from /opt/airflow/dags/reactive_data_generation.py
[2026-04-10T08:27:47.383+0000] {logging_mixin.py:188} INFO - [2026-04-10T08:27:47.383+0000] {dag.py:3036} INFO - Sync 1 DAGs
[2026-04-10T08:27:47.396+0000] {logging_mixin.py:188} INFO - [2026-04-10T08:27:47.395+0000] {dag.py:3823} INFO - Setting next_dagrun for smart_building_pipeline_test to None, run_after=None
[2026-04-10T08:27:47.415+0000] {processor.py:183} INFO - Processing /opt/airflow/dags/reactive_data_generation.py took 0.701 seconds
[2026-04-10T08:28:17.739+0000] {processor.py:161} INFO - Started process (PID=1677) to work on /opt/airflow/dags/reactive_data_generation.py
[2026-04-10T08:28:17.740+0000] {processor.py:830} INFO - Processing file /opt/airflow/dags/reactive_data_generation.py for tasks to queue
[2026-04-10T08:28:17.742+0000] {logging_mixin.py:188} INFO - [2026-04-10T08:28:17.741+0000] {dagbag.py:538} INFO - Filling up the DagBag from /opt/airflow/dags/reactive_data_generation.py
[2026-04-10T08:28:18.366+0000] {processor.py:840} INFO - DAG(s) 'smart_building_pipeline_test' retrieved from /opt/airflow/dags/reactive_data_generation.py
[2026-04-10T08:28:18.386+0000] {logging_mixin.py:188} INFO - [2026-04-10T08:28:18.385+0000] {dag.py:3036} INFO - Sync 1 DAGs
[2026-04-10T08:28:18.409+0000] {logging_mixin.py:188} INFO - [2026-04-10T08:28:18.409+0000] {dag.py:3823} INFO - Setting next_dagrun for smart_building_pipeline_test to None, run_after=None
[2026-04-10T08:28:18.435+0000] {processor.py:183} INFO - Processing /opt/airflow/dags/reactive_data_generation.py took 0.700 seconds
[2026-04-10T08:28:48.693+0000] {processor.py:161} INFO - Started process (PID=1695) to work on /opt/airflow/dags/reactive_data_generation.py
[2026-04-10T08:28:48.694+0000] {processor.py:830} INFO - Processing file /opt/airflow/dags/reactive_data_generation.py for tasks to queue
[2026-04-10T08:28:48.695+0000] {logging_mixin.py:188} INFO - [2026-04-10T08:28:48.695+0000] {dagbag.py:538} INFO - Filling up the DagBag from /opt/airflow/dags/reactive_data_generation.py
[2026-04-10T08:28:49.127+0000] {processor.py:840} INFO - DAG(s) 'smart_building_pipeline_test' retrieved from /opt/airflow/dags/reactive_data_generation.py
[2026-04-10T08:28:49.244+0000] {logging_mixin.py:188} INFO - [2026-04-10T08:28:49.244+0000] {dag.py:3036} INFO - Sync 1 DAGs
[2026-04-10T08:28:49.259+0000] {logging_mixin.py:188} INFO - [2026-04-10T08:28:49.258+0000] {dag.py:3823} INFO - Setting next_dagrun for smart_building_pipeline_test to None, run_after=None
[2026-04-10T08:28:49.286+0000] {processor.py:183} INFO - Processing /opt/airflow/dags/reactive_data_generation.py took 0.597 seconds
[2026-04-10T08:29:18.011+0000] {processor.py:161} INFO - Started process (PID=1713) to work on /opt/airflow/dags/reactive_data_generation.py
[2026-04-10T08:29:18.012+0000] {processor.py:830} INFO - Processing file /opt/airflow/dags/reactive_data_generation.py for tasks to queue
[2026-04-10T08:29:18.014+0000] {logging_mixin.py:188} INFO - [2026-04-10T08:29:18.013+0000] {dagbag.py:538} INFO - Filling up the DagBag from /opt/airflow/dags/reactive_data_generation.py
[2026-04-10T08:29:18.785+0000] {processor.py:840} INFO - DAG(s) 'smart_building_pipeline_test' retrieved from /opt/airflow/dags/reactive_data_generation.py
[2026-04-10T08:29:18.802+0000] {logging_mixin.py:188} INFO - [2026-04-10T08:29:18.801+0000] {dag.py:3036} INFO - Sync 1 DAGs
[2026-04-10T08:29:18.817+0000] {logging_mixin.py:188} INFO - [2026-04-10T08:29:18.817+0000] {dag.py:3823} INFO - Setting next_dagrun for smart_building_pipeline_test to None, run_after=None
[2026-04-10T08:29:18.847+0000] {processor.py:183} INFO - Processing /opt/airflow/dags/reactive_data_generation.py took 0.841 seconds
[2026-04-10T08:29:28.008+0000] {processor.py:161} INFO - Started process (PID=1725) to work on /opt/airflow/dags/reactive_data_generation.py
[2026-04-10T08:29:28.009+0000] {processor.py:830} INFO - Processing file /opt/airflow/dags/reactive_data_generation.py for tasks to queue
[2026-04-10T08:29:28.011+0000] {logging_mixin.py:188} INFO - [2026-04-10T08:29:28.010+0000] {dagbag.py:538} INFO - Filling up the DagBag from /opt/airflow/dags/reactive_data_generation.py
[2026-04-10T08:29:28.548+0000] {processor.py:840} INFO - DAG(s) 'smart_building_pipeline_test' retrieved from /opt/airflow/dags/reactive_data_generation.py
[2026-04-10T08:29:28.562+0000] {logging_mixin.py:188} INFO - [2026-04-10T08:29:28.561+0000] {dag.py:3036} INFO - Sync 1 DAGs
[2026-04-10T08:29:28.573+0000] {logging_mixin.py:188} INFO - [2026-04-10T08:29:28.573+0000] {dag.py:3823} INFO - Setting next_dagrun for smart_building_pipeline_test to None, run_after=None
[2026-04-10T08:29:28.594+0000] {processor.py:183} INFO - Processing /opt/airflow/dags/reactive_data_generation.py took 0.592 seconds
[2026-04-10T08:29:30.685+0000] {processor.py:161} INFO - Started process (PID=1737) to work on /opt/airflow/dags/reactive_data_generation.py
[2026-04-10T08:29:30.687+0000] {processor.py:830} INFO - Processing file /opt/airflow/dags/reactive_data_generation.py for tasks to queue
[2026-04-10T08:29:30.688+0000] {logging_mixin.py:188} INFO - [2026-04-10T08:29:30.687+0000] {dagbag.py:538} INFO - Filling up the DagBag from /opt/airflow/dags/reactive_data_generation.py
[2026-04-10T08:29:31.172+0000] {processor.py:840} INFO - DAG(s) 'smart_building_pipeline_test' retrieved from /opt/airflow/dags/reactive_data_generation.py
[2026-04-10T08:29:31.184+0000] {logging_mixin.py:188} INFO - [2026-04-10T08:29:31.183+0000] {dag.py:3036} INFO - Sync 1 DAGs
[2026-04-10T08:29:31.194+0000] {logging_mixin.py:188} INFO - [2026-04-10T08:29:31.194+0000] {dag.py:3823} INFO - Setting next_dagrun for smart_building_pipeline_test to None, run_after=None
[2026-04-10T08:29:31.216+0000] {processor.py:183} INFO - Processing /opt/airflow/dags/reactive_data_generation.py took 0.535 seconds
[2026-04-10T08:29:40.260+0000] {processor.py:161} INFO - Started process (PID=1743) to work on /opt/airflow/dags/reactive_data_generation.py
[2026-04-10T08:29:40.262+0000] {processor.py:830} INFO - Processing file /opt/airflow/dags/reactive_data_generation.py for tasks to queue
[2026-04-10T08:29:40.264+0000] {logging_mixin.py:188} INFO - [2026-04-10T08:29:40.263+0000] {dagbag.py:538} INFO - Filling up the DagBag from /opt/airflow/dags/reactive_data_generation.py
[2026-04-10T08:29:40.704+0000] {processor.py:840} INFO - DAG(s) 'smart_building_pipeline_test' retrieved from /opt/airflow/dags/reactive_data_generation.py
[2026-04-10T08:29:40.719+0000] {logging_mixin.py:188} INFO - [2026-04-10T08:29:40.718+0000] {dag.py:3036} INFO - Sync 1 DAGs
[2026-04-10T08:29:40.730+0000] {logging_mixin.py:188} INFO - [2026-04-10T08:29:40.730+0000] {dag.py:3823} INFO - Setting next_dagrun for smart_building_pipeline_test to None, run_after=None
[2026-04-10T08:29:40.753+0000] {processor.py:183} INFO - Processing /opt/airflow/dags/reactive_data_generation.py took 0.497 seconds
[2026-04-10T08:30:11.025+0000] {processor.py:161} INFO - Started process (PID=1761) to work on /opt/airflow/dags/reactive_data_generation.py
[2026-04-10T08:30:11.026+0000] {processor.py:830} INFO - Processing file /opt/airflow/dags/reactive_data_generation.py for tasks to queue
[2026-04-10T08:30:11.027+0000] {logging_mixin.py:188} INFO - [2026-04-10T08:30:11.027+0000] {dagbag.py:538} INFO - Filling up the DagBag from /opt/airflow/dags/reactive_data_generation.py
[2026-04-10T08:30:11.434+0000] {processor.py:840} INFO - DAG(s) 'smart_building_pipeline_test' retrieved from /opt/airflow/dags/reactive_data_generation.py
[2026-04-10T08:30:11.527+0000] {logging_mixin.py:188} INFO - [2026-04-10T08:30:11.526+0000] {dag.py:3036} INFO - Sync 1 DAGs
[2026-04-10T08:30:11.535+0000] {logging_mixin.py:188} INFO - [2026-04-10T08:30:11.535+0000] {dag.py:3823} INFO - Setting next_dagrun for smart_building_pipeline_test to None, run_after=None
[2026-04-10T08:30:11.551+0000] {processor.py:183} INFO - Processing /opt/airflow/dags/reactive_data_generation.py took 0.530 seconds
[2026-04-10T08:30:41.852+0000] {processor.py:161} INFO - Started process (PID=1779) to work on /opt/airflow/dags/reactive_data_generation.py
[2026-04-10T08:30:41.854+0000] {processor.py:830} INFO - Processing file /opt/airflow/dags/reactive_data_generation.py for tasks to queue
[2026-04-10T08:30:41.855+0000] {logging_mixin.py:188} INFO - [2026-04-10T08:30:41.854+0000] {dagbag.py:538} INFO - Filling up the DagBag from /opt/airflow/dags/reactive_data_generation.py
[2026-04-10T08:30:42.367+0000] {processor.py:840} INFO - DAG(s) 'smart_building_pipeline_test' retrieved from /opt/airflow/dags/reactive_data_generation.py
[2026-04-10T08:30:42.391+0000] {logging_mixin.py:188} INFO - [2026-04-10T08:30:42.390+0000] {dag.py:3036} INFO - Sync 1 DAGs
[2026-04-10T08:30:42.401+0000] {logging_mixin.py:188} INFO - [2026-04-10T08:30:42.400+0000] {dag.py:3823} INFO - Setting next_dagrun for smart_building_pipeline_test to None, run_after=None
[2026-04-10T08:30:42.416+0000] {processor.py:183} INFO - Processing /opt/airflow/dags/reactive_data_generation.py took 0.568 seconds
[2026-04-10T08:31:12.704+0000] {processor.py:161} INFO - Started process (PID=1797) to work on /opt/airflow/dags/reactive_data_generation.py
[2026-04-10T08:31:12.706+0000] {processor.py:830} INFO - Processing file /opt/airflow/dags/reactive_data_generation.py for tasks to queue
[2026-04-10T08:31:12.709+0000] {logging_mixin.py:188} INFO - [2026-04-10T08:31:12.708+0000] {dagbag.py:538} INFO - Filling up the DagBag from /opt/airflow/dags/reactive_data_generation.py
[2026-04-10T08:31:13.214+0000] {processor.py:840} INFO - DAG(s) 'smart_building_pipeline_test' retrieved from /opt/airflow/dags/reactive_data_generation.py
[2026-04-10T08:31:13.228+0000] {logging_mixin.py:188} INFO - [2026-04-10T08:31:13.226+0000] {dag.py:3036} INFO - Sync 1 DAGs
[2026-04-10T08:31:13.240+0000] {logging_mixin.py:188} INFO - [2026-04-10T08:31:13.239+0000] {dag.py:3823} INFO - Setting next_dagrun for smart_building_pipeline_test to None, run_after=None
[2026-04-10T08:31:13.255+0000] {processor.py:183} INFO - Processing /opt/airflow/dags/reactive_data_generation.py took 0.557 seconds
[2026-04-10T08:31:43.528+0000] {processor.py:161} INFO - Started process (PID=1815) to work on /opt/airflow/dags/reactive_data_generation.py
[2026-04-10T08:31:43.530+0000] {processor.py:830} INFO - Processing file /opt/airflow/dags/reactive_data_generation.py for tasks to queue
[2026-04-10T08:31:43.532+0000] {logging_mixin.py:188} INFO - [2026-04-10T08:31:43.531+0000] {dagbag.py:538} INFO - Filling up the DagBag from /opt/airflow/dags/reactive_data_generation.py
[2026-04-10T08:31:44.020+0000] {processor.py:840} INFO - DAG(s) 'smart_building_pipeline_test' retrieved from /opt/airflow/dags/reactive_data_generation.py
[2026-04-10T08:31:44.155+0000] {logging_mixin.py:188} INFO - [2026-04-10T08:31:44.154+0000] {dag.py:3036} INFO - Sync 1 DAGs
[2026-04-10T08:31:44.168+0000] {logging_mixin.py:188} INFO - [2026-04-10T08:31:44.167+0000] {dag.py:3823} INFO - Setting next_dagrun for smart_building_pipeline_test to None, run_after=None
[2026-04-10T08:31:44.185+0000] {processor.py:183} INFO - Processing /opt/airflow/dags/reactive_data_generation.py took 0.662 seconds
[2026-04-10T08:32:14.447+0000] {processor.py:161} INFO - Started process (PID=1833) to work on /opt/airflow/dags/reactive_data_generation.py
[2026-04-10T08:32:14.449+0000] {processor.py:830} INFO - Processing file /opt/airflow/dags/reactive_data_generation.py for tasks to queue
[2026-04-10T08:32:14.450+0000] {logging_mixin.py:188} INFO - [2026-04-10T08:32:14.450+0000] {dagbag.py:538} INFO - Filling up the DagBag from /opt/airflow/dags/reactive_data_generation.py
[2026-04-10T08:32:14.964+0000] {processor.py:840} INFO - DAG(s) 'smart_building_pipeline_test' retrieved from /opt/airflow/dags/reactive_data_generation.py
[2026-04-10T08:32:14.992+0000] {logging_mixin.py:188} INFO - [2026-04-10T08:32:14.992+0000] {dag.py:3036} INFO - Sync 1 DAGs
[2026-04-10T08:32:15.005+0000] {logging_mixin.py:188} INFO - [2026-04-10T08:32:15.005+0000] {dag.py:3823} INFO - Setting next_dagrun for smart_building_pipeline_test to None, run_after=None
[2026-04-10T08:32:15.029+0000] {processor.py:183} INFO - Processing /opt/airflow/dags/reactive_data_generation.py took 0.586 seconds
[2026-04-10T08:32:45.327+0000] {processor.py:161} INFO - Started process (PID=1851) to work on /opt/airflow/dags/reactive_data_generation.py
[2026-04-10T08:32:45.329+0000] {processor.py:830} INFO - Processing file /opt/airflow/dags/reactive_data_generation.py for tasks to queue
[2026-04-10T08:32:45.330+0000] {logging_mixin.py:188} INFO - [2026-04-10T08:32:45.330+0000] {dagbag.py:538} INFO - Filling up the DagBag from /opt/airflow/dags/reactive_data_generation.py
[2026-04-10T08:32:46.127+0000] {processor.py:840} INFO - DAG(s) 'smart_building_pipeline_test' retrieved from /opt/airflow/dags/reactive_data_generation.py
[2026-04-10T08:32:46.141+0000] {logging_mixin.py:188} INFO - [2026-04-10T08:32:46.140+0000] {dag.py:3036} INFO - Sync 1 DAGs
[2026-04-10T08:32:46.152+0000] {logging_mixin.py:188} INFO - [2026-04-10T08:32:46.152+0000] {dag.py:3823} INFO - Setting next_dagrun for smart_building_pipeline_test to None, run_after=None
[2026-04-10T08:32:46.170+0000] {processor.py:183} INFO - Processing /opt/airflow/dags/reactive_data_generation.py took 0.851 seconds
[2026-04-10T08:33:16.374+0000] {processor.py:161} INFO - Started process (PID=1869) to work on /opt/airflow/dags/reactive_data_generation.py
[2026-04-10T08:33:16.376+0000] {processor.py:830} INFO - Processing file /opt/airflow/dags/reactive_data_generation.py for tasks to queue
[2026-04-10T08:33:16.377+0000] {logging_mixin.py:188} INFO - [2026-04-10T08:33:16.377+0000] {dagbag.py:538} INFO - Filling up the DagBag from /opt/airflow/dags/reactive_data_generation.py
[2026-04-10T08:33:17.137+0000] {processor.py:840} INFO - DAG(s) 'smart_building_pipeline_test' retrieved from /opt/airflow/dags/reactive_data_generation.py
[2026-04-10T08:33:17.466+0000] {logging_mixin.py:188} INFO - [2026-04-10T08:33:17.465+0000] {dag.py:3036} INFO - Sync 1 DAGs
[2026-04-10T08:33:17.519+0000] {logging_mixin.py:188} INFO - [2026-04-10T08:33:17.519+0000] {dag.py:3823} INFO - Setting next_dagrun for smart_building_pipeline_test to None, run_after=None
[2026-04-10T08:33:17.562+0000] {processor.py:183} INFO - Processing /opt/airflow/dags/reactive_data_generation.py took 1.195 seconds
[2026-04-10T08:33:47.832+0000] {processor.py:161} INFO - Started process (PID=1887) to work on /opt/airflow/dags/reactive_data_generation.py
[2026-04-10T08:33:47.833+0000] {processor.py:830} INFO - Processing file /opt/airflow/dags/reactive_data_generation.py for tasks to queue
[2026-04-10T08:33:47.835+0000] {logging_mixin.py:188} INFO - [2026-04-10T08:33:47.834+0000] {dagbag.py:538} INFO - Filling up the DagBag from /opt/airflow/dags/reactive_data_generation.py
[2026-04-10T08:33:48.343+0000] {processor.py:840} INFO - DAG(s) 'smart_building_pipeline_test' retrieved from /opt/airflow/dags/reactive_data_generation.py
[2026-04-10T08:33:48.366+0000] {logging_mixin.py:188} INFO - [2026-04-10T08:33:48.366+0000] {dag.py:3036} INFO - Sync 1 DAGs
[2026-04-10T08:33:48.377+0000] {logging_mixin.py:188} INFO - [2026-04-10T08:33:48.377+0000] {dag.py:3823} INFO - Setting next_dagrun for smart_building_pipeline_test to None, run_after=None
[2026-04-10T08:33:48.398+0000] {processor.py:183} INFO - Processing /opt/airflow/dags/reactive_data_generation.py took 0.570 seconds
[2026-04-10T08:34:18.651+0000] {processor.py:161} INFO - Started process (PID=1905) to work on /opt/airflow/dags/reactive_data_generation.py
[2026-04-10T08:34:18.653+0000] {processor.py:830} INFO - Processing file /opt/airflow/dags/reactive_data_generation.py for tasks to queue
[2026-04-10T08:34:18.653+0000] {logging_mixin.py:188} INFO - [2026-04-10T08:34:18.653+0000] {dagbag.py:538} INFO - Filling up the DagBag from /opt/airflow/dags/reactive_data_generation.py
[2026-04-10T08:34:19.112+0000] {processor.py:840} INFO - DAG(s) 'smart_building_pipeline_test' retrieved from /opt/airflow/dags/reactive_data_generation.py
[2026-04-10T08:34:19.125+0000] {logging_mixin.py:188} INFO - [2026-04-10T08:34:19.125+0000] {dag.py:3036} INFO - Sync 1 DAGs
[2026-04-10T08:34:19.138+0000] {logging_mixin.py:188} INFO - [2026-04-10T08:34:19.138+0000] {dag.py:3823} INFO - Setting next_dagrun for smart_building_pipeline_test to None, run_after=None
[2026-04-10T08:34:19.156+0000] {processor.py:183} INFO - Processing /opt/airflow/dags/reactive_data_generation.py took 0.508 seconds
[2026-04-10T08:34:49.446+0000] {processor.py:161} INFO - Started process (PID=1923) to work on /opt/airflow/dags/reactive_data_generation.py
[2026-04-10T08:34:49.447+0000] {processor.py:830} INFO - Processing file /opt/airflow/dags/reactive_data_generation.py for tasks to queue
[2026-04-10T08:34:49.449+0000] {logging_mixin.py:188} INFO - [2026-04-10T08:34:49.448+0000] {dagbag.py:538} INFO - Filling up the DagBag from /opt/airflow/dags/reactive_data_generation.py
[2026-04-10T08:34:49.873+0000] {processor.py:840} INFO - DAG(s) 'smart_building_pipeline_test' retrieved from /opt/airflow/dags/reactive_data_generation.py
[2026-04-10T08:34:49.955+0000] {logging_mixin.py:188} INFO - [2026-04-10T08:34:49.954+0000] {dag.py:3036} INFO - Sync 1 DAGs
[2026-04-10T08:34:49.964+0000] {logging_mixin.py:188} INFO - [2026-04-10T08:34:49.964+0000] {dag.py:3823} INFO - Setting next_dagrun for smart_building_pipeline_test to None, run_after=None
[2026-04-10T08:34:49.984+0000] {processor.py:183} INFO - Processing /opt/airflow/dags/reactive_data_generation.py took 0.542 seconds
[2026-04-10T08:35:20.269+0000] {processor.py:161} INFO - Started process (PID=1941) to work on /opt/airflow/dags/reactive_data_generation.py
[2026-04-10T08:35:20.272+0000] {processor.py:830} INFO - Processing file /opt/airflow/dags/reactive_data_generation.py for tasks to queue
[2026-04-10T08:35:20.274+0000] {logging_mixin.py:188} INFO - [2026-04-10T08:35:20.274+0000] {dagbag.py:538} INFO - Filling up the DagBag from /opt/airflow/dags/reactive_data_generation.py
[2026-04-10T08:35:20.723+0000] {processor.py:840} INFO - DAG(s) 'smart_building_pipeline_test' retrieved from /opt/airflow/dags/reactive_data_generation.py
[2026-04-10T08:35:20.756+0000] {logging_mixin.py:188} INFO - [2026-04-10T08:35:20.755+0000] {dag.py:3036} INFO - Sync 1 DAGs
[2026-04-10T08:35:20.769+0000] {logging_mixin.py:188} INFO - [2026-04-10T08:35:20.769+0000] {dag.py:3823} INFO - Setting next_dagrun for smart_building_pipeline_test to None, run_after=None
[2026-04-10T08:35:20.787+0000] {processor.py:183} INFO - Processing /opt/airflow/dags/reactive_data_generation.py took 0.526 seconds
[2026-04-10T08:35:51.453+0000] {processor.py:161} INFO - Started process (PID=1959) to work on /opt/airflow/dags/reactive_data_generation.py
[2026-04-10T08:35:51.455+0000] {processor.py:830} INFO - Processing file /opt/airflow/dags/reactive_data_generation.py for tasks to queue
[2026-04-10T08:35:51.456+0000] {logging_mixin.py:188} INFO - [2026-04-10T08:35:51.456+0000] {dagbag.py:538} INFO - Filling up the DagBag from /opt/airflow/dags/reactive_data_generation.py
[2026-04-10T08:35:51.897+0000] {processor.py:840} INFO - DAG(s) 'smart_building_pipeline_test' retrieved from /opt/airflow/dags/reactive_data_generation.py
[2026-04-10T08:35:51.910+0000] {logging_mixin.py:188} INFO - [2026-04-10T08:35:51.910+0000] {dag.py:3036} INFO - Sync 1 DAGs
[2026-04-10T08:35:51.925+0000] {logging_mixin.py:188} INFO - [2026-04-10T08:35:51.925+0000] {dag.py:3823} INFO - Setting next_dagrun for smart_building_pipeline_test to None, run_after=None
[2026-04-10T08:35:51.944+0000] {processor.py:183} INFO - Processing /opt/airflow/dags/reactive_data_generation.py took 0.495 seconds
[2026-04-10T08:36:22.241+0000] {processor.py:161} INFO - Started process (PID=1977) to work on /opt/airflow/dags/reactive_data_generation.py
[2026-04-10T08:36:22.242+0000] {processor.py:830} INFO - Processing file /opt/airflow/dags/reactive_data_generation.py for tasks to queue
[2026-04-10T08:36:22.243+0000] {logging_mixin.py:188} INFO - [2026-04-10T08:36:22.243+0000] {dagbag.py:538} INFO - Filling up the DagBag from /opt/airflow/dags/reactive_data_generation.py
[2026-04-10T08:36:22.700+0000] {processor.py:840} INFO - DAG(s) 'smart_building_pipeline_test' retrieved from /opt/airflow/dags/reactive_data_generation.py
[2026-04-10T08:36:22.795+0000] {logging_mixin.py:188} INFO - [2026-04-10T08:36:22.794+0000] {dag.py:3036} INFO - Sync 1 DAGs
[2026-04-10T08:36:22.804+0000] {logging_mixin.py:188} INFO - [2026-04-10T08:36:22.804+0000] {dag.py:3823} INFO - Setting next_dagrun for smart_building_pipeline_test to None, run_after=None
[2026-04-10T08:36:22.822+0000] {processor.py:183} INFO - Processing /opt/airflow/dags/reactive_data_generation.py took 0.585 seconds
[2026-04-10T08:36:53.084+0000] {processor.py:161} INFO - Started process (PID=1995) to work on /opt/airflow/dags/reactive_data_generation.py
[2026-04-10T08:36:53.086+0000] {processor.py:830} INFO - Processing file /opt/airflow/dags/reactive_data_generation.py for tasks to queue
[2026-04-10T08:36:53.088+0000] {logging_mixin.py:188} INFO - [2026-04-10T08:36:53.087+0000] {dagbag.py:538} INFO - Filling up the DagBag from /opt/airflow/dags/reactive_data_generation.py
[2026-04-10T08:36:53.608+0000] {processor.py:840} INFO - DAG(s) 'smart_building_pipeline_test' retrieved from /opt/airflow/dags/reactive_data_generation.py
[2026-04-10T08:36:53.630+0000] {logging_mixin.py:188} INFO - [2026-04-10T08:36:53.630+0000] {dag.py:3036} INFO - Sync 1 DAGs
[2026-04-10T08:36:53.640+0000] {logging_mixin.py:188} INFO - [2026-04-10T08:36:53.640+0000] {dag.py:3823} INFO - Setting next_dagrun for smart_building_pipeline_test to None, run_after=None
[2026-04-10T08:36:53.663+0000] {processor.py:183} INFO - Processing /opt/airflow/dags/reactive_data_generation.py took 0.584 seconds
[2026-04-10T08:37:23.925+0000] {processor.py:161} INFO - Started process (PID=2013) to work on /opt/airflow/dags/reactive_data_generation.py
[2026-04-10T08:37:23.926+0000] {processor.py:830} INFO - Processing file /opt/airflow/dags/reactive_data_generation.py for tasks to queue
[2026-04-10T08:37:23.927+0000] {logging_mixin.py:188} INFO - [2026-04-10T08:37:23.927+0000] {dagbag.py:538} INFO - Filling up the DagBag from /opt/airflow/dags/reactive_data_generation.py
[2026-04-10T08:37:24.413+0000] {processor.py:840} INFO - DAG(s) 'smart_building_pipeline_test' retrieved from /opt/airflow/dags/reactive_data_generation.py
[2026-04-10T08:37:24.427+0000] {logging_mixin.py:188} INFO - [2026-04-10T08:37:24.426+0000] {dag.py:3036} INFO - Sync 1 DAGs
[2026-04-10T08:37:24.438+0000] {logging_mixin.py:188} INFO - [2026-04-10T08:37:24.438+0000] {dag.py:3823} INFO - Setting next_dagrun for smart_building_pipeline_test to None, run_after=None
[2026-04-10T08:37:24.455+0000] {processor.py:183} INFO - Processing /opt/airflow/dags/reactive_data_generation.py took 0.536 seconds
[2026-04-10T08:37:54.702+0000] {processor.py:161} INFO - Started process (PID=2031) to work on /opt/airflow/dags/reactive_data_generation.py
[2026-04-10T08:37:54.703+0000] {processor.py:830} INFO - Processing file /opt/airflow/dags/reactive_data_generation.py for tasks to queue
[2026-04-10T08:37:54.705+0000] {logging_mixin.py:188} INFO - [2026-04-10T08:37:54.704+0000] {dagbag.py:538} INFO - Filling up the DagBag from /opt/airflow/dags/reactive_data_generation.py
[2026-04-10T08:37:55.309+0000] {processor.py:840} INFO - DAG(s) 'smart_building_pipeline_test' retrieved from /opt/airflow/dags/reactive_data_generation.py
[2026-04-10T08:37:55.455+0000] {logging_mixin.py:188} INFO - [2026-04-10T08:37:55.455+0000] {dag.py:3036} INFO - Sync 1 DAGs
[2026-04-10T08:37:55.479+0000] {logging_mixin.py:188} INFO - [2026-04-10T08:37:55.478+0000] {dag.py:3823} INFO - Setting next_dagrun for smart_building_pipeline_test to None, run_after=None
[2026-04-10T08:37:55.510+0000] {processor.py:183} INFO - Processing /opt/airflow/dags/reactive_data_generation.py took 0.813 seconds
[2026-04-10T08:38:25.797+0000] {processor.py:161} INFO - Started process (PID=2049) to work on /opt/airflow/dags/reactive_data_generation.py
[2026-04-10T08:38:25.803+0000] {processor.py:830} INFO - Processing file /opt/airflow/dags/reactive_data_generation.py for tasks to queue
[2026-04-10T08:38:25.805+0000] {logging_mixin.py:188} INFO - [2026-04-10T08:38:25.805+0000] {dagbag.py:538} INFO - Filling up the DagBag from /opt/airflow/dags/reactive_data_generation.py
[2026-04-10T08:38:26.630+0000] {processor.py:840} INFO - DAG(s) 'smart_building_pipeline_test' retrieved from /opt/airflow/dags/reactive_data_generation.py
[2026-04-10T08:38:26.688+0000] {logging_mixin.py:188} INFO - [2026-04-10T08:38:26.686+0000] {dag.py:3036} INFO - Sync 1 DAGs
[2026-04-10T08:38:26.719+0000] {logging_mixin.py:188} INFO - [2026-04-10T08:38:26.719+0000] {dag.py:3823} INFO - Setting next_dagrun for smart_building_pipeline_test to None, run_after=None
[2026-04-10T08:38:26.756+0000] {processor.py:183} INFO - Processing /opt/airflow/dags/reactive_data_generation.py took 0.971 seconds
[2026-04-10T08:38:57.043+0000] {processor.py:161} INFO - Started process (PID=2067) to work on /opt/airflow/dags/reactive_data_generation.py
[2026-04-10T08:38:57.045+0000] {processor.py:830} INFO - Processing file /opt/airflow/dags/reactive_data_generation.py for tasks to queue
[2026-04-10T08:38:57.046+0000] {logging_mixin.py:188} INFO - [2026-04-10T08:38:57.045+0000] {dagbag.py:538} INFO - Filling up the DagBag from /opt/airflow/dags/reactive_data_generation.py
[2026-04-10T08:38:57.500+0000] {processor.py:840} INFO - DAG(s) 'smart_building_pipeline_test' retrieved from /opt/airflow/dags/reactive_data_generation.py
[2026-04-10T08:38:57.521+0000] {logging_mixin.py:188} INFO - [2026-04-10T08:38:57.521+0000] {dag.py:3036} INFO - Sync 1 DAGs
[2026-04-10T08:38:57.541+0000] {logging_mixin.py:188} INFO - [2026-04-10T08:38:57.541+0000] {dag.py:3823} INFO - Setting next_dagrun for smart_building_pipeline_test to None, run_after=None
[2026-04-10T08:38:57.566+0000] {processor.py:183} INFO - Processing /opt/airflow/dags/reactive_data_generation.py took 0.526 seconds
[2026-04-10T08:39:28.259+0000] {processor.py:161} INFO - Started process (PID=2085) to work on /opt/airflow/dags/reactive_data_generation.py
[2026-04-10T08:39:28.260+0000] {processor.py:830} INFO - Processing file /opt/airflow/dags/reactive_data_generation.py for tasks to queue
[2026-04-10T08:39:28.262+0000] {logging_mixin.py:188} INFO - [2026-04-10T08:39:28.261+0000] {dagbag.py:538} INFO - Filling up the DagBag from /opt/airflow/dags/reactive_data_generation.py
[2026-04-10T08:39:28.814+0000] {processor.py:840} INFO - DAG(s) 'smart_building_pipeline_test' retrieved from /opt/airflow/dags/reactive_data_generation.py
[2026-04-10T08:39:28.948+0000] {logging_mixin.py:188} INFO - [2026-04-10T08:39:28.948+0000] {dag.py:3036} INFO - Sync 1 DAGs
[2026-04-10T08:39:28.958+0000] {logging_mixin.py:188} INFO - [2026-04-10T08:39:28.958+0000] {dag.py:3823} INFO - Setting next_dagrun for smart_building_pipeline_test to None, run_after=None
[2026-04-10T08:39:28.975+0000] {processor.py:183} INFO - Processing /opt/airflow/dags/reactive_data_generation.py took 0.720 seconds
[2026-04-10T08:39:59.246+0000] {processor.py:161} INFO - Started process (PID=2103) to work on /opt/airflow/dags/reactive_data_generation.py
[2026-04-10T08:39:59.247+0000] {processor.py:830} INFO - Processing file /opt/airflow/dags/reactive_data_generation.py for tasks to queue
[2026-04-10T08:39:59.248+0000] {logging_mixin.py:188} INFO - [2026-04-10T08:39:59.248+0000] {dagbag.py:538} INFO - Filling up the DagBag from /opt/airflow/dags/reactive_data_generation.py
[2026-04-10T08:39:59.752+0000] {processor.py:840} INFO - DAG(s) 'smart_building_pipeline_test' retrieved from /opt/airflow/dags/reactive_data_generation.py
[2026-04-10T08:39:59.776+0000] {logging_mixin.py:188} INFO - [2026-04-10T08:39:59.776+0000] {dag.py:3036} INFO - Sync 1 DAGs
[2026-04-10T08:39:59.790+0000] {logging_mixin.py:188} INFO - [2026-04-10T08:39:59.790+0000] {dag.py:3823} INFO - Setting next_dagrun for smart_building_pipeline_test to None, run_after=None
[2026-04-10T08:39:59.813+0000] {processor.py:183} INFO - Processing /opt/airflow/dags/reactive_data_generation.py took 0.570 seconds
[2026-04-10T08:40:30.123+0000] {processor.py:161} INFO - Started process (PID=2121) to work on /opt/airflow/dags/reactive_data_generation.py
[2026-04-10T08:40:30.125+0000] {processor.py:830} INFO - Processing file /opt/airflow/dags/reactive_data_generation.py for tasks to queue
[2026-04-10T08:40:30.127+0000] {logging_mixin.py:188} INFO - [2026-04-10T08:40:30.126+0000] {dagbag.py:538} INFO - Filling up the DagBag from /opt/airflow/dags/reactive_data_generation.py
[2026-04-10T08:40:30.591+0000] {processor.py:840} INFO - DAG(s) 'smart_building_pipeline_test' retrieved from /opt/airflow/dags/reactive_data_generation.py
[2026-04-10T08:40:30.603+0000] {logging_mixin.py:188} INFO - [2026-04-10T08:40:30.603+0000] {dag.py:3036} INFO - Sync 1 DAGs
[2026-04-10T08:40:30.619+0000] {logging_mixin.py:188} INFO - [2026-04-10T08:40:30.619+0000] {dag.py:3823} INFO - Setting next_dagrun for smart_building_pipeline_test to None, run_after=None
[2026-04-10T08:40:30.639+0000] {processor.py:183} INFO - Processing /opt/airflow/dags/reactive_data_generation.py took 0.522 seconds
[2026-04-10T08:41:00.939+0000] {processor.py:161} INFO - Started process (PID=2139) to work on /opt/airflow/dags/reactive_data_generation.py
[2026-04-10T08:41:00.941+0000] {processor.py:830} INFO - Processing file /opt/airflow/dags/reactive_data_generation.py for tasks to queue
[2026-04-10T08:41:00.942+0000] {logging_mixin.py:188} INFO - [2026-04-10T08:41:00.941+0000] {dagbag.py:538} INFO - Filling up the DagBag from /opt/airflow/dags/reactive_data_generation.py
[2026-04-10T08:41:01.441+0000] {processor.py:840} INFO - DAG(s) 'smart_building_pipeline_test' retrieved from /opt/airflow/dags/reactive_data_generation.py
[2026-04-10T08:41:01.561+0000] {logging_mixin.py:188} INFO - [2026-04-10T08:41:01.560+0000] {dag.py:3036} INFO - Sync 1 DAGs
[2026-04-10T08:41:01.574+0000] {logging_mixin.py:188} INFO - [2026-04-10T08:41:01.574+0000] {dag.py:3823} INFO - Setting next_dagrun for smart_building_pipeline_test to None, run_after=None
[2026-04-10T08:41:01.597+0000] {processor.py:183} INFO - Processing /opt/airflow/dags/reactive_data_generation.py took 0.664 seconds
[2026-04-10T08:41:31.945+0000] {processor.py:161} INFO - Started process (PID=2157) to work on /opt/airflow/dags/reactive_data_generation.py
[2026-04-10T08:41:31.948+0000] {processor.py:830} INFO - Processing file /opt/airflow/dags/reactive_data_generation.py for tasks to queue
[2026-04-10T08:41:31.951+0000] {logging_mixin.py:188} INFO - [2026-04-10T08:41:31.950+0000] {dagbag.py:538} INFO - Filling up the DagBag from /opt/airflow/dags/reactive_data_generation.py
