[2026-04-10T08:09:38.414+0000] {taskinstance.py:1956} INFO - Dependencies all met for dep_context=non-requeueable deps ti=<TaskInstance: smart_building_pipeline.generate_iot_data manual__2026-04-10T08:09:34.173502+00:00 [queued]>
[2026-04-10T08:09:38.426+0000] {taskinstance.py:1956} INFO - Dependencies all met for dep_context=requeueable deps ti=<TaskInstance: smart_building_pipeline.generate_iot_data manual__2026-04-10T08:09:34.173502+00:00 [queued]>
[2026-04-10T08:09:38.427+0000] {taskinstance.py:2170} INFO - Starting attempt 1 of 3
[2026-04-10T08:09:38.683+0000] {taskinstance.py:2191} INFO - Executing <Task(PythonOperator): generate_iot_data> on 2026-04-10 08:09:34.173502+00:00
[2026-04-10T08:09:38.697+0000] {standard_task_runner.py:60} INFO - Started process 427 to run task
[2026-04-10T08:09:38.703+0000] {standard_task_runner.py:87} INFO - Running: ['***', 'tasks', 'run', 'smart_building_pipeline', 'generate_iot_data', 'manual__2026-04-10T08:09:34.173502+00:00', '--job-id', '72', '--raw', '--subdir', 'DAGS_FOLDER/bems_dag.py', '--cfg-path', '/tmp/tmpgffncr4_']
[2026-04-10T08:09:38.708+0000] {standard_task_runner.py:88} INFO - Job 72: Subtask generate_iot_data
[2026-04-10T08:09:38.806+0000] {task_command.py:423} INFO - Running <TaskInstance: smart_building_pipeline.generate_iot_data manual__2026-04-10T08:09:34.173502+00:00 [running]> on host 998af5aaee6c
[2026-04-10T08:09:38.928+0000] {taskinstance.py:2480} INFO - Exporting env vars: AIRFLOW_CTX_DAG_OWNER='smart-building' AIRFLOW_CTX_DAG_ID='smart_building_pipeline' AIRFLOW_CTX_TASK_ID='generate_iot_data' AIRFLOW_CTX_EXECUTION_DATE='2026-04-10T08:09:34.173502+00:00' AIRFLOW_CTX_TRY_NUMBER='1' AIRFLOW_CTX_DAG_RUN_ID='manual__2026-04-10T08:09:34.173502+00:00'
[2026-04-10T08:09:39.596+0000] {logging_mixin.py:188} INFO - [INFO] Sensor data rows: 13068
[2026-04-10T08:09:39.601+0000] {logging_mixin.py:188} INFO -                            readingID           timestamp roomID           deviceID  value  deviceType
b74b4b8a-76f6-4917-b27f-2d401f750acf 2026-04-01 08:00:00  IT334  IT334_temperature  30.82 temperature
8863c948-262d-43d7-8d68-9bfe1b95355a 2026-04-01 08:00:00  IT334        IT334_light  43.00       light
a9e6f899-5aaf-4eb6-8026-58209f86d32e 2026-04-01 08:00:00  IT334        IT334_power   0.40       power
196f38b0-3353-4cda-bb69-2a593f02284d 2026-04-01 08:00:00 Lab103 Lab103_temperature  29.41 temperature
0ec91312-4d2f-40d1-80ee-f01421b9f4f2 2026-04-01 08:00:00 Lab103       Lab103_light  33.00       light
4996d9e2-8183-4a68-ae39-1e88e43f424e 2026-04-01 08:00:00 Lab103       Lab103_power   0.44       power
2a80d868-e84b-430d-ac71-02eb81437d24 2026-04-01 08:00:00  IT305  IT305_temperature  29.85 temperature
f2c748be-da41-4791-a024-5d807d7015a6 2026-04-01 08:00:00  IT305        IT305_light  18.00       light
2d51196e-b0a0-4904-bb4c-56fdf0397793 2026-04-01 08:00:00  IT305        IT305_power   0.21       power
07784039-8459-48f9-8990-a3a4d7fa5b2e 2026-04-01 08:00:00 Lab212 Lab212_temperature  29.06 temperature
8754ed1c-52be-4d28-be14-b7eff63acf98 2026-04-01 08:00:00 Lab212       Lab212_light  32.00       light
e1dabab0-4924-42b3-97d4-147541e07ac4 2026-04-01 08:00:00 Lab212       Lab212_power    NaN       power
2b4ef9ea-ef21-4461-94f4-4e733015f723 2026-04-01 08:00:00 Lab212 Lab212_temperature  28.79 temperature
141b8f31-e702-4961-a39d-ab136e80b49f 2026-04-01 08:00:00 Lab212       Lab212_light  32.00       light
07550a37-4de1-4561-ae05-10cb4b9db75d 2026-04-01 08:00:00 Lab212       Lab212_power   0.25       power
[2026-04-10T08:09:39.649+0000] {python.py:201} INFO - Done. Returned value was: /tmp/sensor_data.csv
[2026-04-10T08:09:39.672+0000] {taskinstance.py:1138} INFO - Marking task as SUCCESS. dag_id=smart_building_pipeline, task_id=generate_iot_data, execution_date=20260410T080934, start_date=20260410T080938, end_date=20260410T080939
[2026-04-10T08:09:39.719+0000] {local_task_job_runner.py:234} INFO - Task exited with return code 0
[2026-04-10T08:09:39.737+0000] {taskinstance.py:3280} INFO - 0 downstream tasks scheduled from follow-on schedule check
