[2026-01-26T09:18:48.615+0000] {processor.py:161} INFO - Started process (PID=199) to work on /opt/airflow/dags/dag_with_python_op.py
[2026-01-26T09:18:48.626+0000] {processor.py:830} INFO - Processing file /opt/airflow/dags/dag_with_python_op.py for tasks to queue
[2026-01-26T09:18:48.628+0000] {logging_mixin.py:188} INFO - [2026-01-26T09:18:48.627+0000] {dagbag.py:538} INFO - Filling up the DagBag from /opt/airflow/dags/dag_with_python_op.py
[2026-01-26T09:18:48.703+0000] {processor.py:840} INFO - DAG(s) 'dag_with_python_op_v4-2' retrieved from /opt/airflow/dags/dag_with_python_op.py
[2026-01-26T09:18:48.826+0000] {logging_mixin.py:188} INFO - [2026-01-26T09:18:48.826+0000] {dag.py:3036} INFO - Sync 1 DAGs
[2026-01-26T09:18:48.898+0000] {logging_mixin.py:188} INFO - [2026-01-26T09:18:48.897+0000] {dag.py:3823} INFO - Setting next_dagrun for dag_with_python_op_v4-2 to 2025-01-19 00:00:00+00:00, run_after=2025-01-20 00:00:00+00:00
[2026-01-26T09:18:48.965+0000] {processor.py:183} INFO - Processing /opt/airflow/dags/dag_with_python_op.py took 0.355 seconds
[2026-01-26T09:19:19.517+0000] {processor.py:161} INFO - Started process (PID=231) to work on /opt/airflow/dags/dag_with_python_op.py
[2026-01-26T09:19:19.519+0000] {processor.py:830} INFO - Processing file /opt/airflow/dags/dag_with_python_op.py for tasks to queue
[2026-01-26T09:19:19.521+0000] {logging_mixin.py:188} INFO - [2026-01-26T09:19:19.520+0000] {dagbag.py:538} INFO - Filling up the DagBag from /opt/airflow/dags/dag_with_python_op.py
[2026-01-26T09:19:19.559+0000] {processor.py:840} INFO - DAG(s) 'dag_with_python_op_v4-2' retrieved from /opt/airflow/dags/dag_with_python_op.py
[2026-01-26T09:19:19.597+0000] {logging_mixin.py:188} INFO - [2026-01-26T09:19:19.597+0000] {dag.py:3036} INFO - Sync 1 DAGs
[2026-01-26T09:19:19.624+0000] {logging_mixin.py:188} INFO - [2026-01-26T09:19:19.623+0000] {dag.py:3823} INFO - Setting next_dagrun for dag_with_python_op_v4-2 to 2025-01-19 00:00:00+00:00, run_after=2025-01-20 00:00:00+00:00
[2026-01-26T09:19:19.653+0000] {processor.py:183} INFO - Processing /opt/airflow/dags/dag_with_python_op.py took 0.143 seconds
[2026-01-26T09:19:50.177+0000] {processor.py:161} INFO - Started process (PID=257) to work on /opt/airflow/dags/dag_with_python_op.py
[2026-01-26T09:19:50.179+0000] {processor.py:830} INFO - Processing file /opt/airflow/dags/dag_with_python_op.py for tasks to queue
[2026-01-26T09:19:50.181+0000] {logging_mixin.py:188} INFO - [2026-01-26T09:19:50.180+0000] {dagbag.py:538} INFO - Filling up the DagBag from /opt/airflow/dags/dag_with_python_op.py
[2026-01-26T09:19:50.214+0000] {processor.py:840} INFO - DAG(s) 'dag_with_python_op_v4-2' retrieved from /opt/airflow/dags/dag_with_python_op.py
[2026-01-26T09:19:50.263+0000] {logging_mixin.py:188} INFO - [2026-01-26T09:19:50.262+0000] {dag.py:3036} INFO - Sync 1 DAGs
[2026-01-26T09:19:50.291+0000] {logging_mixin.py:188} INFO - [2026-01-26T09:19:50.291+0000] {dag.py:3823} INFO - Setting next_dagrun for dag_with_python_op_v4-2 to 2025-01-19 00:00:00+00:00, run_after=2025-01-20 00:00:00+00:00
[2026-01-26T09:19:50.321+0000] {processor.py:183} INFO - Processing /opt/airflow/dags/dag_with_python_op.py took 0.150 seconds
[2026-01-26T09:20:20.912+0000] {processor.py:161} INFO - Started process (PID=283) to work on /opt/airflow/dags/dag_with_python_op.py
[2026-01-26T09:20:20.914+0000] {processor.py:830} INFO - Processing file /opt/airflow/dags/dag_with_python_op.py for tasks to queue
[2026-01-26T09:20:20.916+0000] {logging_mixin.py:188} INFO - [2026-01-26T09:20:20.915+0000] {dagbag.py:538} INFO - Filling up the DagBag from /opt/airflow/dags/dag_with_python_op.py
[2026-01-26T09:20:20.963+0000] {processor.py:840} INFO - DAG(s) 'dag_with_python_op_v4-2' retrieved from /opt/airflow/dags/dag_with_python_op.py
[2026-01-26T09:20:21.128+0000] {logging_mixin.py:188} INFO - [2026-01-26T09:20:21.128+0000] {dag.py:3036} INFO - Sync 1 DAGs
[2026-01-26T09:20:21.152+0000] {logging_mixin.py:188} INFO - [2026-01-26T09:20:21.152+0000] {dag.py:3823} INFO - Setting next_dagrun for dag_with_python_op_v4-2 to 2025-01-19 00:00:00+00:00, run_after=2025-01-20 00:00:00+00:00
[2026-01-26T09:20:21.179+0000] {processor.py:183} INFO - Processing /opt/airflow/dags/dag_with_python_op.py took 0.273 seconds
[2026-01-26T09:20:51.598+0000] {processor.py:161} INFO - Started process (PID=309) to work on /opt/airflow/dags/dag_with_python_op.py
[2026-01-26T09:20:51.600+0000] {processor.py:830} INFO - Processing file /opt/airflow/dags/dag_with_python_op.py for tasks to queue
[2026-01-26T09:20:51.601+0000] {logging_mixin.py:188} INFO - [2026-01-26T09:20:51.600+0000] {dagbag.py:538} INFO - Filling up the DagBag from /opt/airflow/dags/dag_with_python_op.py
[2026-01-26T09:20:51.623+0000] {processor.py:840} INFO - DAG(s) 'dag_with_python_op_v4-2' retrieved from /opt/airflow/dags/dag_with_python_op.py
[2026-01-26T09:20:51.668+0000] {logging_mixin.py:188} INFO - [2026-01-26T09:20:51.668+0000] {dag.py:3036} INFO - Sync 1 DAGs
[2026-01-26T09:20:51.727+0000] {logging_mixin.py:188} INFO - [2026-01-26T09:20:51.726+0000] {dag.py:3823} INFO - Setting next_dagrun for dag_with_python_op_v4-2 to 2025-01-19 00:00:00+00:00, run_after=2025-01-20 00:00:00+00:00
[2026-01-26T09:20:51.771+0000] {processor.py:183} INFO - Processing /opt/airflow/dags/dag_with_python_op.py took 0.176 seconds
[2026-01-26T09:21:22.275+0000] {processor.py:161} INFO - Started process (PID=335) to work on /opt/airflow/dags/dag_with_python_op.py
[2026-01-26T09:21:22.277+0000] {processor.py:830} INFO - Processing file /opt/airflow/dags/dag_with_python_op.py for tasks to queue
[2026-01-26T09:21:22.278+0000] {logging_mixin.py:188} INFO - [2026-01-26T09:21:22.278+0000] {dagbag.py:538} INFO - Filling up the DagBag from /opt/airflow/dags/dag_with_python_op.py
[2026-01-26T09:21:22.310+0000] {processor.py:840} INFO - DAG(s) 'dag_with_python_op_v4-2' retrieved from /opt/airflow/dags/dag_with_python_op.py
[2026-01-26T09:21:22.355+0000] {logging_mixin.py:188} INFO - [2026-01-26T09:21:22.355+0000] {dag.py:3036} INFO - Sync 1 DAGs
[2026-01-26T09:21:22.388+0000] {logging_mixin.py:188} INFO - [2026-01-26T09:21:22.387+0000] {dag.py:3823} INFO - Setting next_dagrun for dag_with_python_op_v4-2 to 2025-01-19 00:00:00+00:00, run_after=2025-01-20 00:00:00+00:00
[2026-01-26T09:21:22.416+0000] {processor.py:183} INFO - Processing /opt/airflow/dags/dag_with_python_op.py took 0.147 seconds
[2026-01-26T09:21:52.956+0000] {processor.py:161} INFO - Started process (PID=361) to work on /opt/airflow/dags/dag_with_python_op.py
[2026-01-26T09:21:52.961+0000] {processor.py:830} INFO - Processing file /opt/airflow/dags/dag_with_python_op.py for tasks to queue
[2026-01-26T09:21:52.963+0000] {logging_mixin.py:188} INFO - [2026-01-26T09:21:52.963+0000] {dagbag.py:538} INFO - Filling up the DagBag from /opt/airflow/dags/dag_with_python_op.py
[2026-01-26T09:21:53.010+0000] {processor.py:840} INFO - DAG(s) 'dag_with_python_op_v4-2' retrieved from /opt/airflow/dags/dag_with_python_op.py
[2026-01-26T09:21:53.076+0000] {logging_mixin.py:188} INFO - [2026-01-26T09:21:53.075+0000] {dag.py:3036} INFO - Sync 1 DAGs
[2026-01-26T09:21:53.122+0000] {logging_mixin.py:188} INFO - [2026-01-26T09:21:53.122+0000] {dag.py:3823} INFO - Setting next_dagrun for dag_with_python_op_v4-2 to 2025-01-19 00:00:00+00:00, run_after=2025-01-20 00:00:00+00:00
[2026-01-26T09:21:53.149+0000] {processor.py:183} INFO - Processing /opt/airflow/dags/dag_with_python_op.py took 0.201 seconds
[2026-01-26T09:22:23.607+0000] {processor.py:161} INFO - Started process (PID=387) to work on /opt/airflow/dags/dag_with_python_op.py
[2026-01-26T09:22:23.609+0000] {processor.py:830} INFO - Processing file /opt/airflow/dags/dag_with_python_op.py for tasks to queue
[2026-01-26T09:22:23.610+0000] {logging_mixin.py:188} INFO - [2026-01-26T09:22:23.610+0000] {dagbag.py:538} INFO - Filling up the DagBag from /opt/airflow/dags/dag_with_python_op.py
[2026-01-26T09:22:23.637+0000] {processor.py:840} INFO - DAG(s) 'dag_with_python_op_v4-2' retrieved from /opt/airflow/dags/dag_with_python_op.py
[2026-01-26T09:22:23.670+0000] {logging_mixin.py:188} INFO - [2026-01-26T09:22:23.670+0000] {dag.py:3036} INFO - Sync 1 DAGs
[2026-01-26T09:22:23.696+0000] {logging_mixin.py:188} INFO - [2026-01-26T09:22:23.696+0000] {dag.py:3823} INFO - Setting next_dagrun for dag_with_python_op_v4-2 to 2025-01-19 00:00:00+00:00, run_after=2025-01-20 00:00:00+00:00
[2026-01-26T09:22:23.727+0000] {processor.py:183} INFO - Processing /opt/airflow/dags/dag_with_python_op.py took 0.124 seconds
[2026-01-26T09:22:54.213+0000] {processor.py:161} INFO - Started process (PID=413) to work on /opt/airflow/dags/dag_with_python_op.py
[2026-01-26T09:22:54.215+0000] {processor.py:830} INFO - Processing file /opt/airflow/dags/dag_with_python_op.py for tasks to queue
[2026-01-26T09:22:54.217+0000] {logging_mixin.py:188} INFO - [2026-01-26T09:22:54.216+0000] {dagbag.py:538} INFO - Filling up the DagBag from /opt/airflow/dags/dag_with_python_op.py
[2026-01-26T09:22:54.263+0000] {processor.py:840} INFO - DAG(s) 'dag_with_python_op_v4-2' retrieved from /opt/airflow/dags/dag_with_python_op.py
[2026-01-26T09:22:54.330+0000] {logging_mixin.py:188} INFO - [2026-01-26T09:22:54.329+0000] {dag.py:3036} INFO - Sync 1 DAGs
[2026-01-26T09:22:54.380+0000] {logging_mixin.py:188} INFO - [2026-01-26T09:22:54.379+0000] {dag.py:3823} INFO - Setting next_dagrun for dag_with_python_op_v4-2 to 2025-01-19 00:00:00+00:00, run_after=2025-01-20 00:00:00+00:00
[2026-01-26T09:22:54.411+0000] {processor.py:183} INFO - Processing /opt/airflow/dags/dag_with_python_op.py took 0.205 seconds
[2026-01-26T09:23:24.986+0000] {processor.py:161} INFO - Started process (PID=538) to work on /opt/airflow/dags/dag_with_python_op.py
[2026-01-26T09:23:24.988+0000] {processor.py:830} INFO - Processing file /opt/airflow/dags/dag_with_python_op.py for tasks to queue
[2026-01-26T09:23:24.992+0000] {logging_mixin.py:188} INFO - [2026-01-26T09:23:24.991+0000] {dagbag.py:538} INFO - Filling up the DagBag from /opt/airflow/dags/dag_with_python_op.py
[2026-01-26T09:23:25.045+0000] {processor.py:840} INFO - DAG(s) 'dag_with_python_op_v4-2' retrieved from /opt/airflow/dags/dag_with_python_op.py
[2026-01-26T09:23:25.111+0000] {logging_mixin.py:188} INFO - [2026-01-26T09:23:25.110+0000] {dag.py:3036} INFO - Sync 1 DAGs
[2026-01-26T09:23:25.167+0000] {logging_mixin.py:188} INFO - [2026-01-26T09:23:25.167+0000] {dag.py:3823} INFO - Setting next_dagrun for dag_with_python_op_v4-2 to 2025-01-19 00:00:00+00:00, run_after=2025-01-20 00:00:00+00:00
[2026-01-26T09:23:25.234+0000] {processor.py:183} INFO - Processing /opt/airflow/dags/dag_with_python_op.py took 0.255 seconds
[2026-01-26T09:23:55.617+0000] {processor.py:161} INFO - Started process (PID=566) to work on /opt/airflow/dags/dag_with_python_op.py
[2026-01-26T09:23:55.618+0000] {processor.py:830} INFO - Processing file /opt/airflow/dags/dag_with_python_op.py for tasks to queue
[2026-01-26T09:23:55.619+0000] {logging_mixin.py:188} INFO - [2026-01-26T09:23:55.619+0000] {dagbag.py:538} INFO - Filling up the DagBag from /opt/airflow/dags/dag_with_python_op.py
[2026-01-26T09:23:55.642+0000] {processor.py:840} INFO - DAG(s) 'dag_with_python_op_v4-2' retrieved from /opt/airflow/dags/dag_with_python_op.py
[2026-01-26T09:23:55.674+0000] {logging_mixin.py:188} INFO - [2026-01-26T09:23:55.674+0000] {dag.py:3036} INFO - Sync 1 DAGs
[2026-01-26T09:23:55.699+0000] {logging_mixin.py:188} INFO - [2026-01-26T09:23:55.699+0000] {dag.py:3823} INFO - Setting next_dagrun for dag_with_python_op_v4-2 to 2025-01-19 00:00:00+00:00, run_after=2025-01-20 00:00:00+00:00
[2026-01-26T09:23:55.722+0000] {processor.py:183} INFO - Processing /opt/airflow/dags/dag_with_python_op.py took 0.108 seconds
[2026-01-26T09:24:26.208+0000] {processor.py:161} INFO - Started process (PID=592) to work on /opt/airflow/dags/dag_with_python_op.py
[2026-01-26T09:24:26.209+0000] {processor.py:830} INFO - Processing file /opt/airflow/dags/dag_with_python_op.py for tasks to queue
[2026-01-26T09:24:26.210+0000] {logging_mixin.py:188} INFO - [2026-01-26T09:24:26.210+0000] {dagbag.py:538} INFO - Filling up the DagBag from /opt/airflow/dags/dag_with_python_op.py
[2026-01-26T09:24:26.230+0000] {processor.py:840} INFO - DAG(s) 'dag_with_python_op_v4-2' retrieved from /opt/airflow/dags/dag_with_python_op.py
[2026-01-26T09:24:26.258+0000] {logging_mixin.py:188} INFO - [2026-01-26T09:24:26.257+0000] {dag.py:3036} INFO - Sync 1 DAGs
[2026-01-26T09:24:26.278+0000] {logging_mixin.py:188} INFO - [2026-01-26T09:24:26.278+0000] {dag.py:3823} INFO - Setting next_dagrun for dag_with_python_op_v4-2 to 2025-01-19 00:00:00+00:00, run_after=2025-01-20 00:00:00+00:00
[2026-01-26T09:24:26.297+0000] {processor.py:183} INFO - Processing /opt/airflow/dags/dag_with_python_op.py took 0.092 seconds
[2026-01-26T09:24:56.825+0000] {processor.py:161} INFO - Started process (PID=618) to work on /opt/airflow/dags/dag_with_python_op.py
[2026-01-26T09:24:56.826+0000] {processor.py:830} INFO - Processing file /opt/airflow/dags/dag_with_python_op.py for tasks to queue
[2026-01-26T09:24:56.828+0000] {logging_mixin.py:188} INFO - [2026-01-26T09:24:56.827+0000] {dagbag.py:538} INFO - Filling up the DagBag from /opt/airflow/dags/dag_with_python_op.py
[2026-01-26T09:24:56.860+0000] {processor.py:840} INFO - DAG(s) 'dag_with_python_op_v4-2' retrieved from /opt/airflow/dags/dag_with_python_op.py
[2026-01-26T09:24:56.900+0000] {logging_mixin.py:188} INFO - [2026-01-26T09:24:56.899+0000] {dag.py:3036} INFO - Sync 1 DAGs
[2026-01-26T09:24:56.928+0000] {logging_mixin.py:188} INFO - [2026-01-26T09:24:56.928+0000] {dag.py:3823} INFO - Setting next_dagrun for dag_with_python_op_v4-2 to 2025-01-19 00:00:00+00:00, run_after=2025-01-20 00:00:00+00:00
[2026-01-26T09:24:56.953+0000] {processor.py:183} INFO - Processing /opt/airflow/dags/dag_with_python_op.py took 0.134 seconds
[2026-01-26T09:25:27.374+0000] {processor.py:161} INFO - Started process (PID=644) to work on /opt/airflow/dags/dag_with_python_op.py
[2026-01-26T09:25:27.375+0000] {processor.py:830} INFO - Processing file /opt/airflow/dags/dag_with_python_op.py for tasks to queue
[2026-01-26T09:25:27.377+0000] {logging_mixin.py:188} INFO - [2026-01-26T09:25:27.376+0000] {dagbag.py:538} INFO - Filling up the DagBag from /opt/airflow/dags/dag_with_python_op.py
[2026-01-26T09:25:27.412+0000] {processor.py:840} INFO - DAG(s) 'dag_with_python_op_v4-2' retrieved from /opt/airflow/dags/dag_with_python_op.py
[2026-01-26T09:25:27.458+0000] {logging_mixin.py:188} INFO - [2026-01-26T09:25:27.457+0000] {dag.py:3036} INFO - Sync 1 DAGs
[2026-01-26T09:25:27.496+0000] {logging_mixin.py:188} INFO - [2026-01-26T09:25:27.496+0000] {dag.py:3823} INFO - Setting next_dagrun for dag_with_python_op_v4-2 to 2025-01-19 00:00:00+00:00, run_after=2025-01-20 00:00:00+00:00
[2026-01-26T09:25:27.524+0000] {processor.py:183} INFO - Processing /opt/airflow/dags/dag_with_python_op.py took 0.157 seconds
[2026-01-26T09:25:57.899+0000] {processor.py:161} INFO - Started process (PID=670) to work on /opt/airflow/dags/dag_with_python_op.py
[2026-01-26T09:25:57.900+0000] {processor.py:830} INFO - Processing file /opt/airflow/dags/dag_with_python_op.py for tasks to queue
[2026-01-26T09:25:57.901+0000] {logging_mixin.py:188} INFO - [2026-01-26T09:25:57.901+0000] {dagbag.py:538} INFO - Filling up the DagBag from /opt/airflow/dags/dag_with_python_op.py
[2026-01-26T09:25:57.924+0000] {processor.py:840} INFO - DAG(s) 'dag_with_python_op_v4-2' retrieved from /opt/airflow/dags/dag_with_python_op.py
[2026-01-26T09:25:57.955+0000] {logging_mixin.py:188} INFO - [2026-01-26T09:25:57.954+0000] {dag.py:3036} INFO - Sync 1 DAGs
[2026-01-26T09:25:57.978+0000] {logging_mixin.py:188} INFO - [2026-01-26T09:25:57.978+0000] {dag.py:3823} INFO - Setting next_dagrun for dag_with_python_op_v4-2 to 2025-01-19 00:00:00+00:00, run_after=2025-01-20 00:00:00+00:00
[2026-01-26T09:25:57.997+0000] {processor.py:183} INFO - Processing /opt/airflow/dags/dag_with_python_op.py took 0.102 seconds
[2026-01-26T09:26:28.614+0000] {processor.py:161} INFO - Started process (PID=696) to work on /opt/airflow/dags/dag_with_python_op.py
[2026-01-26T09:26:28.616+0000] {processor.py:830} INFO - Processing file /opt/airflow/dags/dag_with_python_op.py for tasks to queue
[2026-01-26T09:26:28.617+0000] {logging_mixin.py:188} INFO - [2026-01-26T09:26:28.617+0000] {dagbag.py:538} INFO - Filling up the DagBag from /opt/airflow/dags/dag_with_python_op.py
[2026-01-26T09:26:28.645+0000] {processor.py:840} INFO - DAG(s) 'dag_with_python_op_v4-2' retrieved from /opt/airflow/dags/dag_with_python_op.py
[2026-01-26T09:26:28.686+0000] {logging_mixin.py:188} INFO - [2026-01-26T09:26:28.685+0000] {dag.py:3036} INFO - Sync 1 DAGs
[2026-01-26T09:26:28.725+0000] {logging_mixin.py:188} INFO - [2026-01-26T09:26:28.724+0000] {dag.py:3823} INFO - Setting next_dagrun for dag_with_python_op_v4-2 to 2025-01-19 00:00:00+00:00, run_after=2025-01-20 00:00:00+00:00
[2026-01-26T09:26:28.763+0000] {processor.py:183} INFO - Processing /opt/airflow/dags/dag_with_python_op.py took 0.154 seconds
[2026-01-26T09:26:59.519+0000] {processor.py:161} INFO - Started process (PID=727) to work on /opt/airflow/dags/dag_with_python_op.py
[2026-01-26T09:26:59.521+0000] {processor.py:830} INFO - Processing file /opt/airflow/dags/dag_with_python_op.py for tasks to queue
[2026-01-26T09:26:59.523+0000] {logging_mixin.py:188} INFO - [2026-01-26T09:26:59.522+0000] {dagbag.py:538} INFO - Filling up the DagBag from /opt/airflow/dags/dag_with_python_op.py
[2026-01-26T09:26:59.552+0000] {processor.py:840} INFO - DAG(s) 'dag_with_python_op_v4-2' retrieved from /opt/airflow/dags/dag_with_python_op.py
[2026-01-26T09:26:59.590+0000] {logging_mixin.py:188} INFO - [2026-01-26T09:26:59.590+0000] {dag.py:3036} INFO - Sync 1 DAGs
[2026-01-26T09:26:59.620+0000] {logging_mixin.py:188} INFO - [2026-01-26T09:26:59.619+0000] {dag.py:3823} INFO - Setting next_dagrun for dag_with_python_op_v4-2 to 2025-01-19 00:00:00+00:00, run_after=2025-01-20 00:00:00+00:00
[2026-01-26T09:26:59.644+0000] {processor.py:183} INFO - Processing /opt/airflow/dags/dag_with_python_op.py took 0.130 seconds
[2026-01-26T09:27:30.046+0000] {processor.py:161} INFO - Started process (PID=855) to work on /opt/airflow/dags/dag_with_python_op.py
[2026-01-26T09:27:30.048+0000] {processor.py:830} INFO - Processing file /opt/airflow/dags/dag_with_python_op.py for tasks to queue
[2026-01-26T09:27:30.050+0000] {logging_mixin.py:188} INFO - [2026-01-26T09:27:30.050+0000] {dagbag.py:538} INFO - Filling up the DagBag from /opt/airflow/dags/dag_with_python_op.py
[2026-01-26T09:27:30.183+0000] {processor.py:840} INFO - DAG(s) 'dag_with_python_op_v4-2' retrieved from /opt/airflow/dags/dag_with_python_op.py
[2026-01-26T09:27:30.301+0000] {logging_mixin.py:188} INFO - [2026-01-26T09:27:30.301+0000] {dag.py:3036} INFO - Sync 1 DAGs
[2026-01-26T09:27:30.389+0000] {logging_mixin.py:188} INFO - [2026-01-26T09:27:30.388+0000] {dag.py:3823} INFO - Setting next_dagrun for dag_with_python_op_v4-2 to 2025-01-19 00:00:00+00:00, run_after=2025-01-20 00:00:00+00:00
[2026-01-26T09:27:30.454+0000] {processor.py:183} INFO - Processing /opt/airflow/dags/dag_with_python_op.py took 0.415 seconds
[2026-01-26T09:28:01.325+0000] {processor.py:161} INFO - Started process (PID=1100) to work on /opt/airflow/dags/dag_with_python_op.py
[2026-01-26T09:28:01.341+0000] {processor.py:830} INFO - Processing file /opt/airflow/dags/dag_with_python_op.py for tasks to queue
[2026-01-26T09:28:01.351+0000] {logging_mixin.py:188} INFO - [2026-01-26T09:28:01.351+0000] {dagbag.py:538} INFO - Filling up the DagBag from /opt/airflow/dags/dag_with_python_op.py
[2026-01-26T09:28:01.585+0000] {processor.py:840} INFO - DAG(s) 'dag_with_python_op_v4-2' retrieved from /opt/airflow/dags/dag_with_python_op.py
[2026-01-26T09:28:01.706+0000] {logging_mixin.py:188} INFO - [2026-01-26T09:28:01.706+0000] {dag.py:3036} INFO - Sync 1 DAGs
[2026-01-26T09:28:01.786+0000] {logging_mixin.py:188} INFO - [2026-01-26T09:28:01.785+0000] {dag.py:3823} INFO - Setting next_dagrun for dag_with_python_op_v4-2 to 2025-01-19 00:00:00+00:00, run_after=2025-01-20 00:00:00+00:00
[2026-01-26T09:28:01.840+0000] {processor.py:183} INFO - Processing /opt/airflow/dags/dag_with_python_op.py took 0.523 seconds
[2026-01-26T09:28:32.535+0000] {processor.py:161} INFO - Started process (PID=1343) to work on /opt/airflow/dags/dag_with_python_op.py
[2026-01-26T09:28:32.547+0000] {processor.py:830} INFO - Processing file /opt/airflow/dags/dag_with_python_op.py for tasks to queue
[2026-01-26T09:28:32.569+0000] {logging_mixin.py:188} INFO - [2026-01-26T09:28:32.568+0000] {dagbag.py:538} INFO - Filling up the DagBag from /opt/airflow/dags/dag_with_python_op.py
[2026-01-26T09:28:32.811+0000] {processor.py:840} INFO - DAG(s) 'dag_with_python_op_v4-2' retrieved from /opt/airflow/dags/dag_with_python_op.py
[2026-01-26T09:28:32.933+0000] {logging_mixin.py:188} INFO - [2026-01-26T09:28:32.933+0000] {dag.py:3036} INFO - Sync 1 DAGs
[2026-01-26T09:28:33.004+0000] {logging_mixin.py:188} INFO - [2026-01-26T09:28:33.003+0000] {dag.py:3823} INFO - Setting next_dagrun for dag_with_python_op_v4-2 to 2025-01-19 00:00:00+00:00, run_after=2025-01-20 00:00:00+00:00
[2026-01-26T09:28:33.116+0000] {processor.py:183} INFO - Processing /opt/airflow/dags/dag_with_python_op.py took 0.644 seconds
[2026-01-26T09:29:03.413+0000] {processor.py:161} INFO - Started process (PID=1566) to work on /opt/airflow/dags/dag_with_python_op.py
[2026-01-26T09:29:03.421+0000] {processor.py:830} INFO - Processing file /opt/airflow/dags/dag_with_python_op.py for tasks to queue
[2026-01-26T09:29:03.426+0000] {logging_mixin.py:188} INFO - [2026-01-26T09:29:03.424+0000] {dagbag.py:538} INFO - Filling up the DagBag from /opt/airflow/dags/dag_with_python_op.py
[2026-01-26T09:29:03.485+0000] {processor.py:840} INFO - DAG(s) 'dag_with_python_op_v4-2' retrieved from /opt/airflow/dags/dag_with_python_op.py
[2026-01-26T09:29:03.567+0000] {logging_mixin.py:188} INFO - [2026-01-26T09:29:03.566+0000] {dag.py:3036} INFO - Sync 1 DAGs
[2026-01-26T09:29:03.615+0000] {logging_mixin.py:188} INFO - [2026-01-26T09:29:03.614+0000] {dag.py:3823} INFO - Setting next_dagrun for dag_with_python_op_v4-2 to 2025-01-19 00:00:00+00:00, run_after=2025-01-20 00:00:00+00:00
[2026-01-26T09:29:03.653+0000] {processor.py:183} INFO - Processing /opt/airflow/dags/dag_with_python_op.py took 0.249 seconds
[2026-01-26T09:29:34.231+0000] {processor.py:161} INFO - Started process (PID=1794) to work on /opt/airflow/dags/dag_with_python_op.py
[2026-01-26T09:29:34.237+0000] {processor.py:830} INFO - Processing file /opt/airflow/dags/dag_with_python_op.py for tasks to queue
[2026-01-26T09:29:34.251+0000] {logging_mixin.py:188} INFO - [2026-01-26T09:29:34.249+0000] {dagbag.py:538} INFO - Filling up the DagBag from /opt/airflow/dags/dag_with_python_op.py
[2026-01-26T09:29:34.323+0000] {processor.py:840} INFO - DAG(s) 'dag_with_python_op_v4-2' retrieved from /opt/airflow/dags/dag_with_python_op.py
[2026-01-26T09:29:34.433+0000] {logging_mixin.py:188} INFO - [2026-01-26T09:29:34.432+0000] {dag.py:3036} INFO - Sync 1 DAGs
[2026-01-26T09:29:34.527+0000] {logging_mixin.py:188} INFO - [2026-01-26T09:29:34.527+0000] {dag.py:3823} INFO - Setting next_dagrun for dag_with_python_op_v4-2 to 2025-01-19 00:00:00+00:00, run_after=2025-01-20 00:00:00+00:00
[2026-01-26T09:29:34.628+0000] {processor.py:183} INFO - Processing /opt/airflow/dags/dag_with_python_op.py took 0.425 seconds
[2026-01-26T09:30:05.110+0000] {processor.py:161} INFO - Started process (PID=1989) to work on /opt/airflow/dags/dag_with_python_op.py
[2026-01-26T09:30:05.117+0000] {processor.py:830} INFO - Processing file /opt/airflow/dags/dag_with_python_op.py for tasks to queue
[2026-01-26T09:30:05.125+0000] {logging_mixin.py:188} INFO - [2026-01-26T09:30:05.125+0000] {dagbag.py:538} INFO - Filling up the DagBag from /opt/airflow/dags/dag_with_python_op.py
[2026-01-26T09:30:05.318+0000] {processor.py:840} INFO - DAG(s) 'dag_with_python_op_v4-2' retrieved from /opt/airflow/dags/dag_with_python_op.py
[2026-01-26T09:30:05.408+0000] {logging_mixin.py:188} INFO - [2026-01-26T09:30:05.407+0000] {dag.py:3036} INFO - Sync 1 DAGs
[2026-01-26T09:30:05.487+0000] {logging_mixin.py:188} INFO - [2026-01-26T09:30:05.487+0000] {dag.py:3823} INFO - Setting next_dagrun for dag_with_python_op_v4-2 to 2025-01-19 00:00:00+00:00, run_after=2025-01-20 00:00:00+00:00
[2026-01-26T09:30:05.673+0000] {processor.py:183} INFO - Processing /opt/airflow/dags/dag_with_python_op.py took 0.577 seconds
[2026-01-26T09:30:36.313+0000] {processor.py:161} INFO - Started process (PID=2263) to work on /opt/airflow/dags/dag_with_python_op.py
[2026-01-26T09:30:36.323+0000] {processor.py:830} INFO - Processing file /opt/airflow/dags/dag_with_python_op.py for tasks to queue
[2026-01-26T09:30:36.331+0000] {logging_mixin.py:188} INFO - [2026-01-26T09:30:36.327+0000] {dagbag.py:538} INFO - Filling up the DagBag from /opt/airflow/dags/dag_with_python_op.py
[2026-01-26T09:30:36.464+0000] {processor.py:840} INFO - DAG(s) 'dag_with_python_op_v4-2' retrieved from /opt/airflow/dags/dag_with_python_op.py
[2026-01-26T09:30:36.679+0000] {logging_mixin.py:188} INFO - [2026-01-26T09:30:36.678+0000] {dag.py:3036} INFO - Sync 1 DAGs
[2026-01-26T09:30:36.784+0000] {logging_mixin.py:188} INFO - [2026-01-26T09:30:36.783+0000] {dag.py:3823} INFO - Setting next_dagrun for dag_with_python_op_v4-2 to 2025-01-19 00:00:00+00:00, run_after=2025-01-20 00:00:00+00:00
[2026-01-26T09:30:36.824+0000] {processor.py:183} INFO - Processing /opt/airflow/dags/dag_with_python_op.py took 0.538 seconds
[2026-01-26T09:31:07.146+0000] {processor.py:161} INFO - Started process (PID=2529) to work on /opt/airflow/dags/dag_with_python_op.py
[2026-01-26T09:31:07.152+0000] {processor.py:830} INFO - Processing file /opt/airflow/dags/dag_with_python_op.py for tasks to queue
[2026-01-26T09:31:07.154+0000] {logging_mixin.py:188} INFO - [2026-01-26T09:31:07.153+0000] {dagbag.py:538} INFO - Filling up the DagBag from /opt/airflow/dags/dag_with_python_op.py
[2026-01-26T09:31:07.291+0000] {processor.py:840} INFO - DAG(s) 'dag_with_python_op_v4-2' retrieved from /opt/airflow/dags/dag_with_python_op.py
[2026-01-26T09:31:07.363+0000] {logging_mixin.py:188} INFO - [2026-01-26T09:31:07.362+0000] {dag.py:3036} INFO - Sync 1 DAGs
[2026-01-26T09:31:07.437+0000] {logging_mixin.py:188} INFO - [2026-01-26T09:31:07.432+0000] {dag.py:3823} INFO - Setting next_dagrun for dag_with_python_op_v4-2 to 2025-01-19 00:00:00+00:00, run_after=2025-01-20 00:00:00+00:00
[2026-01-26T09:31:07.525+0000] {processor.py:183} INFO - Processing /opt/airflow/dags/dag_with_python_op.py took 0.394 seconds
[2026-01-26T09:31:37.909+0000] {processor.py:161} INFO - Started process (PID=2801) to work on /opt/airflow/dags/dag_with_python_op.py
[2026-01-26T09:31:37.910+0000] {processor.py:830} INFO - Processing file /opt/airflow/dags/dag_with_python_op.py for tasks to queue
[2026-01-26T09:31:37.912+0000] {logging_mixin.py:188} INFO - [2026-01-26T09:31:37.912+0000] {dagbag.py:538} INFO - Filling up the DagBag from /opt/airflow/dags/dag_with_python_op.py
[2026-01-26T09:31:37.946+0000] {processor.py:840} INFO - DAG(s) 'dag_with_python_op_v4-2' retrieved from /opt/airflow/dags/dag_with_python_op.py
[2026-01-26T09:31:37.996+0000] {logging_mixin.py:188} INFO - [2026-01-26T09:31:37.996+0000] {dag.py:3036} INFO - Sync 1 DAGs
[2026-01-26T09:31:38.042+0000] {logging_mixin.py:188} INFO - [2026-01-26T09:31:38.041+0000] {dag.py:3823} INFO - Setting next_dagrun for dag_with_python_op_v4-2 to 2025-01-19 00:00:00+00:00, run_after=2025-01-20 00:00:00+00:00
[2026-01-26T09:31:38.096+0000] {processor.py:183} INFO - Processing /opt/airflow/dags/dag_with_python_op.py took 0.193 seconds
[2026-01-26T09:32:08.997+0000] {processor.py:161} INFO - Started process (PID=3074) to work on /opt/airflow/dags/dag_with_python_op.py
[2026-01-26T09:32:09.004+0000] {processor.py:830} INFO - Processing file /opt/airflow/dags/dag_with_python_op.py for tasks to queue
[2026-01-26T09:32:09.011+0000] {logging_mixin.py:188} INFO - [2026-01-26T09:32:09.010+0000] {dagbag.py:538} INFO - Filling up the DagBag from /opt/airflow/dags/dag_with_python_op.py
[2026-01-26T09:32:09.106+0000] {processor.py:840} INFO - DAG(s) 'dag_with_python_op_v4-2' retrieved from /opt/airflow/dags/dag_with_python_op.py
[2026-01-26T09:32:09.278+0000] {logging_mixin.py:188} INFO - [2026-01-26T09:32:09.261+0000] {dag.py:3036} INFO - Sync 1 DAGs
[2026-01-26T09:32:09.413+0000] {logging_mixin.py:188} INFO - [2026-01-26T09:32:09.411+0000] {dag.py:3823} INFO - Setting next_dagrun for dag_with_python_op_v4-2 to 2025-01-19 00:00:00+00:00, run_after=2025-01-20 00:00:00+00:00
[2026-01-26T09:32:09.560+0000] {processor.py:183} INFO - Processing /opt/airflow/dags/dag_with_python_op.py took 0.569 seconds
[2026-01-26T09:32:40.015+0000] {processor.py:161} INFO - Started process (PID=3357) to work on /opt/airflow/dags/dag_with_python_op.py
[2026-01-26T09:32:40.017+0000] {processor.py:830} INFO - Processing file /opt/airflow/dags/dag_with_python_op.py for tasks to queue
[2026-01-26T09:32:40.029+0000] {logging_mixin.py:188} INFO - [2026-01-26T09:32:40.028+0000] {dagbag.py:538} INFO - Filling up the DagBag from /opt/airflow/dags/dag_with_python_op.py
[2026-01-26T09:32:40.181+0000] {processor.py:840} INFO - DAG(s) 'dag_with_python_op_v4-2' retrieved from /opt/airflow/dags/dag_with_python_op.py
[2026-01-26T09:32:40.328+0000] {logging_mixin.py:188} INFO - [2026-01-26T09:32:40.327+0000] {dag.py:3036} INFO - Sync 1 DAGs
[2026-01-26T09:32:40.475+0000] {logging_mixin.py:188} INFO - [2026-01-26T09:32:40.475+0000] {dag.py:3823} INFO - Setting next_dagrun for dag_with_python_op_v4-2 to 2025-01-19 00:00:00+00:00, run_after=2025-01-20 00:00:00+00:00
[2026-01-26T09:32:40.596+0000] {processor.py:183} INFO - Processing /opt/airflow/dags/dag_with_python_op.py took 0.594 seconds
[2026-01-26T09:33:11.041+0000] {processor.py:161} INFO - Started process (PID=3648) to work on /opt/airflow/dags/dag_with_python_op.py
[2026-01-26T09:33:11.045+0000] {processor.py:830} INFO - Processing file /opt/airflow/dags/dag_with_python_op.py for tasks to queue
[2026-01-26T09:33:11.049+0000] {logging_mixin.py:188} INFO - [2026-01-26T09:33:11.048+0000] {dagbag.py:538} INFO - Filling up the DagBag from /opt/airflow/dags/dag_with_python_op.py
[2026-01-26T09:33:11.147+0000] {processor.py:840} INFO - DAG(s) 'dag_with_python_op_v4-2' retrieved from /opt/airflow/dags/dag_with_python_op.py
[2026-01-26T09:33:11.232+0000] {logging_mixin.py:188} INFO - [2026-01-26T09:33:11.231+0000] {dag.py:3036} INFO - Sync 1 DAGs
[2026-01-26T09:33:11.316+0000] {logging_mixin.py:188} INFO - [2026-01-26T09:33:11.316+0000] {dag.py:3823} INFO - Setting next_dagrun for dag_with_python_op_v4-2 to 2025-01-19 00:00:00+00:00, run_after=2025-01-20 00:00:00+00:00
[2026-01-26T09:33:11.475+0000] {processor.py:183} INFO - Processing /opt/airflow/dags/dag_with_python_op.py took 0.446 seconds
[2026-01-26T09:33:41.933+0000] {processor.py:161} INFO - Started process (PID=3904) to work on /opt/airflow/dags/dag_with_python_op.py
[2026-01-26T09:33:41.936+0000] {processor.py:830} INFO - Processing file /opt/airflow/dags/dag_with_python_op.py for tasks to queue
[2026-01-26T09:33:41.943+0000] {logging_mixin.py:188} INFO - [2026-01-26T09:33:41.943+0000] {dagbag.py:538} INFO - Filling up the DagBag from /opt/airflow/dags/dag_with_python_op.py
[2026-01-26T09:33:42.061+0000] {processor.py:840} INFO - DAG(s) 'dag_with_python_op_v4-2' retrieved from /opt/airflow/dags/dag_with_python_op.py
[2026-01-26T09:33:42.183+0000] {logging_mixin.py:188} INFO - [2026-01-26T09:33:42.182+0000] {dag.py:3036} INFO - Sync 1 DAGs
[2026-01-26T09:33:42.355+0000] {logging_mixin.py:188} INFO - [2026-01-26T09:33:42.355+0000] {dag.py:3823} INFO - Setting next_dagrun for dag_with_python_op_v4-2 to 2025-01-19 00:00:00+00:00, run_after=2025-01-20 00:00:00+00:00
[2026-01-26T09:33:42.435+0000] {processor.py:183} INFO - Processing /opt/airflow/dags/dag_with_python_op.py took 0.524 seconds
[2026-01-26T09:34:13.155+0000] {processor.py:161} INFO - Started process (PID=4164) to work on /opt/airflow/dags/dag_with_python_op.py
[2026-01-26T09:34:13.173+0000] {processor.py:830} INFO - Processing file /opt/airflow/dags/dag_with_python_op.py for tasks to queue
[2026-01-26T09:34:13.183+0000] {logging_mixin.py:188} INFO - [2026-01-26T09:34:13.182+0000] {dagbag.py:538} INFO - Filling up the DagBag from /opt/airflow/dags/dag_with_python_op.py
[2026-01-26T09:34:13.335+0000] {processor.py:840} INFO - DAG(s) 'dag_with_python_op_v4-2' retrieved from /opt/airflow/dags/dag_with_python_op.py
[2026-01-26T09:34:13.438+0000] {logging_mixin.py:188} INFO - [2026-01-26T09:34:13.437+0000] {dag.py:3036} INFO - Sync 1 DAGs
[2026-01-26T09:34:13.535+0000] {logging_mixin.py:188} INFO - [2026-01-26T09:34:13.534+0000] {dag.py:3823} INFO - Setting next_dagrun for dag_with_python_op_v4-2 to 2025-01-19 00:00:00+00:00, run_after=2025-01-20 00:00:00+00:00
[2026-01-26T09:34:13.641+0000] {processor.py:183} INFO - Processing /opt/airflow/dags/dag_with_python_op.py took 0.495 seconds
[2026-01-26T09:34:44.371+0000] {processor.py:161} INFO - Started process (PID=4412) to work on /opt/airflow/dags/dag_with_python_op.py
[2026-01-26T09:34:44.378+0000] {processor.py:830} INFO - Processing file /opt/airflow/dags/dag_with_python_op.py for tasks to queue
[2026-01-26T09:34:44.388+0000] {logging_mixin.py:188} INFO - [2026-01-26T09:34:44.382+0000] {dagbag.py:538} INFO - Filling up the DagBag from /opt/airflow/dags/dag_with_python_op.py
[2026-01-26T09:34:44.580+0000] {processor.py:840} INFO - DAG(s) 'dag_with_python_op_v4-2' retrieved from /opt/airflow/dags/dag_with_python_op.py
[2026-01-26T09:34:44.737+0000] {logging_mixin.py:188} INFO - [2026-01-26T09:34:44.736+0000] {dag.py:3036} INFO - Sync 1 DAGs
[2026-01-26T09:34:44.908+0000] {logging_mixin.py:188} INFO - [2026-01-26T09:34:44.900+0000] {dag.py:3823} INFO - Setting next_dagrun for dag_with_python_op_v4-2 to 2025-01-19 00:00:00+00:00, run_after=2025-01-20 00:00:00+00:00
[2026-01-26T09:34:44.991+0000] {processor.py:183} INFO - Processing /opt/airflow/dags/dag_with_python_op.py took 0.681 seconds
[2026-01-26T09:35:15.443+0000] {processor.py:161} INFO - Started process (PID=4671) to work on /opt/airflow/dags/dag_with_python_op.py
[2026-01-26T09:35:15.444+0000] {processor.py:830} INFO - Processing file /opt/airflow/dags/dag_with_python_op.py for tasks to queue
[2026-01-26T09:35:15.445+0000] {logging_mixin.py:188} INFO - [2026-01-26T09:35:15.445+0000] {dagbag.py:538} INFO - Filling up the DagBag from /opt/airflow/dags/dag_with_python_op.py
[2026-01-26T09:35:15.473+0000] {processor.py:840} INFO - DAG(s) 'dag_with_python_op_v4-2' retrieved from /opt/airflow/dags/dag_with_python_op.py
[2026-01-26T09:35:15.503+0000] {logging_mixin.py:188} INFO - [2026-01-26T09:35:15.503+0000] {dag.py:3036} INFO - Sync 1 DAGs
[2026-01-26T09:35:15.526+0000] {logging_mixin.py:188} INFO - [2026-01-26T09:35:15.525+0000] {dag.py:3823} INFO - Setting next_dagrun for dag_with_python_op_v4-2 to 2025-01-19 00:00:00+00:00, run_after=2025-01-20 00:00:00+00:00
[2026-01-26T09:35:15.548+0000] {processor.py:183} INFO - Processing /opt/airflow/dags/dag_with_python_op.py took 0.111 seconds
[2026-01-26T09:35:46.356+0000] {processor.py:161} INFO - Started process (PID=4960) to work on /opt/airflow/dags/dag_with_python_op.py
[2026-01-26T09:35:46.368+0000] {processor.py:830} INFO - Processing file /opt/airflow/dags/dag_with_python_op.py for tasks to queue
[2026-01-26T09:35:46.375+0000] {logging_mixin.py:188} INFO - [2026-01-26T09:35:46.374+0000] {dagbag.py:538} INFO - Filling up the DagBag from /opt/airflow/dags/dag_with_python_op.py
[2026-01-26T09:35:46.673+0000] {processor.py:840} INFO - DAG(s) 'dag_with_python_op_v4-2' retrieved from /opt/airflow/dags/dag_with_python_op.py
[2026-01-26T09:35:46.927+0000] {logging_mixin.py:188} INFO - [2026-01-26T09:35:46.927+0000] {dag.py:3036} INFO - Sync 1 DAGs
[2026-01-26T09:35:47.026+0000] {logging_mixin.py:188} INFO - [2026-01-26T09:35:47.025+0000] {dag.py:3823} INFO - Setting next_dagrun for dag_with_python_op_v4-2 to 2025-01-19 00:00:00+00:00, run_after=2025-01-20 00:00:00+00:00
[2026-01-26T09:35:47.119+0000] {processor.py:183} INFO - Processing /opt/airflow/dags/dag_with_python_op.py took 0.774 seconds
[2026-01-26T09:36:18.113+0000] {processor.py:161} INFO - Started process (PID=5238) to work on /opt/airflow/dags/dag_with_python_op.py
[2026-01-26T09:36:18.116+0000] {processor.py:830} INFO - Processing file /opt/airflow/dags/dag_with_python_op.py for tasks to queue
[2026-01-26T09:36:18.120+0000] {logging_mixin.py:188} INFO - [2026-01-26T09:36:18.120+0000] {dagbag.py:538} INFO - Filling up the DagBag from /opt/airflow/dags/dag_with_python_op.py
[2026-01-26T09:36:18.422+0000] {processor.py:840} INFO - DAG(s) 'dag_with_python_op_v4-2' retrieved from /opt/airflow/dags/dag_with_python_op.py
[2026-01-26T09:36:18.630+0000] {logging_mixin.py:188} INFO - [2026-01-26T09:36:18.629+0000] {dag.py:3036} INFO - Sync 1 DAGs
[2026-01-26T09:36:18.856+0000] {logging_mixin.py:188} INFO - [2026-01-26T09:36:18.855+0000] {dag.py:3823} INFO - Setting next_dagrun for dag_with_python_op_v4-2 to 2025-01-19 00:00:00+00:00, run_after=2025-01-20 00:00:00+00:00
[2026-01-26T09:36:19.009+0000] {processor.py:183} INFO - Processing /opt/airflow/dags/dag_with_python_op.py took 0.907 seconds
[2026-01-26T09:36:49.591+0000] {processor.py:161} INFO - Started process (PID=5497) to work on /opt/airflow/dags/dag_with_python_op.py
[2026-01-26T09:36:49.608+0000] {processor.py:830} INFO - Processing file /opt/airflow/dags/dag_with_python_op.py for tasks to queue
[2026-01-26T09:36:49.626+0000] {logging_mixin.py:188} INFO - [2026-01-26T09:36:49.625+0000] {dagbag.py:538} INFO - Filling up the DagBag from /opt/airflow/dags/dag_with_python_op.py
[2026-01-26T09:36:49.907+0000] {processor.py:840} INFO - DAG(s) 'dag_with_python_op_v4-2' retrieved from /opt/airflow/dags/dag_with_python_op.py
[2026-01-26T09:36:50.106+0000] {logging_mixin.py:188} INFO - [2026-01-26T09:36:50.105+0000] {dag.py:3036} INFO - Sync 1 DAGs
[2026-01-26T09:36:50.287+0000] {logging_mixin.py:188} INFO - [2026-01-26T09:36:50.287+0000] {dag.py:3823} INFO - Setting next_dagrun for dag_with_python_op_v4-2 to 2025-01-19 00:00:00+00:00, run_after=2025-01-20 00:00:00+00:00
[2026-01-26T09:36:50.376+0000] {processor.py:183} INFO - Processing /opt/airflow/dags/dag_with_python_op.py took 0.823 seconds
[2026-01-26T09:37:20.663+0000] {processor.py:161} INFO - Started process (PID=5603) to work on /opt/airflow/dags/dag_with_python_op.py
[2026-01-26T09:37:20.666+0000] {processor.py:830} INFO - Processing file /opt/airflow/dags/dag_with_python_op.py for tasks to queue
[2026-01-26T09:37:20.668+0000] {logging_mixin.py:188} INFO - [2026-01-26T09:37:20.667+0000] {dagbag.py:538} INFO - Filling up the DagBag from /opt/airflow/dags/dag_with_python_op.py
[2026-01-26T09:37:20.712+0000] {processor.py:840} INFO - DAG(s) 'dag_with_python_op_v4-2' retrieved from /opt/airflow/dags/dag_with_python_op.py
[2026-01-26T09:37:20.773+0000] {logging_mixin.py:188} INFO - [2026-01-26T09:37:20.773+0000] {dag.py:3036} INFO - Sync 1 DAGs
[2026-01-26T09:37:20.821+0000] {logging_mixin.py:188} INFO - [2026-01-26T09:37:20.820+0000] {dag.py:3823} INFO - Setting next_dagrun for dag_with_python_op_v4-2 to 2025-01-19 00:00:00+00:00, run_after=2025-01-20 00:00:00+00:00
[2026-01-26T09:37:20.854+0000] {processor.py:183} INFO - Processing /opt/airflow/dags/dag_with_python_op.py took 0.198 seconds
[2026-01-26T09:37:51.497+0000] {processor.py:161} INFO - Started process (PID=5629) to work on /opt/airflow/dags/dag_with_python_op.py
[2026-01-26T09:37:51.498+0000] {processor.py:830} INFO - Processing file /opt/airflow/dags/dag_with_python_op.py for tasks to queue
[2026-01-26T09:37:51.499+0000] {logging_mixin.py:188} INFO - [2026-01-26T09:37:51.499+0000] {dagbag.py:538} INFO - Filling up the DagBag from /opt/airflow/dags/dag_with_python_op.py
[2026-01-26T09:37:51.524+0000] {processor.py:840} INFO - DAG(s) 'dag_with_python_op_v4-2' retrieved from /opt/airflow/dags/dag_with_python_op.py
[2026-01-26T09:37:51.566+0000] {logging_mixin.py:188} INFO - [2026-01-26T09:37:51.565+0000] {dag.py:3036} INFO - Sync 1 DAGs
[2026-01-26T09:37:51.604+0000] {logging_mixin.py:188} INFO - [2026-01-26T09:37:51.603+0000] {dag.py:3823} INFO - Setting next_dagrun for dag_with_python_op_v4-2 to 2025-01-19 00:00:00+00:00, run_after=2025-01-20 00:00:00+00:00
[2026-01-26T09:37:51.626+0000] {processor.py:183} INFO - Processing /opt/airflow/dags/dag_with_python_op.py took 0.134 seconds
[2026-01-26T09:38:21.988+0000] {processor.py:161} INFO - Started process (PID=5656) to work on /opt/airflow/dags/dag_with_python_op.py
[2026-01-26T09:38:21.997+0000] {processor.py:830} INFO - Processing file /opt/airflow/dags/dag_with_python_op.py for tasks to queue
[2026-01-26T09:38:22.000+0000] {logging_mixin.py:188} INFO - [2026-01-26T09:38:21.999+0000] {dagbag.py:538} INFO - Filling up the DagBag from /opt/airflow/dags/dag_with_python_op.py
[2026-01-26T09:38:22.045+0000] {processor.py:840} INFO - DAG(s) 'dag_with_python_op_v4-2' retrieved from /opt/airflow/dags/dag_with_python_op.py
[2026-01-26T09:38:22.103+0000] {logging_mixin.py:188} INFO - [2026-01-26T09:38:22.103+0000] {dag.py:3036} INFO - Sync 1 DAGs
[2026-01-26T09:38:22.148+0000] {logging_mixin.py:188} INFO - [2026-01-26T09:38:22.147+0000] {dag.py:3823} INFO - Setting next_dagrun for dag_with_python_op_v4-2 to 2025-01-19 00:00:00+00:00, run_after=2025-01-20 00:00:00+00:00
[2026-01-26T09:38:22.187+0000] {processor.py:183} INFO - Processing /opt/airflow/dags/dag_with_python_op.py took 0.205 seconds
[2026-01-26T09:38:52.269+0000] {processor.py:161} INFO - Started process (PID=5697) to work on /opt/airflow/dags/dag_with_python_op.py
[2026-01-26T09:38:52.270+0000] {processor.py:830} INFO - Processing file /opt/airflow/dags/dag_with_python_op.py for tasks to queue
[2026-01-26T09:38:52.272+0000] {logging_mixin.py:188} INFO - [2026-01-26T09:38:52.271+0000] {dagbag.py:538} INFO - Filling up the DagBag from /opt/airflow/dags/dag_with_python_op.py
[2026-01-26T09:38:52.298+0000] {processor.py:840} INFO - DAG(s) 'dag_with_python_op_v4-2' retrieved from /opt/airflow/dags/dag_with_python_op.py
[2026-01-26T09:38:52.337+0000] {logging_mixin.py:188} INFO - [2026-01-26T09:38:52.337+0000] {dag.py:3036} INFO - Sync 1 DAGs
[2026-01-26T09:38:52.369+0000] {logging_mixin.py:188} INFO - [2026-01-26T09:38:52.369+0000] {dag.py:3823} INFO - Setting next_dagrun for dag_with_python_op_v4-2 to 2025-01-19 00:00:00+00:00, run_after=2025-01-20 00:00:00+00:00
[2026-01-26T09:38:52.396+0000] {processor.py:183} INFO - Processing /opt/airflow/dags/dag_with_python_op.py took 0.133 seconds
[2026-01-26T09:39:23.005+0000] {processor.py:161} INFO - Started process (PID=5723) to work on /opt/airflow/dags/dag_with_python_op.py
[2026-01-26T09:39:23.007+0000] {processor.py:830} INFO - Processing file /opt/airflow/dags/dag_with_python_op.py for tasks to queue
[2026-01-26T09:39:23.009+0000] {logging_mixin.py:188} INFO - [2026-01-26T09:39:23.008+0000] {dagbag.py:538} INFO - Filling up the DagBag from /opt/airflow/dags/dag_with_python_op.py
[2026-01-26T09:39:23.041+0000] {processor.py:840} INFO - DAG(s) 'dag_with_python_op_v4-2' retrieved from /opt/airflow/dags/dag_with_python_op.py
[2026-01-26T09:39:23.089+0000] {logging_mixin.py:188} INFO - [2026-01-26T09:39:23.088+0000] {dag.py:3036} INFO - Sync 1 DAGs
[2026-01-26T09:39:23.120+0000] {logging_mixin.py:188} INFO - [2026-01-26T09:39:23.120+0000] {dag.py:3823} INFO - Setting next_dagrun for dag_with_python_op_v4-2 to 2025-01-19 00:00:00+00:00, run_after=2025-01-20 00:00:00+00:00
[2026-01-26T09:39:23.145+0000] {processor.py:183} INFO - Processing /opt/airflow/dags/dag_with_python_op.py took 0.145 seconds
[2026-01-26T09:39:53.631+0000] {processor.py:161} INFO - Started process (PID=5749) to work on /opt/airflow/dags/dag_with_python_op.py
[2026-01-26T09:39:53.632+0000] {processor.py:830} INFO - Processing file /opt/airflow/dags/dag_with_python_op.py for tasks to queue
[2026-01-26T09:39:53.633+0000] {logging_mixin.py:188} INFO - [2026-01-26T09:39:53.632+0000] {dagbag.py:538} INFO - Filling up the DagBag from /opt/airflow/dags/dag_with_python_op.py
[2026-01-26T09:39:53.657+0000] {processor.py:840} INFO - DAG(s) 'dag_with_python_op_v4-2' retrieved from /opt/airflow/dags/dag_with_python_op.py
[2026-01-26T09:39:53.687+0000] {logging_mixin.py:188} INFO - [2026-01-26T09:39:53.687+0000] {dag.py:3036} INFO - Sync 1 DAGs
[2026-01-26T09:39:53.712+0000] {logging_mixin.py:188} INFO - [2026-01-26T09:39:53.712+0000] {dag.py:3823} INFO - Setting next_dagrun for dag_with_python_op_v4-2 to 2025-01-19 00:00:00+00:00, run_after=2025-01-20 00:00:00+00:00
[2026-01-26T09:39:53.733+0000] {processor.py:183} INFO - Processing /opt/airflow/dags/dag_with_python_op.py took 0.106 seconds
[2026-01-26T09:40:24.099+0000] {processor.py:161} INFO - Started process (PID=5775) to work on /opt/airflow/dags/dag_with_python_op.py
[2026-01-26T09:40:24.101+0000] {processor.py:830} INFO - Processing file /opt/airflow/dags/dag_with_python_op.py for tasks to queue
[2026-01-26T09:40:24.102+0000] {logging_mixin.py:188} INFO - [2026-01-26T09:40:24.102+0000] {dagbag.py:538} INFO - Filling up the DagBag from /opt/airflow/dags/dag_with_python_op.py
[2026-01-26T09:40:24.132+0000] {processor.py:840} INFO - DAG(s) 'dag_with_python_op_v4-2' retrieved from /opt/airflow/dags/dag_with_python_op.py
[2026-01-26T09:40:24.169+0000] {logging_mixin.py:188} INFO - [2026-01-26T09:40:24.168+0000] {dag.py:3036} INFO - Sync 1 DAGs
[2026-01-26T09:40:24.204+0000] {logging_mixin.py:188} INFO - [2026-01-26T09:40:24.204+0000] {dag.py:3823} INFO - Setting next_dagrun for dag_with_python_op_v4-2 to 2025-01-19 00:00:00+00:00, run_after=2025-01-20 00:00:00+00:00
[2026-01-26T09:40:24.226+0000] {processor.py:183} INFO - Processing /opt/airflow/dags/dag_with_python_op.py took 0.133 seconds
[2026-01-26T09:40:54.724+0000] {processor.py:161} INFO - Started process (PID=5801) to work on /opt/airflow/dags/dag_with_python_op.py
[2026-01-26T09:40:54.727+0000] {processor.py:830} INFO - Processing file /opt/airflow/dags/dag_with_python_op.py for tasks to queue
[2026-01-26T09:40:54.731+0000] {logging_mixin.py:188} INFO - [2026-01-26T09:40:54.730+0000] {dagbag.py:538} INFO - Filling up the DagBag from /opt/airflow/dags/dag_with_python_op.py
[2026-01-26T09:40:54.776+0000] {processor.py:840} INFO - DAG(s) 'dag_with_python_op_v4-2' retrieved from /opt/airflow/dags/dag_with_python_op.py
[2026-01-26T09:40:54.840+0000] {logging_mixin.py:188} INFO - [2026-01-26T09:40:54.839+0000] {dag.py:3036} INFO - Sync 1 DAGs
[2026-01-26T09:40:54.877+0000] {logging_mixin.py:188} INFO - [2026-01-26T09:40:54.877+0000] {dag.py:3823} INFO - Setting next_dagrun for dag_with_python_op_v4-2 to 2025-01-19 00:00:00+00:00, run_after=2025-01-20 00:00:00+00:00
[2026-01-26T09:40:54.909+0000] {processor.py:183} INFO - Processing /opt/airflow/dags/dag_with_python_op.py took 0.191 seconds
[2026-01-26T09:41:25.270+0000] {processor.py:161} INFO - Started process (PID=5833) to work on /opt/airflow/dags/dag_with_python_op.py
[2026-01-26T09:41:25.271+0000] {processor.py:830} INFO - Processing file /opt/airflow/dags/dag_with_python_op.py for tasks to queue
[2026-01-26T09:41:25.273+0000] {logging_mixin.py:188} INFO - [2026-01-26T09:41:25.272+0000] {dagbag.py:538} INFO - Filling up the DagBag from /opt/airflow/dags/dag_with_python_op.py
[2026-01-26T09:41:25.311+0000] {processor.py:840} INFO - DAG(s) 'dag_with_python_op_v4-2' retrieved from /opt/airflow/dags/dag_with_python_op.py
[2026-01-26T09:41:25.361+0000] {logging_mixin.py:188} INFO - [2026-01-26T09:41:25.361+0000] {dag.py:3036} INFO - Sync 1 DAGs
[2026-01-26T09:41:25.397+0000] {logging_mixin.py:188} INFO - [2026-01-26T09:41:25.397+0000] {dag.py:3823} INFO - Setting next_dagrun for dag_with_python_op_v4-2 to 2025-01-19 00:00:00+00:00, run_after=2025-01-20 00:00:00+00:00
[2026-01-26T09:41:25.428+0000] {processor.py:183} INFO - Processing /opt/airflow/dags/dag_with_python_op.py took 0.162 seconds
[2026-01-26T09:41:55.952+0000] {processor.py:161} INFO - Started process (PID=5859) to work on /opt/airflow/dags/dag_with_python_op.py
[2026-01-26T09:41:55.954+0000] {processor.py:830} INFO - Processing file /opt/airflow/dags/dag_with_python_op.py for tasks to queue
[2026-01-26T09:41:55.955+0000] {logging_mixin.py:188} INFO - [2026-01-26T09:41:55.955+0000] {dagbag.py:538} INFO - Filling up the DagBag from /opt/airflow/dags/dag_with_python_op.py
[2026-01-26T09:41:55.991+0000] {processor.py:840} INFO - DAG(s) 'dag_with_python_op_v4-2' retrieved from /opt/airflow/dags/dag_with_python_op.py
[2026-01-26T09:41:56.035+0000] {logging_mixin.py:188} INFO - [2026-01-26T09:41:56.035+0000] {dag.py:3036} INFO - Sync 1 DAGs
[2026-01-26T09:41:56.070+0000] {logging_mixin.py:188} INFO - [2026-01-26T09:41:56.070+0000] {dag.py:3823} INFO - Setting next_dagrun for dag_with_python_op_v4-2 to 2025-01-19 00:00:00+00:00, run_after=2025-01-20 00:00:00+00:00
[2026-01-26T09:41:56.099+0000] {processor.py:183} INFO - Processing /opt/airflow/dags/dag_with_python_op.py took 0.154 seconds
[2026-01-26T09:44:59.715+0000] {processor.py:161} INFO - Started process (PID=194) to work on /opt/airflow/dags/dag_with_python_op.py
[2026-01-26T09:44:59.717+0000] {processor.py:830} INFO - Processing file /opt/airflow/dags/dag_with_python_op.py for tasks to queue
[2026-01-26T09:44:59.719+0000] {logging_mixin.py:188} INFO - [2026-01-26T09:44:59.718+0000] {dagbag.py:538} INFO - Filling up the DagBag from /opt/airflow/dags/dag_with_python_op.py
[2026-01-26T09:44:59.749+0000] {processor.py:840} INFO - DAG(s) 'dag_with_python_op_v4-2' retrieved from /opt/airflow/dags/dag_with_python_op.py
[2026-01-26T09:44:59.862+0000] {logging_mixin.py:188} INFO - [2026-01-26T09:44:59.862+0000] {dag.py:3036} INFO - Sync 1 DAGs
[2026-01-26T09:44:59.885+0000] {logging_mixin.py:188} INFO - [2026-01-26T09:44:59.885+0000] {dag.py:3823} INFO - Setting next_dagrun for dag_with_python_op_v4-2 to 2025-01-19 00:00:00+00:00, run_after=2025-01-20 00:00:00+00:00
[2026-01-26T09:44:59.910+0000] {processor.py:183} INFO - Processing /opt/airflow/dags/dag_with_python_op.py took 0.201 seconds
[2026-01-26T09:45:30.384+0000] {processor.py:161} INFO - Started process (PID=220) to work on /opt/airflow/dags/dag_with_python_op.py
[2026-01-26T09:45:30.385+0000] {processor.py:830} INFO - Processing file /opt/airflow/dags/dag_with_python_op.py for tasks to queue
[2026-01-26T09:45:30.386+0000] {logging_mixin.py:188} INFO - [2026-01-26T09:45:30.385+0000] {dagbag.py:538} INFO - Filling up the DagBag from /opt/airflow/dags/dag_with_python_op.py
[2026-01-26T09:45:30.410+0000] {processor.py:840} INFO - DAG(s) 'dag_with_python_op_v4-2' retrieved from /opt/airflow/dags/dag_with_python_op.py
[2026-01-26T09:45:30.439+0000] {logging_mixin.py:188} INFO - [2026-01-26T09:45:30.438+0000] {dag.py:3036} INFO - Sync 1 DAGs
[2026-01-26T09:45:30.461+0000] {logging_mixin.py:188} INFO - [2026-01-26T09:45:30.461+0000] {dag.py:3823} INFO - Setting next_dagrun for dag_with_python_op_v4-2 to 2025-01-19 00:00:00+00:00, run_after=2025-01-20 00:00:00+00:00
[2026-01-26T09:45:30.479+0000] {processor.py:183} INFO - Processing /opt/airflow/dags/dag_with_python_op.py took 0.099 seconds
[2026-01-26T09:46:01.024+0000] {processor.py:161} INFO - Started process (PID=246) to work on /opt/airflow/dags/dag_with_python_op.py
[2026-01-26T09:46:01.026+0000] {processor.py:830} INFO - Processing file /opt/airflow/dags/dag_with_python_op.py for tasks to queue
[2026-01-26T09:46:01.027+0000] {logging_mixin.py:188} INFO - [2026-01-26T09:46:01.026+0000] {dagbag.py:538} INFO - Filling up the DagBag from /opt/airflow/dags/dag_with_python_op.py
[2026-01-26T09:46:01.060+0000] {processor.py:840} INFO - DAG(s) 'dag_with_python_op_v4-2' retrieved from /opt/airflow/dags/dag_with_python_op.py
[2026-01-26T09:46:01.109+0000] {logging_mixin.py:188} INFO - [2026-01-26T09:46:01.109+0000] {dag.py:3036} INFO - Sync 1 DAGs
[2026-01-26T09:46:01.149+0000] {logging_mixin.py:188} INFO - [2026-01-26T09:46:01.148+0000] {dag.py:3823} INFO - Setting next_dagrun for dag_with_python_op_v4-2 to 2025-01-19 00:00:00+00:00, run_after=2025-01-20 00:00:00+00:00
[2026-01-26T09:46:01.191+0000] {processor.py:183} INFO - Processing /opt/airflow/dags/dag_with_python_op.py took 0.171 seconds
[2026-01-26T09:46:31.699+0000] {processor.py:161} INFO - Started process (PID=278) to work on /opt/airflow/dags/dag_with_python_op.py
[2026-01-26T09:46:31.700+0000] {processor.py:830} INFO - Processing file /opt/airflow/dags/dag_with_python_op.py for tasks to queue
[2026-01-26T09:46:31.701+0000] {logging_mixin.py:188} INFO - [2026-01-26T09:46:31.701+0000] {dagbag.py:538} INFO - Filling up the DagBag from /opt/airflow/dags/dag_with_python_op.py
[2026-01-26T09:46:31.724+0000] {processor.py:840} INFO - DAG(s) 'dag_with_python_op_v4-2' retrieved from /opt/airflow/dags/dag_with_python_op.py
[2026-01-26T09:46:31.753+0000] {logging_mixin.py:188} INFO - [2026-01-26T09:46:31.753+0000] {dag.py:3036} INFO - Sync 1 DAGs
[2026-01-26T09:46:31.774+0000] {logging_mixin.py:188} INFO - [2026-01-26T09:46:31.774+0000] {dag.py:3823} INFO - Setting next_dagrun for dag_with_python_op_v4-2 to 2025-01-19 00:00:00+00:00, run_after=2025-01-20 00:00:00+00:00
[2026-01-26T09:46:31.791+0000] {processor.py:183} INFO - Processing /opt/airflow/dags/dag_with_python_op.py took 0.095 seconds
