[2026-01-26T09:18:48.912+0000] {processor.py:161} INFO - Started process (PID=210) to work on /opt/airflow/dags/first_dag.py
[2026-01-26T09:18:48.919+0000] {processor.py:830} INFO - Processing file /opt/airflow/dags/first_dag.py for tasks to queue
[2026-01-26T09:18:48.922+0000] {logging_mixin.py:188} INFO - [2026-01-26T09:18:48.921+0000] {dagbag.py:538} INFO - Filling up the DagBag from /opt/airflow/dags/first_dag.py
[2026-01-26T09:18:48.982+0000] {processor.py:840} INFO - DAG(s) 'first_dag_v2-2' retrieved from /opt/airflow/dags/first_dag.py
[2026-01-26T09:18:49.065+0000] {logging_mixin.py:188} INFO - [2026-01-26T09:18:49.065+0000] {dag.py:3036} INFO - Sync 1 DAGs
[2026-01-26T09:18:49.120+0000] {logging_mixin.py:188} INFO - [2026-01-26T09:18:49.120+0000] {dag.py:3823} INFO - Setting next_dagrun for first_dag_v2-2 to 2026-01-25 00:00:00+00:00, run_after=2026-01-26 00:00:00+00:00
[2026-01-26T09:18:49.169+0000] {processor.py:183} INFO - Processing /opt/airflow/dags/first_dag.py took 0.263 seconds
[2026-01-26T09:19:19.606+0000] {processor.py:161} INFO - Started process (PID=236) to work on /opt/airflow/dags/first_dag.py
[2026-01-26T09:19:19.607+0000] {processor.py:830} INFO - Processing file /opt/airflow/dags/first_dag.py for tasks to queue
[2026-01-26T09:19:19.610+0000] {logging_mixin.py:188} INFO - [2026-01-26T09:19:19.609+0000] {dagbag.py:538} INFO - Filling up the DagBag from /opt/airflow/dags/first_dag.py
[2026-01-26T09:19:19.634+0000] {processor.py:840} INFO - DAG(s) 'first_dag_v2-2' retrieved from /opt/airflow/dags/first_dag.py
[2026-01-26T09:19:19.674+0000] {logging_mixin.py:188} INFO - [2026-01-26T09:19:19.674+0000] {dag.py:3036} INFO - Sync 1 DAGs
[2026-01-26T09:19:19.701+0000] {logging_mixin.py:188} INFO - [2026-01-26T09:19:19.701+0000] {dag.py:3823} INFO - Setting next_dagrun for first_dag_v2-2 to 2026-01-25 00:00:00+00:00, run_after=2026-01-26 00:00:00+00:00
[2026-01-26T09:19:19.724+0000] {processor.py:183} INFO - Processing /opt/airflow/dags/first_dag.py took 0.123 seconds
[2026-01-26T09:19:50.280+0000] {processor.py:161} INFO - Started process (PID=262) to work on /opt/airflow/dags/first_dag.py
[2026-01-26T09:19:50.281+0000] {processor.py:830} INFO - Processing file /opt/airflow/dags/first_dag.py for tasks to queue
[2026-01-26T09:19:50.283+0000] {logging_mixin.py:188} INFO - [2026-01-26T09:19:50.282+0000] {dagbag.py:538} INFO - Filling up the DagBag from /opt/airflow/dags/first_dag.py
[2026-01-26T09:19:50.317+0000] {processor.py:840} INFO - DAG(s) 'first_dag_v2-2' retrieved from /opt/airflow/dags/first_dag.py
[2026-01-26T09:19:50.353+0000] {logging_mixin.py:188} INFO - [2026-01-26T09:19:50.353+0000] {dag.py:3036} INFO - Sync 1 DAGs
[2026-01-26T09:19:50.380+0000] {logging_mixin.py:188} INFO - [2026-01-26T09:19:50.380+0000] {dag.py:3823} INFO - Setting next_dagrun for first_dag_v2-2 to 2026-01-25 00:00:00+00:00, run_after=2026-01-26 00:00:00+00:00
[2026-01-26T09:19:50.406+0000] {processor.py:183} INFO - Processing /opt/airflow/dags/first_dag.py took 0.131 seconds
[2026-01-26T09:20:21.176+0000] {processor.py:161} INFO - Started process (PID=288) to work on /opt/airflow/dags/first_dag.py
[2026-01-26T09:20:21.178+0000] {processor.py:830} INFO - Processing file /opt/airflow/dags/first_dag.py for tasks to queue
[2026-01-26T09:20:21.179+0000] {logging_mixin.py:188} INFO - [2026-01-26T09:20:21.178+0000] {dagbag.py:538} INFO - Filling up the DagBag from /opt/airflow/dags/first_dag.py
[2026-01-26T09:20:21.204+0000] {processor.py:840} INFO - DAG(s) 'first_dag_v2-2' retrieved from /opt/airflow/dags/first_dag.py
[2026-01-26T09:20:21.346+0000] {logging_mixin.py:188} INFO - [2026-01-26T09:20:21.345+0000] {dag.py:3036} INFO - Sync 1 DAGs
[2026-01-26T09:20:21.375+0000] {logging_mixin.py:188} INFO - [2026-01-26T09:20:21.375+0000] {dag.py:3823} INFO - Setting next_dagrun for first_dag_v2-2 to 2026-01-25 00:00:00+00:00, run_after=2026-01-26 00:00:00+00:00
[2026-01-26T09:20:21.412+0000] {processor.py:183} INFO - Processing /opt/airflow/dags/first_dag.py took 0.240 seconds
[2026-01-26T09:20:51.700+0000] {processor.py:161} INFO - Started process (PID=314) to work on /opt/airflow/dags/first_dag.py
[2026-01-26T09:20:51.702+0000] {processor.py:830} INFO - Processing file /opt/airflow/dags/first_dag.py for tasks to queue
[2026-01-26T09:20:51.704+0000] {logging_mixin.py:188} INFO - [2026-01-26T09:20:51.704+0000] {dagbag.py:538} INFO - Filling up the DagBag from /opt/airflow/dags/first_dag.py
[2026-01-26T09:20:51.757+0000] {processor.py:840} INFO - DAG(s) 'first_dag_v2-2' retrieved from /opt/airflow/dags/first_dag.py
[2026-01-26T09:20:51.813+0000] {logging_mixin.py:188} INFO - [2026-01-26T09:20:51.813+0000] {dag.py:3036} INFO - Sync 1 DAGs
[2026-01-26T09:20:51.856+0000] {logging_mixin.py:188} INFO - [2026-01-26T09:20:51.855+0000] {dag.py:3823} INFO - Setting next_dagrun for first_dag_v2-2 to 2026-01-25 00:00:00+00:00, run_after=2026-01-26 00:00:00+00:00
[2026-01-26T09:20:51.906+0000] {processor.py:183} INFO - Processing /opt/airflow/dags/first_dag.py took 0.215 seconds
[2026-01-26T09:21:22.371+0000] {processor.py:161} INFO - Started process (PID=340) to work on /opt/airflow/dags/first_dag.py
[2026-01-26T09:21:22.373+0000] {processor.py:830} INFO - Processing file /opt/airflow/dags/first_dag.py for tasks to queue
[2026-01-26T09:21:22.374+0000] {logging_mixin.py:188} INFO - [2026-01-26T09:21:22.374+0000] {dagbag.py:538} INFO - Filling up the DagBag from /opt/airflow/dags/first_dag.py
[2026-01-26T09:21:22.407+0000] {processor.py:840} INFO - DAG(s) 'first_dag_v2-2' retrieved from /opt/airflow/dags/first_dag.py
[2026-01-26T09:21:22.454+0000] {logging_mixin.py:188} INFO - [2026-01-26T09:21:22.454+0000] {dag.py:3036} INFO - Sync 1 DAGs
[2026-01-26T09:21:22.491+0000] {logging_mixin.py:188} INFO - [2026-01-26T09:21:22.490+0000] {dag.py:3823} INFO - Setting next_dagrun for first_dag_v2-2 to 2026-01-25 00:00:00+00:00, run_after=2026-01-26 00:00:00+00:00
[2026-01-26T09:21:22.525+0000] {processor.py:183} INFO - Processing /opt/airflow/dags/first_dag.py took 0.160 seconds
[2026-01-26T09:21:53.090+0000] {processor.py:161} INFO - Started process (PID=366) to work on /opt/airflow/dags/first_dag.py
[2026-01-26T09:21:53.093+0000] {processor.py:830} INFO - Processing file /opt/airflow/dags/first_dag.py for tasks to queue
[2026-01-26T09:21:53.097+0000] {logging_mixin.py:188} INFO - [2026-01-26T09:21:53.096+0000] {dagbag.py:538} INFO - Filling up the DagBag from /opt/airflow/dags/first_dag.py
[2026-01-26T09:21:53.135+0000] {processor.py:840} INFO - DAG(s) 'first_dag_v2-2' retrieved from /opt/airflow/dags/first_dag.py
[2026-01-26T09:21:53.174+0000] {logging_mixin.py:188} INFO - [2026-01-26T09:21:53.174+0000] {dag.py:3036} INFO - Sync 1 DAGs
[2026-01-26T09:21:53.203+0000] {logging_mixin.py:188} INFO - [2026-01-26T09:21:53.203+0000] {dag.py:3823} INFO - Setting next_dagrun for first_dag_v2-2 to 2026-01-25 00:00:00+00:00, run_after=2026-01-26 00:00:00+00:00
[2026-01-26T09:21:53.230+0000] {processor.py:183} INFO - Processing /opt/airflow/dags/first_dag.py took 0.146 seconds
[2026-01-26T09:22:23.690+0000] {processor.py:161} INFO - Started process (PID=392) to work on /opt/airflow/dags/first_dag.py
[2026-01-26T09:22:23.692+0000] {processor.py:830} INFO - Processing file /opt/airflow/dags/first_dag.py for tasks to queue
[2026-01-26T09:22:23.694+0000] {logging_mixin.py:188} INFO - [2026-01-26T09:22:23.693+0000] {dagbag.py:538} INFO - Filling up the DagBag from /opt/airflow/dags/first_dag.py
[2026-01-26T09:22:23.720+0000] {processor.py:840} INFO - DAG(s) 'first_dag_v2-2' retrieved from /opt/airflow/dags/first_dag.py
[2026-01-26T09:22:23.767+0000] {logging_mixin.py:188} INFO - [2026-01-26T09:22:23.766+0000] {dag.py:3036} INFO - Sync 1 DAGs
[2026-01-26T09:22:23.801+0000] {logging_mixin.py:188} INFO - [2026-01-26T09:22:23.800+0000] {dag.py:3823} INFO - Setting next_dagrun for first_dag_v2-2 to 2026-01-25 00:00:00+00:00, run_after=2026-01-26 00:00:00+00:00
[2026-01-26T09:22:23.831+0000] {processor.py:183} INFO - Processing /opt/airflow/dags/first_dag.py took 0.145 seconds
[2026-01-26T09:22:54.357+0000] {processor.py:161} INFO - Started process (PID=418) to work on /opt/airflow/dags/first_dag.py
[2026-01-26T09:22:54.360+0000] {processor.py:830} INFO - Processing file /opt/airflow/dags/first_dag.py for tasks to queue
[2026-01-26T09:22:54.362+0000] {logging_mixin.py:188} INFO - [2026-01-26T09:22:54.361+0000] {dagbag.py:538} INFO - Filling up the DagBag from /opt/airflow/dags/first_dag.py
[2026-01-26T09:22:54.397+0000] {processor.py:840} INFO - DAG(s) 'first_dag_v2-2' retrieved from /opt/airflow/dags/first_dag.py
[2026-01-26T09:22:54.452+0000] {logging_mixin.py:188} INFO - [2026-01-26T09:22:54.452+0000] {dag.py:3036} INFO - Sync 1 DAGs
[2026-01-26T09:22:54.488+0000] {logging_mixin.py:188} INFO - [2026-01-26T09:22:54.488+0000] {dag.py:3823} INFO - Setting next_dagrun for first_dag_v2-2 to 2026-01-25 00:00:00+00:00, run_after=2026-01-26 00:00:00+00:00
[2026-01-26T09:22:54.515+0000] {processor.py:183} INFO - Processing /opt/airflow/dags/first_dag.py took 0.165 seconds
[2026-01-26T09:23:25.314+0000] {processor.py:161} INFO - Started process (PID=547) to work on /opt/airflow/dags/first_dag.py
[2026-01-26T09:23:25.316+0000] {processor.py:830} INFO - Processing file /opt/airflow/dags/first_dag.py for tasks to queue
[2026-01-26T09:23:25.318+0000] {logging_mixin.py:188} INFO - [2026-01-26T09:23:25.317+0000] {dagbag.py:538} INFO - Filling up the DagBag from /opt/airflow/dags/first_dag.py
[2026-01-26T09:23:25.373+0000] {processor.py:840} INFO - DAG(s) 'first_dag_v2-2' retrieved from /opt/airflow/dags/first_dag.py
[2026-01-26T09:23:25.450+0000] {logging_mixin.py:188} INFO - [2026-01-26T09:23:25.449+0000] {dag.py:3036} INFO - Sync 1 DAGs
[2026-01-26T09:23:25.505+0000] {logging_mixin.py:188} INFO - [2026-01-26T09:23:25.505+0000] {dag.py:3823} INFO - Setting next_dagrun for first_dag_v2-2 to 2026-01-25 00:00:00+00:00, run_after=2026-01-26 00:00:00+00:00
[2026-01-26T09:23:25.570+0000] {processor.py:183} INFO - Processing /opt/airflow/dags/first_dag.py took 0.262 seconds
[2026-01-26T09:23:55.767+0000] {processor.py:161} INFO - Started process (PID=573) to work on /opt/airflow/dags/first_dag.py
[2026-01-26T09:23:55.768+0000] {processor.py:830} INFO - Processing file /opt/airflow/dags/first_dag.py for tasks to queue
[2026-01-26T09:23:55.769+0000] {logging_mixin.py:188} INFO - [2026-01-26T09:23:55.769+0000] {dagbag.py:538} INFO - Filling up the DagBag from /opt/airflow/dags/first_dag.py
[2026-01-26T09:23:55.789+0000] {processor.py:840} INFO - DAG(s) 'first_dag_v2-2' retrieved from /opt/airflow/dags/first_dag.py
[2026-01-26T09:23:55.824+0000] {logging_mixin.py:188} INFO - [2026-01-26T09:23:55.824+0000] {dag.py:3036} INFO - Sync 1 DAGs
[2026-01-26T09:23:55.850+0000] {logging_mixin.py:188} INFO - [2026-01-26T09:23:55.850+0000] {dag.py:3823} INFO - Setting next_dagrun for first_dag_v2-2 to 2026-01-25 00:00:00+00:00, run_after=2026-01-26 00:00:00+00:00
[2026-01-26T09:23:55.872+0000] {processor.py:183} INFO - Processing /opt/airflow/dags/first_dag.py took 0.110 seconds
[2026-01-26T09:24:26.342+0000] {processor.py:161} INFO - Started process (PID=599) to work on /opt/airflow/dags/first_dag.py
[2026-01-26T09:24:26.343+0000] {processor.py:830} INFO - Processing file /opt/airflow/dags/first_dag.py for tasks to queue
[2026-01-26T09:24:26.345+0000] {logging_mixin.py:188} INFO - [2026-01-26T09:24:26.344+0000] {dagbag.py:538} INFO - Filling up the DagBag from /opt/airflow/dags/first_dag.py
[2026-01-26T09:24:26.366+0000] {processor.py:840} INFO - DAG(s) 'first_dag_v2-2' retrieved from /opt/airflow/dags/first_dag.py
[2026-01-26T09:24:26.394+0000] {logging_mixin.py:188} INFO - [2026-01-26T09:24:26.394+0000] {dag.py:3036} INFO - Sync 1 DAGs
[2026-01-26T09:24:26.417+0000] {logging_mixin.py:188} INFO - [2026-01-26T09:24:26.416+0000] {dag.py:3823} INFO - Setting next_dagrun for first_dag_v2-2 to 2026-01-25 00:00:00+00:00, run_after=2026-01-26 00:00:00+00:00
[2026-01-26T09:24:26.439+0000] {processor.py:183} INFO - Processing /opt/airflow/dags/first_dag.py took 0.101 seconds
[2026-01-26T09:24:57.022+0000] {processor.py:161} INFO - Started process (PID=625) to work on /opt/airflow/dags/first_dag.py
[2026-01-26T09:24:57.024+0000] {processor.py:830} INFO - Processing file /opt/airflow/dags/first_dag.py for tasks to queue
[2026-01-26T09:24:57.025+0000] {logging_mixin.py:188} INFO - [2026-01-26T09:24:57.025+0000] {dagbag.py:538} INFO - Filling up the DagBag from /opt/airflow/dags/first_dag.py
[2026-01-26T09:24:57.062+0000] {processor.py:840} INFO - DAG(s) 'first_dag_v2-2' retrieved from /opt/airflow/dags/first_dag.py
[2026-01-26T09:24:57.112+0000] {logging_mixin.py:188} INFO - [2026-01-26T09:24:57.112+0000] {dag.py:3036} INFO - Sync 1 DAGs
[2026-01-26T09:24:57.163+0000] {logging_mixin.py:188} INFO - [2026-01-26T09:24:57.162+0000] {dag.py:3823} INFO - Setting next_dagrun for first_dag_v2-2 to 2026-01-25 00:00:00+00:00, run_after=2026-01-26 00:00:00+00:00
[2026-01-26T09:24:57.199+0000] {processor.py:183} INFO - Processing /opt/airflow/dags/first_dag.py took 0.182 seconds
[2026-01-26T09:25:27.592+0000] {processor.py:161} INFO - Started process (PID=651) to work on /opt/airflow/dags/first_dag.py
[2026-01-26T09:25:27.594+0000] {processor.py:830} INFO - Processing file /opt/airflow/dags/first_dag.py for tasks to queue
[2026-01-26T09:25:27.596+0000] {logging_mixin.py:188} INFO - [2026-01-26T09:25:27.595+0000] {dagbag.py:538} INFO - Filling up the DagBag from /opt/airflow/dags/first_dag.py
[2026-01-26T09:25:27.632+0000] {processor.py:840} INFO - DAG(s) 'first_dag_v2-2' retrieved from /opt/airflow/dags/first_dag.py
[2026-01-26T09:25:27.682+0000] {logging_mixin.py:188} INFO - [2026-01-26T09:25:27.681+0000] {dag.py:3036} INFO - Sync 1 DAGs
[2026-01-26T09:25:27.727+0000] {logging_mixin.py:188} INFO - [2026-01-26T09:25:27.726+0000] {dag.py:3823} INFO - Setting next_dagrun for first_dag_v2-2 to 2026-01-25 00:00:00+00:00, run_after=2026-01-26 00:00:00+00:00
[2026-01-26T09:25:27.761+0000] {processor.py:183} INFO - Processing /opt/airflow/dags/first_dag.py took 0.175 seconds
[2026-01-26T09:25:58.037+0000] {processor.py:161} INFO - Started process (PID=677) to work on /opt/airflow/dags/first_dag.py
[2026-01-26T09:25:58.039+0000] {processor.py:830} INFO - Processing file /opt/airflow/dags/first_dag.py for tasks to queue
[2026-01-26T09:25:58.040+0000] {logging_mixin.py:188} INFO - [2026-01-26T09:25:58.040+0000] {dagbag.py:538} INFO - Filling up the DagBag from /opt/airflow/dags/first_dag.py
[2026-01-26T09:25:58.061+0000] {processor.py:840} INFO - DAG(s) 'first_dag_v2-2' retrieved from /opt/airflow/dags/first_dag.py
[2026-01-26T09:25:58.091+0000] {logging_mixin.py:188} INFO - [2026-01-26T09:25:58.091+0000] {dag.py:3036} INFO - Sync 1 DAGs
[2026-01-26T09:25:58.114+0000] {logging_mixin.py:188} INFO - [2026-01-26T09:25:58.114+0000] {dag.py:3823} INFO - Setting next_dagrun for first_dag_v2-2 to 2026-01-25 00:00:00+00:00, run_after=2026-01-26 00:00:00+00:00
[2026-01-26T09:25:58.141+0000] {processor.py:183} INFO - Processing /opt/airflow/dags/first_dag.py took 0.107 seconds
[2026-01-26T09:26:28.830+0000] {processor.py:161} INFO - Started process (PID=703) to work on /opt/airflow/dags/first_dag.py
[2026-01-26T09:26:28.832+0000] {processor.py:830} INFO - Processing file /opt/airflow/dags/first_dag.py for tasks to queue
[2026-01-26T09:26:28.834+0000] {logging_mixin.py:188} INFO - [2026-01-26T09:26:28.834+0000] {dagbag.py:538} INFO - Filling up the DagBag from /opt/airflow/dags/first_dag.py
[2026-01-26T09:26:28.870+0000] {processor.py:840} INFO - DAG(s) 'first_dag_v2-2' retrieved from /opt/airflow/dags/first_dag.py
[2026-01-26T09:26:28.916+0000] {logging_mixin.py:188} INFO - [2026-01-26T09:26:28.916+0000] {dag.py:3036} INFO - Sync 1 DAGs
[2026-01-26T09:26:28.950+0000] {logging_mixin.py:188} INFO - [2026-01-26T09:26:28.950+0000] {dag.py:3823} INFO - Setting next_dagrun for first_dag_v2-2 to 2026-01-25 00:00:00+00:00, run_after=2026-01-26 00:00:00+00:00
[2026-01-26T09:26:28.977+0000] {processor.py:183} INFO - Processing /opt/airflow/dags/first_dag.py took 0.154 seconds
[2026-01-26T09:26:59.699+0000] {processor.py:161} INFO - Started process (PID=734) to work on /opt/airflow/dags/first_dag.py
[2026-01-26T09:26:59.703+0000] {processor.py:830} INFO - Processing file /opt/airflow/dags/first_dag.py for tasks to queue
[2026-01-26T09:26:59.707+0000] {logging_mixin.py:188} INFO - [2026-01-26T09:26:59.706+0000] {dagbag.py:538} INFO - Filling up the DagBag from /opt/airflow/dags/first_dag.py
[2026-01-26T09:26:59.753+0000] {processor.py:840} INFO - DAG(s) 'first_dag_v2-2' retrieved from /opt/airflow/dags/first_dag.py
[2026-01-26T09:26:59.817+0000] {logging_mixin.py:188} INFO - [2026-01-26T09:26:59.817+0000] {dag.py:3036} INFO - Sync 1 DAGs
[2026-01-26T09:26:59.861+0000] {logging_mixin.py:188} INFO - [2026-01-26T09:26:59.861+0000] {dag.py:3823} INFO - Setting next_dagrun for first_dag_v2-2 to 2026-01-25 00:00:00+00:00, run_after=2026-01-26 00:00:00+00:00
[2026-01-26T09:26:59.895+0000] {processor.py:183} INFO - Processing /opt/airflow/dags/first_dag.py took 0.203 seconds
[2026-01-26T09:27:30.778+0000] {processor.py:161} INFO - Started process (PID=870) to work on /opt/airflow/dags/first_dag.py
[2026-01-26T09:27:30.786+0000] {processor.py:830} INFO - Processing file /opt/airflow/dags/first_dag.py for tasks to queue
[2026-01-26T09:27:30.793+0000] {logging_mixin.py:188} INFO - [2026-01-26T09:27:30.792+0000] {dagbag.py:538} INFO - Filling up the DagBag from /opt/airflow/dags/first_dag.py
[2026-01-26T09:27:30.963+0000] {processor.py:840} INFO - DAG(s) 'first_dag_v2-2' retrieved from /opt/airflow/dags/first_dag.py
[2026-01-26T09:27:31.087+0000] {logging_mixin.py:188} INFO - [2026-01-26T09:27:31.086+0000] {dag.py:3036} INFO - Sync 1 DAGs
[2026-01-26T09:27:31.158+0000] {logging_mixin.py:188} INFO - [2026-01-26T09:27:31.158+0000] {dag.py:3823} INFO - Setting next_dagrun for first_dag_v2-2 to 2026-01-25 00:00:00+00:00, run_after=2026-01-26 00:00:00+00:00
[2026-01-26T09:27:31.247+0000] {processor.py:183} INFO - Processing /opt/airflow/dags/first_dag.py took 0.476 seconds
[2026-01-26T09:28:01.970+0000] {processor.py:161} INFO - Started process (PID=1110) to work on /opt/airflow/dags/first_dag.py
[2026-01-26T09:28:01.973+0000] {processor.py:830} INFO - Processing file /opt/airflow/dags/first_dag.py for tasks to queue
[2026-01-26T09:28:01.976+0000] {logging_mixin.py:188} INFO - [2026-01-26T09:28:01.975+0000] {dagbag.py:538} INFO - Filling up the DagBag from /opt/airflow/dags/first_dag.py
[2026-01-26T09:28:02.046+0000] {processor.py:840} INFO - DAG(s) 'first_dag_v2-2' retrieved from /opt/airflow/dags/first_dag.py
[2026-01-26T09:28:02.150+0000] {logging_mixin.py:188} INFO - [2026-01-26T09:28:02.149+0000] {dag.py:3036} INFO - Sync 1 DAGs
[2026-01-26T09:28:02.216+0000] {logging_mixin.py:188} INFO - [2026-01-26T09:28:02.216+0000] {dag.py:3823} INFO - Setting next_dagrun for first_dag_v2-2 to 2026-01-25 00:00:00+00:00, run_after=2026-01-26 00:00:00+00:00
[2026-01-26T09:28:02.268+0000] {processor.py:183} INFO - Processing /opt/airflow/dags/first_dag.py took 0.305 seconds
[2026-01-26T09:28:33.520+0000] {processor.py:161} INFO - Started process (PID=1359) to work on /opt/airflow/dags/first_dag.py
[2026-01-26T09:28:33.532+0000] {processor.py:830} INFO - Processing file /opt/airflow/dags/first_dag.py for tasks to queue
[2026-01-26T09:28:33.534+0000] {logging_mixin.py:188} INFO - [2026-01-26T09:28:33.534+0000] {dagbag.py:538} INFO - Filling up the DagBag from /opt/airflow/dags/first_dag.py
[2026-01-26T09:28:33.793+0000] {processor.py:840} INFO - DAG(s) 'first_dag_v2-2' retrieved from /opt/airflow/dags/first_dag.py
[2026-01-26T09:28:34.061+0000] {logging_mixin.py:188} INFO - [2026-01-26T09:28:34.061+0000] {dag.py:3036} INFO - Sync 1 DAGs
[2026-01-26T09:28:34.138+0000] {logging_mixin.py:188} INFO - [2026-01-26T09:28:34.138+0000] {dag.py:3823} INFO - Setting next_dagrun for first_dag_v2-2 to 2026-01-25 00:00:00+00:00, run_after=2026-01-26 00:00:00+00:00
[2026-01-26T09:28:34.274+0000] {processor.py:183} INFO - Processing /opt/airflow/dags/first_dag.py took 0.777 seconds
[2026-01-26T09:29:04.778+0000] {processor.py:161} INFO - Started process (PID=1576) to work on /opt/airflow/dags/first_dag.py
[2026-01-26T09:29:04.780+0000] {processor.py:830} INFO - Processing file /opt/airflow/dags/first_dag.py for tasks to queue
[2026-01-26T09:29:04.782+0000] {logging_mixin.py:188} INFO - [2026-01-26T09:29:04.782+0000] {dagbag.py:538} INFO - Filling up the DagBag from /opt/airflow/dags/first_dag.py
[2026-01-26T09:29:04.830+0000] {processor.py:840} INFO - DAG(s) 'first_dag_v2-2' retrieved from /opt/airflow/dags/first_dag.py
[2026-01-26T09:29:04.878+0000] {logging_mixin.py:188} INFO - [2026-01-26T09:29:04.878+0000] {dag.py:3036} INFO - Sync 1 DAGs
[2026-01-26T09:29:04.917+0000] {logging_mixin.py:188} INFO - [2026-01-26T09:29:04.917+0000] {dag.py:3823} INFO - Setting next_dagrun for first_dag_v2-2 to 2026-01-25 00:00:00+00:00, run_after=2026-01-26 00:00:00+00:00
[2026-01-26T09:29:04.954+0000] {processor.py:183} INFO - Processing /opt/airflow/dags/first_dag.py took 0.184 seconds
[2026-01-26T09:29:35.811+0000] {processor.py:161} INFO - Started process (PID=1813) to work on /opt/airflow/dags/first_dag.py
[2026-01-26T09:29:35.814+0000] {processor.py:830} INFO - Processing file /opt/airflow/dags/first_dag.py for tasks to queue
[2026-01-26T09:29:35.818+0000] {logging_mixin.py:188} INFO - [2026-01-26T09:29:35.816+0000] {dagbag.py:538} INFO - Filling up the DagBag from /opt/airflow/dags/first_dag.py
[2026-01-26T09:29:35.884+0000] {processor.py:840} INFO - DAG(s) 'first_dag_v2-2' retrieved from /opt/airflow/dags/first_dag.py
[2026-01-26T09:29:35.942+0000] {logging_mixin.py:188} INFO - [2026-01-26T09:29:35.941+0000] {dag.py:3036} INFO - Sync 1 DAGs
[2026-01-26T09:29:35.999+0000] {logging_mixin.py:188} INFO - [2026-01-26T09:29:35.998+0000] {dag.py:3823} INFO - Setting next_dagrun for first_dag_v2-2 to 2026-01-25 00:00:00+00:00, run_after=2026-01-26 00:00:00+00:00
[2026-01-26T09:29:36.056+0000] {processor.py:183} INFO - Processing /opt/airflow/dags/first_dag.py took 0.251 seconds
[2026-01-26T09:30:06.981+0000] {processor.py:161} INFO - Started process (PID=2016) to work on /opt/airflow/dags/first_dag.py
[2026-01-26T09:30:06.984+0000] {processor.py:830} INFO - Processing file /opt/airflow/dags/first_dag.py for tasks to queue
[2026-01-26T09:30:06.992+0000] {logging_mixin.py:188} INFO - [2026-01-26T09:30:06.992+0000] {dagbag.py:538} INFO - Filling up the DagBag from /opt/airflow/dags/first_dag.py
[2026-01-26T09:30:07.109+0000] {processor.py:840} INFO - DAG(s) 'first_dag_v2-2' retrieved from /opt/airflow/dags/first_dag.py
[2026-01-26T09:30:07.215+0000] {logging_mixin.py:188} INFO - [2026-01-26T09:30:07.215+0000] {dag.py:3036} INFO - Sync 1 DAGs
[2026-01-26T09:30:07.340+0000] {logging_mixin.py:188} INFO - [2026-01-26T09:30:07.339+0000] {dag.py:3823} INFO - Setting next_dagrun for first_dag_v2-2 to 2026-01-25 00:00:00+00:00, run_after=2026-01-26 00:00:00+00:00
[2026-01-26T09:30:07.426+0000] {processor.py:183} INFO - Processing /opt/airflow/dags/first_dag.py took 0.471 seconds
[2026-01-26T09:30:38.060+0000] {processor.py:161} INFO - Started process (PID=2291) to work on /opt/airflow/dags/first_dag.py
[2026-01-26T09:30:38.081+0000] {processor.py:830} INFO - Processing file /opt/airflow/dags/first_dag.py for tasks to queue
[2026-01-26T09:30:38.084+0000] {logging_mixin.py:188} INFO - [2026-01-26T09:30:38.083+0000] {dagbag.py:538} INFO - Filling up the DagBag from /opt/airflow/dags/first_dag.py
[2026-01-26T09:30:38.212+0000] {processor.py:840} INFO - DAG(s) 'first_dag_v2-2' retrieved from /opt/airflow/dags/first_dag.py
[2026-01-26T09:30:38.363+0000] {logging_mixin.py:188} INFO - [2026-01-26T09:30:38.362+0000] {dag.py:3036} INFO - Sync 1 DAGs
[2026-01-26T09:30:38.506+0000] {logging_mixin.py:188} INFO - [2026-01-26T09:30:38.506+0000] {dag.py:3823} INFO - Setting next_dagrun for first_dag_v2-2 to 2026-01-25 00:00:00+00:00, run_after=2026-01-26 00:00:00+00:00
[2026-01-26T09:30:38.686+0000] {processor.py:183} INFO - Processing /opt/airflow/dags/first_dag.py took 0.640 seconds
[2026-01-26T09:31:09.506+0000] {processor.py:161} INFO - Started process (PID=2565) to work on /opt/airflow/dags/first_dag.py
[2026-01-26T09:31:09.513+0000] {processor.py:830} INFO - Processing file /opt/airflow/dags/first_dag.py for tasks to queue
[2026-01-26T09:31:09.515+0000] {logging_mixin.py:188} INFO - [2026-01-26T09:31:09.515+0000] {dagbag.py:538} INFO - Filling up the DagBag from /opt/airflow/dags/first_dag.py
[2026-01-26T09:31:09.655+0000] {processor.py:840} INFO - DAG(s) 'first_dag_v2-2' retrieved from /opt/airflow/dags/first_dag.py
[2026-01-26T09:31:09.762+0000] {logging_mixin.py:188} INFO - [2026-01-26T09:31:09.760+0000] {dag.py:3036} INFO - Sync 1 DAGs
[2026-01-26T09:31:09.843+0000] {logging_mixin.py:188} INFO - [2026-01-26T09:31:09.841+0000] {dag.py:3823} INFO - Setting next_dagrun for first_dag_v2-2 to 2026-01-25 00:00:00+00:00, run_after=2026-01-26 00:00:00+00:00
[2026-01-26T09:31:10.007+0000] {processor.py:183} INFO - Processing /opt/airflow/dags/first_dag.py took 0.522 seconds
[2026-01-26T09:31:40.336+0000] {processor.py:161} INFO - Started process (PID=2841) to work on /opt/airflow/dags/first_dag.py
[2026-01-26T09:31:40.350+0000] {processor.py:830} INFO - Processing file /opt/airflow/dags/first_dag.py for tasks to queue
[2026-01-26T09:31:40.353+0000] {logging_mixin.py:188} INFO - [2026-01-26T09:31:40.352+0000] {dagbag.py:538} INFO - Filling up the DagBag from /opt/airflow/dags/first_dag.py
[2026-01-26T09:31:40.470+0000] {processor.py:840} INFO - DAG(s) 'first_dag_v2-2' retrieved from /opt/airflow/dags/first_dag.py
[2026-01-26T09:31:40.547+0000] {logging_mixin.py:188} INFO - [2026-01-26T09:31:40.546+0000] {dag.py:3036} INFO - Sync 1 DAGs
[2026-01-26T09:31:40.627+0000] {logging_mixin.py:188} INFO - [2026-01-26T09:31:40.626+0000] {dag.py:3823} INFO - Setting next_dagrun for first_dag_v2-2 to 2026-01-25 00:00:00+00:00, run_after=2026-01-26 00:00:00+00:00
[2026-01-26T09:31:40.728+0000] {processor.py:183} INFO - Processing /opt/airflow/dags/first_dag.py took 0.399 seconds
[2026-01-26T09:32:11.782+0000] {processor.py:161} INFO - Started process (PID=3105) to work on /opt/airflow/dags/first_dag.py
[2026-01-26T09:32:11.784+0000] {processor.py:830} INFO - Processing file /opt/airflow/dags/first_dag.py for tasks to queue
[2026-01-26T09:32:11.785+0000] {logging_mixin.py:188} INFO - [2026-01-26T09:32:11.785+0000] {dagbag.py:538} INFO - Filling up the DagBag from /opt/airflow/dags/first_dag.py
[2026-01-26T09:32:11.816+0000] {processor.py:840} INFO - DAG(s) 'first_dag_v2-2' retrieved from /opt/airflow/dags/first_dag.py
[2026-01-26T09:32:11.857+0000] {logging_mixin.py:188} INFO - [2026-01-26T09:32:11.857+0000] {dag.py:3036} INFO - Sync 1 DAGs
[2026-01-26T09:32:11.888+0000] {logging_mixin.py:188} INFO - [2026-01-26T09:32:11.887+0000] {dag.py:3823} INFO - Setting next_dagrun for first_dag_v2-2 to 2026-01-25 00:00:00+00:00, run_after=2026-01-26 00:00:00+00:00
[2026-01-26T09:32:11.913+0000] {processor.py:183} INFO - Processing /opt/airflow/dags/first_dag.py took 0.136 seconds
[2026-01-26T09:32:43.030+0000] {processor.py:161} INFO - Started process (PID=3401) to work on /opt/airflow/dags/first_dag.py
[2026-01-26T09:32:43.036+0000] {processor.py:830} INFO - Processing file /opt/airflow/dags/first_dag.py for tasks to queue
[2026-01-26T09:32:43.044+0000] {logging_mixin.py:188} INFO - [2026-01-26T09:32:43.042+0000] {dagbag.py:538} INFO - Filling up the DagBag from /opt/airflow/dags/first_dag.py
[2026-01-26T09:32:43.169+0000] {processor.py:840} INFO - DAG(s) 'first_dag_v2-2' retrieved from /opt/airflow/dags/first_dag.py
[2026-01-26T09:32:43.339+0000] {logging_mixin.py:188} INFO - [2026-01-26T09:32:43.335+0000] {dag.py:3036} INFO - Sync 1 DAGs
[2026-01-26T09:32:43.459+0000] {logging_mixin.py:188} INFO - [2026-01-26T09:32:43.459+0000] {dag.py:3823} INFO - Setting next_dagrun for first_dag_v2-2 to 2026-01-25 00:00:00+00:00, run_after=2026-01-26 00:00:00+00:00
[2026-01-26T09:32:43.544+0000] {processor.py:183} INFO - Processing /opt/airflow/dags/first_dag.py took 0.523 seconds
[2026-01-26T09:33:14.569+0000] {processor.py:161} INFO - Started process (PID=3691) to work on /opt/airflow/dags/first_dag.py
[2026-01-26T09:33:14.571+0000] {processor.py:830} INFO - Processing file /opt/airflow/dags/first_dag.py for tasks to queue
[2026-01-26T09:33:14.573+0000] {logging_mixin.py:188} INFO - [2026-01-26T09:33:14.573+0000] {dagbag.py:538} INFO - Filling up the DagBag from /opt/airflow/dags/first_dag.py
[2026-01-26T09:33:14.605+0000] {processor.py:840} INFO - DAG(s) 'first_dag_v2-2' retrieved from /opt/airflow/dags/first_dag.py
[2026-01-26T09:33:14.650+0000] {logging_mixin.py:188} INFO - [2026-01-26T09:33:14.649+0000] {dag.py:3036} INFO - Sync 1 DAGs
[2026-01-26T09:33:14.690+0000] {logging_mixin.py:188} INFO - [2026-01-26T09:33:14.689+0000] {dag.py:3823} INFO - Setting next_dagrun for first_dag_v2-2 to 2026-01-25 00:00:00+00:00, run_after=2026-01-26 00:00:00+00:00
[2026-01-26T09:33:14.722+0000] {processor.py:183} INFO - Processing /opt/airflow/dags/first_dag.py took 0.157 seconds
[2026-01-26T09:33:45.598+0000] {processor.py:161} INFO - Started process (PID=3923) to work on /opt/airflow/dags/first_dag.py
[2026-01-26T09:33:45.602+0000] {processor.py:830} INFO - Processing file /opt/airflow/dags/first_dag.py for tasks to queue
[2026-01-26T09:33:45.604+0000] {logging_mixin.py:188} INFO - [2026-01-26T09:33:45.603+0000] {dagbag.py:538} INFO - Filling up the DagBag from /opt/airflow/dags/first_dag.py
[2026-01-26T09:33:45.656+0000] {processor.py:840} INFO - DAG(s) 'first_dag_v2-2' retrieved from /opt/airflow/dags/first_dag.py
[2026-01-26T09:33:45.712+0000] {logging_mixin.py:188} INFO - [2026-01-26T09:33:45.712+0000] {dag.py:3036} INFO - Sync 1 DAGs
[2026-01-26T09:33:45.741+0000] {logging_mixin.py:188} INFO - [2026-01-26T09:33:45.741+0000] {dag.py:3823} INFO - Setting next_dagrun for first_dag_v2-2 to 2026-01-25 00:00:00+00:00, run_after=2026-01-26 00:00:00+00:00
[2026-01-26T09:33:45.770+0000] {processor.py:183} INFO - Processing /opt/airflow/dags/first_dag.py took 0.181 seconds
[2026-01-26T09:34:16.788+0000] {processor.py:161} INFO - Started process (PID=4186) to work on /opt/airflow/dags/first_dag.py
[2026-01-26T09:34:16.789+0000] {processor.py:830} INFO - Processing file /opt/airflow/dags/first_dag.py for tasks to queue
[2026-01-26T09:34:16.791+0000] {logging_mixin.py:188} INFO - [2026-01-26T09:34:16.791+0000] {dagbag.py:538} INFO - Filling up the DagBag from /opt/airflow/dags/first_dag.py
[2026-01-26T09:34:16.833+0000] {processor.py:840} INFO - DAG(s) 'first_dag_v2-2' retrieved from /opt/airflow/dags/first_dag.py
[2026-01-26T09:34:16.893+0000] {logging_mixin.py:188} INFO - [2026-01-26T09:34:16.893+0000] {dag.py:3036} INFO - Sync 1 DAGs
[2026-01-26T09:34:16.942+0000] {logging_mixin.py:188} INFO - [2026-01-26T09:34:16.942+0000] {dag.py:3823} INFO - Setting next_dagrun for first_dag_v2-2 to 2026-01-25 00:00:00+00:00, run_after=2026-01-26 00:00:00+00:00
[2026-01-26T09:34:16.987+0000] {processor.py:183} INFO - Processing /opt/airflow/dags/first_dag.py took 0.204 seconds
[2026-01-26T09:34:47.261+0000] {processor.py:161} INFO - Started process (PID=4449) to work on /opt/airflow/dags/first_dag.py
[2026-01-26T09:34:47.266+0000] {processor.py:830} INFO - Processing file /opt/airflow/dags/first_dag.py for tasks to queue
[2026-01-26T09:34:47.270+0000] {logging_mixin.py:188} INFO - [2026-01-26T09:34:47.269+0000] {dagbag.py:538} INFO - Filling up the DagBag from /opt/airflow/dags/first_dag.py
[2026-01-26T09:34:47.352+0000] {processor.py:840} INFO - DAG(s) 'first_dag_v2-2' retrieved from /opt/airflow/dags/first_dag.py
[2026-01-26T09:34:47.412+0000] {logging_mixin.py:188} INFO - [2026-01-26T09:34:47.411+0000] {dag.py:3036} INFO - Sync 1 DAGs
[2026-01-26T09:34:47.485+0000] {logging_mixin.py:188} INFO - [2026-01-26T09:34:47.484+0000] {dag.py:3823} INFO - Setting next_dagrun for first_dag_v2-2 to 2026-01-25 00:00:00+00:00, run_after=2026-01-26 00:00:00+00:00
[2026-01-26T09:34:47.536+0000] {processor.py:183} INFO - Processing /opt/airflow/dags/first_dag.py took 0.283 seconds
[2026-01-26T09:35:17.837+0000] {processor.py:161} INFO - Started process (PID=4687) to work on /opt/airflow/dags/first_dag.py
[2026-01-26T09:35:17.839+0000] {processor.py:830} INFO - Processing file /opt/airflow/dags/first_dag.py for tasks to queue
[2026-01-26T09:35:17.844+0000] {logging_mixin.py:188} INFO - [2026-01-26T09:35:17.843+0000] {dagbag.py:538} INFO - Filling up the DagBag from /opt/airflow/dags/first_dag.py
[2026-01-26T09:35:17.938+0000] {processor.py:840} INFO - DAG(s) 'first_dag_v2-2' retrieved from /opt/airflow/dags/first_dag.py
[2026-01-26T09:35:18.052+0000] {logging_mixin.py:188} INFO - [2026-01-26T09:35:18.052+0000] {dag.py:3036} INFO - Sync 1 DAGs
[2026-01-26T09:35:18.125+0000] {logging_mixin.py:188} INFO - [2026-01-26T09:35:18.125+0000] {dag.py:3823} INFO - Setting next_dagrun for first_dag_v2-2 to 2026-01-25 00:00:00+00:00, run_after=2026-01-26 00:00:00+00:00
[2026-01-26T09:35:18.197+0000] {processor.py:183} INFO - Processing /opt/airflow/dags/first_dag.py took 0.368 seconds
[2026-01-26T09:35:48.915+0000] {processor.py:161} INFO - Started process (PID=4992) to work on /opt/airflow/dags/first_dag.py
[2026-01-26T09:35:48.940+0000] {processor.py:830} INFO - Processing file /opt/airflow/dags/first_dag.py for tasks to queue
[2026-01-26T09:35:48.956+0000] {logging_mixin.py:188} INFO - [2026-01-26T09:35:48.954+0000] {dagbag.py:538} INFO - Filling up the DagBag from /opt/airflow/dags/first_dag.py
[2026-01-26T09:35:49.259+0000] {processor.py:840} INFO - DAG(s) 'first_dag_v2-2' retrieved from /opt/airflow/dags/first_dag.py
[2026-01-26T09:35:49.383+0000] {logging_mixin.py:188} INFO - [2026-01-26T09:35:49.383+0000] {dag.py:3036} INFO - Sync 1 DAGs
[2026-01-26T09:35:49.485+0000] {logging_mixin.py:188} INFO - [2026-01-26T09:35:49.484+0000] {dag.py:3823} INFO - Setting next_dagrun for first_dag_v2-2 to 2026-01-25 00:00:00+00:00, run_after=2026-01-26 00:00:00+00:00
[2026-01-26T09:35:49.564+0000] {processor.py:183} INFO - Processing /opt/airflow/dags/first_dag.py took 0.654 seconds
[2026-01-26T09:36:20.454+0000] {processor.py:161} INFO - Started process (PID=5261) to work on /opt/airflow/dags/first_dag.py
[2026-01-26T09:36:20.458+0000] {processor.py:830} INFO - Processing file /opt/airflow/dags/first_dag.py for tasks to queue
[2026-01-26T09:36:20.467+0000] {logging_mixin.py:188} INFO - [2026-01-26T09:36:20.466+0000] {dagbag.py:538} INFO - Filling up the DagBag from /opt/airflow/dags/first_dag.py
[2026-01-26T09:36:20.742+0000] {processor.py:840} INFO - DAG(s) 'first_dag_v2-2' retrieved from /opt/airflow/dags/first_dag.py
[2026-01-26T09:36:20.868+0000] {logging_mixin.py:188} INFO - [2026-01-26T09:36:20.867+0000] {dag.py:3036} INFO - Sync 1 DAGs
[2026-01-26T09:36:21.010+0000] {logging_mixin.py:188} INFO - [2026-01-26T09:36:21.009+0000] {dag.py:3823} INFO - Setting next_dagrun for first_dag_v2-2 to 2026-01-25 00:00:00+00:00, run_after=2026-01-26 00:00:00+00:00
[2026-01-26T09:36:21.070+0000] {processor.py:183} INFO - Processing /opt/airflow/dags/first_dag.py took 0.628 seconds
[2026-01-26T09:36:51.991+0000] {processor.py:161} INFO - Started process (PID=5528) to work on /opt/airflow/dags/first_dag.py
[2026-01-26T09:36:52.014+0000] {processor.py:830} INFO - Processing file /opt/airflow/dags/first_dag.py for tasks to queue
[2026-01-26T09:36:52.047+0000] {logging_mixin.py:188} INFO - [2026-01-26T09:36:52.047+0000] {dagbag.py:538} INFO - Filling up the DagBag from /opt/airflow/dags/first_dag.py
[2026-01-26T09:36:52.290+0000] {processor.py:840} INFO - DAG(s) 'first_dag_v2-2' retrieved from /opt/airflow/dags/first_dag.py
[2026-01-26T09:36:52.433+0000] {logging_mixin.py:188} INFO - [2026-01-26T09:36:52.432+0000] {dag.py:3036} INFO - Sync 1 DAGs
[2026-01-26T09:36:52.564+0000] {logging_mixin.py:188} INFO - [2026-01-26T09:36:52.563+0000] {dag.py:3823} INFO - Setting next_dagrun for first_dag_v2-2 to 2026-01-25 00:00:00+00:00, run_after=2026-01-26 00:00:00+00:00
[2026-01-26T09:36:52.708+0000] {processor.py:183} INFO - Processing /opt/airflow/dags/first_dag.py took 0.766 seconds
[2026-01-26T09:37:22.925+0000] {processor.py:161} INFO - Started process (PID=5610) to work on /opt/airflow/dags/first_dag.py
[2026-01-26T09:37:22.926+0000] {processor.py:830} INFO - Processing file /opt/airflow/dags/first_dag.py for tasks to queue
[2026-01-26T09:37:22.928+0000] {logging_mixin.py:188} INFO - [2026-01-26T09:37:22.927+0000] {dagbag.py:538} INFO - Filling up the DagBag from /opt/airflow/dags/first_dag.py
[2026-01-26T09:37:22.962+0000] {processor.py:840} INFO - DAG(s) 'first_dag_v2-2' retrieved from /opt/airflow/dags/first_dag.py
[2026-01-26T09:37:23.019+0000] {logging_mixin.py:188} INFO - [2026-01-26T09:37:23.018+0000] {dag.py:3036} INFO - Sync 1 DAGs
[2026-01-26T09:37:23.083+0000] {logging_mixin.py:188} INFO - [2026-01-26T09:37:23.083+0000] {dag.py:3823} INFO - Setting next_dagrun for first_dag_v2-2 to 2026-01-25 00:00:00+00:00, run_after=2026-01-26 00:00:00+00:00
[2026-01-26T09:37:23.131+0000] {processor.py:183} INFO - Processing /opt/airflow/dags/first_dag.py took 0.211 seconds
[2026-01-26T09:37:53.663+0000] {processor.py:161} INFO - Started process (PID=5639) to work on /opt/airflow/dags/first_dag.py
[2026-01-26T09:37:53.665+0000] {processor.py:830} INFO - Processing file /opt/airflow/dags/first_dag.py for tasks to queue
[2026-01-26T09:37:53.667+0000] {logging_mixin.py:188} INFO - [2026-01-26T09:37:53.666+0000] {dagbag.py:538} INFO - Filling up the DagBag from /opt/airflow/dags/first_dag.py
[2026-01-26T09:37:53.702+0000] {processor.py:840} INFO - DAG(s) 'first_dag_v2-2' retrieved from /opt/airflow/dags/first_dag.py
[2026-01-26T09:37:53.740+0000] {logging_mixin.py:188} INFO - [2026-01-26T09:37:53.740+0000] {dag.py:3036} INFO - Sync 1 DAGs
[2026-01-26T09:37:53.766+0000] {logging_mixin.py:188} INFO - [2026-01-26T09:37:53.766+0000] {dag.py:3823} INFO - Setting next_dagrun for first_dag_v2-2 to 2026-01-25 00:00:00+00:00, run_after=2026-01-26 00:00:00+00:00
[2026-01-26T09:37:53.789+0000] {processor.py:183} INFO - Processing /opt/airflow/dags/first_dag.py took 0.131 seconds
[2026-01-26T09:38:24.289+0000] {processor.py:161} INFO - Started process (PID=5666) to work on /opt/airflow/dags/first_dag.py
[2026-01-26T09:38:24.291+0000] {processor.py:830} INFO - Processing file /opt/airflow/dags/first_dag.py for tasks to queue
[2026-01-26T09:38:24.294+0000] {logging_mixin.py:188} INFO - [2026-01-26T09:38:24.293+0000] {dagbag.py:538} INFO - Filling up the DagBag from /opt/airflow/dags/first_dag.py
[2026-01-26T09:38:24.332+0000] {processor.py:840} INFO - DAG(s) 'first_dag_v2-2' retrieved from /opt/airflow/dags/first_dag.py
[2026-01-26T09:38:24.392+0000] {logging_mixin.py:188} INFO - [2026-01-26T09:38:24.391+0000] {dag.py:3036} INFO - Sync 1 DAGs
[2026-01-26T09:38:24.451+0000] {logging_mixin.py:188} INFO - [2026-01-26T09:38:24.450+0000] {dag.py:3823} INFO - Setting next_dagrun for first_dag_v2-2 to 2026-01-25 00:00:00+00:00, run_after=2026-01-26 00:00:00+00:00
[2026-01-26T09:38:24.493+0000] {processor.py:183} INFO - Processing /opt/airflow/dags/first_dag.py took 0.213 seconds
[2026-01-26T09:38:55.481+0000] {processor.py:161} INFO - Started process (PID=5710) to work on /opt/airflow/dags/first_dag.py
[2026-01-26T09:38:55.482+0000] {processor.py:830} INFO - Processing file /opt/airflow/dags/first_dag.py for tasks to queue
[2026-01-26T09:38:55.483+0000] {logging_mixin.py:188} INFO - [2026-01-26T09:38:55.482+0000] {dagbag.py:538} INFO - Filling up the DagBag from /opt/airflow/dags/first_dag.py
[2026-01-26T09:38:55.506+0000] {processor.py:840} INFO - DAG(s) 'first_dag_v2-2' retrieved from /opt/airflow/dags/first_dag.py
[2026-01-26T09:38:55.537+0000] {logging_mixin.py:188} INFO - [2026-01-26T09:38:55.537+0000] {dag.py:3036} INFO - Sync 1 DAGs
[2026-01-26T09:38:55.562+0000] {logging_mixin.py:188} INFO - [2026-01-26T09:38:55.562+0000] {dag.py:3823} INFO - Setting next_dagrun for first_dag_v2-2 to 2026-01-25 00:00:00+00:00, run_after=2026-01-26 00:00:00+00:00
[2026-01-26T09:38:55.583+0000] {processor.py:183} INFO - Processing /opt/airflow/dags/first_dag.py took 0.106 seconds
[2026-01-26T09:39:26.218+0000] {processor.py:161} INFO - Started process (PID=5736) to work on /opt/airflow/dags/first_dag.py
[2026-01-26T09:39:26.220+0000] {processor.py:830} INFO - Processing file /opt/airflow/dags/first_dag.py for tasks to queue
[2026-01-26T09:39:26.221+0000] {logging_mixin.py:188} INFO - [2026-01-26T09:39:26.221+0000] {dagbag.py:538} INFO - Filling up the DagBag from /opt/airflow/dags/first_dag.py
[2026-01-26T09:39:26.249+0000] {processor.py:840} INFO - DAG(s) 'first_dag_v2-2' retrieved from /opt/airflow/dags/first_dag.py
[2026-01-26T09:39:26.282+0000] {logging_mixin.py:188} INFO - [2026-01-26T09:39:26.281+0000] {dag.py:3036} INFO - Sync 1 DAGs
[2026-01-26T09:39:26.307+0000] {logging_mixin.py:188} INFO - [2026-01-26T09:39:26.306+0000] {dag.py:3823} INFO - Setting next_dagrun for first_dag_v2-2 to 2026-01-25 00:00:00+00:00, run_after=2026-01-26 00:00:00+00:00
[2026-01-26T09:39:26.329+0000] {processor.py:183} INFO - Processing /opt/airflow/dags/first_dag.py took 0.115 seconds
[2026-01-26T09:39:56.815+0000] {processor.py:161} INFO - Started process (PID=5762) to work on /opt/airflow/dags/first_dag.py
[2026-01-26T09:39:56.816+0000] {processor.py:830} INFO - Processing file /opt/airflow/dags/first_dag.py for tasks to queue
[2026-01-26T09:39:56.817+0000] {logging_mixin.py:188} INFO - [2026-01-26T09:39:56.817+0000] {dagbag.py:538} INFO - Filling up the DagBag from /opt/airflow/dags/first_dag.py
[2026-01-26T09:39:56.844+0000] {processor.py:840} INFO - DAG(s) 'first_dag_v2-2' retrieved from /opt/airflow/dags/first_dag.py
[2026-01-26T09:39:56.884+0000] {logging_mixin.py:188} INFO - [2026-01-26T09:39:56.883+0000] {dag.py:3036} INFO - Sync 1 DAGs
[2026-01-26T09:39:56.919+0000] {logging_mixin.py:188} INFO - [2026-01-26T09:39:56.918+0000] {dag.py:3823} INFO - Setting next_dagrun for first_dag_v2-2 to 2026-01-25 00:00:00+00:00, run_after=2026-01-26 00:00:00+00:00
[2026-01-26T09:39:56.951+0000] {processor.py:183} INFO - Processing /opt/airflow/dags/first_dag.py took 0.140 seconds
[2026-01-26T09:40:27.292+0000] {processor.py:161} INFO - Started process (PID=5788) to work on /opt/airflow/dags/first_dag.py
[2026-01-26T09:40:27.293+0000] {processor.py:830} INFO - Processing file /opt/airflow/dags/first_dag.py for tasks to queue
[2026-01-26T09:40:27.295+0000] {logging_mixin.py:188} INFO - [2026-01-26T09:40:27.294+0000] {dagbag.py:538} INFO - Filling up the DagBag from /opt/airflow/dags/first_dag.py
[2026-01-26T09:40:27.316+0000] {processor.py:840} INFO - DAG(s) 'first_dag_v2-2' retrieved from /opt/airflow/dags/first_dag.py
[2026-01-26T09:40:27.343+0000] {logging_mixin.py:188} INFO - [2026-01-26T09:40:27.343+0000] {dag.py:3036} INFO - Sync 1 DAGs
[2026-01-26T09:40:27.364+0000] {logging_mixin.py:188} INFO - [2026-01-26T09:40:27.363+0000] {dag.py:3823} INFO - Setting next_dagrun for first_dag_v2-2 to 2026-01-25 00:00:00+00:00, run_after=2026-01-26 00:00:00+00:00
[2026-01-26T09:40:27.381+0000] {processor.py:183} INFO - Processing /opt/airflow/dags/first_dag.py took 0.092 seconds
[2026-01-26T09:40:57.996+0000] {processor.py:161} INFO - Started process (PID=5814) to work on /opt/airflow/dags/first_dag.py
[2026-01-26T09:40:57.998+0000] {processor.py:830} INFO - Processing file /opt/airflow/dags/first_dag.py for tasks to queue
[2026-01-26T09:40:57.999+0000] {logging_mixin.py:188} INFO - [2026-01-26T09:40:57.998+0000] {dagbag.py:538} INFO - Filling up the DagBag from /opt/airflow/dags/first_dag.py
[2026-01-26T09:40:58.032+0000] {processor.py:840} INFO - DAG(s) 'first_dag_v2-2' retrieved from /opt/airflow/dags/first_dag.py
[2026-01-26T09:40:58.070+0000] {logging_mixin.py:188} INFO - [2026-01-26T09:40:58.070+0000] {dag.py:3036} INFO - Sync 1 DAGs
[2026-01-26T09:40:58.115+0000] {logging_mixin.py:188} INFO - [2026-01-26T09:40:58.114+0000] {dag.py:3823} INFO - Setting next_dagrun for first_dag_v2-2 to 2026-01-25 00:00:00+00:00, run_after=2026-01-26 00:00:00+00:00
[2026-01-26T09:40:58.145+0000] {processor.py:183} INFO - Processing /opt/airflow/dags/first_dag.py took 0.153 seconds
[2026-01-26T09:41:28.501+0000] {processor.py:161} INFO - Started process (PID=5840) to work on /opt/airflow/dags/first_dag.py
[2026-01-26T09:41:28.502+0000] {processor.py:830} INFO - Processing file /opt/airflow/dags/first_dag.py for tasks to queue
[2026-01-26T09:41:28.503+0000] {logging_mixin.py:188} INFO - [2026-01-26T09:41:28.503+0000] {dagbag.py:538} INFO - Filling up the DagBag from /opt/airflow/dags/first_dag.py
[2026-01-26T09:41:28.533+0000] {processor.py:840} INFO - DAG(s) 'first_dag_v2-2' retrieved from /opt/airflow/dags/first_dag.py
[2026-01-26T09:41:28.572+0000] {logging_mixin.py:188} INFO - [2026-01-26T09:41:28.572+0000] {dag.py:3036} INFO - Sync 1 DAGs
[2026-01-26T09:41:28.604+0000] {logging_mixin.py:188} INFO - [2026-01-26T09:41:28.604+0000] {dag.py:3823} INFO - Setting next_dagrun for first_dag_v2-2 to 2026-01-25 00:00:00+00:00, run_after=2026-01-26 00:00:00+00:00
[2026-01-26T09:41:28.629+0000] {processor.py:183} INFO - Processing /opt/airflow/dags/first_dag.py took 0.132 seconds
[2026-01-26T09:41:59.173+0000] {processor.py:161} INFO - Started process (PID=5866) to work on /opt/airflow/dags/first_dag.py
[2026-01-26T09:41:59.174+0000] {processor.py:830} INFO - Processing file /opt/airflow/dags/first_dag.py for tasks to queue
[2026-01-26T09:41:59.175+0000] {logging_mixin.py:188} INFO - [2026-01-26T09:41:59.175+0000] {dagbag.py:538} INFO - Filling up the DagBag from /opt/airflow/dags/first_dag.py
[2026-01-26T09:41:59.199+0000] {processor.py:840} INFO - DAG(s) 'first_dag_v2-2' retrieved from /opt/airflow/dags/first_dag.py
[2026-01-26T09:41:59.232+0000] {logging_mixin.py:188} INFO - [2026-01-26T09:41:59.231+0000] {dag.py:3036} INFO - Sync 1 DAGs
[2026-01-26T09:41:59.256+0000] {logging_mixin.py:188} INFO - [2026-01-26T09:41:59.256+0000] {dag.py:3823} INFO - Setting next_dagrun for first_dag_v2-2 to 2026-01-25 00:00:00+00:00, run_after=2026-01-26 00:00:00+00:00
[2026-01-26T09:41:59.276+0000] {processor.py:183} INFO - Processing /opt/airflow/dags/first_dag.py took 0.107 seconds
[2026-01-26T09:44:59.737+0000] {processor.py:161} INFO - Started process (PID=197) to work on /opt/airflow/dags/first_dag.py
[2026-01-26T09:44:59.739+0000] {processor.py:830} INFO - Processing file /opt/airflow/dags/first_dag.py for tasks to queue
[2026-01-26T09:44:59.741+0000] {logging_mixin.py:188} INFO - [2026-01-26T09:44:59.740+0000] {dagbag.py:538} INFO - Filling up the DagBag from /opt/airflow/dags/first_dag.py
[2026-01-26T09:44:59.769+0000] {processor.py:840} INFO - DAG(s) 'first_dag_v2-2' retrieved from /opt/airflow/dags/first_dag.py
[2026-01-26T09:44:59.879+0000] {logging_mixin.py:188} INFO - [2026-01-26T09:44:59.878+0000] {dag.py:3036} INFO - Sync 1 DAGs
[2026-01-26T09:44:59.904+0000] {logging_mixin.py:188} INFO - [2026-01-26T09:44:59.904+0000] {dag.py:3823} INFO - Setting next_dagrun for first_dag_v2-2 to 2026-01-25 00:00:00+00:00, run_after=2026-01-26 00:00:00+00:00
[2026-01-26T09:44:59.932+0000] {processor.py:183} INFO - Processing /opt/airflow/dags/first_dag.py took 0.202 seconds
[2026-01-26T09:45:30.395+0000] {processor.py:161} INFO - Started process (PID=223) to work on /opt/airflow/dags/first_dag.py
[2026-01-26T09:45:30.397+0000] {processor.py:830} INFO - Processing file /opt/airflow/dags/first_dag.py for tasks to queue
[2026-01-26T09:45:30.398+0000] {logging_mixin.py:188} INFO - [2026-01-26T09:45:30.398+0000] {dagbag.py:538} INFO - Filling up the DagBag from /opt/airflow/dags/first_dag.py
[2026-01-26T09:45:30.421+0000] {processor.py:840} INFO - DAG(s) 'first_dag_v2-2' retrieved from /opt/airflow/dags/first_dag.py
[2026-01-26T09:45:30.450+0000] {logging_mixin.py:188} INFO - [2026-01-26T09:45:30.449+0000] {dag.py:3036} INFO - Sync 1 DAGs
[2026-01-26T09:45:30.473+0000] {logging_mixin.py:188} INFO - [2026-01-26T09:45:30.473+0000] {dag.py:3823} INFO - Setting next_dagrun for first_dag_v2-2 to 2026-01-25 00:00:00+00:00, run_after=2026-01-26 00:00:00+00:00
[2026-01-26T09:45:30.492+0000] {processor.py:183} INFO - Processing /opt/airflow/dags/first_dag.py took 0.102 seconds
[2026-01-26T09:46:01.342+0000] {processor.py:161} INFO - Started process (PID=251) to work on /opt/airflow/dags/first_dag.py
[2026-01-26T09:46:01.344+0000] {processor.py:830} INFO - Processing file /opt/airflow/dags/first_dag.py for tasks to queue
[2026-01-26T09:46:01.348+0000] {logging_mixin.py:188} INFO - [2026-01-26T09:46:01.347+0000] {dagbag.py:538} INFO - Filling up the DagBag from /opt/airflow/dags/first_dag.py
[2026-01-26T09:46:01.421+0000] {processor.py:840} INFO - DAG(s) 'first_dag_v2-2' retrieved from /opt/airflow/dags/first_dag.py
[2026-01-26T09:46:01.486+0000] {logging_mixin.py:188} INFO - [2026-01-26T09:46:01.486+0000] {dag.py:3036} INFO - Sync 1 DAGs
[2026-01-26T09:46:01.524+0000] {logging_mixin.py:188} INFO - [2026-01-26T09:46:01.523+0000] {dag.py:3823} INFO - Setting next_dagrun for first_dag_v2-2 to 2026-01-25 00:00:00+00:00, run_after=2026-01-26 00:00:00+00:00
[2026-01-26T09:46:01.553+0000] {processor.py:183} INFO - Processing /opt/airflow/dags/first_dag.py took 0.217 seconds
[2026-01-26T09:46:31.844+0000] {processor.py:161} INFO - Started process (PID=283) to work on /opt/airflow/dags/first_dag.py
[2026-01-26T09:46:31.845+0000] {processor.py:830} INFO - Processing file /opt/airflow/dags/first_dag.py for tasks to queue
[2026-01-26T09:46:31.846+0000] {logging_mixin.py:188} INFO - [2026-01-26T09:46:31.846+0000] {dagbag.py:538} INFO - Filling up the DagBag from /opt/airflow/dags/first_dag.py
[2026-01-26T09:46:31.869+0000] {processor.py:840} INFO - DAG(s) 'first_dag_v2-2' retrieved from /opt/airflow/dags/first_dag.py
[2026-01-26T09:46:31.900+0000] {logging_mixin.py:188} INFO - [2026-01-26T09:46:31.900+0000] {dag.py:3036} INFO - Sync 1 DAGs
[2026-01-26T09:46:31.923+0000] {logging_mixin.py:188} INFO - [2026-01-26T09:46:31.922+0000] {dag.py:3823} INFO - Setting next_dagrun for first_dag_v2-2 to 2026-01-25 00:00:00+00:00, run_after=2026-01-26 00:00:00+00:00
[2026-01-26T09:46:31.945+0000] {processor.py:183} INFO - Processing /opt/airflow/dags/first_dag.py took 0.105 seconds
