[2026-01-26T09:18:48.259+0000] {processor.py:161} INFO - Started process (PID=191) to work on /opt/airflow/dags/order_flow.py
[2026-01-26T09:18:48.262+0000] {processor.py:830} INFO - Processing file /opt/airflow/dags/order_flow.py for tasks to queue
[2026-01-26T09:18:48.269+0000] {logging_mixin.py:188} INFO - [2026-01-26T09:18:48.269+0000] {dagbag.py:538} INFO - Filling up the DagBag from /opt/airflow/dags/order_flow.py
[2026-01-26T09:18:48.420+0000] {logging_mixin.py:188} INFO - [2026-01-26T09:18:48.390+0000] {dagbag.py:348} ERROR - Failed to import: /opt/airflow/dags/order_flow.py
Traceback (most recent call last):
  File "/home/airflow/.local/lib/python3.8/site-packages/airflow/models/dagbag.py", line 344, in parse
    loader.exec_module(new_module)
  File "<frozen importlib._bootstrap_external>", line 843, in exec_module
  File "<frozen importlib._bootstrap>", line 219, in _call_with_frames_removed
  File "/opt/airflow/dags/order_flow.py", line 3, in <module>
    from airflow.decorators import DAG
ImportError: cannot import name 'DAG' from 'airflow.decorators' (/home/airflow/.local/lib/python3.8/site-packages/airflow/decorators/__init__.py)
[2026-01-26T09:18:48.425+0000] {processor.py:842} WARNING - No viable dags retrieved from /opt/airflow/dags/order_flow.py
[2026-01-26T09:18:48.503+0000] {processor.py:183} INFO - Processing /opt/airflow/dags/order_flow.py took 0.254 seconds
[2026-01-26T09:19:19.403+0000] {processor.py:161} INFO - Started process (PID=223) to work on /opt/airflow/dags/order_flow.py
[2026-01-26T09:19:19.404+0000] {processor.py:830} INFO - Processing file /opt/airflow/dags/order_flow.py for tasks to queue
[2026-01-26T09:19:19.406+0000] {logging_mixin.py:188} INFO - [2026-01-26T09:19:19.405+0000] {dagbag.py:538} INFO - Filling up the DagBag from /opt/airflow/dags/order_flow.py
[2026-01-26T09:19:19.426+0000] {logging_mixin.py:188} INFO - [2026-01-26T09:19:19.422+0000] {dagbag.py:348} ERROR - Failed to import: /opt/airflow/dags/order_flow.py
Traceback (most recent call last):
  File "/home/airflow/.local/lib/python3.8/site-packages/airflow/models/dagbag.py", line 344, in parse
    loader.exec_module(new_module)
  File "<frozen importlib._bootstrap_external>", line 843, in exec_module
  File "<frozen importlib._bootstrap>", line 219, in _call_with_frames_removed
  File "/opt/airflow/dags/order_flow.py", line 3, in <module>
    from airflow.decorators import DAG
ImportError: cannot import name 'DAG' from 'airflow.decorators' (/home/airflow/.local/lib/python3.8/site-packages/airflow/decorators/__init__.py)
[2026-01-26T09:19:19.428+0000] {processor.py:842} WARNING - No viable dags retrieved from /opt/airflow/dags/order_flow.py
[2026-01-26T09:19:19.463+0000] {processor.py:183} INFO - Processing /opt/airflow/dags/order_flow.py took 0.098 seconds
[2026-01-26T09:19:50.033+0000] {processor.py:161} INFO - Started process (PID=249) to work on /opt/airflow/dags/order_flow.py
[2026-01-26T09:19:50.036+0000] {processor.py:830} INFO - Processing file /opt/airflow/dags/order_flow.py for tasks to queue
[2026-01-26T09:19:50.038+0000] {logging_mixin.py:188} INFO - [2026-01-26T09:19:50.037+0000] {dagbag.py:538} INFO - Filling up the DagBag from /opt/airflow/dags/order_flow.py
[2026-01-26T09:19:50.067+0000] {logging_mixin.py:188} INFO - [2026-01-26T09:19:50.060+0000] {dagbag.py:348} ERROR - Failed to import: /opt/airflow/dags/order_flow.py
Traceback (most recent call last):
  File "/home/airflow/.local/lib/python3.8/site-packages/airflow/models/dagbag.py", line 344, in parse
    loader.exec_module(new_module)
  File "<frozen importlib._bootstrap_external>", line 843, in exec_module
  File "<frozen importlib._bootstrap>", line 219, in _call_with_frames_removed
  File "/opt/airflow/dags/order_flow.py", line 3, in <module>
    from airflow.decorators import DAG
ImportError: cannot import name 'DAG' from 'airflow.decorators' (/home/airflow/.local/lib/python3.8/site-packages/airflow/decorators/__init__.py)
[2026-01-26T09:19:50.069+0000] {processor.py:842} WARNING - No viable dags retrieved from /opt/airflow/dags/order_flow.py
[2026-01-26T09:19:50.111+0000] {processor.py:183} INFO - Processing /opt/airflow/dags/order_flow.py took 0.086 seconds
[2026-01-26T09:20:20.724+0000] {processor.py:161} INFO - Started process (PID=275) to work on /opt/airflow/dags/order_flow.py
[2026-01-26T09:20:20.726+0000] {processor.py:830} INFO - Processing file /opt/airflow/dags/order_flow.py for tasks to queue
[2026-01-26T09:20:20.730+0000] {logging_mixin.py:188} INFO - [2026-01-26T09:20:20.729+0000] {dagbag.py:538} INFO - Filling up the DagBag from /opt/airflow/dags/order_flow.py
[2026-01-26T09:20:20.774+0000] {logging_mixin.py:188} INFO - [2026-01-26T09:20:20.764+0000] {dagbag.py:348} ERROR - Failed to import: /opt/airflow/dags/order_flow.py
Traceback (most recent call last):
  File "/home/airflow/.local/lib/python3.8/site-packages/airflow/models/dagbag.py", line 344, in parse
    loader.exec_module(new_module)
  File "<frozen importlib._bootstrap_external>", line 843, in exec_module
  File "<frozen importlib._bootstrap>", line 219, in _call_with_frames_removed
  File "/opt/airflow/dags/order_flow.py", line 3, in <module>
    from airflow.decorators import DAG
ImportError: cannot import name 'DAG' from 'airflow.decorators' (/home/airflow/.local/lib/python3.8/site-packages/airflow/decorators/__init__.py)
[2026-01-26T09:20:20.777+0000] {processor.py:842} WARNING - No viable dags retrieved from /opt/airflow/dags/order_flow.py
[2026-01-26T09:20:20.832+0000] {processor.py:183} INFO - Processing /opt/airflow/dags/order_flow.py took 0.119 seconds
[2026-01-26T09:20:51.502+0000] {processor.py:161} INFO - Started process (PID=301) to work on /opt/airflow/dags/order_flow.py
[2026-01-26T09:20:51.503+0000] {processor.py:830} INFO - Processing file /opt/airflow/dags/order_flow.py for tasks to queue
[2026-01-26T09:20:51.504+0000] {logging_mixin.py:188} INFO - [2026-01-26T09:20:51.504+0000] {dagbag.py:538} INFO - Filling up the DagBag from /opt/airflow/dags/order_flow.py
[2026-01-26T09:20:51.524+0000] {logging_mixin.py:188} INFO - [2026-01-26T09:20:51.519+0000] {dagbag.py:348} ERROR - Failed to import: /opt/airflow/dags/order_flow.py
Traceback (most recent call last):
  File "/home/airflow/.local/lib/python3.8/site-packages/airflow/models/dagbag.py", line 344, in parse
    loader.exec_module(new_module)
  File "<frozen importlib._bootstrap_external>", line 843, in exec_module
  File "<frozen importlib._bootstrap>", line 219, in _call_with_frames_removed
  File "/opt/airflow/dags/order_flow.py", line 3, in <module>
    from airflow.decorators import DAG
ImportError: cannot import name 'DAG' from 'airflow.decorators' (/home/airflow/.local/lib/python3.8/site-packages/airflow/decorators/__init__.py)
[2026-01-26T09:20:51.525+0000] {processor.py:842} WARNING - No viable dags retrieved from /opt/airflow/dags/order_flow.py
[2026-01-26T09:20:51.552+0000] {processor.py:183} INFO - Processing /opt/airflow/dags/order_flow.py took 0.055 seconds
[2026-01-26T09:21:22.146+0000] {processor.py:161} INFO - Started process (PID=327) to work on /opt/airflow/dags/order_flow.py
[2026-01-26T09:21:22.148+0000] {processor.py:830} INFO - Processing file /opt/airflow/dags/order_flow.py for tasks to queue
[2026-01-26T09:21:22.150+0000] {logging_mixin.py:188} INFO - [2026-01-26T09:21:22.149+0000] {dagbag.py:538} INFO - Filling up the DagBag from /opt/airflow/dags/order_flow.py
[2026-01-26T09:21:22.175+0000] {logging_mixin.py:188} INFO - [2026-01-26T09:21:22.170+0000] {dagbag.py:348} ERROR - Failed to import: /opt/airflow/dags/order_flow.py
Traceback (most recent call last):
  File "/home/airflow/.local/lib/python3.8/site-packages/airflow/models/dagbag.py", line 344, in parse
    loader.exec_module(new_module)
  File "<frozen importlib._bootstrap_external>", line 843, in exec_module
  File "<frozen importlib._bootstrap>", line 219, in _call_with_frames_removed
  File "/opt/airflow/dags/order_flow.py", line 3, in <module>
    from airflow.decorators import DAG
ImportError: cannot import name 'DAG' from 'airflow.decorators' (/home/airflow/.local/lib/python3.8/site-packages/airflow/decorators/__init__.py)
[2026-01-26T09:21:22.177+0000] {processor.py:842} WARNING - No viable dags retrieved from /opt/airflow/dags/order_flow.py
[2026-01-26T09:21:22.212+0000] {processor.py:183} INFO - Processing /opt/airflow/dags/order_flow.py took 0.072 seconds
[2026-01-26T09:21:52.810+0000] {processor.py:161} INFO - Started process (PID=353) to work on /opt/airflow/dags/order_flow.py
[2026-01-26T09:21:52.812+0000] {processor.py:830} INFO - Processing file /opt/airflow/dags/order_flow.py for tasks to queue
[2026-01-26T09:21:52.814+0000] {logging_mixin.py:188} INFO - [2026-01-26T09:21:52.813+0000] {dagbag.py:538} INFO - Filling up the DagBag from /opt/airflow/dags/order_flow.py
[2026-01-26T09:21:52.852+0000] {logging_mixin.py:188} INFO - [2026-01-26T09:21:52.841+0000] {dagbag.py:348} ERROR - Failed to import: /opt/airflow/dags/order_flow.py
Traceback (most recent call last):
  File "/home/airflow/.local/lib/python3.8/site-packages/airflow/models/dagbag.py", line 344, in parse
    loader.exec_module(new_module)
  File "<frozen importlib._bootstrap_external>", line 843, in exec_module
  File "<frozen importlib._bootstrap>", line 219, in _call_with_frames_removed
  File "/opt/airflow/dags/order_flow.py", line 3, in <module>
    from airflow.decorators import DAG
ImportError: cannot import name 'DAG' from 'airflow.decorators' (/home/airflow/.local/lib/python3.8/site-packages/airflow/decorators/__init__.py)
[2026-01-26T09:21:52.856+0000] {processor.py:842} WARNING - No viable dags retrieved from /opt/airflow/dags/order_flow.py
[2026-01-26T09:21:52.891+0000] {processor.py:183} INFO - Processing /opt/airflow/dags/order_flow.py took 0.090 seconds
[2026-01-26T09:22:23.488+0000] {processor.py:161} INFO - Started process (PID=379) to work on /opt/airflow/dags/order_flow.py
[2026-01-26T09:22:23.489+0000] {processor.py:830} INFO - Processing file /opt/airflow/dags/order_flow.py for tasks to queue
[2026-01-26T09:22:23.491+0000] {logging_mixin.py:188} INFO - [2026-01-26T09:22:23.490+0000] {dagbag.py:538} INFO - Filling up the DagBag from /opt/airflow/dags/order_flow.py
[2026-01-26T09:22:23.516+0000] {logging_mixin.py:188} INFO - [2026-01-26T09:22:23.511+0000] {dagbag.py:348} ERROR - Failed to import: /opt/airflow/dags/order_flow.py
Traceback (most recent call last):
  File "/home/airflow/.local/lib/python3.8/site-packages/airflow/models/dagbag.py", line 344, in parse
    loader.exec_module(new_module)
  File "<frozen importlib._bootstrap_external>", line 843, in exec_module
  File "<frozen importlib._bootstrap>", line 219, in _call_with_frames_removed
  File "/opt/airflow/dags/order_flow.py", line 3, in <module>
    from airflow.decorators import DAG
ImportError: cannot import name 'DAG' from 'airflow.decorators' (/home/airflow/.local/lib/python3.8/site-packages/airflow/decorators/__init__.py)
[2026-01-26T09:22:23.518+0000] {processor.py:842} WARNING - No viable dags retrieved from /opt/airflow/dags/order_flow.py
[2026-01-26T09:22:23.549+0000] {processor.py:183} INFO - Processing /opt/airflow/dags/order_flow.py took 0.067 seconds
[2026-01-26T09:22:54.088+0000] {processor.py:161} INFO - Started process (PID=405) to work on /opt/airflow/dags/order_flow.py
[2026-01-26T09:22:54.090+0000] {processor.py:830} INFO - Processing file /opt/airflow/dags/order_flow.py for tasks to queue
[2026-01-26T09:22:54.091+0000] {logging_mixin.py:188} INFO - [2026-01-26T09:22:54.091+0000] {dagbag.py:538} INFO - Filling up the DagBag from /opt/airflow/dags/order_flow.py
[2026-01-26T09:22:54.116+0000] {logging_mixin.py:188} INFO - [2026-01-26T09:22:54.110+0000] {dagbag.py:348} ERROR - Failed to import: /opt/airflow/dags/order_flow.py
Traceback (most recent call last):
  File "/home/airflow/.local/lib/python3.8/site-packages/airflow/models/dagbag.py", line 344, in parse
    loader.exec_module(new_module)
  File "<frozen importlib._bootstrap_external>", line 843, in exec_module
  File "<frozen importlib._bootstrap>", line 219, in _call_with_frames_removed
  File "/opt/airflow/dags/order_flow.py", line 3, in <module>
    from airflow.decorators import DAG
ImportError: cannot import name 'DAG' from 'airflow.decorators' (/home/airflow/.local/lib/python3.8/site-packages/airflow/decorators/__init__.py)
[2026-01-26T09:22:54.118+0000] {processor.py:842} WARNING - No viable dags retrieved from /opt/airflow/dags/order_flow.py
[2026-01-26T09:22:54.146+0000] {processor.py:183} INFO - Processing /opt/airflow/dags/order_flow.py took 0.063 seconds
[2026-01-26T09:22:55.522+0000] {processor.py:161} INFO - Started process (PID=425) to work on /opt/airflow/dags/order_flow.py
[2026-01-26T09:22:55.524+0000] {processor.py:830} INFO - Processing file /opt/airflow/dags/order_flow.py for tasks to queue
[2026-01-26T09:22:55.525+0000] {logging_mixin.py:188} INFO - [2026-01-26T09:22:55.525+0000] {dagbag.py:538} INFO - Filling up the DagBag from /opt/airflow/dags/order_flow.py
[2026-01-26T09:22:55.571+0000] {processor.py:840} INFO - DAG(s) 'order_flow' retrieved from /opt/airflow/dags/order_flow.py
[2026-01-26T09:22:55.728+0000] {logging_mixin.py:188} INFO - [2026-01-26T09:22:55.727+0000] {override.py:1769} INFO - Created Permission View: can read on DAG:order_flow
[2026-01-26T09:22:55.741+0000] {logging_mixin.py:188} INFO - [2026-01-26T09:22:55.740+0000] {override.py:1769} INFO - Created Permission View: can delete on DAG:order_flow
[2026-01-26T09:22:55.750+0000] {logging_mixin.py:188} INFO - [2026-01-26T09:22:55.749+0000] {override.py:1769} INFO - Created Permission View: can edit on DAG:order_flow
[2026-01-26T09:22:55.750+0000] {logging_mixin.py:188} INFO - [2026-01-26T09:22:55.750+0000] {dag.py:3036} INFO - Sync 1 DAGs
[2026-01-26T09:22:55.763+0000] {logging_mixin.py:188} INFO - [2026-01-26T09:22:55.763+0000] {dag.py:3058} INFO - Creating ORM DAG for order_flow
[2026-01-26T09:22:55.775+0000] {logging_mixin.py:188} INFO - [2026-01-26T09:22:55.775+0000] {dag.py:3823} INFO - Setting next_dagrun for order_flow to 2024-02-01 00:00:00+00:00, run_after=2024-02-02 00:00:00+00:00
[2026-01-26T09:22:55.801+0000] {processor.py:183} INFO - Processing /opt/airflow/dags/order_flow.py took 0.282 seconds
[2026-01-26T09:22:56.604+0000] {processor.py:161} INFO - Started process (PID=430) to work on /opt/airflow/dags/order_flow.py
[2026-01-26T09:22:56.606+0000] {processor.py:830} INFO - Processing file /opt/airflow/dags/order_flow.py for tasks to queue
[2026-01-26T09:22:56.608+0000] {logging_mixin.py:188} INFO - [2026-01-26T09:22:56.607+0000] {dagbag.py:538} INFO - Filling up the DagBag from /opt/airflow/dags/order_flow.py
[2026-01-26T09:22:56.654+0000] {processor.py:840} INFO - DAG(s) 'order_flow' retrieved from /opt/airflow/dags/order_flow.py
[2026-01-26T09:22:56.669+0000] {logging_mixin.py:188} INFO - [2026-01-26T09:22:56.669+0000] {dag.py:3036} INFO - Sync 1 DAGs
[2026-01-26T09:22:56.699+0000] {logging_mixin.py:188} INFO - [2026-01-26T09:22:56.698+0000] {dag.py:3823} INFO - Setting next_dagrun for order_flow to 2024-02-01 00:00:00+00:00, run_after=2024-02-02 00:00:00+00:00
[2026-01-26T09:22:56.742+0000] {processor.py:183} INFO - Processing /opt/airflow/dags/order_flow.py took 0.144 seconds
[2026-01-26T09:23:27.350+0000] {processor.py:161} INFO - Started process (PID=552) to work on /opt/airflow/dags/order_flow.py
[2026-01-26T09:23:27.354+0000] {processor.py:830} INFO - Processing file /opt/airflow/dags/order_flow.py for tasks to queue
[2026-01-26T09:23:27.356+0000] {logging_mixin.py:188} INFO - [2026-01-26T09:23:27.355+0000] {dagbag.py:538} INFO - Filling up the DagBag from /opt/airflow/dags/order_flow.py
[2026-01-26T09:23:27.391+0000] {processor.py:840} INFO - DAG(s) 'order_flow' retrieved from /opt/airflow/dags/order_flow.py
[2026-01-26T09:23:27.431+0000] {logging_mixin.py:188} INFO - [2026-01-26T09:23:27.431+0000] {dag.py:3036} INFO - Sync 1 DAGs
[2026-01-26T09:23:27.494+0000] {processor.py:183} INFO - Processing /opt/airflow/dags/order_flow.py took 0.149 seconds
[2026-01-26T09:23:57.826+0000] {processor.py:161} INFO - Started process (PID=578) to work on /opt/airflow/dags/order_flow.py
[2026-01-26T09:23:57.827+0000] {processor.py:830} INFO - Processing file /opt/airflow/dags/order_flow.py for tasks to queue
[2026-01-26T09:23:57.828+0000] {logging_mixin.py:188} INFO - [2026-01-26T09:23:57.828+0000] {dagbag.py:538} INFO - Filling up the DagBag from /opt/airflow/dags/order_flow.py
[2026-01-26T09:23:57.849+0000] {processor.py:840} INFO - DAG(s) 'order_flow' retrieved from /opt/airflow/dags/order_flow.py
[2026-01-26T09:23:57.880+0000] {logging_mixin.py:188} INFO - [2026-01-26T09:23:57.879+0000] {dag.py:3036} INFO - Sync 1 DAGs
[2026-01-26T09:23:57.922+0000] {processor.py:183} INFO - Processing /opt/airflow/dags/order_flow.py took 0.099 seconds
[2026-01-26T09:24:28.379+0000] {processor.py:161} INFO - Started process (PID=604) to work on /opt/airflow/dags/order_flow.py
[2026-01-26T09:24:28.380+0000] {processor.py:830} INFO - Processing file /opt/airflow/dags/order_flow.py for tasks to queue
[2026-01-26T09:24:28.382+0000] {logging_mixin.py:188} INFO - [2026-01-26T09:24:28.381+0000] {dagbag.py:538} INFO - Filling up the DagBag from /opt/airflow/dags/order_flow.py
[2026-01-26T09:24:28.414+0000] {processor.py:840} INFO - DAG(s) 'order_flow' retrieved from /opt/airflow/dags/order_flow.py
[2026-01-26T09:24:28.452+0000] {logging_mixin.py:188} INFO - [2026-01-26T09:24:28.452+0000] {dag.py:3036} INFO - Sync 1 DAGs
[2026-01-26T09:24:28.503+0000] {processor.py:183} INFO - Processing /opt/airflow/dags/order_flow.py took 0.129 seconds
[2026-01-26T09:24:59.042+0000] {processor.py:161} INFO - Started process (PID=630) to work on /opt/airflow/dags/order_flow.py
[2026-01-26T09:24:59.043+0000] {processor.py:830} INFO - Processing file /opt/airflow/dags/order_flow.py for tasks to queue
[2026-01-26T09:24:59.044+0000] {logging_mixin.py:188} INFO - [2026-01-26T09:24:59.044+0000] {dagbag.py:538} INFO - Filling up the DagBag from /opt/airflow/dags/order_flow.py
[2026-01-26T09:24:59.067+0000] {processor.py:840} INFO - DAG(s) 'order_flow' retrieved from /opt/airflow/dags/order_flow.py
[2026-01-26T09:24:59.096+0000] {logging_mixin.py:188} INFO - [2026-01-26T09:24:59.095+0000] {dag.py:3036} INFO - Sync 1 DAGs
[2026-01-26T09:24:59.134+0000] {processor.py:183} INFO - Processing /opt/airflow/dags/order_flow.py took 0.095 seconds
[2026-01-26T09:25:29.624+0000] {processor.py:161} INFO - Started process (PID=656) to work on /opt/airflow/dags/order_flow.py
[2026-01-26T09:25:29.626+0000] {processor.py:830} INFO - Processing file /opt/airflow/dags/order_flow.py for tasks to queue
[2026-01-26T09:25:29.627+0000] {logging_mixin.py:188} INFO - [2026-01-26T09:25:29.627+0000] {dagbag.py:538} INFO - Filling up the DagBag from /opt/airflow/dags/order_flow.py
[2026-01-26T09:25:29.664+0000] {processor.py:840} INFO - DAG(s) 'order_flow' retrieved from /opt/airflow/dags/order_flow.py
[2026-01-26T09:25:29.708+0000] {logging_mixin.py:188} INFO - [2026-01-26T09:25:29.708+0000] {dag.py:3036} INFO - Sync 1 DAGs
[2026-01-26T09:25:29.796+0000] {processor.py:183} INFO - Processing /opt/airflow/dags/order_flow.py took 0.177 seconds
[2026-01-26T09:26:00.071+0000] {processor.py:161} INFO - Started process (PID=682) to work on /opt/airflow/dags/order_flow.py
[2026-01-26T09:26:00.073+0000] {processor.py:830} INFO - Processing file /opt/airflow/dags/order_flow.py for tasks to queue
[2026-01-26T09:26:00.074+0000] {logging_mixin.py:188} INFO - [2026-01-26T09:26:00.074+0000] {dagbag.py:538} INFO - Filling up the DagBag from /opt/airflow/dags/order_flow.py
[2026-01-26T09:26:00.111+0000] {processor.py:840} INFO - DAG(s) 'order_flow' retrieved from /opt/airflow/dags/order_flow.py
[2026-01-26T09:26:00.192+0000] {logging_mixin.py:188} INFO - [2026-01-26T09:26:00.191+0000] {dag.py:3036} INFO - Sync 1 DAGs
[2026-01-26T09:26:00.420+0000] {processor.py:183} INFO - Processing /opt/airflow/dags/order_flow.py took 0.353 seconds
[2026-01-26T09:26:30.864+0000] {processor.py:161} INFO - Started process (PID=708) to work on /opt/airflow/dags/order_flow.py
[2026-01-26T09:26:30.865+0000] {processor.py:830} INFO - Processing file /opt/airflow/dags/order_flow.py for tasks to queue
[2026-01-26T09:26:30.867+0000] {logging_mixin.py:188} INFO - [2026-01-26T09:26:30.866+0000] {dagbag.py:538} INFO - Filling up the DagBag from /opt/airflow/dags/order_flow.py
[2026-01-26T09:26:30.898+0000] {processor.py:840} INFO - DAG(s) 'order_flow' retrieved from /opt/airflow/dags/order_flow.py
[2026-01-26T09:26:31.118+0000] {logging_mixin.py:188} INFO - [2026-01-26T09:26:31.118+0000] {dag.py:3036} INFO - Sync 1 DAGs
[2026-01-26T09:26:31.134+0000] {logging_mixin.py:188} INFO - [2026-01-26T09:26:31.134+0000] {dag.py:3058} INFO - Creating ORM DAG for order_flow
[2026-01-26T09:26:31.151+0000] {logging_mixin.py:188} INFO - [2026-01-26T09:26:31.151+0000] {dag.py:3823} INFO - Setting next_dagrun for order_flow to 2024-02-01 00:00:00+00:00, run_after=2024-02-02 00:00:00+00:00
[2026-01-26T09:26:31.178+0000] {processor.py:183} INFO - Processing /opt/airflow/dags/order_flow.py took 0.320 seconds
[2026-01-26T09:26:45.259+0000] {processor.py:161} INFO - Started process (PID=713) to work on /opt/airflow/dags/order_flow.py
[2026-01-26T09:26:45.261+0000] {processor.py:830} INFO - Processing file /opt/airflow/dags/order_flow.py for tasks to queue
[2026-01-26T09:26:45.263+0000] {logging_mixin.py:188} INFO - [2026-01-26T09:26:45.262+0000] {dagbag.py:538} INFO - Filling up the DagBag from /opt/airflow/dags/order_flow.py
[2026-01-26T09:26:45.309+0000] {logging_mixin.py:188} INFO - [2026-01-26T09:26:45.302+0000] {dagbag.py:348} ERROR - Failed to import: /opt/airflow/dags/order_flow.py
Traceback (most recent call last):
  File "/home/airflow/.local/lib/python3.8/site-packages/airflow/models/dagbag.py", line 344, in parse
    loader.exec_module(new_module)
  File "<frozen importlib._bootstrap_external>", line 843, in exec_module
  File "<frozen importlib._bootstrap>", line 219, in _call_with_frames_removed
  File "/opt/airflow/dags/order_flow.py", line 3, in <module>
    from airflow.decorators import DAG
ImportError: cannot import name 'DAG' from 'airflow.decorators' (/home/airflow/.local/lib/python3.8/site-packages/airflow/decorators/__init__.py)
[2026-01-26T09:26:45.313+0000] {processor.py:842} WARNING - No viable dags retrieved from /opt/airflow/dags/order_flow.py
[2026-01-26T09:26:45.345+0000] {processor.py:183} INFO - Processing /opt/airflow/dags/order_flow.py took 0.093 seconds
[2026-01-26T09:27:04.798+0000] {processor.py:161} INFO - Started process (PID=739) to work on /opt/airflow/dags/order_flow.py
[2026-01-26T09:27:04.801+0000] {processor.py:830} INFO - Processing file /opt/airflow/dags/order_flow.py for tasks to queue
[2026-01-26T09:27:04.803+0000] {logging_mixin.py:188} INFO - [2026-01-26T09:27:04.803+0000] {dagbag.py:538} INFO - Filling up the DagBag from /opt/airflow/dags/order_flow.py
[2026-01-26T09:27:04.875+0000] {processor.py:840} INFO - DAG(s) 'order_flow_v2' retrieved from /opt/airflow/dags/order_flow.py
[2026-01-26T09:27:05.065+0000] {logging_mixin.py:188} INFO - [2026-01-26T09:27:05.064+0000] {override.py:1769} INFO - Created Permission View: can read on DAG:order_flow_v2
[2026-01-26T09:27:05.082+0000] {logging_mixin.py:188} INFO - [2026-01-26T09:27:05.081+0000] {override.py:1769} INFO - Created Permission View: can delete on DAG:order_flow_v2
[2026-01-26T09:27:05.098+0000] {logging_mixin.py:188} INFO - [2026-01-26T09:27:05.098+0000] {override.py:1769} INFO - Created Permission View: can edit on DAG:order_flow_v2
[2026-01-26T09:27:05.100+0000] {logging_mixin.py:188} INFO - [2026-01-26T09:27:05.099+0000] {dag.py:3036} INFO - Sync 1 DAGs
[2026-01-26T09:27:05.120+0000] {logging_mixin.py:188} INFO - [2026-01-26T09:27:05.119+0000] {dag.py:3058} INFO - Creating ORM DAG for order_flow_v2
[2026-01-26T09:27:05.141+0000] {logging_mixin.py:188} INFO - [2026-01-26T09:27:05.140+0000] {dag.py:3823} INFO - Setting next_dagrun for order_flow_v2 to 2024-02-01 00:00:00+00:00, run_after=2024-02-02 00:00:00+00:00
[2026-01-26T09:27:05.178+0000] {processor.py:183} INFO - Processing /opt/airflow/dags/order_flow.py took 0.389 seconds
[2026-01-26T09:27:35.839+0000] {processor.py:161} INFO - Started process (PID=925) to work on /opt/airflow/dags/order_flow.py
[2026-01-26T09:27:35.843+0000] {processor.py:830} INFO - Processing file /opt/airflow/dags/order_flow.py for tasks to queue
[2026-01-26T09:27:35.845+0000] {logging_mixin.py:188} INFO - [2026-01-26T09:27:35.845+0000] {dagbag.py:538} INFO - Filling up the DagBag from /opt/airflow/dags/order_flow.py
[2026-01-26T09:27:35.928+0000] {processor.py:840} INFO - DAG(s) 'order_flow_v2' retrieved from /opt/airflow/dags/order_flow.py
[2026-01-26T09:27:36.078+0000] {logging_mixin.py:188} INFO - [2026-01-26T09:27:36.077+0000] {dag.py:3036} INFO - Sync 1 DAGs
[2026-01-26T09:27:36.192+0000] {logging_mixin.py:188} INFO - [2026-01-26T09:27:36.191+0000] {dag.py:3823} INFO - Setting next_dagrun for order_flow_v2 to 2024-03-01 00:00:00+00:00, run_after=2024-03-02 00:00:00+00:00
[2026-01-26T09:27:36.269+0000] {processor.py:183} INFO - Processing /opt/airflow/dags/order_flow.py took 0.438 seconds
[2026-01-26T09:28:06.768+0000] {processor.py:161} INFO - Started process (PID=1150) to work on /opt/airflow/dags/order_flow.py
[2026-01-26T09:28:06.779+0000] {processor.py:830} INFO - Processing file /opt/airflow/dags/order_flow.py for tasks to queue
[2026-01-26T09:28:06.782+0000] {logging_mixin.py:188} INFO - [2026-01-26T09:28:06.781+0000] {dagbag.py:538} INFO - Filling up the DagBag from /opt/airflow/dags/order_flow.py
[2026-01-26T09:28:06.965+0000] {processor.py:840} INFO - DAG(s) 'order_flow_v2' retrieved from /opt/airflow/dags/order_flow.py
[2026-01-26T09:28:07.101+0000] {logging_mixin.py:188} INFO - [2026-01-26T09:28:07.101+0000] {dag.py:3036} INFO - Sync 1 DAGs
[2026-01-26T09:28:07.536+0000] {logging_mixin.py:188} INFO - [2026-01-26T09:28:07.535+0000] {dag.py:3823} INFO - Setting next_dagrun for order_flow_v2 to 2024-04-05 00:00:00+00:00, run_after=2024-04-06 00:00:00+00:00
[2026-01-26T09:28:07.715+0000] {processor.py:183} INFO - Processing /opt/airflow/dags/order_flow.py took 0.990 seconds
[2026-01-26T09:28:37.944+0000] {processor.py:161} INFO - Started process (PID=1381) to work on /opt/airflow/dags/order_flow.py
[2026-01-26T09:28:37.946+0000] {processor.py:830} INFO - Processing file /opt/airflow/dags/order_flow.py for tasks to queue
[2026-01-26T09:28:37.950+0000] {logging_mixin.py:188} INFO - [2026-01-26T09:28:37.949+0000] {dagbag.py:538} INFO - Filling up the DagBag from /opt/airflow/dags/order_flow.py
[2026-01-26T09:28:38.000+0000] {processor.py:840} INFO - DAG(s) 'order_flow_v2' retrieved from /opt/airflow/dags/order_flow.py
[2026-01-26T09:28:38.072+0000] {logging_mixin.py:188} INFO - [2026-01-26T09:28:38.072+0000] {dag.py:3036} INFO - Sync 1 DAGs
[2026-01-26T09:28:38.138+0000] {logging_mixin.py:188} INFO - [2026-01-26T09:28:38.138+0000] {dag.py:3823} INFO - Setting next_dagrun for order_flow_v2 to 2024-05-04 00:00:00+00:00, run_after=2024-05-05 00:00:00+00:00
[2026-01-26T09:28:38.180+0000] {processor.py:183} INFO - Processing /opt/airflow/dags/order_flow.py took 0.249 seconds
[2026-01-26T09:29:09.100+0000] {processor.py:161} INFO - Started process (PID=1629) to work on /opt/airflow/dags/order_flow.py
[2026-01-26T09:29:09.102+0000] {processor.py:830} INFO - Processing file /opt/airflow/dags/order_flow.py for tasks to queue
[2026-01-26T09:29:09.105+0000] {logging_mixin.py:188} INFO - [2026-01-26T09:29:09.104+0000] {dagbag.py:538} INFO - Filling up the DagBag from /opt/airflow/dags/order_flow.py
[2026-01-26T09:29:09.188+0000] {processor.py:840} INFO - DAG(s) 'order_flow_v2' retrieved from /opt/airflow/dags/order_flow.py
[2026-01-26T09:29:09.265+0000] {logging_mixin.py:188} INFO - [2026-01-26T09:29:09.264+0000] {dag.py:3036} INFO - Sync 1 DAGs
[2026-01-26T09:29:09.362+0000] {logging_mixin.py:188} INFO - [2026-01-26T09:29:09.362+0000] {dag.py:3823} INFO - Setting next_dagrun for order_flow_v2 to 2024-06-14 00:00:00+00:00, run_after=2024-06-15 00:00:00+00:00
[2026-01-26T09:29:09.427+0000] {processor.py:183} INFO - Processing /opt/airflow/dags/order_flow.py took 0.341 seconds
[2026-01-26T09:29:39.860+0000] {processor.py:161} INFO - Started process (PID=1823) to work on /opt/airflow/dags/order_flow.py
[2026-01-26T09:29:39.861+0000] {processor.py:830} INFO - Processing file /opt/airflow/dags/order_flow.py for tasks to queue
[2026-01-26T09:29:39.862+0000] {logging_mixin.py:188} INFO - [2026-01-26T09:29:39.862+0000] {dagbag.py:538} INFO - Filling up the DagBag from /opt/airflow/dags/order_flow.py
[2026-01-26T09:29:39.888+0000] {processor.py:840} INFO - DAG(s) 'order_flow_v2' retrieved from /opt/airflow/dags/order_flow.py
[2026-01-26T09:29:39.917+0000] {logging_mixin.py:188} INFO - [2026-01-26T09:29:39.917+0000] {dag.py:3036} INFO - Sync 1 DAGs
[2026-01-26T09:29:39.942+0000] {logging_mixin.py:188} INFO - [2026-01-26T09:29:39.942+0000] {dag.py:3823} INFO - Setting next_dagrun for order_flow_v2 to 2024-07-08 00:00:00+00:00, run_after=2024-07-09 00:00:00+00:00
[2026-01-26T09:29:39.962+0000] {processor.py:183} INFO - Processing /opt/airflow/dags/order_flow.py took 0.106 seconds
[2026-01-26T09:30:10.393+0000] {processor.py:161} INFO - Started process (PID=2056) to work on /opt/airflow/dags/order_flow.py
[2026-01-26T09:30:10.397+0000] {processor.py:830} INFO - Processing file /opt/airflow/dags/order_flow.py for tasks to queue
[2026-01-26T09:30:10.405+0000] {logging_mixin.py:188} INFO - [2026-01-26T09:30:10.404+0000] {dagbag.py:538} INFO - Filling up the DagBag from /opt/airflow/dags/order_flow.py
[2026-01-26T09:30:10.534+0000] {processor.py:840} INFO - DAG(s) 'order_flow_v2' retrieved from /opt/airflow/dags/order_flow.py
[2026-01-26T09:30:10.736+0000] {logging_mixin.py:188} INFO - [2026-01-26T09:30:10.734+0000] {dag.py:3036} INFO - Sync 1 DAGs
[2026-01-26T09:30:10.907+0000] {logging_mixin.py:188} INFO - [2026-01-26T09:30:10.907+0000] {dag.py:3823} INFO - Setting next_dagrun for order_flow_v2 to 2024-08-13 00:00:00+00:00, run_after=2024-08-14 00:00:00+00:00
[2026-01-26T09:30:10.965+0000] {processor.py:183} INFO - Processing /opt/airflow/dags/order_flow.py took 0.586 seconds
[2026-01-26T09:30:41.225+0000] {processor.py:161} INFO - Started process (PID=2330) to work on /opt/airflow/dags/order_flow.py
[2026-01-26T09:30:41.228+0000] {processor.py:830} INFO - Processing file /opt/airflow/dags/order_flow.py for tasks to queue
[2026-01-26T09:30:41.235+0000] {logging_mixin.py:188} INFO - [2026-01-26T09:30:41.234+0000] {dagbag.py:538} INFO - Filling up the DagBag from /opt/airflow/dags/order_flow.py
[2026-01-26T09:30:41.332+0000] {processor.py:840} INFO - DAG(s) 'order_flow_v2' retrieved from /opt/airflow/dags/order_flow.py
[2026-01-26T09:30:41.419+0000] {logging_mixin.py:188} INFO - [2026-01-26T09:30:41.418+0000] {dag.py:3036} INFO - Sync 1 DAGs
[2026-01-26T09:30:41.477+0000] {logging_mixin.py:188} INFO - [2026-01-26T09:30:41.477+0000] {dag.py:3823} INFO - Setting next_dagrun for order_flow_v2 to 2024-09-23 00:00:00+00:00, run_after=2024-09-24 00:00:00+00:00
[2026-01-26T09:30:41.516+0000] {processor.py:183} INFO - Processing /opt/airflow/dags/order_flow.py took 0.301 seconds
[2026-01-26T09:31:11.930+0000] {processor.py:161} INFO - Started process (PID=2596) to work on /opt/airflow/dags/order_flow.py
[2026-01-26T09:31:11.934+0000] {processor.py:830} INFO - Processing file /opt/airflow/dags/order_flow.py for tasks to queue
[2026-01-26T09:31:11.940+0000] {logging_mixin.py:188} INFO - [2026-01-26T09:31:11.939+0000] {dagbag.py:538} INFO - Filling up the DagBag from /opt/airflow/dags/order_flow.py
[2026-01-26T09:31:12.025+0000] {processor.py:840} INFO - DAG(s) 'order_flow_v2' retrieved from /opt/airflow/dags/order_flow.py
[2026-01-26T09:31:12.079+0000] {logging_mixin.py:188} INFO - [2026-01-26T09:31:12.079+0000] {dag.py:3036} INFO - Sync 1 DAGs
[2026-01-26T09:31:12.162+0000] {logging_mixin.py:188} INFO - [2026-01-26T09:31:12.153+0000] {dag.py:3823} INFO - Setting next_dagrun for order_flow_v2 to 2024-11-03 00:00:00+00:00, run_after=2024-11-04 00:00:00+00:00
[2026-01-26T09:31:12.250+0000] {processor.py:183} INFO - Processing /opt/airflow/dags/order_flow.py took 0.343 seconds
[2026-01-26T09:31:42.863+0000] {processor.py:161} INFO - Started process (PID=2863) to work on /opt/airflow/dags/order_flow.py
[2026-01-26T09:31:42.865+0000] {processor.py:830} INFO - Processing file /opt/airflow/dags/order_flow.py for tasks to queue
[2026-01-26T09:31:42.868+0000] {logging_mixin.py:188} INFO - [2026-01-26T09:31:42.867+0000] {dagbag.py:538} INFO - Filling up the DagBag from /opt/airflow/dags/order_flow.py
[2026-01-26T09:31:42.915+0000] {processor.py:840} INFO - DAG(s) 'order_flow_v2' retrieved from /opt/airflow/dags/order_flow.py
[2026-01-26T09:31:42.976+0000] {logging_mixin.py:188} INFO - [2026-01-26T09:31:42.975+0000] {dag.py:3036} INFO - Sync 1 DAGs
[2026-01-26T09:31:43.026+0000] {logging_mixin.py:188} INFO - [2026-01-26T09:31:43.026+0000] {dag.py:3823} INFO - Setting next_dagrun for order_flow_v2 to 2024-12-11 00:00:00+00:00, run_after=2024-12-12 00:00:00+00:00
[2026-01-26T09:31:43.066+0000] {processor.py:183} INFO - Processing /opt/airflow/dags/order_flow.py took 0.208 seconds
[2026-01-26T09:32:13.862+0000] {processor.py:161} INFO - Started process (PID=3114) to work on /opt/airflow/dags/order_flow.py
[2026-01-26T09:32:13.867+0000] {processor.py:830} INFO - Processing file /opt/airflow/dags/order_flow.py for tasks to queue
[2026-01-26T09:32:13.872+0000] {logging_mixin.py:188} INFO - [2026-01-26T09:32:13.872+0000] {dagbag.py:538} INFO - Filling up the DagBag from /opt/airflow/dags/order_flow.py
[2026-01-26T09:32:13.920+0000] {processor.py:840} INFO - DAG(s) 'order_flow_v2' retrieved from /opt/airflow/dags/order_flow.py
[2026-01-26T09:32:13.966+0000] {logging_mixin.py:188} INFO - [2026-01-26T09:32:13.965+0000] {dag.py:3036} INFO - Sync 1 DAGs
[2026-01-26T09:32:14.004+0000] {logging_mixin.py:188} INFO - [2026-01-26T09:32:14.004+0000] {dag.py:3823} INFO - Setting next_dagrun for order_flow_v2 to 2025-01-18 00:00:00+00:00, run_after=2025-01-19 00:00:00+00:00
[2026-01-26T09:32:14.042+0000] {processor.py:183} INFO - Processing /opt/airflow/dags/order_flow.py took 0.186 seconds
[2026-01-26T09:32:44.998+0000] {processor.py:161} INFO - Started process (PID=3420) to work on /opt/airflow/dags/order_flow.py
[2026-01-26T09:32:45.002+0000] {processor.py:830} INFO - Processing file /opt/airflow/dags/order_flow.py for tasks to queue
[2026-01-26T09:32:45.005+0000] {logging_mixin.py:188} INFO - [2026-01-26T09:32:45.004+0000] {dagbag.py:538} INFO - Filling up the DagBag from /opt/airflow/dags/order_flow.py
[2026-01-26T09:32:45.064+0000] {processor.py:840} INFO - DAG(s) 'order_flow_v2' retrieved from /opt/airflow/dags/order_flow.py
[2026-01-26T09:32:45.133+0000] {logging_mixin.py:188} INFO - [2026-01-26T09:32:45.133+0000] {dag.py:3036} INFO - Sync 1 DAGs
[2026-01-26T09:32:45.207+0000] {logging_mixin.py:188} INFO - [2026-01-26T09:32:45.207+0000] {dag.py:3823} INFO - Setting next_dagrun for order_flow_v2 to 2025-03-07 00:00:00+00:00, run_after=2025-03-08 00:00:00+00:00
[2026-01-26T09:32:45.255+0000] {processor.py:183} INFO - Processing /opt/airflow/dags/order_flow.py took 0.281 seconds
[2026-01-26T09:33:15.662+0000] {processor.py:161} INFO - Started process (PID=3698) to work on /opt/airflow/dags/order_flow.py
[2026-01-26T09:33:15.664+0000] {processor.py:830} INFO - Processing file /opt/airflow/dags/order_flow.py for tasks to queue
[2026-01-26T09:33:15.666+0000] {logging_mixin.py:188} INFO - [2026-01-26T09:33:15.665+0000] {dagbag.py:538} INFO - Filling up the DagBag from /opt/airflow/dags/order_flow.py
[2026-01-26T09:33:15.690+0000] {processor.py:840} INFO - DAG(s) 'order_flow_v2' retrieved from /opt/airflow/dags/order_flow.py
[2026-01-26T09:33:15.722+0000] {logging_mixin.py:188} INFO - [2026-01-26T09:33:15.722+0000] {dag.py:3036} INFO - Sync 1 DAGs
[2026-01-26T09:33:15.748+0000] {logging_mixin.py:188} INFO - [2026-01-26T09:33:15.747+0000] {dag.py:3823} INFO - Setting next_dagrun for order_flow_v2 to 2025-04-16 00:00:00+00:00, run_after=2025-04-17 00:00:00+00:00
[2026-01-26T09:33:15.766+0000] {processor.py:183} INFO - Processing /opt/airflow/dags/order_flow.py took 0.108 seconds
[2026-01-26T09:33:45.833+0000] {processor.py:161} INFO - Started process (PID=3928) to work on /opt/airflow/dags/order_flow.py
[2026-01-26T09:33:45.834+0000] {processor.py:830} INFO - Processing file /opt/airflow/dags/order_flow.py for tasks to queue
[2026-01-26T09:33:45.835+0000] {logging_mixin.py:188} INFO - [2026-01-26T09:33:45.835+0000] {dagbag.py:538} INFO - Filling up the DagBag from /opt/airflow/dags/order_flow.py
[2026-01-26T09:33:45.866+0000] {processor.py:840} INFO - DAG(s) 'order_flow_v2' retrieved from /opt/airflow/dags/order_flow.py
[2026-01-26T09:33:45.903+0000] {logging_mixin.py:188} INFO - [2026-01-26T09:33:45.903+0000] {dag.py:3036} INFO - Sync 1 DAGs
[2026-01-26T09:33:45.932+0000] {logging_mixin.py:188} INFO - [2026-01-26T09:33:45.932+0000] {dag.py:3823} INFO - Setting next_dagrun for order_flow_v2 to 2025-05-20 00:00:00+00:00, run_after=2025-05-21 00:00:00+00:00
[2026-01-26T09:33:45.960+0000] {processor.py:183} INFO - Processing /opt/airflow/dags/order_flow.py took 0.132 seconds
[2026-01-26T09:34:16.776+0000] {processor.py:161} INFO - Started process (PID=4183) to work on /opt/airflow/dags/order_flow.py
[2026-01-26T09:34:16.777+0000] {processor.py:830} INFO - Processing file /opt/airflow/dags/order_flow.py for tasks to queue
[2026-01-26T09:34:16.780+0000] {logging_mixin.py:188} INFO - [2026-01-26T09:34:16.779+0000] {dagbag.py:538} INFO - Filling up the DagBag from /opt/airflow/dags/order_flow.py
[2026-01-26T09:34:16.824+0000] {processor.py:840} INFO - DAG(s) 'order_flow_v2' retrieved from /opt/airflow/dags/order_flow.py
[2026-01-26T09:34:16.887+0000] {logging_mixin.py:188} INFO - [2026-01-26T09:34:16.887+0000] {dag.py:3036} INFO - Sync 1 DAGs
[2026-01-26T09:34:16.930+0000] {logging_mixin.py:188} INFO - [2026-01-26T09:34:16.929+0000] {dag.py:3823} INFO - Setting next_dagrun for order_flow_v2 to 2025-06-28 00:00:00+00:00, run_after=2025-06-29 00:00:00+00:00
[2026-01-26T09:34:16.981+0000] {processor.py:183} INFO - Processing /opt/airflow/dags/order_flow.py took 0.211 seconds
[2026-01-26T09:34:47.253+0000] {processor.py:161} INFO - Started process (PID=4446) to work on /opt/airflow/dags/order_flow.py
[2026-01-26T09:34:47.257+0000] {processor.py:830} INFO - Processing file /opt/airflow/dags/order_flow.py for tasks to queue
[2026-01-26T09:34:47.264+0000] {logging_mixin.py:188} INFO - [2026-01-26T09:34:47.262+0000] {dagbag.py:538} INFO - Filling up the DagBag from /opt/airflow/dags/order_flow.py
[2026-01-26T09:34:47.333+0000] {processor.py:840} INFO - DAG(s) 'order_flow_v2' retrieved from /opt/airflow/dags/order_flow.py
[2026-01-26T09:34:47.392+0000] {logging_mixin.py:188} INFO - [2026-01-26T09:34:47.392+0000] {dag.py:3036} INFO - Sync 1 DAGs
[2026-01-26T09:34:47.461+0000] {logging_mixin.py:188} INFO - [2026-01-26T09:34:47.461+0000] {dag.py:3823} INFO - Setting next_dagrun for order_flow_v2 to 2025-08-08 00:00:00+00:00, run_after=2025-08-09 00:00:00+00:00
[2026-01-26T09:34:47.528+0000] {processor.py:183} INFO - Processing /opt/airflow/dags/order_flow.py took 0.286 seconds
[2026-01-26T09:35:17.791+0000] {processor.py:161} INFO - Started process (PID=4684) to work on /opt/airflow/dags/order_flow.py
[2026-01-26T09:35:17.796+0000] {processor.py:830} INFO - Processing file /opt/airflow/dags/order_flow.py for tasks to queue
[2026-01-26T09:35:17.800+0000] {logging_mixin.py:188} INFO - [2026-01-26T09:35:17.799+0000] {dagbag.py:538} INFO - Filling up the DagBag from /opt/airflow/dags/order_flow.py
[2026-01-26T09:35:17.886+0000] {processor.py:840} INFO - DAG(s) 'order_flow_v2' retrieved from /opt/airflow/dags/order_flow.py
[2026-01-26T09:35:17.997+0000] {logging_mixin.py:188} INFO - [2026-01-26T09:35:17.997+0000] {dag.py:3036} INFO - Sync 1 DAGs
[2026-01-26T09:35:18.101+0000] {logging_mixin.py:188} INFO - [2026-01-26T09:35:18.098+0000] {dag.py:3823} INFO - Setting next_dagrun for order_flow_v2 to 2025-09-15 00:00:00+00:00, run_after=2025-09-16 00:00:00+00:00
[2026-01-26T09:35:18.170+0000] {processor.py:183} INFO - Processing /opt/airflow/dags/order_flow.py took 0.394 seconds
[2026-01-26T09:35:48.865+0000] {processor.py:161} INFO - Started process (PID=4985) to work on /opt/airflow/dags/order_flow.py
[2026-01-26T09:35:48.892+0000] {processor.py:830} INFO - Processing file /opt/airflow/dags/order_flow.py for tasks to queue
[2026-01-26T09:35:48.894+0000] {logging_mixin.py:188} INFO - [2026-01-26T09:35:48.894+0000] {dagbag.py:538} INFO - Filling up the DagBag from /opt/airflow/dags/order_flow.py
[2026-01-26T09:35:49.068+0000] {processor.py:840} INFO - DAG(s) 'order_flow_v2' retrieved from /opt/airflow/dags/order_flow.py
[2026-01-26T09:35:49.380+0000] {logging_mixin.py:188} INFO - [2026-01-26T09:35:49.379+0000] {dag.py:3036} INFO - Sync 1 DAGs
[2026-01-26T09:35:49.522+0000] {logging_mixin.py:188} INFO - [2026-01-26T09:35:49.521+0000] {dag.py:3823} INFO - Setting next_dagrun for order_flow_v2 to 2025-10-31 00:00:00+00:00, run_after=2025-11-01 00:00:00+00:00
[2026-01-26T09:35:49.660+0000] {processor.py:183} INFO - Processing /opt/airflow/dags/order_flow.py took 0.807 seconds
[2026-01-26T09:36:20.364+0000] {processor.py:161} INFO - Started process (PID=5258) to work on /opt/airflow/dags/order_flow.py
[2026-01-26T09:36:20.373+0000] {processor.py:830} INFO - Processing file /opt/airflow/dags/order_flow.py for tasks to queue
[2026-01-26T09:36:20.388+0000] {logging_mixin.py:188} INFO - [2026-01-26T09:36:20.387+0000] {dagbag.py:538} INFO - Filling up the DagBag from /opt/airflow/dags/order_flow.py
[2026-01-26T09:36:20.587+0000] {processor.py:840} INFO - DAG(s) 'order_flow_v2' retrieved from /opt/airflow/dags/order_flow.py
[2026-01-26T09:36:20.794+0000] {logging_mixin.py:188} INFO - [2026-01-26T09:36:20.793+0000] {dag.py:3036} INFO - Sync 1 DAGs
[2026-01-26T09:36:20.935+0000] {logging_mixin.py:188} INFO - [2026-01-26T09:36:20.934+0000] {dag.py:3823} INFO - Setting next_dagrun for order_flow_v2 to 2025-12-09 00:00:00+00:00, run_after=2025-12-10 00:00:00+00:00
[2026-01-26T09:36:21.062+0000] {processor.py:183} INFO - Processing /opt/airflow/dags/order_flow.py took 0.711 seconds
[2026-01-26T09:36:51.952+0000] {processor.py:161} INFO - Started process (PID=5521) to work on /opt/airflow/dags/order_flow.py
[2026-01-26T09:36:51.999+0000] {processor.py:830} INFO - Processing file /opt/airflow/dags/order_flow.py for tasks to queue
[2026-01-26T09:36:52.002+0000] {logging_mixin.py:188} INFO - [2026-01-26T09:36:52.001+0000] {dagbag.py:538} INFO - Filling up the DagBag from /opt/airflow/dags/order_flow.py
[2026-01-26T09:36:52.285+0000] {processor.py:840} INFO - DAG(s) 'order_flow_v2' retrieved from /opt/airflow/dags/order_flow.py
[2026-01-26T09:36:52.400+0000] {logging_mixin.py:188} INFO - [2026-01-26T09:36:52.400+0000] {dag.py:3036} INFO - Sync 1 DAGs
[2026-01-26T09:36:52.631+0000] {logging_mixin.py:188} INFO - [2026-01-26T09:36:52.631+0000] {dag.py:3823} INFO - Setting next_dagrun for order_flow_v2 to 2026-01-18 00:00:00+00:00, run_after=2026-01-19 00:00:00+00:00
[2026-01-26T09:36:52.800+0000] {processor.py:183} INFO - Processing /opt/airflow/dags/order_flow.py took 0.854 seconds
[2026-01-26T09:37:23.202+0000] {processor.py:161} INFO - Started process (PID=5615) to work on /opt/airflow/dags/order_flow.py
[2026-01-26T09:37:23.203+0000] {processor.py:830} INFO - Processing file /opt/airflow/dags/order_flow.py for tasks to queue
[2026-01-26T09:37:23.205+0000] {logging_mixin.py:188} INFO - [2026-01-26T09:37:23.204+0000] {dagbag.py:538} INFO - Filling up the DagBag from /opt/airflow/dags/order_flow.py
[2026-01-26T09:37:23.231+0000] {processor.py:840} INFO - DAG(s) 'order_flow_v2' retrieved from /opt/airflow/dags/order_flow.py
[2026-01-26T09:37:23.261+0000] {logging_mixin.py:188} INFO - [2026-01-26T09:37:23.261+0000] {dag.py:3036} INFO - Sync 1 DAGs
[2026-01-26T09:37:23.289+0000] {logging_mixin.py:188} INFO - [2026-01-26T09:37:23.289+0000] {dag.py:3823} INFO - Setting next_dagrun for order_flow_v2 to 2026-01-26 00:00:00+00:00, run_after=2026-01-27 00:00:00+00:00
[2026-01-26T09:37:23.315+0000] {processor.py:183} INFO - Processing /opt/airflow/dags/order_flow.py took 0.118 seconds
[2026-01-26T09:37:53.651+0000] {processor.py:161} INFO - Started process (PID=5636) to work on /opt/airflow/dags/order_flow.py
[2026-01-26T09:37:53.653+0000] {processor.py:830} INFO - Processing file /opt/airflow/dags/order_flow.py for tasks to queue
[2026-01-26T09:37:53.654+0000] {logging_mixin.py:188} INFO - [2026-01-26T09:37:53.654+0000] {dagbag.py:538} INFO - Filling up the DagBag from /opt/airflow/dags/order_flow.py
[2026-01-26T09:37:53.686+0000] {processor.py:840} INFO - DAG(s) 'order_flow_v2' retrieved from /opt/airflow/dags/order_flow.py
[2026-01-26T09:37:53.728+0000] {logging_mixin.py:188} INFO - [2026-01-26T09:37:53.728+0000] {dag.py:3036} INFO - Sync 1 DAGs
[2026-01-26T09:37:53.757+0000] {logging_mixin.py:188} INFO - [2026-01-26T09:37:53.757+0000] {dag.py:3823} INFO - Setting next_dagrun for order_flow_v2 to 2026-01-26 00:00:00+00:00, run_after=2026-01-27 00:00:00+00:00
[2026-01-26T09:37:53.780+0000] {processor.py:183} INFO - Processing /opt/airflow/dags/order_flow.py took 0.134 seconds
[2026-01-26T09:38:24.269+0000] {processor.py:161} INFO - Started process (PID=5663) to work on /opt/airflow/dags/order_flow.py
[2026-01-26T09:38:24.271+0000] {processor.py:830} INFO - Processing file /opt/airflow/dags/order_flow.py for tasks to queue
[2026-01-26T09:38:24.273+0000] {logging_mixin.py:188} INFO - [2026-01-26T09:38:24.273+0000] {dagbag.py:538} INFO - Filling up the DagBag from /opt/airflow/dags/order_flow.py
[2026-01-26T09:38:24.322+0000] {processor.py:840} INFO - DAG(s) 'order_flow_v2' retrieved from /opt/airflow/dags/order_flow.py
[2026-01-26T09:38:24.381+0000] {logging_mixin.py:188} INFO - [2026-01-26T09:38:24.381+0000] {dag.py:3036} INFO - Sync 1 DAGs
[2026-01-26T09:38:24.441+0000] {logging_mixin.py:188} INFO - [2026-01-26T09:38:24.441+0000] {dag.py:3823} INFO - Setting next_dagrun for order_flow_v2 to 2026-01-26 00:00:00+00:00, run_after=2026-01-27 00:00:00+00:00
[2026-01-26T09:38:24.486+0000] {processor.py:183} INFO - Processing /opt/airflow/dags/order_flow.py took 0.224 seconds
[2026-01-26T09:38:35.675+0000] {processor.py:161} INFO - Started process (PID=5679) to work on /opt/airflow/dags/order_flow.py
[2026-01-26T09:38:35.677+0000] {processor.py:830} INFO - Processing file /opt/airflow/dags/order_flow.py for tasks to queue
[2026-01-26T09:38:35.679+0000] {logging_mixin.py:188} INFO - [2026-01-26T09:38:35.678+0000] {dagbag.py:538} INFO - Filling up the DagBag from /opt/airflow/dags/order_flow.py
[2026-01-26T09:38:35.716+0000] {logging_mixin.py:188} INFO - [2026-01-26T09:38:35.710+0000] {dagbag.py:348} ERROR - Failed to import: /opt/airflow/dags/order_flow.py
Traceback (most recent call last):
  File "/home/airflow/.local/lib/python3.8/site-packages/airflow/models/dagbag.py", line 344, in parse
    loader.exec_module(new_module)
  File "<frozen importlib._bootstrap_external>", line 843, in exec_module
  File "<frozen importlib._bootstrap>", line 219, in _call_with_frames_removed
  File "/opt/airflow/dags/order_flow.py", line 3, in <module>
    from airflowdecorators import DAG
ModuleNotFoundError: No module named 'airflowdecorators'
[2026-01-26T09:38:35.718+0000] {processor.py:842} WARNING - No viable dags retrieved from /opt/airflow/dags/order_flow.py
[2026-01-26T09:38:35.745+0000] {processor.py:183} INFO - Processing /opt/airflow/dags/order_flow.py took 0.073 seconds
[2026-01-26T09:38:37.708+0000] {processor.py:161} INFO - Started process (PID=5684) to work on /opt/airflow/dags/order_flow.py
[2026-01-26T09:38:37.709+0000] {processor.py:830} INFO - Processing file /opt/airflow/dags/order_flow.py for tasks to queue
[2026-01-26T09:38:37.711+0000] {logging_mixin.py:188} INFO - [2026-01-26T09:38:37.710+0000] {dagbag.py:538} INFO - Filling up the DagBag from /opt/airflow/dags/order_flow.py
[2026-01-26T09:38:37.748+0000] {logging_mixin.py:188} INFO - [2026-01-26T09:38:37.743+0000] {dagbag.py:348} ERROR - Failed to import: /opt/airflow/dags/order_flow.py
Traceback (most recent call last):
  File "/home/airflow/.local/lib/python3.8/site-packages/airflow/models/dagbag.py", line 344, in parse
    loader.exec_module(new_module)
  File "<frozen importlib._bootstrap_external>", line 843, in exec_module
  File "<frozen importlib._bootstrap>", line 219, in _call_with_frames_removed
  File "/opt/airflow/dags/order_flow.py", line 3, in <module>
    from airflow.decorators import DAG
ImportError: cannot import name 'DAG' from 'airflow.decorators' (/home/airflow/.local/lib/python3.8/site-packages/airflow/decorators/__init__.py)
[2026-01-26T09:38:37.750+0000] {processor.py:842} WARNING - No viable dags retrieved from /opt/airflow/dags/order_flow.py
[2026-01-26T09:38:37.775+0000] {processor.py:183} INFO - Processing /opt/airflow/dags/order_flow.py took 0.071 seconds
[2026-01-26T09:38:41.798+0000] {processor.py:161} INFO - Started process (PID=5689) to work on /opt/airflow/dags/order_flow.py
[2026-01-26T09:38:41.800+0000] {processor.py:830} INFO - Processing file /opt/airflow/dags/order_flow.py for tasks to queue
[2026-01-26T09:38:41.802+0000] {logging_mixin.py:188} INFO - [2026-01-26T09:38:41.801+0000] {dagbag.py:538} INFO - Filling up the DagBag from /opt/airflow/dags/order_flow.py
[2026-01-26T09:38:41.852+0000] {processor.py:840} INFO - DAG(s) 'order_flow_v2' retrieved from /opt/airflow/dags/order_flow.py
[2026-01-26T09:38:41.903+0000] {logging_mixin.py:188} INFO - [2026-01-26T09:38:41.902+0000] {dag.py:3036} INFO - Sync 1 DAGs
[2026-01-26T09:38:41.946+0000] {logging_mixin.py:188} INFO - [2026-01-26T09:38:41.946+0000] {dag.py:3823} INFO - Setting next_dagrun for order_flow_v2 to 2026-01-26 00:00:00+00:00, run_after=2026-01-27 00:00:00+00:00
[2026-01-26T09:38:41.988+0000] {processor.py:183} INFO - Processing /opt/airflow/dags/order_flow.py took 0.196 seconds
[2026-01-26T09:39:12.744+0000] {processor.py:161} INFO - Started process (PID=5715) to work on /opt/airflow/dags/order_flow.py
[2026-01-26T09:39:12.749+0000] {processor.py:830} INFO - Processing file /opt/airflow/dags/order_flow.py for tasks to queue
[2026-01-26T09:39:12.751+0000] {logging_mixin.py:188} INFO - [2026-01-26T09:39:12.751+0000] {dagbag.py:538} INFO - Filling up the DagBag from /opt/airflow/dags/order_flow.py
[2026-01-26T09:39:12.821+0000] {processor.py:840} INFO - DAG(s) 'order_flow_v2' retrieved from /opt/airflow/dags/order_flow.py
[2026-01-26T09:39:12.883+0000] {logging_mixin.py:188} INFO - [2026-01-26T09:39:12.882+0000] {dag.py:3036} INFO - Sync 1 DAGs
[2026-01-26T09:39:12.926+0000] {logging_mixin.py:188} INFO - [2026-01-26T09:39:12.925+0000] {dag.py:3823} INFO - Setting next_dagrun for order_flow_v2 to 2026-01-26 00:00:00+00:00, run_after=2026-01-27 00:00:00+00:00
[2026-01-26T09:39:12.980+0000] {processor.py:183} INFO - Processing /opt/airflow/dags/order_flow.py took 0.243 seconds
[2026-01-26T09:39:43.394+0000] {processor.py:161} INFO - Started process (PID=5741) to work on /opt/airflow/dags/order_flow.py
[2026-01-26T09:39:43.395+0000] {processor.py:830} INFO - Processing file /opt/airflow/dags/order_flow.py for tasks to queue
[2026-01-26T09:39:43.397+0000] {logging_mixin.py:188} INFO - [2026-01-26T09:39:43.396+0000] {dagbag.py:538} INFO - Filling up the DagBag from /opt/airflow/dags/order_flow.py
[2026-01-26T09:39:43.430+0000] {processor.py:840} INFO - DAG(s) 'order_flow_v2' retrieved from /opt/airflow/dags/order_flow.py
[2026-01-26T09:39:43.479+0000] {logging_mixin.py:188} INFO - [2026-01-26T09:39:43.479+0000] {dag.py:3036} INFO - Sync 1 DAGs
[2026-01-26T09:39:43.522+0000] {logging_mixin.py:188} INFO - [2026-01-26T09:39:43.522+0000] {dag.py:3823} INFO - Setting next_dagrun for order_flow_v2 to 2026-01-26 00:00:00+00:00, run_after=2026-01-27 00:00:00+00:00
[2026-01-26T09:39:43.555+0000] {processor.py:183} INFO - Processing /opt/airflow/dags/order_flow.py took 0.164 seconds
[2026-01-26T09:40:13.990+0000] {processor.py:161} INFO - Started process (PID=5767) to work on /opt/airflow/dags/order_flow.py
[2026-01-26T09:40:13.993+0000] {processor.py:830} INFO - Processing file /opt/airflow/dags/order_flow.py for tasks to queue
[2026-01-26T09:40:13.996+0000] {logging_mixin.py:188} INFO - [2026-01-26T09:40:13.995+0000] {dagbag.py:538} INFO - Filling up the DagBag from /opt/airflow/dags/order_flow.py
[2026-01-26T09:40:14.021+0000] {processor.py:840} INFO - DAG(s) 'order_flow_v2' retrieved from /opt/airflow/dags/order_flow.py
[2026-01-26T09:40:14.051+0000] {logging_mixin.py:188} INFO - [2026-01-26T09:40:14.051+0000] {dag.py:3036} INFO - Sync 1 DAGs
[2026-01-26T09:40:14.075+0000] {logging_mixin.py:188} INFO - [2026-01-26T09:40:14.075+0000] {dag.py:3823} INFO - Setting next_dagrun for order_flow_v2 to 2026-01-26 00:00:00+00:00, run_after=2026-01-27 00:00:00+00:00
[2026-01-26T09:40:14.096+0000] {processor.py:183} INFO - Processing /opt/airflow/dags/order_flow.py took 0.110 seconds
[2026-01-26T09:40:44.487+0000] {processor.py:161} INFO - Started process (PID=5793) to work on /opt/airflow/dags/order_flow.py
[2026-01-26T09:40:44.488+0000] {processor.py:830} INFO - Processing file /opt/airflow/dags/order_flow.py for tasks to queue
[2026-01-26T09:40:44.490+0000] {logging_mixin.py:188} INFO - [2026-01-26T09:40:44.489+0000] {dagbag.py:538} INFO - Filling up the DagBag from /opt/airflow/dags/order_flow.py
[2026-01-26T09:40:44.523+0000] {processor.py:840} INFO - DAG(s) 'order_flow_v2' retrieved from /opt/airflow/dags/order_flow.py
[2026-01-26T09:40:44.562+0000] {logging_mixin.py:188} INFO - [2026-01-26T09:40:44.561+0000] {dag.py:3036} INFO - Sync 1 DAGs
[2026-01-26T09:40:44.614+0000] {logging_mixin.py:188} INFO - [2026-01-26T09:40:44.613+0000] {dag.py:3823} INFO - Setting next_dagrun for order_flow_v2 to 2026-01-26 00:00:00+00:00, run_after=2026-01-27 00:00:00+00:00
[2026-01-26T09:40:44.654+0000] {processor.py:183} INFO - Processing /opt/airflow/dags/order_flow.py took 0.173 seconds
[2026-01-26T09:41:15.163+0000] {processor.py:161} INFO - Started process (PID=5819) to work on /opt/airflow/dags/order_flow.py
[2026-01-26T09:41:15.164+0000] {processor.py:830} INFO - Processing file /opt/airflow/dags/order_flow.py for tasks to queue
[2026-01-26T09:41:15.166+0000] {logging_mixin.py:188} INFO - [2026-01-26T09:41:15.165+0000] {dagbag.py:538} INFO - Filling up the DagBag from /opt/airflow/dags/order_flow.py
[2026-01-26T09:41:15.187+0000] {processor.py:840} INFO - DAG(s) 'order_flow_v2' retrieved from /opt/airflow/dags/order_flow.py
[2026-01-26T09:41:15.218+0000] {logging_mixin.py:188} INFO - [2026-01-26T09:41:15.217+0000] {dag.py:3036} INFO - Sync 1 DAGs
[2026-01-26T09:41:15.241+0000] {logging_mixin.py:188} INFO - [2026-01-26T09:41:15.241+0000] {dag.py:3823} INFO - Setting next_dagrun for order_flow_v2 to 2026-01-26 00:00:00+00:00, run_after=2026-01-27 00:00:00+00:00
[2026-01-26T09:41:15.258+0000] {processor.py:183} INFO - Processing /opt/airflow/dags/order_flow.py took 0.099 seconds
[2026-01-26T09:41:45.687+0000] {processor.py:161} INFO - Started process (PID=5845) to work on /opt/airflow/dags/order_flow.py
[2026-01-26T09:41:45.689+0000] {processor.py:830} INFO - Processing file /opt/airflow/dags/order_flow.py for tasks to queue
[2026-01-26T09:41:45.690+0000] {logging_mixin.py:188} INFO - [2026-01-26T09:41:45.690+0000] {dagbag.py:538} INFO - Filling up the DagBag from /opt/airflow/dags/order_flow.py
[2026-01-26T09:41:45.724+0000] {processor.py:840} INFO - DAG(s) 'order_flow_v2' retrieved from /opt/airflow/dags/order_flow.py
[2026-01-26T09:41:45.787+0000] {logging_mixin.py:188} INFO - [2026-01-26T09:41:45.787+0000] {dag.py:3036} INFO - Sync 1 DAGs
[2026-01-26T09:41:45.845+0000] {logging_mixin.py:188} INFO - [2026-01-26T09:41:45.845+0000] {dag.py:3823} INFO - Setting next_dagrun for order_flow_v2 to 2026-01-26 00:00:00+00:00, run_after=2026-01-27 00:00:00+00:00
[2026-01-26T09:41:45.879+0000] {processor.py:183} INFO - Processing /opt/airflow/dags/order_flow.py took 0.196 seconds
[2026-01-26T09:44:59.131+0000] {processor.py:161} INFO - Started process (PID=184) to work on /opt/airflow/dags/order_flow.py
[2026-01-26T09:44:59.138+0000] {processor.py:830} INFO - Processing file /opt/airflow/dags/order_flow.py for tasks to queue
[2026-01-26T09:44:59.141+0000] {logging_mixin.py:188} INFO - [2026-01-26T09:44:59.140+0000] {dagbag.py:538} INFO - Filling up the DagBag from /opt/airflow/dags/order_flow.py
[2026-01-26T09:44:59.218+0000] {processor.py:840} INFO - DAG(s) 'order_flow_v2' retrieved from /opt/airflow/dags/order_flow.py
[2026-01-26T09:44:59.558+0000] {logging_mixin.py:188} INFO - [2026-01-26T09:44:59.558+0000] {dag.py:3036} INFO - Sync 1 DAGs
[2026-01-26T09:44:59.606+0000] {logging_mixin.py:188} INFO - [2026-01-26T09:44:59.605+0000] {dag.py:3823} INFO - Setting next_dagrun for order_flow_v2 to 2026-01-26 00:00:00+00:00, run_after=2026-01-27 00:00:00+00:00
[2026-01-26T09:44:59.642+0000] {processor.py:183} INFO - Processing /opt/airflow/dags/order_flow.py took 0.532 seconds
[2026-01-26T09:45:30.230+0000] {processor.py:161} INFO - Started process (PID=210) to work on /opt/airflow/dags/order_flow.py
[2026-01-26T09:45:30.231+0000] {processor.py:830} INFO - Processing file /opt/airflow/dags/order_flow.py for tasks to queue
[2026-01-26T09:45:30.232+0000] {logging_mixin.py:188} INFO - [2026-01-26T09:45:30.232+0000] {dagbag.py:538} INFO - Filling up the DagBag from /opt/airflow/dags/order_flow.py
[2026-01-26T09:45:30.257+0000] {processor.py:840} INFO - DAG(s) 'order_flow_v2' retrieved from /opt/airflow/dags/order_flow.py
[2026-01-26T09:45:30.285+0000] {logging_mixin.py:188} INFO - [2026-01-26T09:45:30.284+0000] {dag.py:3036} INFO - Sync 1 DAGs
[2026-01-26T09:45:30.312+0000] {logging_mixin.py:188} INFO - [2026-01-26T09:45:30.311+0000] {dag.py:3823} INFO - Setting next_dagrun for order_flow_v2 to 2026-01-26 00:00:00+00:00, run_after=2026-01-27 00:00:00+00:00
[2026-01-26T09:45:30.334+0000] {processor.py:183} INFO - Processing /opt/airflow/dags/order_flow.py took 0.108 seconds
[2026-01-26T09:46:00.842+0000] {processor.py:161} INFO - Started process (PID=236) to work on /opt/airflow/dags/order_flow.py
[2026-01-26T09:46:00.843+0000] {processor.py:830} INFO - Processing file /opt/airflow/dags/order_flow.py for tasks to queue
[2026-01-26T09:46:00.844+0000] {logging_mixin.py:188} INFO - [2026-01-26T09:46:00.844+0000] {dagbag.py:538} INFO - Filling up the DagBag from /opt/airflow/dags/order_flow.py
[2026-01-26T09:46:00.868+0000] {processor.py:840} INFO - DAG(s) 'order_flow_v2' retrieved from /opt/airflow/dags/order_flow.py
[2026-01-26T09:46:00.899+0000] {logging_mixin.py:188} INFO - [2026-01-26T09:46:00.899+0000] {dag.py:3036} INFO - Sync 1 DAGs
[2026-01-26T09:46:00.925+0000] {logging_mixin.py:188} INFO - [2026-01-26T09:46:00.924+0000] {dag.py:3823} INFO - Setting next_dagrun for order_flow_v2 to 2026-01-26 00:00:00+00:00, run_after=2026-01-27 00:00:00+00:00
[2026-01-26T09:46:00.965+0000] {processor.py:183} INFO - Processing /opt/airflow/dags/order_flow.py took 0.127 seconds
[2026-01-26T09:46:31.553+0000] {processor.py:161} INFO - Started process (PID=268) to work on /opt/airflow/dags/order_flow.py
[2026-01-26T09:46:31.554+0000] {processor.py:830} INFO - Processing file /opt/airflow/dags/order_flow.py for tasks to queue
[2026-01-26T09:46:31.555+0000] {logging_mixin.py:188} INFO - [2026-01-26T09:46:31.555+0000] {dagbag.py:538} INFO - Filling up the DagBag from /opt/airflow/dags/order_flow.py
[2026-01-26T09:46:31.580+0000] {processor.py:840} INFO - DAG(s) 'order_flow_v2' retrieved from /opt/airflow/dags/order_flow.py
[2026-01-26T09:46:31.610+0000] {logging_mixin.py:188} INFO - [2026-01-26T09:46:31.610+0000] {dag.py:3036} INFO - Sync 1 DAGs
[2026-01-26T09:46:31.632+0000] {logging_mixin.py:188} INFO - [2026-01-26T09:46:31.631+0000] {dag.py:3823} INFO - Setting next_dagrun for order_flow_v2 to 2026-01-26 00:00:00+00:00, run_after=2026-01-27 00:00:00+00:00
[2026-01-26T09:46:31.649+0000] {processor.py:183} INFO - Processing /opt/airflow/dags/order_flow.py took 0.100 seconds
