[2026-04-09T11:12:13.312+0000] {taskinstance.py:1956} INFO - Dependencies all met for dep_context=non-requeueable deps ti=<TaskInstance: smart_building_pipeline_1.load_timetable manual__2026-04-09T11:12:11.917776+00:00 [queued]>
[2026-04-09T11:12:13.334+0000] {taskinstance.py:1956} INFO - Dependencies all met for dep_context=requeueable deps ti=<TaskInstance: smart_building_pipeline_1.load_timetable manual__2026-04-09T11:12:11.917776+00:00 [queued]>
[2026-04-09T11:12:13.335+0000] {taskinstance.py:2170} INFO - Starting attempt 1 of 3
[2026-04-09T11:12:13.360+0000] {taskinstance.py:2191} INFO - Executing <Task(PythonOperator): load_timetable> on 2026-04-09 11:12:11.917776+00:00
[2026-04-09T11:12:13.373+0000] {standard_task_runner.py:60} INFO - Started process 324 to run task
[2026-04-09T11:12:13.404+0000] {standard_task_runner.py:87} INFO - Running: ['***', 'tasks', 'run', 'smart_building_pipeline_1', 'load_timetable', 'manual__2026-04-09T11:12:11.917776+00:00', '--job-id', '3', '--raw', '--subdir', 'DAGS_FOLDER/bems_dag.py', '--cfg-path', '/tmp/tmp0jbqyx4b']
[2026-04-09T11:12:13.416+0000] {standard_task_runner.py:88} INFO - Job 3: Subtask load_timetable
[2026-04-09T11:12:13.660+0000] {task_command.py:423} INFO - Running <TaskInstance: smart_building_pipeline_1.load_timetable manual__2026-04-09T11:12:11.917776+00:00 [running]> on host d81182cf7fc4
[2026-04-09T11:12:14.532+0000] {taskinstance.py:2480} INFO - Exporting env vars: AIRFLOW_CTX_DAG_OWNER='smart-building' AIRFLOW_CTX_DAG_ID='smart_building_pipeline_1' AIRFLOW_CTX_TASK_ID='load_timetable' AIRFLOW_CTX_EXECUTION_DATE='2026-04-09T11:12:11.917776+00:00' AIRFLOW_CTX_TRY_NUMBER='1' AIRFLOW_CTX_DAG_RUN_ID='manual__2026-04-09T11:12:11.917776+00:00'
[2026-04-09T11:12:14.534+0000] {logging_mixin.py:188} INFO - [DEBUG] Checking file: /opt/***/data/timetable.csv
[2026-04-09T11:12:14.537+0000] {logging_mixin.py:188} INFO - [DEBUG] File exists? False
[2026-04-09T11:12:14.544+0000] {logging_mixin.py:188} INFO - [ERROR] load_timetable failed:
[2026-04-09T11:12:14.544+0000] {logging_mixin.py:188} INFO - [Errno 2] No such file or directory: '/opt/***/data/timetable.csv'
[2026-04-09T11:12:14.546+0000] {taskinstance.py:2698} ERROR - Task failed with exception
Traceback (most recent call last):
  File "/home/airflow/.local/lib/python3.8/site-packages/airflow/models/taskinstance.py", line 433, in _execute_task
    result = execute_callable(context=context, **execute_callable_kwargs)
  File "/home/airflow/.local/lib/python3.8/site-packages/airflow/operators/python.py", line 199, in execute
    return_value = self.execute_callable()
  File "/home/airflow/.local/lib/python3.8/site-packages/airflow/operators/python.py", line 216, in execute_callable
    return self.python_callable(*self.op_args, **self.op_kwargs)
  File "/opt/airflow/dags/bems_dag.py", line 35, in load_timetable
    df = pd.read_csv(file_path)
  File "/home/airflow/.local/lib/python3.8/site-packages/pandas/io/parsers/readers.py", line 912, in read_csv
    return _read(filepath_or_buffer, kwds)
  File "/home/airflow/.local/lib/python3.8/site-packages/pandas/io/parsers/readers.py", line 577, in _read
    parser = TextFileReader(filepath_or_buffer, **kwds)
  File "/home/airflow/.local/lib/python3.8/site-packages/pandas/io/parsers/readers.py", line 1407, in __init__
    self._engine = self._make_engine(f, self.engine)
  File "/home/airflow/.local/lib/python3.8/site-packages/pandas/io/parsers/readers.py", line 1661, in _make_engine
    self.handles = get_handle(
  File "/home/airflow/.local/lib/python3.8/site-packages/pandas/io/common.py", line 859, in get_handle
    handle = open(
FileNotFoundError: [Errno 2] No such file or directory: '/opt/airflow/data/timetable.csv'
[2026-04-09T11:12:14.579+0000] {taskinstance.py:1138} INFO - Marking task as UP_FOR_RETRY. dag_id=smart_building_pipeline_1, task_id=load_timetable, execution_date=20260409T111211, start_date=20260409T111213, end_date=20260409T111214
[2026-04-09T11:12:14.603+0000] {standard_task_runner.py:107} ERROR - Failed to execute job 3 for task load_timetable ([Errno 2] No such file or directory: '/opt/airflow/data/timetable.csv'; 324)
[2026-04-09T11:12:14.657+0000] {local_task_job_runner.py:234} INFO - Task exited with return code 1
[2026-04-09T11:12:14.693+0000] {taskinstance.py:3280} INFO - 0 downstream tasks scheduled from follow-on schedule check
