[2026-04-09T11:14:47.612+0000] {taskinstance.py:1956} INFO - Dependencies all met for dep_context=non-requeueable deps ti=<TaskInstance: smart_building_pipeline_1.load_timetable manual__2026-04-09T11:12:11.917776+00:00 [queued]>
[2026-04-09T11:14:47.627+0000] {taskinstance.py:1956} INFO - Dependencies all met for dep_context=requeueable deps ti=<TaskInstance: smart_building_pipeline_1.load_timetable manual__2026-04-09T11:12:11.917776+00:00 [queued]>
[2026-04-09T11:14:47.628+0000] {taskinstance.py:2170} INFO - Starting attempt 2 of 4
[2026-04-09T11:14:47.655+0000] {taskinstance.py:2191} INFO - Executing <Task(PythonOperator): load_timetable> on 2026-04-09 11:12:11.917776+00:00
[2026-04-09T11:14:47.670+0000] {standard_task_runner.py:60} INFO - Started process 492 to run task
[2026-04-09T11:14:47.675+0000] {standard_task_runner.py:87} INFO - Running: ['***', 'tasks', 'run', 'smart_building_pipeline_1', 'load_timetable', 'manual__2026-04-09T11:12:11.917776+00:00', '--job-id', '4', '--raw', '--subdir', 'DAGS_FOLDER/bems_dag.py', '--cfg-path', '/tmp/tmpuiunjy8x']
[2026-04-09T11:14:47.682+0000] {standard_task_runner.py:88} INFO - Job 4: Subtask load_timetable
[2026-04-09T11:14:47.781+0000] {task_command.py:423} INFO - Running <TaskInstance: smart_building_pipeline_1.load_timetable manual__2026-04-09T11:12:11.917776+00:00 [running]> on host d81182cf7fc4
[2026-04-09T11:14:48.279+0000] {taskinstance.py:2480} INFO - Exporting env vars: AIRFLOW_CTX_DAG_OWNER='smart-building' AIRFLOW_CTX_DAG_ID='smart_building_pipeline_1' AIRFLOW_CTX_TASK_ID='load_timetable' AIRFLOW_CTX_EXECUTION_DATE='2026-04-09T11:12:11.917776+00:00' AIRFLOW_CTX_TRY_NUMBER='2' AIRFLOW_CTX_DAG_RUN_ID='manual__2026-04-09T11:12:11.917776+00:00'
[2026-04-09T11:14:48.283+0000] {logging_mixin.py:188} INFO - [DEBUG] Checking file: /opt/***/data/timetable.csv
[2026-04-09T11:14:48.285+0000] {logging_mixin.py:188} INFO - [DEBUG] File exists? True
[2026-04-09T11:14:48.308+0000] {logging_mixin.py:188} INFO - [INFO] Timetable loaded: 48 rows
[2026-04-09T11:14:48.328+0000] {logging_mixin.py:188} INFO - roomID day_of_week start_time end_time  course
 IT311      Monday      13:00    15:00 ITDS120
Lab103      Monday      15:00    17:00 ITDS120
 IT312      Monday      13:00    15:00 ITDS120
Lab104      Monday      15:00    17:00 ITDS120
 IT325      Monday       9:00    12:00 ITDS124
[2026-04-09T11:14:48.337+0000] {logging_mixin.py:188} INFO - [ERROR] load_timetable failed:
[2026-04-09T11:14:48.338+0000] {logging_mixin.py:188} INFO - [Errno 13] Permission denied: '/opt/***/data/timetable.csv'
[2026-04-09T11:14:48.340+0000] {taskinstance.py:2698} ERROR - Task failed with exception
Traceback (most recent call last):
  File "/home/airflow/.local/lib/python3.8/site-packages/airflow/models/taskinstance.py", line 433, in _execute_task
    result = execute_callable(context=context, **execute_callable_kwargs)
  File "/home/airflow/.local/lib/python3.8/site-packages/airflow/operators/python.py", line 199, in execute
    return_value = self.execute_callable()
  File "/home/airflow/.local/lib/python3.8/site-packages/airflow/operators/python.py", line 216, in execute_callable
    return self.python_callable(*self.op_args, **self.op_kwargs)
  File "/opt/airflow/dags/bems_dag.py", line 42, in load_timetable
    df.to_csv(TIMETABLE_CSV, index=False)
  File "/home/airflow/.local/lib/python3.8/site-packages/pandas/core/generic.py", line 3772, in to_csv
    return DataFrameRenderer(formatter).to_csv(
  File "/home/airflow/.local/lib/python3.8/site-packages/pandas/io/formats/format.py", line 1186, in to_csv
    csv_formatter.save()
  File "/home/airflow/.local/lib/python3.8/site-packages/pandas/io/formats/csvs.py", line 240, in save
    with get_handle(
  File "/home/airflow/.local/lib/python3.8/site-packages/pandas/io/common.py", line 859, in get_handle
    handle = open(
PermissionError: [Errno 13] Permission denied: '/opt/airflow/data/timetable.csv'
[2026-04-09T11:14:48.411+0000] {taskinstance.py:1138} INFO - Marking task as UP_FOR_RETRY. dag_id=smart_building_pipeline_1, task_id=load_timetable, execution_date=20260409T111211, start_date=20260409T111447, end_date=20260409T111448
[2026-04-09T11:14:48.426+0000] {standard_task_runner.py:107} ERROR - Failed to execute job 4 for task load_timetable ([Errno 13] Permission denied: '/opt/airflow/data/timetable.csv'; 492)
[2026-04-09T11:14:48.491+0000] {local_task_job_runner.py:234} INFO - Task exited with return code 1
[2026-04-09T11:14:48.520+0000] {taskinstance.py:3280} INFO - 0 downstream tasks scheduled from follow-on schedule check
