[2026-04-09T11:33:14.686+0000] {taskinstance.py:1956} INFO - Dependencies all met for dep_context=non-requeueable deps ti=<TaskInstance: smart_building_pipeline_output.generate_iot_data manual__2026-04-09T11:33:07.163928+00:00 [queued]>
[2026-04-09T11:33:14.704+0000] {taskinstance.py:1956} INFO - Dependencies all met for dep_context=requeueable deps ti=<TaskInstance: smart_building_pipeline_output.generate_iot_data manual__2026-04-09T11:33:07.163928+00:00 [queued]>
[2026-04-09T11:33:14.706+0000] {taskinstance.py:2170} INFO - Starting attempt 1 of 3
[2026-04-09T11:33:14.735+0000] {taskinstance.py:2191} INFO - Executing <Task(PythonOperator): generate_iot_data> on 2026-04-09 11:33:07.163928+00:00
[2026-04-09T11:33:14.753+0000] {standard_task_runner.py:60} INFO - Started process 1849 to run task
[2026-04-09T11:33:14.759+0000] {standard_task_runner.py:87} INFO - Running: ['***', 'tasks', 'run', 'smart_building_pipeline_output', 'generate_iot_data', 'manual__2026-04-09T11:33:07.163928+00:00', '--job-id', '18', '--raw', '--subdir', 'DAGS_FOLDER/bems_dag.py', '--cfg-path', '/tmp/tmp5b254y5a']
[2026-04-09T11:33:14.764+0000] {standard_task_runner.py:88} INFO - Job 18: Subtask generate_iot_data
[2026-04-09T11:33:14.867+0000] {task_command.py:423} INFO - Running <TaskInstance: smart_building_pipeline_output.generate_iot_data manual__2026-04-09T11:33:07.163928+00:00 [running]> on host d81182cf7fc4
[2026-04-09T11:33:15.197+0000] {taskinstance.py:2480} INFO - Exporting env vars: AIRFLOW_CTX_DAG_OWNER='smart-building' AIRFLOW_CTX_DAG_ID='smart_building_pipeline_output' AIRFLOW_CTX_TASK_ID='generate_iot_data' AIRFLOW_CTX_EXECUTION_DATE='2026-04-09T11:33:07.163928+00:00' AIRFLOW_CTX_TRY_NUMBER='1' AIRFLOW_CTX_DAG_RUN_ID='manual__2026-04-09T11:33:07.163928+00:00'
[2026-04-09T11:33:15.809+0000] {logging_mixin.py:188} INFO - [INFO] Sensor data rows: 13068
[2026-04-09T11:33:15.814+0000] {logging_mixin.py:188} INFO -                            readingID           timestamp roomID           deviceID  value  deviceType
7d87d607-04e3-4747-b7fa-811d31a6ef36 2026-04-01 08:00:00  IT334  IT334_temperature  31.37 temperature
724b2368-a4da-4216-9172-10d047495c46 2026-04-01 08:00:00  IT334        IT334_light   0.00       light
9ee217ff-62b6-4af6-8735-0d3f96c60113 2026-04-01 08:00:00  IT334        IT334_power   0.34       power
3bf7d5f8-3902-454d-bb96-3dddac9280cd 2026-04-01 08:00:00 Lab103 Lab103_temperature  30.04 temperature
c227a09c-ea52-4fbc-8ae6-59b7ada6826e 2026-04-01 08:00:00 Lab103       Lab103_light  36.00       light
4ec830df-d3d3-4cf9-a7c5-d2111d2af642 2026-04-01 08:00:00 Lab103       Lab103_power   0.38       power
455cb204-ea1c-4d0e-a92c-fef47a01d3cc 2026-04-01 08:00:00  IT305  IT305_temperature  31.35 temperature
a2c672cb-0fa8-4c83-94c3-d30bdf32534a 2026-04-01 08:00:00  IT305        IT305_light  34.00       light
0ca1b6e8-c688-4684-8e8b-f5030024aba2 2026-04-01 08:00:00  IT305        IT305_power   0.24       power
1c506cec-070d-459c-a3b1-50d3f1fc8af7 2026-04-01 08:00:00 Lab212 Lab212_temperature  28.78 temperature
db97726d-87e4-45ac-a614-2cb96dafabf9 2026-04-01 08:00:00 Lab212       Lab212_light   6.00       light
a5520eb5-80a2-44fb-8a41-be01fbdeb7b8 2026-04-01 08:00:00 Lab212       Lab212_power   0.28       power
1a1b76cc-15c4-4aae-a66c-9f5ea8f0b920 2026-04-01 08:00:00 Lab212 Lab212_temperature  29.57 temperature
dc0faf30-3a7d-46fd-a5e5-72a2ca6a551a 2026-04-01 08:00:00 Lab212       Lab212_light   5.00       light
5c54736d-8be4-4cf6-9107-31cc6a2e2fcb 2026-04-01 08:00:00 Lab212       Lab212_power   0.39       power
[2026-04-09T11:33:15.819+0000] {python.py:201} INFO - Done. Returned value was: /tmp/sensor_data.csv
[2026-04-09T11:33:15.846+0000] {taskinstance.py:1138} INFO - Marking task as SUCCESS. dag_id=smart_building_pipeline_output, task_id=generate_iot_data, execution_date=20260409T113307, start_date=20260409T113314, end_date=20260409T113315
[2026-04-09T11:33:15.939+0000] {local_task_job_runner.py:234} INFO - Task exited with return code 0
[2026-04-09T11:33:15.976+0000] {taskinstance.py:3280} INFO - 0 downstream tasks scheduled from follow-on schedule check
