[2026-04-08T18:13:28.401+0000] {processor.py:161} INFO - Started process (PID=205) to work on /opt/airflow/dags/dag_with_python_op.py
[2026-04-08T18:13:28.403+0000] {processor.py:830} INFO - Processing file /opt/airflow/dags/dag_with_python_op.py for tasks to queue
[2026-04-08T18:13:28.405+0000] {logging_mixin.py:188} INFO - [2026-04-08T18:13:28.404+0000] {dagbag.py:538} INFO - Filling up the DagBag from /opt/airflow/dags/dag_with_python_op.py
[2026-04-08T18:13:28.448+0000] {processor.py:840} INFO - DAG(s) 'dag_with_python_op_v4-2' retrieved from /opt/airflow/dags/dag_with_python_op.py
[2026-04-08T18:13:28.505+0000] {logging_mixin.py:188} INFO - [2026-04-08T18:13:28.505+0000] {dag.py:3036} INFO - Sync 1 DAGs
[2026-04-08T18:13:28.544+0000] {logging_mixin.py:188} INFO - [2026-04-08T18:13:28.544+0000] {dag.py:3823} INFO - Setting next_dagrun for dag_with_python_op_v4-2 to 2025-01-19 00:00:00+00:00, run_after=2025-01-20 00:00:00+00:00
[2026-04-08T18:13:28.579+0000] {processor.py:183} INFO - Processing /opt/airflow/dags/dag_with_python_op.py took 0.186 seconds
[2026-04-08T18:13:58.754+0000] {processor.py:161} INFO - Started process (PID=225) to work on /opt/airflow/dags/dag_with_python_op.py
[2026-04-08T18:13:58.756+0000] {processor.py:830} INFO - Processing file /opt/airflow/dags/dag_with_python_op.py for tasks to queue
[2026-04-08T18:13:58.759+0000] {logging_mixin.py:188} INFO - [2026-04-08T18:13:58.758+0000] {dagbag.py:538} INFO - Filling up the DagBag from /opt/airflow/dags/dag_with_python_op.py
[2026-04-08T18:13:58.796+0000] {processor.py:840} INFO - DAG(s) 'dag_with_python_op_v4-2' retrieved from /opt/airflow/dags/dag_with_python_op.py
[2026-04-08T18:13:58.831+0000] {logging_mixin.py:188} INFO - [2026-04-08T18:13:58.831+0000] {dag.py:3036} INFO - Sync 1 DAGs
[2026-04-08T18:13:58.869+0000] {logging_mixin.py:188} INFO - [2026-04-08T18:13:58.868+0000] {dag.py:3823} INFO - Setting next_dagrun for dag_with_python_op_v4-2 to 2025-01-19 00:00:00+00:00, run_after=2025-01-20 00:00:00+00:00
[2026-04-08T18:13:58.905+0000] {processor.py:183} INFO - Processing /opt/airflow/dags/dag_with_python_op.py took 0.156 seconds
[2026-04-08T18:14:29.206+0000] {processor.py:161} INFO - Started process (PID=257) to work on /opt/airflow/dags/dag_with_python_op.py
[2026-04-08T18:14:29.207+0000] {processor.py:830} INFO - Processing file /opt/airflow/dags/dag_with_python_op.py for tasks to queue
[2026-04-08T18:14:29.208+0000] {logging_mixin.py:188} INFO - [2026-04-08T18:14:29.208+0000] {dagbag.py:538} INFO - Filling up the DagBag from /opt/airflow/dags/dag_with_python_op.py
[2026-04-08T18:14:29.230+0000] {processor.py:840} INFO - DAG(s) 'dag_with_python_op_v4-2' retrieved from /opt/airflow/dags/dag_with_python_op.py
[2026-04-08T18:14:29.258+0000] {logging_mixin.py:188} INFO - [2026-04-08T18:14:29.258+0000] {dag.py:3036} INFO - Sync 1 DAGs
[2026-04-08T18:14:29.277+0000] {logging_mixin.py:188} INFO - [2026-04-08T18:14:29.277+0000] {dag.py:3823} INFO - Setting next_dagrun for dag_with_python_op_v4-2 to 2025-01-19 00:00:00+00:00, run_after=2025-01-20 00:00:00+00:00
[2026-04-08T18:14:29.298+0000] {processor.py:183} INFO - Processing /opt/airflow/dags/dag_with_python_op.py took 0.095 seconds
