[2026-04-08T18:13:28.684+0000] {processor.py:161} INFO - Started process (PID=210) to work on /opt/airflow/dags/first_dag.py
[2026-04-08T18:13:28.687+0000] {processor.py:830} INFO - Processing file /opt/airflow/dags/first_dag.py for tasks to queue
[2026-04-08T18:13:28.689+0000] {logging_mixin.py:188} INFO - [2026-04-08T18:13:28.689+0000] {dagbag.py:538} INFO - Filling up the DagBag from /opt/airflow/dags/first_dag.py
[2026-04-08T18:13:28.737+0000] {processor.py:840} INFO - DAG(s) 'first_dag_v2-2' retrieved from /opt/airflow/dags/first_dag.py
[2026-04-08T18:13:28.790+0000] {logging_mixin.py:188} INFO - [2026-04-08T18:13:28.790+0000] {dag.py:3036} INFO - Sync 1 DAGs
[2026-04-08T18:13:28.843+0000] {logging_mixin.py:188} INFO - [2026-04-08T18:13:28.841+0000] {dag.py:3823} INFO - Setting next_dagrun for first_dag_v2-2 to 2026-04-07 00:00:00+00:00, run_after=2026-04-08 00:00:00+00:00
[2026-04-08T18:13:28.910+0000] {processor.py:183} INFO - Processing /opt/airflow/dags/first_dag.py took 0.232 seconds
[2026-04-08T18:13:59.785+0000] {processor.py:161} INFO - Started process (PID=236) to work on /opt/airflow/dags/first_dag.py
[2026-04-08T18:13:59.787+0000] {processor.py:830} INFO - Processing file /opt/airflow/dags/first_dag.py for tasks to queue
[2026-04-08T18:13:59.789+0000] {logging_mixin.py:188} INFO - [2026-04-08T18:13:59.789+0000] {dagbag.py:538} INFO - Filling up the DagBag from /opt/airflow/dags/first_dag.py
[2026-04-08T18:13:59.821+0000] {processor.py:840} INFO - DAG(s) 'first_dag_v2-2' retrieved from /opt/airflow/dags/first_dag.py
[2026-04-08T18:13:59.861+0000] {logging_mixin.py:188} INFO - [2026-04-08T18:13:59.861+0000] {dag.py:3036} INFO - Sync 1 DAGs
[2026-04-08T18:13:59.894+0000] {logging_mixin.py:188} INFO - [2026-04-08T18:13:59.893+0000] {dag.py:3823} INFO - Setting next_dagrun for first_dag_v2-2 to 2026-04-07 00:00:00+00:00, run_after=2026-04-08 00:00:00+00:00
[2026-04-08T18:13:59.921+0000] {processor.py:183} INFO - Processing /opt/airflow/dags/first_dag.py took 0.143 seconds
[2026-04-08T18:14:30.263+0000] {processor.py:161} INFO - Started process (PID=262) to work on /opt/airflow/dags/first_dag.py
[2026-04-08T18:14:30.264+0000] {processor.py:830} INFO - Processing file /opt/airflow/dags/first_dag.py for tasks to queue
[2026-04-08T18:14:30.266+0000] {logging_mixin.py:188} INFO - [2026-04-08T18:14:30.265+0000] {dagbag.py:538} INFO - Filling up the DagBag from /opt/airflow/dags/first_dag.py
[2026-04-08T18:14:30.295+0000] {processor.py:840} INFO - DAG(s) 'first_dag_v2-2' retrieved from /opt/airflow/dags/first_dag.py
[2026-04-08T18:14:30.330+0000] {logging_mixin.py:188} INFO - [2026-04-08T18:14:30.330+0000] {dag.py:3036} INFO - Sync 1 DAGs
[2026-04-08T18:14:30.351+0000] {logging_mixin.py:188} INFO - [2026-04-08T18:14:30.350+0000] {dag.py:3823} INFO - Setting next_dagrun for first_dag_v2-2 to 2026-04-07 00:00:00+00:00, run_after=2026-04-08 00:00:00+00:00
[2026-04-08T18:14:30.373+0000] {processor.py:183} INFO - Processing /opt/airflow/dags/first_dag.py took 0.114 seconds
