[2026-04-08T18:13:28.013+0000] {processor.py:161} INFO - Started process (PID=189) to work on /opt/airflow/dags/order_flow.py
[2026-04-08T18:13:28.016+0000] {processor.py:830} INFO - Processing file /opt/airflow/dags/order_flow.py for tasks to queue
[2026-04-08T18:13:28.018+0000] {logging_mixin.py:188} INFO - [2026-04-08T18:13:28.017+0000] {dagbag.py:538} INFO - Filling up the DagBag from /opt/airflow/dags/order_flow.py
[2026-04-08T18:13:28.091+0000] {processor.py:840} INFO - DAG(s) 'order_flow_v2' retrieved from /opt/airflow/dags/order_flow.py
[2026-04-08T18:13:28.189+0000] {logging_mixin.py:188} INFO - [2026-04-08T18:13:28.188+0000] {dag.py:3036} INFO - Sync 1 DAGs
[2026-04-08T18:13:28.240+0000] {logging_mixin.py:188} INFO - [2026-04-08T18:13:28.239+0000] {dag.py:3823} INFO - Setting next_dagrun for order_flow_v2 to 2026-01-26 00:00:00+00:00, run_after=2026-01-27 00:00:00+00:00
[2026-04-08T18:13:28.300+0000] {processor.py:183} INFO - Processing /opt/airflow/dags/order_flow.py took 0.295 seconds
[2026-04-08T18:13:58.576+0000] {processor.py:161} INFO - Started process (PID=220) to work on /opt/airflow/dags/order_flow.py
[2026-04-08T18:13:58.578+0000] {processor.py:830} INFO - Processing file /opt/airflow/dags/order_flow.py for tasks to queue
[2026-04-08T18:13:58.579+0000] {logging_mixin.py:188} INFO - [2026-04-08T18:13:58.578+0000] {dagbag.py:538} INFO - Filling up the DagBag from /opt/airflow/dags/order_flow.py
[2026-04-08T18:13:58.601+0000] {processor.py:840} INFO - DAG(s) 'order_flow_v2' retrieved from /opt/airflow/dags/order_flow.py
[2026-04-08T18:13:58.627+0000] {logging_mixin.py:188} INFO - [2026-04-08T18:13:58.627+0000] {dag.py:3036} INFO - Sync 1 DAGs
[2026-04-08T18:13:58.671+0000] {logging_mixin.py:188} INFO - [2026-04-08T18:13:58.671+0000] {dag.py:3823} INFO - Setting next_dagrun for order_flow_v2 to 2026-01-26 00:00:00+00:00, run_after=2026-01-27 00:00:00+00:00
[2026-04-08T18:13:58.695+0000] {processor.py:183} INFO - Processing /opt/airflow/dags/order_flow.py took 0.122 seconds
[2026-04-08T18:14:29.050+0000] {processor.py:161} INFO - Started process (PID=247) to work on /opt/airflow/dags/order_flow.py
[2026-04-08T18:14:29.052+0000] {processor.py:830} INFO - Processing file /opt/airflow/dags/order_flow.py for tasks to queue
[2026-04-08T18:14:29.053+0000] {logging_mixin.py:188} INFO - [2026-04-08T18:14:29.053+0000] {dagbag.py:538} INFO - Filling up the DagBag from /opt/airflow/dags/order_flow.py
[2026-04-08T18:14:29.079+0000] {processor.py:840} INFO - DAG(s) 'order_flow_v2' retrieved from /opt/airflow/dags/order_flow.py
[2026-04-08T18:14:29.114+0000] {logging_mixin.py:188} INFO - [2026-04-08T18:14:29.114+0000] {dag.py:3036} INFO - Sync 1 DAGs
[2026-04-08T18:14:29.139+0000] {logging_mixin.py:188} INFO - [2026-04-08T18:14:29.138+0000] {dag.py:3823} INFO - Setting next_dagrun for order_flow_v2 to 2026-01-26 00:00:00+00:00, run_after=2026-01-27 00:00:00+00:00
[2026-04-08T18:14:29.157+0000] {processor.py:183} INFO - Processing /opt/airflow/dags/order_flow.py took 0.112 seconds
