[2026-04-10T02:30:00.246+0000] {taskinstance.py:1956} INFO - Dependencies all met for dep_context=non-requeueable deps ti=<TaskInstance: smart_building_pipeline_stream_to_kafka.generate_iot_data manual__2026-04-10T02:29:53.165318+00:00 [queued]>
[2026-04-10T02:30:00.254+0000] {taskinstance.py:1956} INFO - Dependencies all met for dep_context=requeueable deps ti=<TaskInstance: smart_building_pipeline_stream_to_kafka.generate_iot_data manual__2026-04-10T02:29:53.165318+00:00 [queued]>
[2026-04-10T02:30:00.255+0000] {taskinstance.py:2170} INFO - Starting attempt 1 of 3
[2026-04-10T02:30:00.432+0000] {taskinstance.py:2191} INFO - Executing <Task(PythonOperator): generate_iot_data> on 2026-04-10 02:29:53.165318+00:00
[2026-04-10T02:30:00.444+0000] {standard_task_runner.py:60} INFO - Started process 36587 to run task
[2026-04-10T02:30:00.448+0000] {standard_task_runner.py:87} INFO - Running: ['***', 'tasks', 'run', 'smart_building_pipeline_stream_to_kafka', 'generate_iot_data', 'manual__2026-04-10T02:29:53.165318+00:00', '--job-id', '30', '--raw', '--subdir', 'DAGS_FOLDER/bems_dag.py', '--cfg-path', '/tmp/tmpbtj30g11']
[2026-04-10T02:30:00.451+0000] {standard_task_runner.py:88} INFO - Job 30: Subtask generate_iot_data
[2026-04-10T02:30:00.527+0000] {task_command.py:423} INFO - Running <TaskInstance: smart_building_pipeline_stream_to_kafka.generate_iot_data manual__2026-04-10T02:29:53.165318+00:00 [running]> on host d81182cf7fc4
[2026-04-10T02:30:00.605+0000] {taskinstance.py:2480} INFO - Exporting env vars: AIRFLOW_CTX_DAG_OWNER='smart-building' AIRFLOW_CTX_DAG_ID='smart_building_pipeline_stream_to_kafka' AIRFLOW_CTX_TASK_ID='generate_iot_data' AIRFLOW_CTX_EXECUTION_DATE='2026-04-10T02:29:53.165318+00:00' AIRFLOW_CTX_TRY_NUMBER='1' AIRFLOW_CTX_DAG_RUN_ID='manual__2026-04-10T02:29:53.165318+00:00'
[2026-04-10T02:30:01.085+0000] {logging_mixin.py:188} INFO - [INFO] Sensor data rows: 13068
[2026-04-10T02:30:01.091+0000] {logging_mixin.py:188} INFO -                            readingID           timestamp roomID           deviceID  value  deviceType
483c34aa-7254-446c-b879-958f1cf6a68f 2026-04-01 08:00:00  IT334  IT334_temperature  31.46 temperature
6b453631-12b6-4407-bde9-f4523d205ad2 2026-04-01 08:00:00  IT334        IT334_light  15.00       light
1ad917e7-dbbc-4154-a664-2dae75174b4d 2026-04-01 08:00:00  IT334        IT334_power   0.24       power
b80f83bb-2a52-414f-abb0-f205667f2070 2026-04-01 08:00:00 Lab103 Lab103_temperature  28.27 temperature
a14b3c46-0c0d-418a-969a-df4024357f65 2026-04-01 08:00:00 Lab103       Lab103_light  46.00       light
40dd1b57-a1a3-4924-8232-d9837093181a 2026-04-01 08:00:00 Lab103       Lab103_power   0.36       power
6cc63707-8e0b-46c0-9db4-4e623570afed 2026-04-01 08:00:00  IT305  IT305_temperature  29.33 temperature
c5275ad9-b838-42a8-bd66-ebc50ef025e4 2026-04-01 08:00:00  IT305        IT305_light   4.00       light
200bd6a9-275f-4216-a316-fbb5c8feae11 2026-04-01 08:00:00  IT305        IT305_power   0.32       power
a6d2790a-4202-4105-991b-7121aef8454f 2026-04-01 08:00:00 Lab212 Lab212_temperature  29.75 temperature
86e4fb6f-1c24-4f5c-a6a8-7a14563d0b8a 2026-04-01 08:00:00 Lab212       Lab212_light  15.00       light
c1e0fcdc-fedd-47c3-b4af-111c17051af7 2026-04-01 08:00:00 Lab212       Lab212_power   0.28       power
5105c71c-dfc0-4d76-b27c-b437b91ef36a 2026-04-01 08:00:00 Lab212 Lab212_temperature  31.49 temperature
bf8e4b79-effc-4aa5-a5f1-8b114032201e 2026-04-01 08:00:00 Lab212       Lab212_light  28.00       light
faa07913-4823-4009-8aec-685cb7d04707 2026-04-01 08:00:00 Lab212       Lab212_power   0.25       power
[2026-04-10T02:30:01.142+0000] {python.py:201} INFO - Done. Returned value was: /tmp/sensor_data.csv
[2026-04-10T02:30:01.171+0000] {taskinstance.py:1138} INFO - Marking task as SUCCESS. dag_id=smart_building_pipeline_stream_to_kafka, task_id=generate_iot_data, execution_date=20260410T022953, start_date=20260410T023000, end_date=20260410T023001
[2026-04-10T02:30:01.224+0000] {local_task_job_runner.py:234} INFO - Task exited with return code 0
[2026-04-10T02:30:01.247+0000] {taskinstance.py:3280} INFO - 1 downstream tasks scheduled from follow-on schedule check
