[2026-04-10T02:51:05.765+0000] {taskinstance.py:1956} INFO - Dependencies all met for dep_context=non-requeueable deps ti=<TaskInstance: smart_building_pipeline_stream_to_kafka.stream_to_kafka manual__2026-04-10T02:35:46.035101+00:00 [queued]>
[2026-04-10T02:51:05.955+0000] {taskinstance.py:1956} INFO - Dependencies all met for dep_context=requeueable deps ti=<TaskInstance: smart_building_pipeline_stream_to_kafka.stream_to_kafka manual__2026-04-10T02:35:46.035101+00:00 [queued]>
[2026-04-10T02:51:05.956+0000] {taskinstance.py:2170} INFO - Starting attempt 3 of 3
[2026-04-10T02:51:05.968+0000] {taskinstance.py:2191} INFO - Executing <Task(PythonOperator): stream_to_kafka> on 2026-04-10 02:35:46.035101+00:00
[2026-04-10T02:51:05.977+0000] {standard_task_runner.py:60} INFO - Started process 536 to run task
[2026-04-10T02:51:05.981+0000] {standard_task_runner.py:87} INFO - Running: ['***', 'tasks', 'run', 'smart_building_pipeline_stream_to_kafka', 'stream_to_kafka', 'manual__2026-04-10T02:35:46.035101+00:00', '--job-id', '41', '--raw', '--subdir', 'DAGS_FOLDER/bems_dag.py', '--cfg-path', '/tmp/tmpx_thr53z']
[2026-04-10T02:51:05.984+0000] {standard_task_runner.py:88} INFO - Job 41: Subtask stream_to_kafka
[2026-04-10T02:51:06.068+0000] {task_command.py:423} INFO - Running <TaskInstance: smart_building_pipeline_stream_to_kafka.stream_to_kafka manual__2026-04-10T02:35:46.035101+00:00 [running]> on host 3b28ab149844
[2026-04-10T02:51:06.215+0000] {taskinstance.py:2480} INFO - Exporting env vars: AIRFLOW_CTX_DAG_OWNER='smart-building' AIRFLOW_CTX_DAG_ID='smart_building_pipeline_stream_to_kafka' AIRFLOW_CTX_TASK_ID='stream_to_kafka' AIRFLOW_CTX_EXECUTION_DATE='2026-04-10T02:35:46.035101+00:00' AIRFLOW_CTX_TRY_NUMBER='3' AIRFLOW_CTX_DAG_RUN_ID='manual__2026-04-10T02:35:46.035101+00:00'
[2026-04-10T02:51:06.217+0000] {taskinstance.py:2698} ERROR - Task failed with exception
Traceback (most recent call last):
  File "/home/airflow/.local/lib/python3.8/site-packages/airflow/models/taskinstance.py", line 433, in _execute_task
    result = execute_callable(context=context, **execute_callable_kwargs)
  File "/home/airflow/.local/lib/python3.8/site-packages/airflow/operators/python.py", line 199, in execute
    return_value = self.execute_callable()
  File "/home/airflow/.local/lib/python3.8/site-packages/airflow/operators/python.py", line 216, in execute_callable
    return self.python_callable(*self.op_args, **self.op_kwargs)
  File "/opt/airflow/dags/bems_dag.py", line 196, in stream_to_kafka
    with open(file_path, "r") as f:
FileNotFoundError: [Errno 2] No such file or directory: '/tmp/sensor_data.csv'
[2026-04-10T02:51:06.241+0000] {taskinstance.py:1138} INFO - Marking task as FAILED. dag_id=smart_building_pipeline_stream_to_kafka, task_id=stream_to_kafka, execution_date=20260410T023546, start_date=20260410T025105, end_date=20260410T025106
[2026-04-10T02:51:06.270+0000] {standard_task_runner.py:107} ERROR - Failed to execute job 41 for task stream_to_kafka ([Errno 2] No such file or directory: '/tmp/sensor_data.csv'; 536)
[2026-04-10T02:51:06.315+0000] {local_task_job_runner.py:234} INFO - Task exited with return code 1
[2026-04-10T02:51:06.353+0000] {taskinstance.py:3280} INFO - 0 downstream tasks scheduled from follow-on schedule check
