[2026-04-10T02:35:52.907+0000] {taskinstance.py:1956} INFO - Dependencies all met for dep_context=non-requeueable deps ti=<TaskInstance: smart_building_pipeline_stream_to_kafka.stream_to_kafka manual__2026-04-10T02:35:46.035101+00:00 [queued]>
[2026-04-10T02:35:52.918+0000] {taskinstance.py:1956} INFO - Dependencies all met for dep_context=requeueable deps ti=<TaskInstance: smart_building_pipeline_stream_to_kafka.stream_to_kafka manual__2026-04-10T02:35:46.035101+00:00 [queued]>
[2026-04-10T02:35:52.919+0000] {taskinstance.py:2170} INFO - Starting attempt 1 of 3
[2026-04-10T02:35:53.147+0000] {taskinstance.py:2191} INFO - Executing <Task(PythonOperator): stream_to_kafka> on 2026-04-10 02:35:46.035101+00:00
[2026-04-10T02:35:53.161+0000] {standard_task_runner.py:60} INFO - Started process 37674 to run task
[2026-04-10T02:35:53.166+0000] {standard_task_runner.py:87} INFO - Running: ['***', 'tasks', 'run', 'smart_building_pipeline_stream_to_kafka', 'stream_to_kafka', 'manual__2026-04-10T02:35:46.035101+00:00', '--job-id', '35', '--raw', '--subdir', 'DAGS_FOLDER/bems_dag.py', '--cfg-path', '/tmp/tmpqaj3rmxy']
[2026-04-10T02:35:53.169+0000] {standard_task_runner.py:88} INFO - Job 35: Subtask stream_to_kafka
[2026-04-10T02:35:53.246+0000] {task_command.py:423} INFO - Running <TaskInstance: smart_building_pipeline_stream_to_kafka.stream_to_kafka manual__2026-04-10T02:35:46.035101+00:00 [running]> on host d81182cf7fc4
[2026-04-10T02:35:53.340+0000] {taskinstance.py:2480} INFO - Exporting env vars: AIRFLOW_CTX_DAG_OWNER='smart-building' AIRFLOW_CTX_DAG_ID='smart_building_pipeline_stream_to_kafka' AIRFLOW_CTX_TASK_ID='stream_to_kafka' AIRFLOW_CTX_EXECUTION_DATE='2026-04-10T02:35:46.035101+00:00' AIRFLOW_CTX_TRY_NUMBER='1' AIRFLOW_CTX_DAG_RUN_ID='manual__2026-04-10T02:35:46.035101+00:00'
[2026-04-10T02:39:36.462+0000] {taskinstance.py:2698} ERROR - Task failed with exception
Traceback (most recent call last):
  File "/home/airflow/.local/lib/python3.8/site-packages/airflow/models/taskinstance.py", line 433, in _execute_task
    result = execute_callable(context=context, **execute_callable_kwargs)
  File "/home/airflow/.local/lib/python3.8/site-packages/airflow/operators/python.py", line 199, in execute
    return_value = self.execute_callable()
  File "/home/airflow/.local/lib/python3.8/site-packages/airflow/operators/python.py", line 216, in execute_callable
    return self.python_callable(*self.op_args, **self.op_kwargs)
  File "/opt/airflow/dags/bems_dag.py", line 219, in stream_to_kafka
    subprocess.run(
  File "/usr/local/lib/python3.8/subprocess.py", line 495, in run
    stdout, stderr = process.communicate(input, timeout=timeout)
  File "/usr/local/lib/python3.8/subprocess.py", line 1028, in communicate
    stdout, stderr = self._communicate(input, endtime, timeout)
  File "/usr/local/lib/python3.8/subprocess.py", line 1910, in _communicate
    self.wait(timeout=self._remaining_time(endtime))
  File "/usr/local/lib/python3.8/subprocess.py", line 1083, in wait
    return self._wait(timeout=timeout)
  File "/usr/local/lib/python3.8/subprocess.py", line 1814, in _wait
    raise TimeoutExpired(self.args, timeout)
subprocess.TimeoutExpired: Command '['ssh', 'itds344@10.34.111.33', 'echo \'{"readingID": "69651223-bc65-4ca2-9169-0013fb463509", "timestamp": "2026-04-01 13:05:00", "roomID": "IT305", "deviceID": "IT305_temperature", "value": "28.39", "deviceType": "temperature"}\\n{"readingID": "28feb06f-99be-4751-9581-0a345842ddd4", "timestamp": "2026-04-01 13:05:00", "roomID": "IT305", "deviceID": "IT305_light", "value": "42.0", "deviceType": "light"}\\n{"readingID": "6ba8b0c7-8831-4e29-8f31-fdd10336470e", "timestamp": "2026-04-01 13:05:00", "roomID": "IT305", "deviceID": "IT305_power", "value": "0.2", "deviceType": "power"}\\n{"readingID": "ce417475-7f20-4a6a-8dc4-ade0fba1c2d1", "timestamp": "2026-04-01 13:05:00", "roomID": "IT305", "deviceID": "IT305_temperature", "value": "31.43", "deviceType": "temperature"}\\n{"readingID": "69fe49e3-da9d-4e85-9915-b8e2e163023d", "timestamp": "2026-04-01 13:05:00", "roomID": "IT305", "deviceID": "IT305_light", "value": "41.0", "deviceType": "light"}\\n{"readingID": "10706e4b-fb47-4ecc-b543-fb71f2ebbb0a", "timestamp": "2026-04-01 13:05:00", "roomID": "IT305", "deviceID": "IT305_power", "value": "0.27", "deviceType": "power"}\\n{"readingID": "9c2884ca-5c6b-4bdb-a73a-663a7fa7dc08", "timestamp": "2026-04-01 13:10:00", "roomID": "IT334", "deviceID": "IT334_temperature", "value": "29.61", "deviceType": "temperature"}\\n{"readingID": "2aae1ae9-4bfb-4f02-800d-9eecd60031aa", "timestamp": "2026-04-01 13:10:00", "roomID": "IT334", "deviceID": "IT334_light", "value": "28.0", "deviceType": "light"}\\n{"readingID": "17f66903-c8b0-40f9-ae33-1a91281fadf4", "timestamp": "2026-04-01 13:10:00", "roomID": "IT334", "deviceID": "IT334_power", "value": "0.31", "deviceType": "power"}\\n{"readingID": "4c0c6a72-085a-4a33-96e2-e3ae746b0e9a", "timestamp": "2026-04-01 13:10:00", "roomID": "Lab103", "deviceID": "Lab103_temperature", "value": "31.52", "deviceType": "temperature"}\' | /opt/kafka/bin/kafka-console-producer.sh --broker-list localhost:9092 --topic iot-sensor']' timed out after 9.999921717993857 seconds
[2026-04-10T02:39:36.513+0000] {taskinstance.py:1138} INFO - Marking task as UP_FOR_RETRY. dag_id=smart_building_pipeline_stream_to_kafka, task_id=stream_to_kafka, execution_date=20260410T023546, start_date=20260410T023552, end_date=20260410T023936
[2026-04-10T02:39:36.551+0000] {standard_task_runner.py:107} ERROR - Failed to execute job 35 for task stream_to_kafka (Command '['ssh', 'itds344@10.34.111.33', 'echo \'{"readingID": "69651223-bc65-4ca2-9169-0013fb463509", "timestamp": "2026-04-01 13:05:00", "roomID": "IT305", "deviceID": "IT305_temperature", "value": "28.39", "deviceType": "temperature"}\\n{"readingID": "28feb06f-99be-4751-9581-0a345842ddd4", "timestamp": "2026-04-01 13:05:00", "roomID": "IT305", "deviceID": "IT305_light", "value": "42.0", "deviceType": "light"}\\n{"readingID": "6ba8b0c7-8831-4e29-8f31-fdd10336470e", "timestamp": "2026-04-01 13:05:00", "roomID": "IT305", "deviceID": "IT305_power", "value": "0.2", "deviceType": "power"}\\n{"readingID": "ce417475-7f20-4a6a-8dc4-ade0fba1c2d1", "timestamp": "2026-04-01 13:05:00", "roomID": "IT305", "deviceID": "IT305_temperature", "value": "31.43", "deviceType": "temperature"}\\n{"readingID": "69fe49e3-da9d-4e85-9915-b8e2e163023d", "timestamp": "2026-04-01 13:05:00", "roomID": "IT305", "deviceID": "IT305_light", "value": "41.0", "deviceType": "light"}\\n{"readingID": "10706e4b-fb47-4ecc-b543-fb71f2ebbb0a", "timestamp": "2026-04-01 13:05:00", "roomID": "IT305", "deviceID": "IT305_power", "value": "0.27", "deviceType": "power"}\\n{"readingID": "9c2884ca-5c6b-4bdb-a73a-663a7fa7dc08", "timestamp": "2026-04-01 13:10:00", "roomID": "IT334", "deviceID": "IT334_temperature", "value": "29.61", "deviceType": "temperature"}\\n{"readingID": "2aae1ae9-4bfb-4f02-800d-9eecd60031aa", "timestamp": "2026-04-01 13:10:00", "roomID": "IT334", "deviceID": "IT334_light", "value": "28.0", "deviceType": "light"}\\n{"readingID": "17f66903-c8b0-40f9-ae33-1a91281fadf4", "timestamp": "2026-04-01 13:10:00", "roomID": "IT334", "deviceID": "IT334_power", "value": "0.31", "deviceType": "power"}\\n{"readingID": "4c0c6a72-085a-4a33-96e2-e3ae746b0e9a", "timestamp": "2026-04-01 13:10:00", "roomID": "Lab103", "deviceID": "Lab103_temperature", "value": "31.52", "deviceType": "temperature"}\' | /opt/kafka/bin/kafka-console-producer.sh --broker-list localhost:9092 --topic iot-sensor']' timed out after 9.999921717993857 seconds; 37674)
[2026-04-10T02:39:36.578+0000] {local_task_job_runner.py:234} INFO - Task exited with return code 1
[2026-04-10T02:39:36.612+0000] {taskinstance.py:3280} INFO - 0 downstream tasks scheduled from follow-on schedule check
