[2026-04-10T03:20:21.589+0000] {taskinstance.py:1956} INFO - Dependencies all met for dep_context=non-requeueable deps ti=<TaskInstance: smart_building_pipeline_stream_to_kafka_with_ssh.expand_timetable manual__2026-04-10T03:15:17.504737+00:00 [queued]>
[2026-04-10T03:20:21.597+0000] {taskinstance.py:1956} INFO - Dependencies all met for dep_context=requeueable deps ti=<TaskInstance: smart_building_pipeline_stream_to_kafka_with_ssh.expand_timetable manual__2026-04-10T03:15:17.504737+00:00 [queued]>
[2026-04-10T03:20:21.597+0000] {taskinstance.py:2170} INFO - Starting attempt 2 of 3
[2026-04-10T03:20:21.775+0000] {taskinstance.py:2191} INFO - Executing <Task(PythonOperator): expand_timetable> on 2026-04-10 03:15:17.504737+00:00
[2026-04-10T03:20:21.786+0000] {standard_task_runner.py:60} INFO - Started process 700 to run task
[2026-04-10T03:20:21.792+0000] {standard_task_runner.py:87} INFO - Running: ['***', 'tasks', 'run', 'smart_building_pipeline_stream_to_kafka_with_ssh', 'expand_timetable', 'manual__2026-04-10T03:15:17.504737+00:00', '--job-id', '46', '--raw', '--subdir', 'DAGS_FOLDER/bems_dag.py', '--cfg-path', '/tmp/tmp81frqa9l']
[2026-04-10T03:20:21.796+0000] {standard_task_runner.py:88} INFO - Job 46: Subtask expand_timetable
[2026-04-10T03:20:21.870+0000] {task_command.py:423} INFO - Running <TaskInstance: smart_building_pipeline_stream_to_kafka_with_ssh.expand_timetable manual__2026-04-10T03:15:17.504737+00:00 [running]> on host f39dc6e41c25
[2026-04-10T03:20:21.944+0000] {taskinstance.py:2480} INFO - Exporting env vars: AIRFLOW_CTX_DAG_OWNER='smart-building' AIRFLOW_CTX_DAG_ID='smart_building_pipeline_stream_to_kafka_with_ssh' AIRFLOW_CTX_TASK_ID='expand_timetable' AIRFLOW_CTX_EXECUTION_DATE='2026-04-10T03:15:17.504737+00:00' AIRFLOW_CTX_TRY_NUMBER='2' AIRFLOW_CTX_DAG_RUN_ID='manual__2026-04-10T03:15:17.504737+00:00'
[2026-04-10T03:20:21.950+0000] {taskinstance.py:2698} ERROR - Task failed with exception
Traceback (most recent call last):
  File "/home/airflow/.local/lib/python3.8/site-packages/airflow/models/taskinstance.py", line 433, in _execute_task
    result = execute_callable(context=context, **execute_callable_kwargs)
  File "/home/airflow/.local/lib/python3.8/site-packages/airflow/operators/python.py", line 199, in execute
    return_value = self.execute_callable()
  File "/home/airflow/.local/lib/python3.8/site-packages/airflow/operators/python.py", line 216, in execute_callable
    return self.python_callable(*self.op_args, **self.op_kwargs)
  File "/opt/airflow/dags/bems_dag.py", line 48, in expand_timetable
    timetable = pd.read_csv(TIMETABLE_CSV)
  File "/home/airflow/.local/lib/python3.8/site-packages/pandas/io/parsers/readers.py", line 912, in read_csv
    return _read(filepath_or_buffer, kwds)
  File "/home/airflow/.local/lib/python3.8/site-packages/pandas/io/parsers/readers.py", line 577, in _read
    parser = TextFileReader(filepath_or_buffer, **kwds)
  File "/home/airflow/.local/lib/python3.8/site-packages/pandas/io/parsers/readers.py", line 1407, in __init__
    self._engine = self._make_engine(f, self.engine)
  File "/home/airflow/.local/lib/python3.8/site-packages/pandas/io/parsers/readers.py", line 1661, in _make_engine
    self.handles = get_handle(
  File "/home/airflow/.local/lib/python3.8/site-packages/pandas/io/common.py", line 859, in get_handle
    handle = open(
FileNotFoundError: [Errno 2] No such file or directory: '/tmp/timetable.csv'
[2026-04-10T03:20:21.963+0000] {taskinstance.py:1138} INFO - Marking task as UP_FOR_RETRY. dag_id=smart_building_pipeline_stream_to_kafka_with_ssh, task_id=expand_timetable, execution_date=20260410T031517, start_date=20260410T032021, end_date=20260410T032021
[2026-04-10T03:20:21.973+0000] {standard_task_runner.py:107} ERROR - Failed to execute job 46 for task expand_timetable ([Errno 2] No such file or directory: '/tmp/timetable.csv'; 700)
[2026-04-10T03:20:22.005+0000] {local_task_job_runner.py:234} INFO - Task exited with return code 1
[2026-04-10T03:20:22.027+0000] {taskinstance.py:3280} INFO - 0 downstream tasks scheduled from follow-on schedule check
