[2026-04-10T08:08:30.326+0000] {taskinstance.py:1956} INFO - Dependencies all met for dep_context=non-requeueable deps ti=<TaskInstance: smart_building_pipeline_stream_to_kafka_garjabuu.generate_iot_data manual__2026-04-10T08:08:25.571594+00:00 [queued]>
[2026-04-10T08:08:30.347+0000] {taskinstance.py:1956} INFO - Dependencies all met for dep_context=requeueable deps ti=<TaskInstance: smart_building_pipeline_stream_to_kafka_garjabuu.generate_iot_data manual__2026-04-10T08:08:25.571594+00:00 [queued]>
[2026-04-10T08:08:30.348+0000] {taskinstance.py:2170} INFO - Starting attempt 1 of 3
[2026-04-10T08:08:30.554+0000] {taskinstance.py:2191} INFO - Executing <Task(PythonOperator): generate_iot_data> on 2026-04-10 08:08:25.571594+00:00
[2026-04-10T08:08:30.567+0000] {standard_task_runner.py:60} INFO - Started process 236 to run task
[2026-04-10T08:08:30.572+0000] {standard_task_runner.py:87} INFO - Running: ['***', 'tasks', 'run', 'smart_building_pipeline_stream_to_kafka_garjabuu', 'generate_iot_data', 'manual__2026-04-10T08:08:25.571594+00:00', '--job-id', '65', '--raw', '--subdir', 'DAGS_FOLDER/bems_dag.py', '--cfg-path', '/tmp/tmpzo2lkes5']
[2026-04-10T08:08:30.576+0000] {standard_task_runner.py:88} INFO - Job 65: Subtask generate_iot_data
[2026-04-10T08:08:30.667+0000] {task_command.py:423} INFO - Running <TaskInstance: smart_building_pipeline_stream_to_kafka_garjabuu.generate_iot_data manual__2026-04-10T08:08:25.571594+00:00 [running]> on host 998af5aaee6c
[2026-04-10T08:08:30.774+0000] {taskinstance.py:2480} INFO - Exporting env vars: AIRFLOW_CTX_DAG_OWNER='smart-building' AIRFLOW_CTX_DAG_ID='smart_building_pipeline_stream_to_kafka_garjabuu' AIRFLOW_CTX_TASK_ID='generate_iot_data' AIRFLOW_CTX_EXECUTION_DATE='2026-04-10T08:08:25.571594+00:00' AIRFLOW_CTX_TRY_NUMBER='1' AIRFLOW_CTX_DAG_RUN_ID='manual__2026-04-10T08:08:25.571594+00:00'
[2026-04-10T08:08:31.288+0000] {logging_mixin.py:188} INFO - [INFO] Sensor data rows: 13068
[2026-04-10T08:08:31.293+0000] {logging_mixin.py:188} INFO -                            readingID           timestamp roomID           deviceID  value  deviceType
148f38de-c7f3-49d0-b96a-6c0ea2f4149e 2026-04-01 08:00:00  IT334  IT334_temperature  30.10 temperature
1bb3228f-0813-4418-b58d-8bc9e87dc5f8 2026-04-01 08:00:00  IT334        IT334_light   9.00       light
8b26ba5f-7139-418e-9396-084963f72951 2026-04-01 08:00:00  IT334        IT334_power   0.28       power
a2f8320a-21e9-4f09-abe0-fd7b1b0a6fed 2026-04-01 08:00:00 Lab103 Lab103_temperature  31.49 temperature
c5baba56-a854-42f4-afd7-6a9cdfbe7ae6 2026-04-01 08:00:00 Lab103       Lab103_light   4.00       light
3ac36874-94a6-406d-b5b8-0413b7152616 2026-04-01 08:00:00 Lab103       Lab103_power   0.47       power
1c3d464e-35d5-4e10-ac16-574a4575403a 2026-04-01 08:00:00  IT305  IT305_temperature  29.32 temperature
08144549-74d4-465f-91ed-0667fb760f5d 2026-04-01 08:00:00  IT305        IT305_light  17.00       light
e26e989a-2cb0-4c39-acea-9941d656f3a3 2026-04-01 08:00:00  IT305        IT305_power   0.34       power
704af0a9-b505-4463-b608-bcb4b28be777 2026-04-01 08:00:00 Lab212 Lab212_temperature  30.90 temperature
ef921f94-1e8d-4070-9b23-80845652afe7 2026-04-01 08:00:00 Lab212       Lab212_light   7.00       light
535ff8be-5b41-46bc-b789-066d8a12df29 2026-04-01 08:00:00 Lab212       Lab212_power   0.42       power
180fcdb7-f04c-493e-95be-ddbded6a86b6 2026-04-01 08:00:00 Lab212 Lab212_temperature  30.00 temperature
29ad72e8-2c53-434b-b07b-5b231d3b4242 2026-04-01 08:00:00 Lab212       Lab212_light  48.00       light
96ca9d43-a3d6-46ad-92e8-3c03be2208b0 2026-04-01 08:00:00 Lab212       Lab212_power   0.39       power
[2026-04-10T08:08:31.344+0000] {python.py:201} INFO - Done. Returned value was: /tmp/sensor_data.csv
[2026-04-10T08:08:31.372+0000] {taskinstance.py:1138} INFO - Marking task as SUCCESS. dag_id=smart_building_pipeline_stream_to_kafka_garjabuu, task_id=generate_iot_data, execution_date=20260410T080825, start_date=20260410T080830, end_date=20260410T080831
[2026-04-10T08:08:31.428+0000] {local_task_job_runner.py:234} INFO - Task exited with return code 0
[2026-04-10T08:08:31.454+0000] {taskinstance.py:3280} INFO - 0 downstream tasks scheduled from follow-on schedule check
