[2026-04-09T11:29:28.230+0000] {taskinstance.py:1956} INFO - Dependencies all met for dep_context=non-requeueable deps ti=<TaskInstance: smart_building_pipeline_.expand_timetable manual__2026-04-09T11:29:25.132977+00:00 [queued]>
[2026-04-09T11:29:28.242+0000] {taskinstance.py:1956} INFO - Dependencies all met for dep_context=requeueable deps ti=<TaskInstance: smart_building_pipeline_.expand_timetable manual__2026-04-09T11:29:25.132977+00:00 [queued]>
[2026-04-09T11:29:28.243+0000] {taskinstance.py:2170} INFO - Starting attempt 1 of 3
[2026-04-09T11:29:28.265+0000] {taskinstance.py:2191} INFO - Executing <Task(PythonOperator): expand_timetable> on 2026-04-09 11:29:25.132977+00:00
[2026-04-09T11:29:28.280+0000] {standard_task_runner.py:60} INFO - Started process 1594 to run task
[2026-04-09T11:29:28.285+0000] {standard_task_runner.py:87} INFO - Running: ['***', 'tasks', 'run', 'smart_building_pipeline_', 'expand_timetable', 'manual__2026-04-09T11:29:25.132977+00:00', '--job-id', '14', '--raw', '--subdir', 'DAGS_FOLDER/bems_dag.py', '--cfg-path', '/tmp/tmpd4c7xxw2']
[2026-04-09T11:29:28.288+0000] {standard_task_runner.py:88} INFO - Job 14: Subtask expand_timetable
[2026-04-09T11:29:28.398+0000] {task_command.py:423} INFO - Running <TaskInstance: smart_building_pipeline_.expand_timetable manual__2026-04-09T11:29:25.132977+00:00 [running]> on host d81182cf7fc4
[2026-04-09T11:29:28.819+0000] {taskinstance.py:2480} INFO - Exporting env vars: AIRFLOW_CTX_DAG_OWNER='smart-building' AIRFLOW_CTX_DAG_ID='smart_building_pipeline_' AIRFLOW_CTX_TASK_ID='expand_timetable' AIRFLOW_CTX_EXECUTION_DATE='2026-04-09T11:29:25.132977+00:00' AIRFLOW_CTX_TRY_NUMBER='1' AIRFLOW_CTX_DAG_RUN_ID='manual__2026-04-09T11:29:25.132977+00:00'
[2026-04-09T11:29:28.903+0000] {logging_mixin.py:188} INFO - [INFO] Expanded timetable rows: 36
[2026-04-09T11:29:28.909+0000] {logging_mixin.py:188} INFO - roomID       date start_time end_time  course
 IT334 2026-04-01       8:30    10:30 ITDS241
Lab103 2026-04-01      10:30    12:30 ITDS242
 IT305 2026-04-01       9:00    12:00 ITDS211
Lab212 2026-04-01       9:00    11:00 ITDS331
Lab212 2026-04-01      11:00    13:00 ITDS331
 IT331 2026-04-02       9:00    11:00 ITDS261
Lab212 2026-04-02      11:00    13:00 ITDS262
 IT334 2026-04-02       8:30    10:30 ITDS241
Lab103 2026-04-02      10:30    12:30 ITDS242
 IT305 2026-04-02       9:00    11:00 ITDS362
[2026-04-09T11:29:28.911+0000] {python.py:201} INFO - Done. Returned value was: None
[2026-04-09T11:29:28.934+0000] {taskinstance.py:1138} INFO - Marking task as SUCCESS. dag_id=smart_building_pipeline_, task_id=expand_timetable, execution_date=20260409T112925, start_date=20260409T112928, end_date=20260409T112928
[2026-04-09T11:29:29.021+0000] {local_task_job_runner.py:234} INFO - Task exited with return code 0
[2026-04-09T11:29:29.062+0000] {taskinstance.py:3280} INFO - 1 downstream tasks scheduled from follow-on schedule check
