[2026-04-10T03:38:09.356+0000] {taskinstance.py:1956} INFO - Dependencies all met for dep_context=non-requeueable deps ti=<TaskInstance: smart_building_pipeline_stream_to_kafka_garjabuu.stream_to_kafka manual__2026-04-10T03:25:04.432296+00:00 [queued]>
[2026-04-10T03:38:09.366+0000] {taskinstance.py:1956} INFO - Dependencies all met for dep_context=requeueable deps ti=<TaskInstance: smart_building_pipeline_stream_to_kafka_garjabuu.stream_to_kafka manual__2026-04-10T03:25:04.432296+00:00 [queued]>
[2026-04-10T03:38:09.366+0000] {taskinstance.py:2170} INFO - Starting attempt 3 of 3
[2026-04-10T03:38:09.535+0000] {taskinstance.py:2191} INFO - Executing <Task(PythonOperator): stream_to_kafka> on 2026-04-10 03:25:04.432296+00:00
[2026-04-10T03:38:09.543+0000] {standard_task_runner.py:60} INFO - Started process 757 to run task
[2026-04-10T03:38:09.548+0000] {standard_task_runner.py:87} INFO - Running: ['***', 'tasks', 'run', 'smart_building_pipeline_stream_to_kafka_garjabuu', 'stream_to_kafka', 'manual__2026-04-10T03:25:04.432296+00:00', '--job-id', '58', '--raw', '--subdir', 'DAGS_FOLDER/bems_dag.py', '--cfg-path', '/tmp/tmpru0orjia']
[2026-04-10T03:38:09.551+0000] {standard_task_runner.py:88} INFO - Job 58: Subtask stream_to_kafka
[2026-04-10T03:38:09.617+0000] {task_command.py:423} INFO - Running <TaskInstance: smart_building_pipeline_stream_to_kafka_garjabuu.stream_to_kafka manual__2026-04-10T03:25:04.432296+00:00 [running]> on host 448fbeefe186
[2026-04-10T03:38:09.695+0000] {taskinstance.py:2480} INFO - Exporting env vars: AIRFLOW_CTX_DAG_OWNER='smart-building' AIRFLOW_CTX_DAG_ID='smart_building_pipeline_stream_to_kafka_garjabuu' AIRFLOW_CTX_TASK_ID='stream_to_kafka' AIRFLOW_CTX_EXECUTION_DATE='2026-04-10T03:25:04.432296+00:00' AIRFLOW_CTX_TRY_NUMBER='3' AIRFLOW_CTX_DAG_RUN_ID='manual__2026-04-10T03:25:04.432296+00:00'
[2026-04-10T03:39:19.644+0000] {local_task_job_runner.py:121} ERROR - Received SIGTERM. Terminating subprocesses
[2026-04-10T03:39:19.652+0000] {process_utils.py:131} INFO - Sending 15 to group 757. PIDs of all processes in the group: [757]
[2026-04-10T03:39:19.655+0000] {process_utils.py:86} INFO - Sending the signal 15 to group 757
[2026-04-10T03:39:19.662+0000] {taskinstance.py:2450} ERROR - Received SIGTERM. Terminating subprocesses.
[2026-04-10T03:39:19.716+0000] {taskinstance.py:2698} ERROR - Task failed with exception
Traceback (most recent call last):
  File "/home/airflow/.local/lib/python3.8/site-packages/airflow/models/taskinstance.py", line 433, in _execute_task
    result = execute_callable(context=context, **execute_callable_kwargs)
  File "/home/airflow/.local/lib/python3.8/site-packages/airflow/operators/python.py", line 199, in execute
    return_value = self.execute_callable()
  File "/home/airflow/.local/lib/python3.8/site-packages/airflow/operators/python.py", line 216, in execute_callable
    return self.python_callable(*self.op_args, **self.op_kwargs)
  File "/opt/airflow/dags/bems_dag.py", line 231, in stream_to_kafka
    time.sleep(SLEEP_TIME)
  File "/home/airflow/.local/lib/python3.8/site-packages/airflow/models/taskinstance.py", line 2452, in signal_handler
    raise AirflowException("Task received SIGTERM signal")
airflow.exceptions.AirflowException: Task received SIGTERM signal
[2026-04-10T03:39:19.734+0000] {taskinstance.py:1138} INFO - Marking task as FAILED. dag_id=smart_building_pipeline_stream_to_kafka_garjabuu, task_id=stream_to_kafka, execution_date=20260410T032504, start_date=20260410T033809, end_date=20260410T033919
[2026-04-10T03:39:19.756+0000] {standard_task_runner.py:107} ERROR - Failed to execute job 58 for task stream_to_kafka (Task received SIGTERM signal; 757)
[2026-04-10T03:39:19.803+0000] {process_utils.py:79} INFO - Process psutil.Process(pid=757, status='terminated', exitcode=1, started='03:38:09') (757) terminated with exit code 1
[2026-04-10T03:39:19.804+0000] {local_task_job_runner.py:234} INFO - Task exited with return code 143
[2026-04-10T03:39:19.835+0000] {taskinstance.py:3280} INFO - 0 downstream tasks scheduled from follow-on schedule check
