[2026-04-10T03:31:55.747+0000] {taskinstance.py:1956} INFO - Dependencies all met for dep_context=non-requeueable deps ti=<TaskInstance: smart_building_pipeline_stream_to_kafka_garjabuu.stream_to_kafka manual__2026-04-10T03:25:04.432296+00:00 [queued]>
[2026-04-10T03:31:55.763+0000] {taskinstance.py:1956} INFO - Dependencies all met for dep_context=requeueable deps ti=<TaskInstance: smart_building_pipeline_stream_to_kafka_garjabuu.stream_to_kafka manual__2026-04-10T03:25:04.432296+00:00 [queued]>
[2026-04-10T03:31:55.765+0000] {taskinstance.py:2170} INFO - Starting attempt 2 of 3
[2026-04-10T03:31:55.963+0000] {taskinstance.py:2191} INFO - Executing <Task(PythonOperator): stream_to_kafka> on 2026-04-10 03:25:04.432296+00:00
[2026-04-10T03:31:55.971+0000] {standard_task_runner.py:60} INFO - Started process 1813 to run task
[2026-04-10T03:31:55.975+0000] {standard_task_runner.py:87} INFO - Running: ['***', 'tasks', 'run', 'smart_building_pipeline_stream_to_kafka_garjabuu', 'stream_to_kafka', 'manual__2026-04-10T03:25:04.432296+00:00', '--job-id', '51', '--raw', '--subdir', 'DAGS_FOLDER/bems_dag.py', '--cfg-path', '/tmp/tmpcclsxm89']
[2026-04-10T03:31:55.978+0000] {standard_task_runner.py:88} INFO - Job 51: Subtask stream_to_kafka
[2026-04-10T03:31:56.046+0000] {task_command.py:423} INFO - Running <TaskInstance: smart_building_pipeline_stream_to_kafka_garjabuu.stream_to_kafka manual__2026-04-10T03:25:04.432296+00:00 [running]> on host f39dc6e41c25
[2026-04-10T03:31:56.130+0000] {taskinstance.py:2480} INFO - Exporting env vars: AIRFLOW_CTX_DAG_OWNER='smart-building' AIRFLOW_CTX_DAG_ID='smart_building_pipeline_stream_to_kafka_garjabuu' AIRFLOW_CTX_TASK_ID='stream_to_kafka' AIRFLOW_CTX_EXECUTION_DATE='2026-04-10T03:25:04.432296+00:00' AIRFLOW_CTX_TRY_NUMBER='2' AIRFLOW_CTX_DAG_RUN_ID='manual__2026-04-10T03:25:04.432296+00:00'
[2026-04-10T03:33:08.230+0000] {local_task_job_runner.py:121} ERROR - Received SIGTERM. Terminating subprocesses
[2026-04-10T03:33:08.318+0000] {process_utils.py:131} INFO - Sending 15 to group 1813. PIDs of all processes in the group: [1813]
[2026-04-10T03:33:08.319+0000] {process_utils.py:86} INFO - Sending the signal 15 to group 1813
[2026-04-10T03:33:08.367+0000] {taskinstance.py:2450} ERROR - Received SIGTERM. Terminating subprocesses.
[2026-04-10T03:33:08.484+0000] {taskinstance.py:2698} ERROR - Task failed with exception
Traceback (most recent call last):
  File "/home/airflow/.local/lib/python3.8/site-packages/airflow/models/taskinstance.py", line 433, in _execute_task
    result = execute_callable(context=context, **execute_callable_kwargs)
  File "/home/airflow/.local/lib/python3.8/site-packages/airflow/operators/python.py", line 199, in execute
    return_value = self.execute_callable()
  File "/home/airflow/.local/lib/python3.8/site-packages/airflow/operators/python.py", line 216, in execute_callable
    return self.python_callable(*self.op_args, **self.op_kwargs)
  File "/opt/airflow/dags/bems_dag.py", line 223, in stream_to_kafka
    subprocess.run(
  File "/usr/local/lib/python3.8/subprocess.py", line 493, in run
    with Popen(*popenargs, **kwargs) as process:
  File "/usr/local/lib/python3.8/subprocess.py", line 858, in __init__
    self._execute_child(args, executable, preexec_fn, close_fds,
  File "/usr/local/lib/python3.8/subprocess.py", line 1655, in _execute_child
    self.pid = _posixsubprocess.fork_exec(
  File "/home/airflow/.local/lib/python3.8/site-packages/airflow/models/taskinstance.py", line 2452, in signal_handler
    raise AirflowException("Task received SIGTERM signal")
airflow.exceptions.AirflowException: Task received SIGTERM signal
[2026-04-10T03:33:08.507+0000] {taskinstance.py:1138} INFO - Marking task as UP_FOR_RETRY. dag_id=smart_building_pipeline_stream_to_kafka_garjabuu, task_id=stream_to_kafka, execution_date=20260410T032504, start_date=20260410T033155, end_date=20260410T033308
[2026-04-10T03:33:08.608+0000] {standard_task_runner.py:107} ERROR - Failed to execute job 51 for task stream_to_kafka (Task received SIGTERM signal; 1813)
[2026-04-10T03:33:08.665+0000] {process_utils.py:79} INFO - Process psutil.Process(pid=1813, status='terminated', exitcode=1, started='03:31:55') (1813) terminated with exit code 1
[2026-04-10T03:33:08.667+0000] {local_task_job_runner.py:234} INFO - Task exited with return code 143
[2026-04-10T03:33:08.713+0000] {taskinstance.py:3280} INFO - 0 downstream tasks scheduled from follow-on schedule check
[2026-04-10T03:33:11.222+0000] {local_task_job_runner.py:121} ERROR - Received SIGTERM. Terminating subprocesses
[2026-04-10T03:33:11.225+0000] {local_task_job_runner.py:234} INFO - Task exited with return code 143
