[2026-04-10T03:25:11.348+0000] {taskinstance.py:1956} INFO - Dependencies all met for dep_context=non-requeueable deps ti=<TaskInstance: smart_building_pipeline_stream_to_kafka_garjabuu.stream_to_kafka manual__2026-04-10T03:25:04.432296+00:00 [queued]>
[2026-04-10T03:25:11.355+0000] {taskinstance.py:1956} INFO - Dependencies all met for dep_context=requeueable deps ti=<TaskInstance: smart_building_pipeline_stream_to_kafka_garjabuu.stream_to_kafka manual__2026-04-10T03:25:04.432296+00:00 [queued]>
[2026-04-10T03:25:11.356+0000] {taskinstance.py:2170} INFO - Starting attempt 1 of 3
[2026-04-10T03:25:11.600+0000] {taskinstance.py:2191} INFO - Executing <Task(PythonOperator): stream_to_kafka> on 2026-04-10 03:25:04.432296+00:00
[2026-04-10T03:25:11.609+0000] {standard_task_runner.py:60} INFO - Started process 1041 to run task
[2026-04-10T03:25:11.613+0000] {standard_task_runner.py:87} INFO - Running: ['***', 'tasks', 'run', 'smart_building_pipeline_stream_to_kafka_garjabuu', 'stream_to_kafka', 'manual__2026-04-10T03:25:04.432296+00:00', '--job-id', '50', '--raw', '--subdir', 'DAGS_FOLDER/bems_dag.py', '--cfg-path', '/tmp/tmp_5xx9o8q']
[2026-04-10T03:25:11.617+0000] {standard_task_runner.py:88} INFO - Job 50: Subtask stream_to_kafka
[2026-04-10T03:25:11.681+0000] {task_command.py:423} INFO - Running <TaskInstance: smart_building_pipeline_stream_to_kafka_garjabuu.stream_to_kafka manual__2026-04-10T03:25:04.432296+00:00 [running]> on host f39dc6e41c25
[2026-04-10T03:25:11.754+0000] {taskinstance.py:2480} INFO - Exporting env vars: AIRFLOW_CTX_DAG_OWNER='smart-building' AIRFLOW_CTX_DAG_ID='smart_building_pipeline_stream_to_kafka_garjabuu' AIRFLOW_CTX_TASK_ID='stream_to_kafka' AIRFLOW_CTX_EXECUTION_DATE='2026-04-10T03:25:04.432296+00:00' AIRFLOW_CTX_TRY_NUMBER='1' AIRFLOW_CTX_DAG_RUN_ID='manual__2026-04-10T03:25:04.432296+00:00'
[2026-04-10T03:26:54.086+0000] {taskinstance.py:2698} ERROR - Task failed with exception
Traceback (most recent call last):
  File "/home/airflow/.local/lib/python3.8/site-packages/airflow/models/taskinstance.py", line 433, in _execute_task
    result = execute_callable(context=context, **execute_callable_kwargs)
  File "/home/airflow/.local/lib/python3.8/site-packages/airflow/operators/python.py", line 199, in execute
    return_value = self.execute_callable()
  File "/home/airflow/.local/lib/python3.8/site-packages/airflow/operators/python.py", line 216, in execute_callable
    return self.python_callable(*self.op_args, **self.op_kwargs)
  File "/opt/airflow/dags/bems_dag.py", line 223, in stream_to_kafka
    subprocess.run(
  File "/usr/local/lib/python3.8/subprocess.py", line 495, in run
    stdout, stderr = process.communicate(input, timeout=timeout)
  File "/usr/local/lib/python3.8/subprocess.py", line 1028, in communicate
    stdout, stderr = self._communicate(input, endtime, timeout)
  File "/usr/local/lib/python3.8/subprocess.py", line 1910, in _communicate
    self.wait(timeout=self._remaining_time(endtime))
  File "/usr/local/lib/python3.8/subprocess.py", line 1083, in wait
    return self._wait(timeout=timeout)
  File "/usr/local/lib/python3.8/subprocess.py", line 1814, in _wait
    raise TimeoutExpired(self.args, timeout)
subprocess.TimeoutExpired: Command '['ssh', 'itds344@10.34.111.33', 'echo \'{"readingID": "9bcdc19c-786e-493c-9a4f-c5bef1a9e63f", "timestamp": "2026-04-01 10:30:00", "roomID": "Lab212", "deviceID": "Lab212_light", "value": "37.0", "deviceType": "light"}\\n{"readingID": "3bdc6ce4-012f-4af3-a0ea-92d1cd01d046", "timestamp": "2026-04-01 10:30:00", "roomID": "Lab212", "deviceID": "Lab212_power", "value": "0.21", "deviceType": "power"}\\n{"readingID": "24d880ac-172a-4eb1-aeb8-e8b16845af46", "timestamp": "2026-04-01 10:30:00", "roomID": "IT332", "deviceID": "IT332_temperature", "value": "28.61", "deviceType": "temperature"}\\n{"readingID": "b6c48fb3-9970-4951-8e22-0f4dcb950302", "timestamp": "2026-04-01 10:30:00", "roomID": "IT332", "deviceID": "IT332_light", "value": "19.0", "deviceType": "light"}\\n{"readingID": "58ed3da5-ebcd-4d5a-83e8-58b363f4a268", "timestamp": "2026-04-01 10:30:00", "roomID": "IT332", "deviceID": "IT332_power", "value": "0.33", "deviceType": "power"}\\n{"readingID": "50fab6b9-9849-41a6-b015-8d612b51d3cf", "timestamp": "2026-04-01 10:30:00", "roomID": "Lab212", "deviceID": "Lab212_temperature", "value": "28.55", "deviceType": "temperature"}\\n{"readingID": "b69ee462-017a-40a4-82a3-00377a7fa66f", "timestamp": "2026-04-01 10:30:00", "roomID": "Lab212", "deviceID": "Lab212_light", "value": "25.0", "deviceType": "light"}\\n{"readingID": "6ecfcae7-c69f-46e2-ac90-362ffd064c23", "timestamp": "2026-04-01 10:30:00", "roomID": "Lab212", "deviceID": "Lab212_power", "value": "0.45", "deviceType": "power"}\\n{"readingID": "057f719b-6fbb-475e-b20b-3c244e9e5059", "timestamp": "2026-04-01 10:30:00", "roomID": "IT204", "deviceID": "IT204_temperature", "value": "29.66", "deviceType": "temperature"}\\n{"readingID": "e2d74923-25f5-40f6-ac33-3e297b9d2d7c", "timestamp": "2026-04-01 10:30:00", "roomID": "IT204", "deviceID": "IT204_light", "value": "49.0", "deviceType": "light"}\' | /opt/kafka/bin/kafka-console-producer.sh --broker-list localhost:9092 --topic iot-sensor']' timed out after 9.999934482999379 seconds
[2026-04-10T03:26:54.115+0000] {taskinstance.py:1138} INFO - Marking task as UP_FOR_RETRY. dag_id=smart_building_pipeline_stream_to_kafka_garjabuu, task_id=stream_to_kafka, execution_date=20260410T032504, start_date=20260410T032511, end_date=20260410T032654
[2026-04-10T03:26:54.141+0000] {standard_task_runner.py:107} ERROR - Failed to execute job 50 for task stream_to_kafka (Command '['ssh', 'itds344@10.34.111.33', 'echo \'{"readingID": "9bcdc19c-786e-493c-9a4f-c5bef1a9e63f", "timestamp": "2026-04-01 10:30:00", "roomID": "Lab212", "deviceID": "Lab212_light", "value": "37.0", "deviceType": "light"}\\n{"readingID": "3bdc6ce4-012f-4af3-a0ea-92d1cd01d046", "timestamp": "2026-04-01 10:30:00", "roomID": "Lab212", "deviceID": "Lab212_power", "value": "0.21", "deviceType": "power"}\\n{"readingID": "24d880ac-172a-4eb1-aeb8-e8b16845af46", "timestamp": "2026-04-01 10:30:00", "roomID": "IT332", "deviceID": "IT332_temperature", "value": "28.61", "deviceType": "temperature"}\\n{"readingID": "b6c48fb3-9970-4951-8e22-0f4dcb950302", "timestamp": "2026-04-01 10:30:00", "roomID": "IT332", "deviceID": "IT332_light", "value": "19.0", "deviceType": "light"}\\n{"readingID": "58ed3da5-ebcd-4d5a-83e8-58b363f4a268", "timestamp": "2026-04-01 10:30:00", "roomID": "IT332", "deviceID": "IT332_power", "value": "0.33", "deviceType": "power"}\\n{"readingID": "50fab6b9-9849-41a6-b015-8d612b51d3cf", "timestamp": "2026-04-01 10:30:00", "roomID": "Lab212", "deviceID": "Lab212_temperature", "value": "28.55", "deviceType": "temperature"}\\n{"readingID": "b69ee462-017a-40a4-82a3-00377a7fa66f", "timestamp": "2026-04-01 10:30:00", "roomID": "Lab212", "deviceID": "Lab212_light", "value": "25.0", "deviceType": "light"}\\n{"readingID": "6ecfcae7-c69f-46e2-ac90-362ffd064c23", "timestamp": "2026-04-01 10:30:00", "roomID": "Lab212", "deviceID": "Lab212_power", "value": "0.45", "deviceType": "power"}\\n{"readingID": "057f719b-6fbb-475e-b20b-3c244e9e5059", "timestamp": "2026-04-01 10:30:00", "roomID": "IT204", "deviceID": "IT204_temperature", "value": "29.66", "deviceType": "temperature"}\\n{"readingID": "e2d74923-25f5-40f6-ac33-3e297b9d2d7c", "timestamp": "2026-04-01 10:30:00", "roomID": "IT204", "deviceID": "IT204_light", "value": "49.0", "deviceType": "light"}\' | /opt/kafka/bin/kafka-console-producer.sh --broker-list localhost:9092 --topic iot-sensor']' timed out after 9.999934482999379 seconds; 1041)
[2026-04-10T03:26:54.189+0000] {local_task_job_runner.py:234} INFO - Task exited with return code 1
[2026-04-10T03:26:54.209+0000] {taskinstance.py:3280} INFO - 0 downstream tasks scheduled from follow-on schedule check
