[2026-04-09T11:17:26.167+0000] {taskinstance.py:1956} INFO - Dependencies all met for dep_context=non-requeueable deps ti=<TaskInstance: smart_building_pipeline.load_timetable manual__2026-04-09T11:17:24.911169+00:00 [queued]>
[2026-04-09T11:17:26.178+0000] {taskinstance.py:1956} INFO - Dependencies all met for dep_context=requeueable deps ti=<TaskInstance: smart_building_pipeline.load_timetable manual__2026-04-09T11:17:24.911169+00:00 [queued]>
[2026-04-09T11:17:26.178+0000] {taskinstance.py:2170} INFO - Starting attempt 1 of 3
[2026-04-09T11:17:26.195+0000] {taskinstance.py:2191} INFO - Executing <Task(PythonOperator): load_timetable> on 2026-04-09 11:17:24.911169+00:00
[2026-04-09T11:17:26.206+0000] {standard_task_runner.py:60} INFO - Started process 678 to run task
[2026-04-09T11:17:26.211+0000] {standard_task_runner.py:87} INFO - Running: ['***', 'tasks', 'run', 'smart_building_pipeline', 'load_timetable', 'manual__2026-04-09T11:17:24.911169+00:00', '--job-id', '7', '--raw', '--subdir', 'DAGS_FOLDER/dag_with_python_op.py', '--cfg-path', '/tmp/tmpv_68st1z']
[2026-04-09T11:17:26.214+0000] {standard_task_runner.py:88} INFO - Job 7: Subtask load_timetable
[2026-04-09T11:17:26.293+0000] {task_command.py:423} INFO - Running <TaskInstance: smart_building_pipeline.load_timetable manual__2026-04-09T11:17:24.911169+00:00 [running]> on host d81182cf7fc4
[2026-04-09T11:17:27.501+0000] {taskinstance.py:2480} INFO - Exporting env vars: AIRFLOW_CTX_DAG_OWNER='smart-building' AIRFLOW_CTX_DAG_ID='smart_building_pipeline' AIRFLOW_CTX_TASK_ID='load_timetable' AIRFLOW_CTX_EXECUTION_DATE='2026-04-09T11:17:24.911169+00:00' AIRFLOW_CTX_TRY_NUMBER='1' AIRFLOW_CTX_DAG_RUN_ID='manual__2026-04-09T11:17:24.911169+00:00'
[2026-04-09T11:17:27.527+0000] {taskinstance.py:2698} ERROR - Task failed with exception
Traceback (most recent call last):
  File "/home/airflow/.local/lib/python3.8/site-packages/pandas/compat/_optional.py", line 142, in import_optional_dependency
    module = importlib.import_module(name)
  File "/usr/local/lib/python3.8/importlib/__init__.py", line 127, in import_module
    return _bootstrap._gcd_import(name[level:], package, level)
  File "<frozen importlib._bootstrap>", line 1014, in _gcd_import
  File "<frozen importlib._bootstrap>", line 991, in _find_and_load
  File "<frozen importlib._bootstrap>", line 973, in _find_and_load_unlocked
ModuleNotFoundError: No module named 'openpyxl'

During handling of the above exception, another exception occurred:

Traceback (most recent call last):
  File "/home/airflow/.local/lib/python3.8/site-packages/airflow/models/taskinstance.py", line 433, in _execute_task
    result = execute_callable(context=context, **execute_callable_kwargs)
  File "/home/airflow/.local/lib/python3.8/site-packages/airflow/operators/python.py", line 199, in execute
    return_value = self.execute_callable()
  File "/home/airflow/.local/lib/python3.8/site-packages/airflow/operators/python.py", line 216, in execute_callable
    return self.python_callable(*self.op_args, **self.op_kwargs)
  File "/opt/airflow/dags/dag_with_python_op.py", line 27, in load_timetable
    df = pd.read_excel(TIMETABLE_FILE)
  File "/home/airflow/.local/lib/python3.8/site-packages/pandas/io/excel/_base.py", line 478, in read_excel
    io = ExcelFile(io, storage_options=storage_options, engine=engine)
  File "/home/airflow/.local/lib/python3.8/site-packages/pandas/io/excel/_base.py", line 1513, in __init__
    self._reader = self._engines[engine](self._io, storage_options=storage_options)
  File "/home/airflow/.local/lib/python3.8/site-packages/pandas/io/excel/_openpyxl.py", line 548, in __init__
    import_optional_dependency("openpyxl")
  File "/home/airflow/.local/lib/python3.8/site-packages/pandas/compat/_optional.py", line 145, in import_optional_dependency
    raise ImportError(msg)
ImportError: Missing optional dependency 'openpyxl'.  Use pip or conda to install openpyxl.
[2026-04-09T11:17:27.573+0000] {taskinstance.py:1138} INFO - Marking task as UP_FOR_RETRY. dag_id=smart_building_pipeline, task_id=load_timetable, execution_date=20260409T111724, start_date=20260409T111726, end_date=20260409T111727
[2026-04-09T11:17:27.598+0000] {standard_task_runner.py:107} ERROR - Failed to execute job 7 for task load_timetable (Missing optional dependency 'openpyxl'.  Use pip or conda to install openpyxl.; 678)
[2026-04-09T11:17:27.674+0000] {local_task_job_runner.py:234} INFO - Task exited with return code 1
[2026-04-09T11:17:27.730+0000] {taskinstance.py:3280} INFO - 0 downstream tasks scheduled from follow-on schedule check
