[2026-01-19T09:39:47.256+0000] {processor.py:161} INFO - Started process (PID=321) to work on /home/airflow/.local/lib/python3.8/site-packages/airflow/example_dags/example_branch_labels.py
[2026-01-19T09:39:47.258+0000] {processor.py:830} INFO - Processing file /home/airflow/.local/lib/python3.8/site-packages/airflow/example_dags/example_branch_labels.py for tasks to queue
[2026-01-19T09:39:47.261+0000] {logging_mixin.py:188} INFO - [2026-01-19T09:39:47.260+0000] {dagbag.py:538} INFO - Filling up the DagBag from /home/airflow/.local/lib/python3.8/site-packages/airflow/example_dags/example_branch_labels.py
[2026-01-19T09:39:47.277+0000] {processor.py:840} INFO - DAG(s) 'example_branch_labels' retrieved from /home/airflow/.local/lib/python3.8/site-packages/airflow/example_dags/example_branch_labels.py
[2026-01-19T09:39:47.292+0000] {logging_mixin.py:188} INFO - [2026-01-19T09:39:47.292+0000] {dag.py:3036} INFO - Sync 1 DAGs
[2026-01-19T09:39:47.320+0000] {logging_mixin.py:188} INFO - [2026-01-19T09:39:47.320+0000] {dag.py:3823} INFO - Setting next_dagrun for example_branch_labels to 2026-01-18 00:00:00+00:00, run_after=2026-01-19 00:00:00+00:00
[2026-01-19T09:39:47.341+0000] {processor.py:183} INFO - Processing /home/airflow/.local/lib/python3.8/site-packages/airflow/example_dags/example_branch_labels.py took 0.091 seconds
[2026-01-19T09:40:19.083+0000] {processor.py:161} INFO - Started process (PID=566) to work on /home/airflow/.local/lib/python3.8/site-packages/airflow/example_dags/example_branch_labels.py
[2026-01-19T09:40:19.085+0000] {processor.py:830} INFO - Processing file /home/airflow/.local/lib/python3.8/site-packages/airflow/example_dags/example_branch_labels.py for tasks to queue
[2026-01-19T09:40:19.088+0000] {logging_mixin.py:188} INFO - [2026-01-19T09:40:19.086+0000] {dagbag.py:538} INFO - Filling up the DagBag from /home/airflow/.local/lib/python3.8/site-packages/airflow/example_dags/example_branch_labels.py
[2026-01-19T09:40:19.116+0000] {processor.py:840} INFO - DAG(s) 'example_branch_labels' retrieved from /home/airflow/.local/lib/python3.8/site-packages/airflow/example_dags/example_branch_labels.py
[2026-01-19T09:40:19.294+0000] {logging_mixin.py:188} INFO - [2026-01-19T09:40:19.294+0000] {dag.py:3036} INFO - Sync 1 DAGs
[2026-01-19T09:40:19.346+0000] {logging_mixin.py:188} INFO - [2026-01-19T09:40:19.346+0000] {dag.py:3823} INFO - Setting next_dagrun for example_branch_labels to 2026-01-18 00:00:00+00:00, run_after=2026-01-19 00:00:00+00:00
[2026-01-19T09:40:19.391+0000] {processor.py:183} INFO - Processing /home/airflow/.local/lib/python3.8/site-packages/airflow/example_dags/example_branch_labels.py took 0.317 seconds
[2026-01-19T09:40:49.963+0000] {processor.py:161} INFO - Started process (PID=819) to work on /home/airflow/.local/lib/python3.8/site-packages/airflow/example_dags/example_branch_labels.py
[2026-01-19T09:40:49.965+0000] {processor.py:830} INFO - Processing file /home/airflow/.local/lib/python3.8/site-packages/airflow/example_dags/example_branch_labels.py for tasks to queue
[2026-01-19T09:40:49.970+0000] {logging_mixin.py:188} INFO - [2026-01-19T09:40:49.968+0000] {dagbag.py:538} INFO - Filling up the DagBag from /home/airflow/.local/lib/python3.8/site-packages/airflow/example_dags/example_branch_labels.py
[2026-01-19T09:40:50.003+0000] {processor.py:840} INFO - DAG(s) 'example_branch_labels' retrieved from /home/airflow/.local/lib/python3.8/site-packages/airflow/example_dags/example_branch_labels.py
[2026-01-19T09:40:50.055+0000] {logging_mixin.py:188} INFO - [2026-01-19T09:40:50.054+0000] {dag.py:3036} INFO - Sync 1 DAGs
[2026-01-19T09:40:50.103+0000] {logging_mixin.py:188} INFO - [2026-01-19T09:40:50.103+0000] {dag.py:3823} INFO - Setting next_dagrun for example_branch_labels to 2026-01-18 00:00:00+00:00, run_after=2026-01-19 00:00:00+00:00
[2026-01-19T09:40:50.131+0000] {processor.py:183} INFO - Processing /home/airflow/.local/lib/python3.8/site-packages/airflow/example_dags/example_branch_labels.py took 0.179 seconds
[2026-01-19T09:41:20.340+0000] {processor.py:161} INFO - Started process (PID=1066) to work on /home/airflow/.local/lib/python3.8/site-packages/airflow/example_dags/example_branch_labels.py
[2026-01-19T09:41:20.342+0000] {processor.py:830} INFO - Processing file /home/airflow/.local/lib/python3.8/site-packages/airflow/example_dags/example_branch_labels.py for tasks to queue
[2026-01-19T09:41:20.343+0000] {logging_mixin.py:188} INFO - [2026-01-19T09:41:20.342+0000] {dagbag.py:538} INFO - Filling up the DagBag from /home/airflow/.local/lib/python3.8/site-packages/airflow/example_dags/example_branch_labels.py
[2026-01-19T09:41:20.353+0000] {processor.py:840} INFO - DAG(s) 'example_branch_labels' retrieved from /home/airflow/.local/lib/python3.8/site-packages/airflow/example_dags/example_branch_labels.py
[2026-01-19T09:41:20.383+0000] {logging_mixin.py:188} INFO - [2026-01-19T09:41:20.382+0000] {dag.py:3036} INFO - Sync 1 DAGs
[2026-01-19T09:41:20.408+0000] {logging_mixin.py:188} INFO - [2026-01-19T09:41:20.408+0000] {dag.py:3823} INFO - Setting next_dagrun for example_branch_labels to 2026-01-18 00:00:00+00:00, run_after=2026-01-19 00:00:00+00:00
[2026-01-19T09:41:20.440+0000] {processor.py:183} INFO - Processing /home/airflow/.local/lib/python3.8/site-packages/airflow/example_dags/example_branch_labels.py took 0.105 seconds
