[2026-01-19T09:39:46.905+0000] {processor.py:161} INFO - Started process (PID=299) to work on /home/airflow/.local/lib/python3.8/site-packages/airflow/example_dags/example_trigger_target_dag.py
[2026-01-19T09:39:46.906+0000] {processor.py:830} INFO - Processing file /home/airflow/.local/lib/python3.8/site-packages/airflow/example_dags/example_trigger_target_dag.py for tasks to queue
[2026-01-19T09:39:46.908+0000] {logging_mixin.py:188} INFO - [2026-01-19T09:39:46.907+0000] {dagbag.py:538} INFO - Filling up the DagBag from /home/airflow/.local/lib/python3.8/site-packages/airflow/example_dags/example_trigger_target_dag.py
[2026-01-19T09:39:46.917+0000] {processor.py:840} INFO - DAG(s) 'example_trigger_target_dag' retrieved from /home/airflow/.local/lib/python3.8/site-packages/airflow/example_dags/example_trigger_target_dag.py
[2026-01-19T09:39:46.932+0000] {logging_mixin.py:188} INFO - [2026-01-19T09:39:46.931+0000] {dag.py:3036} INFO - Sync 1 DAGs
[2026-01-19T09:39:46.945+0000] {logging_mixin.py:188} INFO - [2026-01-19T09:39:46.944+0000] {dag.py:3823} INFO - Setting next_dagrun for example_trigger_target_dag to None, run_after=None
[2026-01-19T09:39:46.964+0000] {processor.py:183} INFO - Processing /home/airflow/.local/lib/python3.8/site-packages/airflow/example_dags/example_trigger_target_dag.py took 0.063 seconds
[2026-01-19T09:40:18.061+0000] {processor.py:161} INFO - Started process (PID=546) to work on /home/airflow/.local/lib/python3.8/site-packages/airflow/example_dags/example_trigger_target_dag.py
[2026-01-19T09:40:18.063+0000] {processor.py:830} INFO - Processing file /home/airflow/.local/lib/python3.8/site-packages/airflow/example_dags/example_trigger_target_dag.py for tasks to queue
[2026-01-19T09:40:18.068+0000] {logging_mixin.py:188} INFO - [2026-01-19T09:40:18.065+0000] {dagbag.py:538} INFO - Filling up the DagBag from /home/airflow/.local/lib/python3.8/site-packages/airflow/example_dags/example_trigger_target_dag.py
[2026-01-19T09:40:18.090+0000] {processor.py:840} INFO - DAG(s) 'example_trigger_target_dag' retrieved from /home/airflow/.local/lib/python3.8/site-packages/airflow/example_dags/example_trigger_target_dag.py
[2026-01-19T09:40:18.362+0000] {logging_mixin.py:188} INFO - [2026-01-19T09:40:18.361+0000] {dag.py:3036} INFO - Sync 1 DAGs
[2026-01-19T09:40:18.411+0000] {logging_mixin.py:188} INFO - [2026-01-19T09:40:18.410+0000] {dag.py:3823} INFO - Setting next_dagrun for example_trigger_target_dag to None, run_after=None
[2026-01-19T09:40:18.464+0000] {processor.py:183} INFO - Processing /home/airflow/.local/lib/python3.8/site-packages/airflow/example_dags/example_trigger_target_dag.py took 0.415 seconds
[2026-01-19T09:40:48.557+0000] {processor.py:161} INFO - Started process (PID=795) to work on /home/airflow/.local/lib/python3.8/site-packages/airflow/example_dags/example_trigger_target_dag.py
[2026-01-19T09:40:48.559+0000] {processor.py:830} INFO - Processing file /home/airflow/.local/lib/python3.8/site-packages/airflow/example_dags/example_trigger_target_dag.py for tasks to queue
[2026-01-19T09:40:48.561+0000] {logging_mixin.py:188} INFO - [2026-01-19T09:40:48.561+0000] {dagbag.py:538} INFO - Filling up the DagBag from /home/airflow/.local/lib/python3.8/site-packages/airflow/example_dags/example_trigger_target_dag.py
[2026-01-19T09:40:48.577+0000] {processor.py:840} INFO - DAG(s) 'example_trigger_target_dag' retrieved from /home/airflow/.local/lib/python3.8/site-packages/airflow/example_dags/example_trigger_target_dag.py
[2026-01-19T09:40:48.622+0000] {logging_mixin.py:188} INFO - [2026-01-19T09:40:48.621+0000] {dag.py:3036} INFO - Sync 1 DAGs
[2026-01-19T09:40:48.656+0000] {logging_mixin.py:188} INFO - [2026-01-19T09:40:48.656+0000] {dag.py:3823} INFO - Setting next_dagrun for example_trigger_target_dag to None, run_after=None
[2026-01-19T09:40:48.705+0000] {processor.py:183} INFO - Processing /home/airflow/.local/lib/python3.8/site-packages/airflow/example_dags/example_trigger_target_dag.py took 0.155 seconds
[2026-01-19T09:41:19.154+0000] {processor.py:161} INFO - Started process (PID=1046) to work on /home/airflow/.local/lib/python3.8/site-packages/airflow/example_dags/example_trigger_target_dag.py
[2026-01-19T09:41:19.156+0000] {processor.py:830} INFO - Processing file /home/airflow/.local/lib/python3.8/site-packages/airflow/example_dags/example_trigger_target_dag.py for tasks to queue
[2026-01-19T09:41:19.157+0000] {logging_mixin.py:188} INFO - [2026-01-19T09:41:19.156+0000] {dagbag.py:538} INFO - Filling up the DagBag from /home/airflow/.local/lib/python3.8/site-packages/airflow/example_dags/example_trigger_target_dag.py
[2026-01-19T09:41:19.165+0000] {processor.py:840} INFO - DAG(s) 'example_trigger_target_dag' retrieved from /home/airflow/.local/lib/python3.8/site-packages/airflow/example_dags/example_trigger_target_dag.py
[2026-01-19T09:41:19.186+0000] {logging_mixin.py:188} INFO - [2026-01-19T09:41:19.186+0000] {dag.py:3036} INFO - Sync 1 DAGs
[2026-01-19T09:41:19.199+0000] {logging_mixin.py:188} INFO - [2026-01-19T09:41:19.198+0000] {dag.py:3823} INFO - Setting next_dagrun for example_trigger_target_dag to None, run_after=None
[2026-01-19T09:41:19.218+0000] {processor.py:183} INFO - Processing /home/airflow/.local/lib/python3.8/site-packages/airflow/example_dags/example_trigger_target_dag.py took 0.068 seconds
