[2026-01-19T09:39:46.597+0000] {processor.py:161} INFO - Started process (PID=284) to work on /home/airflow/.local/lib/python3.8/site-packages/airflow/example_dags/example_dynamic_task_mapping.py
[2026-01-19T09:39:46.600+0000] {processor.py:830} INFO - Processing file /home/airflow/.local/lib/python3.8/site-packages/airflow/example_dags/example_dynamic_task_mapping.py for tasks to queue
[2026-01-19T09:39:46.601+0000] {logging_mixin.py:188} INFO - [2026-01-19T09:39:46.601+0000] {dagbag.py:538} INFO - Filling up the DagBag from /home/airflow/.local/lib/python3.8/site-packages/airflow/example_dags/example_dynamic_task_mapping.py
[2026-01-19T09:39:46.620+0000] {processor.py:840} INFO - DAG(s) 'example_dynamic_task_mapping' retrieved from /home/airflow/.local/lib/python3.8/site-packages/airflow/example_dags/example_dynamic_task_mapping.py
[2026-01-19T09:39:46.645+0000] {logging_mixin.py:188} INFO - [2026-01-19T09:39:46.644+0000] {dag.py:3036} INFO - Sync 1 DAGs
[2026-01-19T09:39:46.690+0000] {logging_mixin.py:188} INFO - [2026-01-19T09:39:46.689+0000] {dag.py:3823} INFO - Setting next_dagrun for example_dynamic_task_mapping to 2022-03-04 00:00:00+00:00, run_after=2022-03-05 00:00:00+00:00
[2026-01-19T09:39:46.718+0000] {processor.py:183} INFO - Processing /home/airflow/.local/lib/python3.8/site-packages/airflow/example_dags/example_dynamic_task_mapping.py took 0.128 seconds
[2026-01-19T09:40:17.659+0000] {processor.py:161} INFO - Started process (PID=531) to work on /home/airflow/.local/lib/python3.8/site-packages/airflow/example_dags/example_dynamic_task_mapping.py
[2026-01-19T09:40:17.660+0000] {processor.py:830} INFO - Processing file /home/airflow/.local/lib/python3.8/site-packages/airflow/example_dags/example_dynamic_task_mapping.py for tasks to queue
[2026-01-19T09:40:17.662+0000] {logging_mixin.py:188} INFO - [2026-01-19T09:40:17.661+0000] {dagbag.py:538} INFO - Filling up the DagBag from /home/airflow/.local/lib/python3.8/site-packages/airflow/example_dags/example_dynamic_task_mapping.py
[2026-01-19T09:40:17.671+0000] {processor.py:840} INFO - DAG(s) 'example_dynamic_task_mapping' retrieved from /home/airflow/.local/lib/python3.8/site-packages/airflow/example_dags/example_dynamic_task_mapping.py
[2026-01-19T09:40:17.781+0000] {logging_mixin.py:188} INFO - [2026-01-19T09:40:17.781+0000] {dag.py:3036} INFO - Sync 1 DAGs
[2026-01-19T09:40:17.803+0000] {logging_mixin.py:188} INFO - [2026-01-19T09:40:17.803+0000] {dag.py:3823} INFO - Setting next_dagrun for example_dynamic_task_mapping to 2022-03-04 00:00:00+00:00, run_after=2022-03-05 00:00:00+00:00
[2026-01-19T09:40:17.828+0000] {processor.py:183} INFO - Processing /home/airflow/.local/lib/python3.8/site-packages/airflow/example_dags/example_dynamic_task_mapping.py took 0.173 seconds
[2026-01-19T09:40:48.100+0000] {processor.py:161} INFO - Started process (PID=780) to work on /home/airflow/.local/lib/python3.8/site-packages/airflow/example_dags/example_dynamic_task_mapping.py
[2026-01-19T09:40:48.102+0000] {processor.py:830} INFO - Processing file /home/airflow/.local/lib/python3.8/site-packages/airflow/example_dags/example_dynamic_task_mapping.py for tasks to queue
[2026-01-19T09:40:48.104+0000] {logging_mixin.py:188} INFO - [2026-01-19T09:40:48.103+0000] {dagbag.py:538} INFO - Filling up the DagBag from /home/airflow/.local/lib/python3.8/site-packages/airflow/example_dags/example_dynamic_task_mapping.py
[2026-01-19T09:40:48.120+0000] {processor.py:840} INFO - DAG(s) 'example_dynamic_task_mapping' retrieved from /home/airflow/.local/lib/python3.8/site-packages/airflow/example_dags/example_dynamic_task_mapping.py
[2026-01-19T09:40:48.165+0000] {logging_mixin.py:188} INFO - [2026-01-19T09:40:48.164+0000] {dag.py:3036} INFO - Sync 1 DAGs
[2026-01-19T09:40:48.211+0000] {logging_mixin.py:188} INFO - [2026-01-19T09:40:48.210+0000] {dag.py:3823} INFO - Setting next_dagrun for example_dynamic_task_mapping to 2022-03-04 00:00:00+00:00, run_after=2022-03-05 00:00:00+00:00
[2026-01-19T09:40:48.246+0000] {processor.py:183} INFO - Processing /home/airflow/.local/lib/python3.8/site-packages/airflow/example_dags/example_dynamic_task_mapping.py took 0.153 seconds
[2026-01-19T09:41:18.753+0000] {processor.py:161} INFO - Started process (PID=1026) to work on /home/airflow/.local/lib/python3.8/site-packages/airflow/example_dags/example_dynamic_task_mapping.py
[2026-01-19T09:41:18.755+0000] {processor.py:830} INFO - Processing file /home/airflow/.local/lib/python3.8/site-packages/airflow/example_dags/example_dynamic_task_mapping.py for tasks to queue
[2026-01-19T09:41:18.756+0000] {logging_mixin.py:188} INFO - [2026-01-19T09:41:18.756+0000] {dagbag.py:538} INFO - Filling up the DagBag from /home/airflow/.local/lib/python3.8/site-packages/airflow/example_dags/example_dynamic_task_mapping.py
[2026-01-19T09:41:18.767+0000] {processor.py:840} INFO - DAG(s) 'example_dynamic_task_mapping' retrieved from /home/airflow/.local/lib/python3.8/site-packages/airflow/example_dags/example_dynamic_task_mapping.py
[2026-01-19T09:41:18.799+0000] {logging_mixin.py:188} INFO - [2026-01-19T09:41:18.799+0000] {dag.py:3036} INFO - Sync 1 DAGs
[2026-01-19T09:41:18.847+0000] {logging_mixin.py:188} INFO - [2026-01-19T09:41:18.847+0000] {dag.py:3823} INFO - Setting next_dagrun for example_dynamic_task_mapping to 2022-03-04 00:00:00+00:00, run_after=2022-03-05 00:00:00+00:00
[2026-01-19T09:41:18.876+0000] {processor.py:183} INFO - Processing /home/airflow/.local/lib/python3.8/site-packages/airflow/example_dags/example_dynamic_task_mapping.py took 0.129 seconds
