[2026-01-19T09:39:45.132+0000] {processor.py:161} INFO - Started process (PID=218) to work on /home/airflow/.local/lib/python3.8/site-packages/airflow/example_dags/example_short_circuit_operator.py
[2026-01-19T09:39:45.134+0000] {processor.py:830} INFO - Processing file /home/airflow/.local/lib/python3.8/site-packages/airflow/example_dags/example_short_circuit_operator.py for tasks to queue
[2026-01-19T09:39:45.135+0000] {logging_mixin.py:188} INFO - [2026-01-19T09:39:45.135+0000] {dagbag.py:538} INFO - Filling up the DagBag from /home/airflow/.local/lib/python3.8/site-packages/airflow/example_dags/example_short_circuit_operator.py
[2026-01-19T09:39:45.150+0000] {processor.py:840} INFO - DAG(s) 'example_short_circuit_operator' retrieved from /home/airflow/.local/lib/python3.8/site-packages/airflow/example_dags/example_short_circuit_operator.py
[2026-01-19T09:39:45.166+0000] {logging_mixin.py:188} INFO - [2026-01-19T09:39:45.166+0000] {dag.py:3036} INFO - Sync 1 DAGs
[2026-01-19T09:39:45.192+0000] {logging_mixin.py:188} INFO - [2026-01-19T09:39:45.192+0000] {dag.py:3823} INFO - Setting next_dagrun for example_short_circuit_operator to 2026-01-18 00:00:00+00:00, run_after=2026-01-19 00:00:00+00:00
[2026-01-19T09:39:45.211+0000] {processor.py:183} INFO - Processing /home/airflow/.local/lib/python3.8/site-packages/airflow/example_dags/example_short_circuit_operator.py took 0.084 seconds
[2026-01-19T09:40:16.071+0000] {processor.py:161} INFO - Started process (PID=465) to work on /home/airflow/.local/lib/python3.8/site-packages/airflow/example_dags/example_short_circuit_operator.py
[2026-01-19T09:40:16.072+0000] {processor.py:830} INFO - Processing file /home/airflow/.local/lib/python3.8/site-packages/airflow/example_dags/example_short_circuit_operator.py for tasks to queue
[2026-01-19T09:40:16.074+0000] {logging_mixin.py:188} INFO - [2026-01-19T09:40:16.073+0000] {dagbag.py:538} INFO - Filling up the DagBag from /home/airflow/.local/lib/python3.8/site-packages/airflow/example_dags/example_short_circuit_operator.py
[2026-01-19T09:40:16.085+0000] {processor.py:840} INFO - DAG(s) 'example_short_circuit_operator' retrieved from /home/airflow/.local/lib/python3.8/site-packages/airflow/example_dags/example_short_circuit_operator.py
[2026-01-19T09:40:16.193+0000] {logging_mixin.py:188} INFO - [2026-01-19T09:40:16.192+0000] {dag.py:3036} INFO - Sync 1 DAGs
[2026-01-19T09:40:16.214+0000] {logging_mixin.py:188} INFO - [2026-01-19T09:40:16.214+0000] {dag.py:3823} INFO - Setting next_dagrun for example_short_circuit_operator to 2026-01-18 00:00:00+00:00, run_after=2026-01-19 00:00:00+00:00
[2026-01-19T09:40:16.239+0000] {processor.py:183} INFO - Processing /home/airflow/.local/lib/python3.8/site-packages/airflow/example_dags/example_short_circuit_operator.py took 0.173 seconds
[2026-01-19T09:40:46.366+0000] {processor.py:161} INFO - Started process (PID=714) to work on /home/airflow/.local/lib/python3.8/site-packages/airflow/example_dags/example_short_circuit_operator.py
[2026-01-19T09:40:46.367+0000] {processor.py:830} INFO - Processing file /home/airflow/.local/lib/python3.8/site-packages/airflow/example_dags/example_short_circuit_operator.py for tasks to queue
[2026-01-19T09:40:46.368+0000] {logging_mixin.py:188} INFO - [2026-01-19T09:40:46.368+0000] {dagbag.py:538} INFO - Filling up the DagBag from /home/airflow/.local/lib/python3.8/site-packages/airflow/example_dags/example_short_circuit_operator.py
[2026-01-19T09:40:46.379+0000] {processor.py:840} INFO - DAG(s) 'example_short_circuit_operator' retrieved from /home/airflow/.local/lib/python3.8/site-packages/airflow/example_dags/example_short_circuit_operator.py
[2026-01-19T09:40:46.413+0000] {logging_mixin.py:188} INFO - [2026-01-19T09:40:46.412+0000] {dag.py:3036} INFO - Sync 1 DAGs
[2026-01-19T09:40:46.443+0000] {logging_mixin.py:188} INFO - [2026-01-19T09:40:46.443+0000] {dag.py:3823} INFO - Setting next_dagrun for example_short_circuit_operator to 2026-01-18 00:00:00+00:00, run_after=2026-01-19 00:00:00+00:00
[2026-01-19T09:40:46.471+0000] {processor.py:183} INFO - Processing /home/airflow/.local/lib/python3.8/site-packages/airflow/example_dags/example_short_circuit_operator.py took 0.109 seconds
[2026-01-19T09:41:16.690+0000] {processor.py:161} INFO - Started process (PID=973) to work on /home/airflow/.local/lib/python3.8/site-packages/airflow/example_dags/example_short_circuit_operator.py
[2026-01-19T09:41:16.692+0000] {processor.py:830} INFO - Processing file /home/airflow/.local/lib/python3.8/site-packages/airflow/example_dags/example_short_circuit_operator.py for tasks to queue
[2026-01-19T09:41:16.694+0000] {logging_mixin.py:188} INFO - [2026-01-19T09:41:16.694+0000] {dagbag.py:538} INFO - Filling up the DagBag from /home/airflow/.local/lib/python3.8/site-packages/airflow/example_dags/example_short_circuit_operator.py
[2026-01-19T09:41:16.705+0000] {processor.py:840} INFO - DAG(s) 'example_short_circuit_operator' retrieved from /home/airflow/.local/lib/python3.8/site-packages/airflow/example_dags/example_short_circuit_operator.py
[2026-01-19T09:41:16.735+0000] {logging_mixin.py:188} INFO - [2026-01-19T09:41:16.735+0000] {dag.py:3036} INFO - Sync 1 DAGs
[2026-01-19T09:41:16.762+0000] {logging_mixin.py:188} INFO - [2026-01-19T09:41:16.762+0000] {dag.py:3823} INFO - Setting next_dagrun for example_short_circuit_operator to 2026-01-18 00:00:00+00:00, run_after=2026-01-19 00:00:00+00:00
[2026-01-19T09:41:16.783+0000] {processor.py:183} INFO - Processing /home/airflow/.local/lib/python3.8/site-packages/airflow/example_dags/example_short_circuit_operator.py took 0.097 seconds
