[2026-01-19T09:39:47.002+0000] {processor.py:161} INFO - Started process (PID=306) to work on /home/airflow/.local/lib/python3.8/site-packages/airflow/example_dags/example_branch_operator.py
[2026-01-19T09:39:47.003+0000] {processor.py:830} INFO - Processing file /home/airflow/.local/lib/python3.8/site-packages/airflow/example_dags/example_branch_operator.py for tasks to queue
[2026-01-19T09:39:47.004+0000] {logging_mixin.py:188} INFO - [2026-01-19T09:39:47.004+0000] {dagbag.py:538} INFO - Filling up the DagBag from /home/airflow/.local/lib/python3.8/site-packages/airflow/example_dags/example_branch_operator.py
[2026-01-19T09:39:47.023+0000] {processor.py:840} INFO - DAG(s) 'example_branch_operator' retrieved from /home/airflow/.local/lib/python3.8/site-packages/airflow/example_dags/example_branch_operator.py
[2026-01-19T09:39:47.037+0000] {logging_mixin.py:188} INFO - [2026-01-19T09:39:47.036+0000] {dag.py:3036} INFO - Sync 1 DAGs
[2026-01-19T09:39:47.061+0000] {logging_mixin.py:188} INFO - [2026-01-19T09:39:47.061+0000] {dag.py:3823} INFO - Setting next_dagrun for example_branch_operator to 2026-01-18 00:00:00+00:00, run_after=2026-01-19 00:00:00+00:00
[2026-01-19T09:39:47.079+0000] {processor.py:183} INFO - Processing /home/airflow/.local/lib/python3.8/site-packages/airflow/example_dags/example_branch_operator.py took 0.080 seconds
[2026-01-19T09:40:18.342+0000] {processor.py:161} INFO - Started process (PID=551) to work on /home/airflow/.local/lib/python3.8/site-packages/airflow/example_dags/example_branch_operator.py
[2026-01-19T09:40:18.344+0000] {processor.py:830} INFO - Processing file /home/airflow/.local/lib/python3.8/site-packages/airflow/example_dags/example_branch_operator.py for tasks to queue
[2026-01-19T09:40:18.347+0000] {logging_mixin.py:188} INFO - [2026-01-19T09:40:18.346+0000] {dagbag.py:538} INFO - Filling up the DagBag from /home/airflow/.local/lib/python3.8/site-packages/airflow/example_dags/example_branch_operator.py
[2026-01-19T09:40:18.409+0000] {processor.py:840} INFO - DAG(s) 'example_branch_operator' retrieved from /home/airflow/.local/lib/python3.8/site-packages/airflow/example_dags/example_branch_operator.py
[2026-01-19T09:40:18.693+0000] {logging_mixin.py:188} INFO - [2026-01-19T09:40:18.692+0000] {dag.py:3036} INFO - Sync 1 DAGs
[2026-01-19T09:40:18.738+0000] {logging_mixin.py:188} INFO - [2026-01-19T09:40:18.737+0000] {dag.py:3823} INFO - Setting next_dagrun for example_branch_operator to 2026-01-18 00:00:00+00:00, run_after=2026-01-19 00:00:00+00:00
[2026-01-19T09:40:18.795+0000] {processor.py:183} INFO - Processing /home/airflow/.local/lib/python3.8/site-packages/airflow/example_dags/example_branch_operator.py took 0.462 seconds
[2026-01-19T09:40:49.695+0000] {processor.py:161} INFO - Started process (PID=804) to work on /home/airflow/.local/lib/python3.8/site-packages/airflow/example_dags/example_branch_operator.py
[2026-01-19T09:40:49.700+0000] {processor.py:830} INFO - Processing file /home/airflow/.local/lib/python3.8/site-packages/airflow/example_dags/example_branch_operator.py for tasks to queue
[2026-01-19T09:40:49.704+0000] {logging_mixin.py:188} INFO - [2026-01-19T09:40:49.703+0000] {dagbag.py:538} INFO - Filling up the DagBag from /home/airflow/.local/lib/python3.8/site-packages/airflow/example_dags/example_branch_operator.py
[2026-01-19T09:40:49.767+0000] {processor.py:840} INFO - DAG(s) 'example_branch_operator' retrieved from /home/airflow/.local/lib/python3.8/site-packages/airflow/example_dags/example_branch_operator.py
[2026-01-19T09:40:49.821+0000] {logging_mixin.py:188} INFO - [2026-01-19T09:40:49.821+0000] {dag.py:3036} INFO - Sync 1 DAGs
[2026-01-19T09:40:49.866+0000] {logging_mixin.py:188} INFO - [2026-01-19T09:40:49.866+0000] {dag.py:3823} INFO - Setting next_dagrun for example_branch_operator to 2026-01-18 00:00:00+00:00, run_after=2026-01-19 00:00:00+00:00
[2026-01-19T09:40:49.892+0000] {processor.py:183} INFO - Processing /home/airflow/.local/lib/python3.8/site-packages/airflow/example_dags/example_branch_operator.py took 0.212 seconds
[2026-01-19T09:41:20.196+0000] {processor.py:161} INFO - Started process (PID=1053) to work on /home/airflow/.local/lib/python3.8/site-packages/airflow/example_dags/example_branch_operator.py
[2026-01-19T09:41:20.198+0000] {processor.py:830} INFO - Processing file /home/airflow/.local/lib/python3.8/site-packages/airflow/example_dags/example_branch_operator.py for tasks to queue
[2026-01-19T09:41:20.199+0000] {logging_mixin.py:188} INFO - [2026-01-19T09:41:20.198+0000] {dagbag.py:538} INFO - Filling up the DagBag from /home/airflow/.local/lib/python3.8/site-packages/airflow/example_dags/example_branch_operator.py
[2026-01-19T09:41:20.215+0000] {processor.py:840} INFO - DAG(s) 'example_branch_operator' retrieved from /home/airflow/.local/lib/python3.8/site-packages/airflow/example_dags/example_branch_operator.py
[2026-01-19T09:41:20.241+0000] {logging_mixin.py:188} INFO - [2026-01-19T09:41:20.241+0000] {dag.py:3036} INFO - Sync 1 DAGs
[2026-01-19T09:41:20.263+0000] {logging_mixin.py:188} INFO - [2026-01-19T09:41:20.263+0000] {dag.py:3823} INFO - Setting next_dagrun for example_branch_operator to 2026-01-18 00:00:00+00:00, run_after=2026-01-19 00:00:00+00:00
[2026-01-19T09:41:20.285+0000] {processor.py:183} INFO - Processing /home/airflow/.local/lib/python3.8/site-packages/airflow/example_dags/example_branch_operator.py took 0.092 seconds
