[2026-01-19T09:39:45.954+0000] {processor.py:161} INFO - Started process (PID=258) to work on /home/airflow/.local/lib/python3.8/site-packages/airflow/example_dags/example_nested_branch_dag.py
[2026-01-19T09:39:45.955+0000] {processor.py:830} INFO - Processing file /home/airflow/.local/lib/python3.8/site-packages/airflow/example_dags/example_nested_branch_dag.py for tasks to queue
[2026-01-19T09:39:45.956+0000] {logging_mixin.py:188} INFO - [2026-01-19T09:39:45.956+0000] {dagbag.py:538} INFO - Filling up the DagBag from /home/airflow/.local/lib/python3.8/site-packages/airflow/example_dags/example_nested_branch_dag.py
[2026-01-19T09:39:45.969+0000] {processor.py:840} INFO - DAG(s) 'example_nested_branch_dag' retrieved from /home/airflow/.local/lib/python3.8/site-packages/airflow/example_dags/example_nested_branch_dag.py
[2026-01-19T09:39:45.983+0000] {logging_mixin.py:188} INFO - [2026-01-19T09:39:45.983+0000] {dag.py:3036} INFO - Sync 1 DAGs
[2026-01-19T09:39:46.008+0000] {logging_mixin.py:188} INFO - [2026-01-19T09:39:46.008+0000] {dag.py:3823} INFO - Setting next_dagrun for example_nested_branch_dag to 2026-01-18 00:00:00+00:00, run_after=2026-01-19 00:00:00+00:00
[2026-01-19T09:39:46.040+0000] {processor.py:183} INFO - Processing /home/airflow/.local/lib/python3.8/site-packages/airflow/example_dags/example_nested_branch_dag.py took 0.089 seconds
[2026-01-19T09:40:17.079+0000] {processor.py:161} INFO - Started process (PID=511) to work on /home/airflow/.local/lib/python3.8/site-packages/airflow/example_dags/example_nested_branch_dag.py
[2026-01-19T09:40:17.080+0000] {processor.py:830} INFO - Processing file /home/airflow/.local/lib/python3.8/site-packages/airflow/example_dags/example_nested_branch_dag.py for tasks to queue
[2026-01-19T09:40:17.081+0000] {logging_mixin.py:188} INFO - [2026-01-19T09:40:17.081+0000] {dagbag.py:538} INFO - Filling up the DagBag from /home/airflow/.local/lib/python3.8/site-packages/airflow/example_dags/example_nested_branch_dag.py
[2026-01-19T09:40:17.094+0000] {processor.py:840} INFO - DAG(s) 'example_nested_branch_dag' retrieved from /home/airflow/.local/lib/python3.8/site-packages/airflow/example_dags/example_nested_branch_dag.py
[2026-01-19T09:40:17.227+0000] {logging_mixin.py:188} INFO - [2026-01-19T09:40:17.226+0000] {dag.py:3036} INFO - Sync 1 DAGs
[2026-01-19T09:40:17.256+0000] {logging_mixin.py:188} INFO - [2026-01-19T09:40:17.256+0000] {dag.py:3823} INFO - Setting next_dagrun for example_nested_branch_dag to 2026-01-18 00:00:00+00:00, run_after=2026-01-19 00:00:00+00:00
[2026-01-19T09:40:17.283+0000] {processor.py:183} INFO - Processing /home/airflow/.local/lib/python3.8/site-packages/airflow/example_dags/example_nested_branch_dag.py took 0.208 seconds
[2026-01-19T09:40:47.425+0000] {processor.py:161} INFO - Started process (PID=758) to work on /home/airflow/.local/lib/python3.8/site-packages/airflow/example_dags/example_nested_branch_dag.py
[2026-01-19T09:40:47.427+0000] {processor.py:830} INFO - Processing file /home/airflow/.local/lib/python3.8/site-packages/airflow/example_dags/example_nested_branch_dag.py for tasks to queue
[2026-01-19T09:40:47.429+0000] {logging_mixin.py:188} INFO - [2026-01-19T09:40:47.429+0000] {dagbag.py:538} INFO - Filling up the DagBag from /home/airflow/.local/lib/python3.8/site-packages/airflow/example_dags/example_nested_branch_dag.py
[2026-01-19T09:40:47.449+0000] {processor.py:840} INFO - DAG(s) 'example_nested_branch_dag' retrieved from /home/airflow/.local/lib/python3.8/site-packages/airflow/example_dags/example_nested_branch_dag.py
[2026-01-19T09:40:47.496+0000] {logging_mixin.py:188} INFO - [2026-01-19T09:40:47.496+0000] {dag.py:3036} INFO - Sync 1 DAGs
[2026-01-19T09:40:47.541+0000] {logging_mixin.py:188} INFO - [2026-01-19T09:40:47.541+0000] {dag.py:3823} INFO - Setting next_dagrun for example_nested_branch_dag to 2026-01-18 00:00:00+00:00, run_after=2026-01-19 00:00:00+00:00
[2026-01-19T09:40:47.572+0000] {processor.py:183} INFO - Processing /home/airflow/.local/lib/python3.8/site-packages/airflow/example_dags/example_nested_branch_dag.py took 0.154 seconds
[2026-01-19T09:41:18.502+0000] {processor.py:161} INFO - Started process (PID=1011) to work on /home/airflow/.local/lib/python3.8/site-packages/airflow/example_dags/example_nested_branch_dag.py
[2026-01-19T09:41:18.504+0000] {processor.py:830} INFO - Processing file /home/airflow/.local/lib/python3.8/site-packages/airflow/example_dags/example_nested_branch_dag.py for tasks to queue
[2026-01-19T09:41:18.505+0000] {logging_mixin.py:188} INFO - [2026-01-19T09:41:18.505+0000] {dagbag.py:538} INFO - Filling up the DagBag from /home/airflow/.local/lib/python3.8/site-packages/airflow/example_dags/example_nested_branch_dag.py
[2026-01-19T09:41:18.521+0000] {processor.py:840} INFO - DAG(s) 'example_nested_branch_dag' retrieved from /home/airflow/.local/lib/python3.8/site-packages/airflow/example_dags/example_nested_branch_dag.py
[2026-01-19T09:41:18.562+0000] {logging_mixin.py:188} INFO - [2026-01-19T09:41:18.561+0000] {dag.py:3036} INFO - Sync 1 DAGs
[2026-01-19T09:41:18.600+0000] {logging_mixin.py:188} INFO - [2026-01-19T09:41:18.599+0000] {dag.py:3823} INFO - Setting next_dagrun for example_nested_branch_dag to 2026-01-18 00:00:00+00:00, run_after=2026-01-19 00:00:00+00:00
[2026-01-19T09:41:18.627+0000] {processor.py:183} INFO - Processing /home/airflow/.local/lib/python3.8/site-packages/airflow/example_dags/example_nested_branch_dag.py took 0.130 seconds
