[2026-01-19T09:39:49.690+0000] {processor.py:161} INFO - Started process (PID=404) to work on /home/airflow/.local/lib/python3.8/site-packages/airflow/example_dags/example_short_circuit_decorator.py
[2026-01-19T09:39:49.691+0000] {processor.py:830} INFO - Processing file /home/airflow/.local/lib/python3.8/site-packages/airflow/example_dags/example_short_circuit_decorator.py for tasks to queue
[2026-01-19T09:39:49.693+0000] {logging_mixin.py:188} INFO - [2026-01-19T09:39:49.692+0000] {dagbag.py:538} INFO - Filling up the DagBag from /home/airflow/.local/lib/python3.8/site-packages/airflow/example_dags/example_short_circuit_decorator.py
[2026-01-19T09:39:49.704+0000] {processor.py:840} INFO - DAG(s) 'example_short_circuit_decorator' retrieved from /home/airflow/.local/lib/python3.8/site-packages/airflow/example_dags/example_short_circuit_decorator.py
[2026-01-19T09:39:49.823+0000] {logging_mixin.py:188} INFO - [2026-01-19T09:39:49.823+0000] {dag.py:3036} INFO - Sync 1 DAGs
[2026-01-19T09:39:49.849+0000] {logging_mixin.py:188} INFO - [2026-01-19T09:39:49.849+0000] {dag.py:3823} INFO - Setting next_dagrun for example_short_circuit_decorator to 2026-01-18 00:00:00+00:00, run_after=2026-01-19 00:00:00+00:00
[2026-01-19T09:39:49.874+0000] {processor.py:183} INFO - Processing /home/airflow/.local/lib/python3.8/site-packages/airflow/example_dags/example_short_circuit_decorator.py took 0.188 seconds
[2026-01-19T09:40:21.007+0000] {processor.py:161} INFO - Started process (PID=651) to work on /home/airflow/.local/lib/python3.8/site-packages/airflow/example_dags/example_short_circuit_decorator.py
[2026-01-19T09:40:21.010+0000] {processor.py:830} INFO - Processing file /home/airflow/.local/lib/python3.8/site-packages/airflow/example_dags/example_short_circuit_decorator.py for tasks to queue
[2026-01-19T09:40:21.012+0000] {logging_mixin.py:188} INFO - [2026-01-19T09:40:21.011+0000] {dagbag.py:538} INFO - Filling up the DagBag from /home/airflow/.local/lib/python3.8/site-packages/airflow/example_dags/example_short_circuit_decorator.py
[2026-01-19T09:40:21.030+0000] {processor.py:840} INFO - DAG(s) 'example_short_circuit_decorator' retrieved from /home/airflow/.local/lib/python3.8/site-packages/airflow/example_dags/example_short_circuit_decorator.py
[2026-01-19T09:40:21.075+0000] {logging_mixin.py:188} INFO - [2026-01-19T09:40:21.075+0000] {dag.py:3036} INFO - Sync 1 DAGs
[2026-01-19T09:40:21.114+0000] {logging_mixin.py:188} INFO - [2026-01-19T09:40:21.114+0000] {dag.py:3823} INFO - Setting next_dagrun for example_short_circuit_decorator to 2026-01-18 00:00:00+00:00, run_after=2026-01-19 00:00:00+00:00
[2026-01-19T09:40:21.140+0000] {processor.py:183} INFO - Processing /home/airflow/.local/lib/python3.8/site-packages/airflow/example_dags/example_short_circuit_decorator.py took 0.140 seconds
[2026-01-19T09:40:51.470+0000] {processor.py:161} INFO - Started process (PID=904) to work on /home/airflow/.local/lib/python3.8/site-packages/airflow/example_dags/example_short_circuit_decorator.py
[2026-01-19T09:40:51.471+0000] {processor.py:830} INFO - Processing file /home/airflow/.local/lib/python3.8/site-packages/airflow/example_dags/example_short_circuit_decorator.py for tasks to queue
[2026-01-19T09:40:51.472+0000] {logging_mixin.py:188} INFO - [2026-01-19T09:40:51.472+0000] {dagbag.py:538} INFO - Filling up the DagBag from /home/airflow/.local/lib/python3.8/site-packages/airflow/example_dags/example_short_circuit_decorator.py
[2026-01-19T09:40:51.483+0000] {processor.py:840} INFO - DAG(s) 'example_short_circuit_decorator' retrieved from /home/airflow/.local/lib/python3.8/site-packages/airflow/example_dags/example_short_circuit_decorator.py
[2026-01-19T09:40:51.509+0000] {logging_mixin.py:188} INFO - [2026-01-19T09:40:51.508+0000] {dag.py:3036} INFO - Sync 1 DAGs
[2026-01-19T09:40:51.536+0000] {logging_mixin.py:188} INFO - [2026-01-19T09:40:51.536+0000] {dag.py:3823} INFO - Setting next_dagrun for example_short_circuit_decorator to 2026-01-18 00:00:00+00:00, run_after=2026-01-19 00:00:00+00:00
[2026-01-19T09:40:51.560+0000] {processor.py:183} INFO - Processing /home/airflow/.local/lib/python3.8/site-packages/airflow/example_dags/example_short_circuit_decorator.py took 0.094 seconds
[2026-01-19T09:41:21.695+0000] {processor.py:161} INFO - Started process (PID=1151) to work on /home/airflow/.local/lib/python3.8/site-packages/airflow/example_dags/example_short_circuit_decorator.py
[2026-01-19T09:41:21.697+0000] {processor.py:830} INFO - Processing file /home/airflow/.local/lib/python3.8/site-packages/airflow/example_dags/example_short_circuit_decorator.py for tasks to queue
[2026-01-19T09:41:21.698+0000] {logging_mixin.py:188} INFO - [2026-01-19T09:41:21.698+0000] {dagbag.py:538} INFO - Filling up the DagBag from /home/airflow/.local/lib/python3.8/site-packages/airflow/example_dags/example_short_circuit_decorator.py
[2026-01-19T09:41:21.714+0000] {processor.py:840} INFO - DAG(s) 'example_short_circuit_decorator' retrieved from /home/airflow/.local/lib/python3.8/site-packages/airflow/example_dags/example_short_circuit_decorator.py
[2026-01-19T09:41:21.748+0000] {logging_mixin.py:188} INFO - [2026-01-19T09:41:21.748+0000] {dag.py:3036} INFO - Sync 1 DAGs
[2026-01-19T09:41:21.780+0000] {logging_mixin.py:188} INFO - [2026-01-19T09:41:21.780+0000] {dag.py:3823} INFO - Setting next_dagrun for example_short_circuit_decorator to 2026-01-18 00:00:00+00:00, run_after=2026-01-19 00:00:00+00:00
[2026-01-19T09:41:21.812+0000] {processor.py:183} INFO - Processing /home/airflow/.local/lib/python3.8/site-packages/airflow/example_dags/example_short_circuit_decorator.py took 0.120 seconds
