[2026-01-19T09:39:45.801+0000] {processor.py:161} INFO - Started process (PID=250) to work on /home/airflow/.local/lib/python3.8/site-packages/airflow/example_dags/example_branch_operator_decorator.py
[2026-01-19T09:39:45.803+0000] {processor.py:830} INFO - Processing file /home/airflow/.local/lib/python3.8/site-packages/airflow/example_dags/example_branch_operator_decorator.py for tasks to queue
[2026-01-19T09:39:45.804+0000] {logging_mixin.py:188} INFO - [2026-01-19T09:39:45.803+0000] {dagbag.py:538} INFO - Filling up the DagBag from /home/airflow/.local/lib/python3.8/site-packages/airflow/example_dags/example_branch_operator_decorator.py
[2026-01-19T09:39:45.826+0000] {processor.py:840} INFO - DAG(s) 'example_branch_python_operator_decorator' retrieved from /home/airflow/.local/lib/python3.8/site-packages/airflow/example_dags/example_branch_operator_decorator.py
[2026-01-19T09:39:45.841+0000] {logging_mixin.py:188} INFO - [2026-01-19T09:39:45.840+0000] {dag.py:3036} INFO - Sync 1 DAGs
[2026-01-19T09:39:45.864+0000] {logging_mixin.py:188} INFO - [2026-01-19T09:39:45.864+0000] {dag.py:3823} INFO - Setting next_dagrun for example_branch_python_operator_decorator to 2026-01-18 00:00:00+00:00, run_after=2026-01-19 00:00:00+00:00
[2026-01-19T09:39:45.884+0000] {processor.py:183} INFO - Processing /home/airflow/.local/lib/python3.8/site-packages/airflow/example_dags/example_branch_operator_decorator.py took 0.087 seconds
[2026-01-19T09:40:16.823+0000] {processor.py:161} INFO - Started process (PID=501) to work on /home/airflow/.local/lib/python3.8/site-packages/airflow/example_dags/example_branch_operator_decorator.py
[2026-01-19T09:40:16.825+0000] {processor.py:830} INFO - Processing file /home/airflow/.local/lib/python3.8/site-packages/airflow/example_dags/example_branch_operator_decorator.py for tasks to queue
[2026-01-19T09:40:16.827+0000] {logging_mixin.py:188} INFO - [2026-01-19T09:40:16.826+0000] {dagbag.py:538} INFO - Filling up the DagBag from /home/airflow/.local/lib/python3.8/site-packages/airflow/example_dags/example_branch_operator_decorator.py
[2026-01-19T09:40:16.860+0000] {processor.py:840} INFO - DAG(s) 'example_branch_python_operator_decorator' retrieved from /home/airflow/.local/lib/python3.8/site-packages/airflow/example_dags/example_branch_operator_decorator.py
[2026-01-19T09:40:16.982+0000] {logging_mixin.py:188} INFO - [2026-01-19T09:40:16.982+0000] {dag.py:3036} INFO - Sync 1 DAGs
[2026-01-19T09:40:17.004+0000] {logging_mixin.py:188} INFO - [2026-01-19T09:40:17.004+0000] {dag.py:3823} INFO - Setting next_dagrun for example_branch_python_operator_decorator to 2026-01-18 00:00:00+00:00, run_after=2026-01-19 00:00:00+00:00
[2026-01-19T09:40:17.030+0000] {processor.py:183} INFO - Processing /home/airflow/.local/lib/python3.8/site-packages/airflow/example_dags/example_branch_operator_decorator.py took 0.212 seconds
[2026-01-19T09:40:47.116+0000] {processor.py:161} INFO - Started process (PID=748) to work on /home/airflow/.local/lib/python3.8/site-packages/airflow/example_dags/example_branch_operator_decorator.py
[2026-01-19T09:40:47.118+0000] {processor.py:830} INFO - Processing file /home/airflow/.local/lib/python3.8/site-packages/airflow/example_dags/example_branch_operator_decorator.py for tasks to queue
[2026-01-19T09:40:47.120+0000] {logging_mixin.py:188} INFO - [2026-01-19T09:40:47.119+0000] {dagbag.py:538} INFO - Filling up the DagBag from /home/airflow/.local/lib/python3.8/site-packages/airflow/example_dags/example_branch_operator_decorator.py
[2026-01-19T09:40:47.167+0000] {processor.py:840} INFO - DAG(s) 'example_branch_python_operator_decorator' retrieved from /home/airflow/.local/lib/python3.8/site-packages/airflow/example_dags/example_branch_operator_decorator.py
[2026-01-19T09:40:47.226+0000] {logging_mixin.py:188} INFO - [2026-01-19T09:40:47.226+0000] {dag.py:3036} INFO - Sync 1 DAGs
[2026-01-19T09:40:47.279+0000] {logging_mixin.py:188} INFO - [2026-01-19T09:40:47.279+0000] {dag.py:3823} INFO - Setting next_dagrun for example_branch_python_operator_decorator to 2026-01-18 00:00:00+00:00, run_after=2026-01-19 00:00:00+00:00
[2026-01-19T09:40:47.316+0000] {processor.py:183} INFO - Processing /home/airflow/.local/lib/python3.8/site-packages/airflow/example_dags/example_branch_operator_decorator.py took 0.207 seconds
[2026-01-19T09:41:18.352+0000] {processor.py:161} INFO - Started process (PID=1003) to work on /home/airflow/.local/lib/python3.8/site-packages/airflow/example_dags/example_branch_operator_decorator.py
[2026-01-19T09:41:18.353+0000] {processor.py:830} INFO - Processing file /home/airflow/.local/lib/python3.8/site-packages/airflow/example_dags/example_branch_operator_decorator.py for tasks to queue
[2026-01-19T09:41:18.356+0000] {logging_mixin.py:188} INFO - [2026-01-19T09:41:18.355+0000] {dagbag.py:538} INFO - Filling up the DagBag from /home/airflow/.local/lib/python3.8/site-packages/airflow/example_dags/example_branch_operator_decorator.py
[2026-01-19T09:41:18.386+0000] {processor.py:840} INFO - DAG(s) 'example_branch_python_operator_decorator' retrieved from /home/airflow/.local/lib/python3.8/site-packages/airflow/example_dags/example_branch_operator_decorator.py
[2026-01-19T09:41:18.425+0000] {logging_mixin.py:188} INFO - [2026-01-19T09:41:18.424+0000] {dag.py:3036} INFO - Sync 1 DAGs
[2026-01-19T09:41:18.460+0000] {logging_mixin.py:188} INFO - [2026-01-19T09:41:18.459+0000] {dag.py:3823} INFO - Setting next_dagrun for example_branch_python_operator_decorator to 2026-01-18 00:00:00+00:00, run_after=2026-01-19 00:00:00+00:00
[2026-01-19T09:41:18.489+0000] {processor.py:183} INFO - Processing /home/airflow/.local/lib/python3.8/site-packages/airflow/example_dags/example_branch_operator_decorator.py took 0.142 seconds
