[2026-01-19T09:39:48.028+0000] {processor.py:161} INFO - Started process (PID=344) to work on /home/airflow/.local/lib/python3.8/site-packages/airflow/example_dags/example_external_task_marker_dag.py
[2026-01-19T09:39:48.030+0000] {processor.py:830} INFO - Processing file /home/airflow/.local/lib/python3.8/site-packages/airflow/example_dags/example_external_task_marker_dag.py for tasks to queue
[2026-01-19T09:39:48.032+0000] {logging_mixin.py:188} INFO - [2026-01-19T09:39:48.032+0000] {dagbag.py:538} INFO - Filling up the DagBag from /home/airflow/.local/lib/python3.8/site-packages/airflow/example_dags/example_external_task_marker_dag.py
[2026-01-19T09:39:48.045+0000] {processor.py:840} INFO - DAG(s) 'example_external_task_marker_parent', 'example_external_task_marker_child' retrieved from /home/airflow/.local/lib/python3.8/site-packages/airflow/example_dags/example_external_task_marker_dag.py
[2026-01-19T09:39:48.179+0000] {logging_mixin.py:188} INFO - [2026-01-19T09:39:48.179+0000] {dag.py:3036} INFO - Sync 2 DAGs
[2026-01-19T09:39:48.192+0000] {logging_mixin.py:188} INFO - [2026-01-19T09:39:48.192+0000] {dag.py:3823} INFO - Setting next_dagrun for example_external_task_marker_child to None, run_after=None
[2026-01-19T09:39:48.196+0000] {logging_mixin.py:188} INFO - [2026-01-19T09:39:48.196+0000] {dag.py:3823} INFO - Setting next_dagrun for example_external_task_marker_parent to None, run_after=None
[2026-01-19T09:39:48.214+0000] {processor.py:183} INFO - Processing /home/airflow/.local/lib/python3.8/site-packages/airflow/example_dags/example_external_task_marker_dag.py took 0.189 seconds
[2026-01-19T09:40:19.884+0000] {processor.py:161} INFO - Started process (PID=591) to work on /home/airflow/.local/lib/python3.8/site-packages/airflow/example_dags/example_external_task_marker_dag.py
[2026-01-19T09:40:19.886+0000] {processor.py:830} INFO - Processing file /home/airflow/.local/lib/python3.8/site-packages/airflow/example_dags/example_external_task_marker_dag.py for tasks to queue
[2026-01-19T09:40:19.888+0000] {logging_mixin.py:188} INFO - [2026-01-19T09:40:19.887+0000] {dagbag.py:538} INFO - Filling up the DagBag from /home/airflow/.local/lib/python3.8/site-packages/airflow/example_dags/example_external_task_marker_dag.py
[2026-01-19T09:40:19.898+0000] {processor.py:840} INFO - DAG(s) 'example_external_task_marker_child', 'example_external_task_marker_parent' retrieved from /home/airflow/.local/lib/python3.8/site-packages/airflow/example_dags/example_external_task_marker_dag.py
[2026-01-19T09:40:19.934+0000] {logging_mixin.py:188} INFO - [2026-01-19T09:40:19.933+0000] {dag.py:3036} INFO - Sync 2 DAGs
[2026-01-19T09:40:19.953+0000] {logging_mixin.py:188} INFO - [2026-01-19T09:40:19.952+0000] {dag.py:3823} INFO - Setting next_dagrun for example_external_task_marker_child to None, run_after=None
[2026-01-19T09:40:19.957+0000] {logging_mixin.py:188} INFO - [2026-01-19T09:40:19.957+0000] {dag.py:3823} INFO - Setting next_dagrun for example_external_task_marker_parent to None, run_after=None
[2026-01-19T09:40:19.988+0000] {processor.py:183} INFO - Processing /home/airflow/.local/lib/python3.8/site-packages/airflow/example_dags/example_external_task_marker_dag.py took 0.109 seconds
[2026-01-19T09:40:50.473+0000] {processor.py:161} INFO - Started process (PID=844) to work on /home/airflow/.local/lib/python3.8/site-packages/airflow/example_dags/example_external_task_marker_dag.py
[2026-01-19T09:40:50.475+0000] {processor.py:830} INFO - Processing file /home/airflow/.local/lib/python3.8/site-packages/airflow/example_dags/example_external_task_marker_dag.py for tasks to queue
[2026-01-19T09:40:50.477+0000] {logging_mixin.py:188} INFO - [2026-01-19T09:40:50.476+0000] {dagbag.py:538} INFO - Filling up the DagBag from /home/airflow/.local/lib/python3.8/site-packages/airflow/example_dags/example_external_task_marker_dag.py
[2026-01-19T09:40:50.487+0000] {processor.py:840} INFO - DAG(s) 'example_external_task_marker_parent', 'example_external_task_marker_child' retrieved from /home/airflow/.local/lib/python3.8/site-packages/airflow/example_dags/example_external_task_marker_dag.py
[2026-01-19T09:40:50.533+0000] {logging_mixin.py:188} INFO - [2026-01-19T09:40:50.533+0000] {dag.py:3036} INFO - Sync 2 DAGs
[2026-01-19T09:40:50.553+0000] {logging_mixin.py:188} INFO - [2026-01-19T09:40:50.553+0000] {dag.py:3823} INFO - Setting next_dagrun for example_external_task_marker_child to None, run_after=None
[2026-01-19T09:40:50.560+0000] {logging_mixin.py:188} INFO - [2026-01-19T09:40:50.559+0000] {dag.py:3823} INFO - Setting next_dagrun for example_external_task_marker_parent to None, run_after=None
[2026-01-19T09:40:50.586+0000] {processor.py:183} INFO - Processing /home/airflow/.local/lib/python3.8/site-packages/airflow/example_dags/example_external_task_marker_dag.py took 0.120 seconds
[2026-01-19T09:41:20.741+0000] {processor.py:161} INFO - Started process (PID=1091) to work on /home/airflow/.local/lib/python3.8/site-packages/airflow/example_dags/example_external_task_marker_dag.py
[2026-01-19T09:41:20.742+0000] {processor.py:830} INFO - Processing file /home/airflow/.local/lib/python3.8/site-packages/airflow/example_dags/example_external_task_marker_dag.py for tasks to queue
[2026-01-19T09:41:20.744+0000] {logging_mixin.py:188} INFO - [2026-01-19T09:41:20.743+0000] {dagbag.py:538} INFO - Filling up the DagBag from /home/airflow/.local/lib/python3.8/site-packages/airflow/example_dags/example_external_task_marker_dag.py
[2026-01-19T09:41:20.751+0000] {processor.py:840} INFO - DAG(s) 'example_external_task_marker_child', 'example_external_task_marker_parent' retrieved from /home/airflow/.local/lib/python3.8/site-packages/airflow/example_dags/example_external_task_marker_dag.py
[2026-01-19T09:41:20.784+0000] {logging_mixin.py:188} INFO - [2026-01-19T09:41:20.783+0000] {dag.py:3036} INFO - Sync 2 DAGs
[2026-01-19T09:41:20.798+0000] {logging_mixin.py:188} INFO - [2026-01-19T09:41:20.798+0000] {dag.py:3823} INFO - Setting next_dagrun for example_external_task_marker_child to None, run_after=None
[2026-01-19T09:41:20.803+0000] {logging_mixin.py:188} INFO - [2026-01-19T09:41:20.802+0000] {dag.py:3823} INFO - Setting next_dagrun for example_external_task_marker_parent to None, run_after=None
[2026-01-19T09:41:20.829+0000] {processor.py:183} INFO - Processing /home/airflow/.local/lib/python3.8/site-packages/airflow/example_dags/example_external_task_marker_dag.py took 0.092 seconds
