[2026-01-19T09:39:47.397+0000] {processor.py:161} INFO - Started process (PID=331) to work on /home/airflow/.local/lib/python3.8/site-packages/airflow/example_dags/example_task_group_decorator.py
[2026-01-19T09:39:47.399+0000] {processor.py:830} INFO - Processing file /home/airflow/.local/lib/python3.8/site-packages/airflow/example_dags/example_task_group_decorator.py for tasks to queue
[2026-01-19T09:39:47.400+0000] {logging_mixin.py:188} INFO - [2026-01-19T09:39:47.400+0000] {dagbag.py:538} INFO - Filling up the DagBag from /home/airflow/.local/lib/python3.8/site-packages/airflow/example_dags/example_task_group_decorator.py
[2026-01-19T09:39:47.418+0000] {processor.py:840} INFO - DAG(s) 'example_task_group_decorator' retrieved from /home/airflow/.local/lib/python3.8/site-packages/airflow/example_dags/example_task_group_decorator.py
[2026-01-19T09:39:47.730+0000] {logging_mixin.py:188} INFO - [2026-01-19T09:39:47.730+0000] {dag.py:3036} INFO - Sync 1 DAGs
[2026-01-19T09:39:47.754+0000] {logging_mixin.py:188} INFO - [2026-01-19T09:39:47.754+0000] {dag.py:3823} INFO - Setting next_dagrun for example_task_group_decorator to 2026-01-18 00:00:00+00:00, run_after=2026-01-19 00:00:00+00:00
[2026-01-19T09:39:47.777+0000] {processor.py:183} INFO - Processing /home/airflow/.local/lib/python3.8/site-packages/airflow/example_dags/example_task_group_decorator.py took 0.384 seconds
[2026-01-19T09:40:19.462+0000] {processor.py:161} INFO - Started process (PID=576) to work on /home/airflow/.local/lib/python3.8/site-packages/airflow/example_dags/example_task_group_decorator.py
[2026-01-19T09:40:19.464+0000] {processor.py:830} INFO - Processing file /home/airflow/.local/lib/python3.8/site-packages/airflow/example_dags/example_task_group_decorator.py for tasks to queue
[2026-01-19T09:40:19.467+0000] {logging_mixin.py:188} INFO - [2026-01-19T09:40:19.466+0000] {dagbag.py:538} INFO - Filling up the DagBag from /home/airflow/.local/lib/python3.8/site-packages/airflow/example_dags/example_task_group_decorator.py
[2026-01-19T09:40:19.499+0000] {processor.py:840} INFO - DAG(s) 'example_task_group_decorator' retrieved from /home/airflow/.local/lib/python3.8/site-packages/airflow/example_dags/example_task_group_decorator.py
[2026-01-19T09:40:19.552+0000] {logging_mixin.py:188} INFO - [2026-01-19T09:40:19.552+0000] {dag.py:3036} INFO - Sync 1 DAGs
[2026-01-19T09:40:19.608+0000] {logging_mixin.py:188} INFO - [2026-01-19T09:40:19.607+0000] {dag.py:3823} INFO - Setting next_dagrun for example_task_group_decorator to 2026-01-18 00:00:00+00:00, run_after=2026-01-19 00:00:00+00:00
[2026-01-19T09:40:19.649+0000] {processor.py:183} INFO - Processing /home/airflow/.local/lib/python3.8/site-packages/airflow/example_dags/example_task_group_decorator.py took 0.193 seconds
[2026-01-19T09:40:50.191+0000] {processor.py:161} INFO - Started process (PID=829) to work on /home/airflow/.local/lib/python3.8/site-packages/airflow/example_dags/example_task_group_decorator.py
[2026-01-19T09:40:50.192+0000] {processor.py:830} INFO - Processing file /home/airflow/.local/lib/python3.8/site-packages/airflow/example_dags/example_task_group_decorator.py for tasks to queue
[2026-01-19T09:40:50.194+0000] {logging_mixin.py:188} INFO - [2026-01-19T09:40:50.194+0000] {dagbag.py:538} INFO - Filling up the DagBag from /home/airflow/.local/lib/python3.8/site-packages/airflow/example_dags/example_task_group_decorator.py
[2026-01-19T09:40:50.214+0000] {processor.py:840} INFO - DAG(s) 'example_task_group_decorator' retrieved from /home/airflow/.local/lib/python3.8/site-packages/airflow/example_dags/example_task_group_decorator.py
[2026-01-19T09:40:50.245+0000] {logging_mixin.py:188} INFO - [2026-01-19T09:40:50.244+0000] {dag.py:3036} INFO - Sync 1 DAGs
[2026-01-19T09:40:50.268+0000] {logging_mixin.py:188} INFO - [2026-01-19T09:40:50.268+0000] {dag.py:3823} INFO - Setting next_dagrun for example_task_group_decorator to 2026-01-18 00:00:00+00:00, run_after=2026-01-19 00:00:00+00:00
[2026-01-19T09:40:50.292+0000] {processor.py:183} INFO - Processing /home/airflow/.local/lib/python3.8/site-packages/airflow/example_dags/example_task_group_decorator.py took 0.106 seconds
[2026-01-19T09:41:20.492+0000] {processor.py:161} INFO - Started process (PID=1076) to work on /home/airflow/.local/lib/python3.8/site-packages/airflow/example_dags/example_task_group_decorator.py
[2026-01-19T09:41:20.493+0000] {processor.py:830} INFO - Processing file /home/airflow/.local/lib/python3.8/site-packages/airflow/example_dags/example_task_group_decorator.py for tasks to queue
[2026-01-19T09:41:20.495+0000] {logging_mixin.py:188} INFO - [2026-01-19T09:41:20.494+0000] {dagbag.py:538} INFO - Filling up the DagBag from /home/airflow/.local/lib/python3.8/site-packages/airflow/example_dags/example_task_group_decorator.py
[2026-01-19T09:41:20.511+0000] {processor.py:840} INFO - DAG(s) 'example_task_group_decorator' retrieved from /home/airflow/.local/lib/python3.8/site-packages/airflow/example_dags/example_task_group_decorator.py
[2026-01-19T09:41:20.539+0000] {logging_mixin.py:188} INFO - [2026-01-19T09:41:20.539+0000] {dag.py:3036} INFO - Sync 1 DAGs
[2026-01-19T09:41:20.562+0000] {logging_mixin.py:188} INFO - [2026-01-19T09:41:20.562+0000] {dag.py:3823} INFO - Setting next_dagrun for example_task_group_decorator to 2026-01-18 00:00:00+00:00, run_after=2026-01-19 00:00:00+00:00
[2026-01-19T09:41:20.586+0000] {processor.py:183} INFO - Processing /home/airflow/.local/lib/python3.8/site-packages/airflow/example_dags/example_task_group_decorator.py took 0.099 seconds
