[2026-01-19T09:39:44.553+0000] {processor.py:161} INFO - Started process (PID=200) to work on /home/airflow/.local/lib/python3.8/site-packages/airflow/example_dags/example_latest_only.py
[2026-01-19T09:39:44.555+0000] {processor.py:830} INFO - Processing file /home/airflow/.local/lib/python3.8/site-packages/airflow/example_dags/example_latest_only.py for tasks to queue
[2026-01-19T09:39:44.556+0000] {logging_mixin.py:188} INFO - [2026-01-19T09:39:44.556+0000] {dagbag.py:538} INFO - Filling up the DagBag from /home/airflow/.local/lib/python3.8/site-packages/airflow/example_dags/example_latest_only.py
[2026-01-19T09:39:44.580+0000] {processor.py:840} INFO - DAG(s) 'latest_only' retrieved from /home/airflow/.local/lib/python3.8/site-packages/airflow/example_dags/example_latest_only.py
[2026-01-19T09:39:44.603+0000] {logging_mixin.py:188} INFO - [2026-01-19T09:39:44.603+0000] {dag.py:3036} INFO - Sync 1 DAGs
[2026-01-19T09:39:44.663+0000] {logging_mixin.py:188} INFO - [2026-01-19T09:39:44.663+0000] {dag.py:3823} INFO - Setting next_dagrun for latest_only to 2026-01-19 04:00:00+00:00, run_after=2026-01-19 08:00:00+00:00
[2026-01-19T09:39:44.722+0000] {processor.py:183} INFO - Processing /home/airflow/.local/lib/python3.8/site-packages/airflow/example_dags/example_latest_only.py took 0.177 seconds
[2026-01-19T09:40:15.543+0000] {processor.py:161} INFO - Started process (PID=447) to work on /home/airflow/.local/lib/python3.8/site-packages/airflow/example_dags/example_latest_only.py
[2026-01-19T09:40:15.545+0000] {processor.py:830} INFO - Processing file /home/airflow/.local/lib/python3.8/site-packages/airflow/example_dags/example_latest_only.py for tasks to queue
[2026-01-19T09:40:15.546+0000] {logging_mixin.py:188} INFO - [2026-01-19T09:40:15.545+0000] {dagbag.py:538} INFO - Filling up the DagBag from /home/airflow/.local/lib/python3.8/site-packages/airflow/example_dags/example_latest_only.py
[2026-01-19T09:40:15.551+0000] {processor.py:840} INFO - DAG(s) 'latest_only' retrieved from /home/airflow/.local/lib/python3.8/site-packages/airflow/example_dags/example_latest_only.py
[2026-01-19T09:40:15.640+0000] {logging_mixin.py:188} INFO - [2026-01-19T09:40:15.640+0000] {dag.py:3036} INFO - Sync 1 DAGs
[2026-01-19T09:40:15.658+0000] {logging_mixin.py:188} INFO - [2026-01-19T09:40:15.657+0000] {dag.py:3823} INFO - Setting next_dagrun for latest_only to 2026-01-19 04:00:00+00:00, run_after=2026-01-19 08:00:00+00:00
[2026-01-19T09:40:15.675+0000] {processor.py:183} INFO - Processing /home/airflow/.local/lib/python3.8/site-packages/airflow/example_dags/example_latest_only.py took 0.136 seconds
[2026-01-19T09:40:46.000+0000] {processor.py:161} INFO - Started process (PID=694) to work on /home/airflow/.local/lib/python3.8/site-packages/airflow/example_dags/example_latest_only.py
[2026-01-19T09:40:46.001+0000] {processor.py:830} INFO - Processing file /home/airflow/.local/lib/python3.8/site-packages/airflow/example_dags/example_latest_only.py for tasks to queue
[2026-01-19T09:40:46.002+0000] {logging_mixin.py:188} INFO - [2026-01-19T09:40:46.002+0000] {dagbag.py:538} INFO - Filling up the DagBag from /home/airflow/.local/lib/python3.8/site-packages/airflow/example_dags/example_latest_only.py
[2026-01-19T09:40:46.008+0000] {processor.py:840} INFO - DAG(s) 'latest_only' retrieved from /home/airflow/.local/lib/python3.8/site-packages/airflow/example_dags/example_latest_only.py
[2026-01-19T09:40:46.030+0000] {logging_mixin.py:188} INFO - [2026-01-19T09:40:46.030+0000] {dag.py:3036} INFO - Sync 1 DAGs
[2026-01-19T09:40:46.053+0000] {logging_mixin.py:188} INFO - [2026-01-19T09:40:46.053+0000] {dag.py:3823} INFO - Setting next_dagrun for latest_only to 2026-01-19 04:00:00+00:00, run_after=2026-01-19 08:00:00+00:00
[2026-01-19T09:40:46.071+0000] {processor.py:183} INFO - Processing /home/airflow/.local/lib/python3.8/site-packages/airflow/example_dags/example_latest_only.py took 0.076 seconds
[2026-01-19T09:41:16.420+0000] {processor.py:161} INFO - Started process (PID=947) to work on /home/airflow/.local/lib/python3.8/site-packages/airflow/example_dags/example_latest_only.py
[2026-01-19T09:41:16.422+0000] {processor.py:830} INFO - Processing file /home/airflow/.local/lib/python3.8/site-packages/airflow/example_dags/example_latest_only.py for tasks to queue
[2026-01-19T09:41:16.423+0000] {logging_mixin.py:188} INFO - [2026-01-19T09:41:16.422+0000] {dagbag.py:538} INFO - Filling up the DagBag from /home/airflow/.local/lib/python3.8/site-packages/airflow/example_dags/example_latest_only.py
[2026-01-19T09:41:16.429+0000] {processor.py:840} INFO - DAG(s) 'latest_only' retrieved from /home/airflow/.local/lib/python3.8/site-packages/airflow/example_dags/example_latest_only.py
[2026-01-19T09:41:16.453+0000] {logging_mixin.py:188} INFO - [2026-01-19T09:41:16.453+0000] {dag.py:3036} INFO - Sync 1 DAGs
[2026-01-19T09:41:16.474+0000] {logging_mixin.py:188} INFO - [2026-01-19T09:41:16.473+0000] {dag.py:3823} INFO - Setting next_dagrun for latest_only to 2026-01-19 04:00:00+00:00, run_after=2026-01-19 08:00:00+00:00
[2026-01-19T09:41:16.491+0000] {processor.py:183} INFO - Processing /home/airflow/.local/lib/python3.8/site-packages/airflow/example_dags/example_latest_only.py took 0.075 seconds
