[2026-01-19T09:39:46.115+0000] {processor.py:161} INFO - Started process (PID=265) to work on /home/airflow/.local/lib/python3.8/site-packages/airflow/example_dags/example_branch_datetime_operator.py
[2026-01-19T09:39:46.118+0000] {processor.py:830} INFO - Processing file /home/airflow/.local/lib/python3.8/site-packages/airflow/example_dags/example_branch_datetime_operator.py for tasks to queue
[2026-01-19T09:39:46.120+0000] {logging_mixin.py:188} INFO - [2026-01-19T09:39:46.120+0000] {dagbag.py:538} INFO - Filling up the DagBag from /home/airflow/.local/lib/python3.8/site-packages/airflow/example_dags/example_branch_datetime_operator.py
[2026-01-19T09:39:46.145+0000] {processor.py:840} INFO - DAG(s) 'example_branch_datetime_operator_3', 'example_branch_datetime_operator_2', 'example_branch_datetime_operator' retrieved from /home/airflow/.local/lib/python3.8/site-packages/airflow/example_dags/example_branch_datetime_operator.py
[2026-01-19T09:39:46.172+0000] {logging_mixin.py:188} INFO - [2026-01-19T09:39:46.172+0000] {dag.py:3036} INFO - Sync 3 DAGs
[2026-01-19T09:39:46.226+0000] {logging_mixin.py:188} INFO - [2026-01-19T09:39:46.226+0000] {dag.py:3823} INFO - Setting next_dagrun for example_branch_datetime_operator to 2026-01-18 00:00:00+00:00, run_after=2026-01-19 00:00:00+00:00
[2026-01-19T09:39:46.239+0000] {logging_mixin.py:188} INFO - [2026-01-19T09:39:46.238+0000] {dag.py:3823} INFO - Setting next_dagrun for example_branch_datetime_operator_2 to 2026-01-18 00:00:00+00:00, run_after=2026-01-19 00:00:00+00:00
[2026-01-19T09:39:46.246+0000] {logging_mixin.py:188} INFO - [2026-01-19T09:39:46.245+0000] {dag.py:3823} INFO - Setting next_dagrun for example_branch_datetime_operator_3 to 2026-01-18 00:00:00+00:00, run_after=2026-01-19 00:00:00+00:00
[2026-01-19T09:39:46.281+0000] {processor.py:183} INFO - Processing /home/airflow/.local/lib/python3.8/site-packages/airflow/example_dags/example_branch_datetime_operator.py took 0.173 seconds
[2026-01-19T09:40:17.193+0000] {processor.py:161} INFO - Started process (PID=516) to work on /home/airflow/.local/lib/python3.8/site-packages/airflow/example_dags/example_branch_datetime_operator.py
[2026-01-19T09:40:17.195+0000] {processor.py:830} INFO - Processing file /home/airflow/.local/lib/python3.8/site-packages/airflow/example_dags/example_branch_datetime_operator.py for tasks to queue
[2026-01-19T09:40:17.196+0000] {logging_mixin.py:188} INFO - [2026-01-19T09:40:17.196+0000] {dagbag.py:538} INFO - Filling up the DagBag from /home/airflow/.local/lib/python3.8/site-packages/airflow/example_dags/example_branch_datetime_operator.py
[2026-01-19T09:40:17.208+0000] {processor.py:840} INFO - DAG(s) 'example_branch_datetime_operator', 'example_branch_datetime_operator_3', 'example_branch_datetime_operator_2' retrieved from /home/airflow/.local/lib/python3.8/site-packages/airflow/example_dags/example_branch_datetime_operator.py
[2026-01-19T09:40:17.365+0000] {logging_mixin.py:188} INFO - [2026-01-19T09:40:17.365+0000] {dag.py:3036} INFO - Sync 3 DAGs
[2026-01-19T09:40:17.389+0000] {logging_mixin.py:188} INFO - [2026-01-19T09:40:17.389+0000] {dag.py:3823} INFO - Setting next_dagrun for example_branch_datetime_operator to 2026-01-18 00:00:00+00:00, run_after=2026-01-19 00:00:00+00:00
[2026-01-19T09:40:17.394+0000] {logging_mixin.py:188} INFO - [2026-01-19T09:40:17.394+0000] {dag.py:3823} INFO - Setting next_dagrun for example_branch_datetime_operator_2 to 2026-01-18 00:00:00+00:00, run_after=2026-01-19 00:00:00+00:00
[2026-01-19T09:40:17.398+0000] {logging_mixin.py:188} INFO - [2026-01-19T09:40:17.397+0000] {dag.py:3823} INFO - Setting next_dagrun for example_branch_datetime_operator_3 to 2026-01-18 00:00:00+00:00, run_after=2026-01-19 00:00:00+00:00
[2026-01-19T09:40:17.418+0000] {processor.py:183} INFO - Processing /home/airflow/.local/lib/python3.8/site-packages/airflow/example_dags/example_branch_datetime_operator.py took 0.230 seconds
[2026-01-19T09:40:47.612+0000] {processor.py:161} INFO - Started process (PID=765) to work on /home/airflow/.local/lib/python3.8/site-packages/airflow/example_dags/example_branch_datetime_operator.py
[2026-01-19T09:40:47.614+0000] {processor.py:830} INFO - Processing file /home/airflow/.local/lib/python3.8/site-packages/airflow/example_dags/example_branch_datetime_operator.py for tasks to queue
[2026-01-19T09:40:47.615+0000] {logging_mixin.py:188} INFO - [2026-01-19T09:40:47.614+0000] {dagbag.py:538} INFO - Filling up the DagBag from /home/airflow/.local/lib/python3.8/site-packages/airflow/example_dags/example_branch_datetime_operator.py
[2026-01-19T09:40:47.627+0000] {processor.py:840} INFO - DAG(s) 'example_branch_datetime_operator', 'example_branch_datetime_operator_2', 'example_branch_datetime_operator_3' retrieved from /home/airflow/.local/lib/python3.8/site-packages/airflow/example_dags/example_branch_datetime_operator.py
[2026-01-19T09:40:47.670+0000] {logging_mixin.py:188} INFO - [2026-01-19T09:40:47.670+0000] {dag.py:3036} INFO - Sync 3 DAGs
[2026-01-19T09:40:47.711+0000] {logging_mixin.py:188} INFO - [2026-01-19T09:40:47.711+0000] {dag.py:3823} INFO - Setting next_dagrun for example_branch_datetime_operator to 2026-01-18 00:00:00+00:00, run_after=2026-01-19 00:00:00+00:00
[2026-01-19T09:40:47.721+0000] {logging_mixin.py:188} INFO - [2026-01-19T09:40:47.721+0000] {dag.py:3823} INFO - Setting next_dagrun for example_branch_datetime_operator_2 to 2026-01-19 00:00:00+00:00, run_after=2026-01-20 00:00:00+00:00
[2026-01-19T09:40:47.726+0000] {logging_mixin.py:188} INFO - [2026-01-19T09:40:47.726+0000] {dag.py:3823} INFO - Setting next_dagrun for example_branch_datetime_operator_3 to 2026-01-18 00:00:00+00:00, run_after=2026-01-19 00:00:00+00:00
[2026-01-19T09:40:47.755+0000] {processor.py:183} INFO - Processing /home/airflow/.local/lib/python3.8/site-packages/airflow/example_dags/example_branch_datetime_operator.py took 0.146 seconds
[2026-01-19T09:41:18.549+0000] {processor.py:161} INFO - Started process (PID=1016) to work on /home/airflow/.local/lib/python3.8/site-packages/airflow/example_dags/example_branch_datetime_operator.py
[2026-01-19T09:41:18.551+0000] {processor.py:830} INFO - Processing file /home/airflow/.local/lib/python3.8/site-packages/airflow/example_dags/example_branch_datetime_operator.py for tasks to queue
[2026-01-19T09:41:18.552+0000] {logging_mixin.py:188} INFO - [2026-01-19T09:41:18.552+0000] {dagbag.py:538} INFO - Filling up the DagBag from /home/airflow/.local/lib/python3.8/site-packages/airflow/example_dags/example_branch_datetime_operator.py
[2026-01-19T09:41:18.570+0000] {processor.py:840} INFO - DAG(s) 'example_branch_datetime_operator', 'example_branch_datetime_operator_2', 'example_branch_datetime_operator_3' retrieved from /home/airflow/.local/lib/python3.8/site-packages/airflow/example_dags/example_branch_datetime_operator.py
[2026-01-19T09:41:18.617+0000] {logging_mixin.py:188} INFO - [2026-01-19T09:41:18.616+0000] {dag.py:3036} INFO - Sync 3 DAGs
[2026-01-19T09:41:18.654+0000] {logging_mixin.py:188} INFO - [2026-01-19T09:41:18.654+0000] {dag.py:3823} INFO - Setting next_dagrun for example_branch_datetime_operator to 2026-01-18 00:00:00+00:00, run_after=2026-01-19 00:00:00+00:00
[2026-01-19T09:41:18.667+0000] {logging_mixin.py:188} INFO - [2026-01-19T09:41:18.667+0000] {dag.py:3823} INFO - Setting next_dagrun for example_branch_datetime_operator_2 to 2026-01-19 00:00:00+00:00, run_after=2026-01-20 00:00:00+00:00
[2026-01-19T09:41:18.672+0000] {logging_mixin.py:188} INFO - [2026-01-19T09:41:18.672+0000] {dag.py:3823} INFO - Setting next_dagrun for example_branch_datetime_operator_3 to 2026-01-18 00:00:00+00:00, run_after=2026-01-19 00:00:00+00:00
[2026-01-19T09:41:18.696+0000] {processor.py:183} INFO - Processing /home/airflow/.local/lib/python3.8/site-packages/airflow/example_dags/example_branch_datetime_operator.py took 0.152 seconds
