[2026-01-19T09:39:47.845+0000] {processor.py:161} INFO - Started process (PID=339) to work on /home/airflow/.local/lib/python3.8/site-packages/airflow/example_dags/example_subdag_operator.py
[2026-01-19T09:39:47.846+0000] {processor.py:830} INFO - Processing file /home/airflow/.local/lib/python3.8/site-packages/airflow/example_dags/example_subdag_operator.py for tasks to queue
[2026-01-19T09:39:47.847+0000] {logging_mixin.py:188} INFO - [2026-01-19T09:39:47.847+0000] {dagbag.py:538} INFO - Filling up the DagBag from /home/airflow/.local/lib/python3.8/site-packages/airflow/example_dags/example_subdag_operator.py
[2026-01-19T09:39:47.873+0000] {processor.py:840} INFO - DAG(s) 'example_subdag_operator.section-1', 'example_subdag_operator.section-2', 'example_subdag_operator' retrieved from /home/airflow/.local/lib/python3.8/site-packages/airflow/example_dags/example_subdag_operator.py
[2026-01-19T09:39:47.963+0000] {logging_mixin.py:188} INFO - [2026-01-19T09:39:47.962+0000] {dag.py:3036} INFO - Sync 3 DAGs
[2026-01-19T09:39:47.980+0000] {logging_mixin.py:188} INFO - [2026-01-19T09:39:47.980+0000] {dag.py:3823} INFO - Setting next_dagrun for example_subdag_operator to 2022-01-01 00:00:00+00:00, run_after=2022-01-01 00:00:00+00:00
[2026-01-19T09:39:47.983+0000] {logging_mixin.py:188} INFO - [2026-01-19T09:39:47.983+0000] {dag.py:3823} INFO - Setting next_dagrun for example_subdag_operator.section-1 to None, run_after=None
[2026-01-19T09:39:47.985+0000] {logging_mixin.py:188} INFO - [2026-01-19T09:39:47.985+0000] {dag.py:3823} INFO - Setting next_dagrun for example_subdag_operator.section-2 to None, run_after=None
[2026-01-19T09:39:47.993+0000] {logging_mixin.py:188} INFO - [2026-01-19T09:39:47.993+0000] {dag.py:3036} INFO - Sync 2 DAGs
[2026-01-19T09:39:47.998+0000] {logging_mixin.py:188} INFO - [2026-01-19T09:39:47.998+0000] {dag.py:3823} INFO - Setting next_dagrun for example_subdag_operator.section-1 to None, run_after=None
[2026-01-19T09:39:47.998+0000] {logging_mixin.py:188} INFO - [2026-01-19T09:39:47.998+0000] {dag.py:3823} INFO - Setting next_dagrun for example_subdag_operator.section-2 to None, run_after=None
[2026-01-19T09:39:48.011+0000] {processor.py:183} INFO - Processing /home/airflow/.local/lib/python3.8/site-packages/airflow/example_dags/example_subdag_operator.py took 0.170 seconds
[2026-01-19T09:40:19.795+0000] {processor.py:161} INFO - Started process (PID=586) to work on /home/airflow/.local/lib/python3.8/site-packages/airflow/example_dags/example_subdag_operator.py
[2026-01-19T09:40:19.797+0000] {processor.py:830} INFO - Processing file /home/airflow/.local/lib/python3.8/site-packages/airflow/example_dags/example_subdag_operator.py for tasks to queue
[2026-01-19T09:40:19.799+0000] {logging_mixin.py:188} INFO - [2026-01-19T09:40:19.798+0000] {dagbag.py:538} INFO - Filling up the DagBag from /home/airflow/.local/lib/python3.8/site-packages/airflow/example_dags/example_subdag_operator.py
[2026-01-19T09:40:19.833+0000] {processor.py:840} INFO - DAG(s) 'example_subdag_operator.section-1', 'example_subdag_operator.section-2', 'example_subdag_operator' retrieved from /home/airflow/.local/lib/python3.8/site-packages/airflow/example_dags/example_subdag_operator.py
[2026-01-19T09:40:19.855+0000] {logging_mixin.py:188} INFO - [2026-01-19T09:40:19.855+0000] {dag.py:3036} INFO - Sync 3 DAGs
[2026-01-19T09:40:19.884+0000] {logging_mixin.py:188} INFO - [2026-01-19T09:40:19.883+0000] {dag.py:3823} INFO - Setting next_dagrun for example_subdag_operator to 2022-01-01 00:00:00+00:00, run_after=2022-01-01 00:00:00+00:00
[2026-01-19T09:40:19.890+0000] {logging_mixin.py:188} INFO - [2026-01-19T09:40:19.889+0000] {dag.py:3823} INFO - Setting next_dagrun for example_subdag_operator.section-1 to None, run_after=None
[2026-01-19T09:40:19.892+0000] {logging_mixin.py:188} INFO - [2026-01-19T09:40:19.892+0000] {dag.py:3823} INFO - Setting next_dagrun for example_subdag_operator.section-2 to None, run_after=None
[2026-01-19T09:40:19.903+0000] {logging_mixin.py:188} INFO - [2026-01-19T09:40:19.903+0000] {dag.py:3036} INFO - Sync 2 DAGs
[2026-01-19T09:40:19.910+0000] {logging_mixin.py:188} INFO - [2026-01-19T09:40:19.910+0000] {dag.py:3823} INFO - Setting next_dagrun for example_subdag_operator.section-1 to None, run_after=None
[2026-01-19T09:40:19.911+0000] {logging_mixin.py:188} INFO - [2026-01-19T09:40:19.911+0000] {dag.py:3823} INFO - Setting next_dagrun for example_subdag_operator.section-2 to None, run_after=None
[2026-01-19T09:40:19.926+0000] {processor.py:183} INFO - Processing /home/airflow/.local/lib/python3.8/site-packages/airflow/example_dags/example_subdag_operator.py took 0.136 seconds
[2026-01-19T09:40:50.340+0000] {processor.py:161} INFO - Started process (PID=839) to work on /home/airflow/.local/lib/python3.8/site-packages/airflow/example_dags/example_subdag_operator.py
[2026-01-19T09:40:50.342+0000] {processor.py:830} INFO - Processing file /home/airflow/.local/lib/python3.8/site-packages/airflow/example_dags/example_subdag_operator.py for tasks to queue
[2026-01-19T09:40:50.343+0000] {logging_mixin.py:188} INFO - [2026-01-19T09:40:50.343+0000] {dagbag.py:538} INFO - Filling up the DagBag from /home/airflow/.local/lib/python3.8/site-packages/airflow/example_dags/example_subdag_operator.py
[2026-01-19T09:40:50.382+0000] {processor.py:840} INFO - DAG(s) 'example_subdag_operator.section-1', 'example_subdag_operator.section-2', 'example_subdag_operator' retrieved from /home/airflow/.local/lib/python3.8/site-packages/airflow/example_dags/example_subdag_operator.py
[2026-01-19T09:40:50.405+0000] {logging_mixin.py:188} INFO - [2026-01-19T09:40:50.405+0000] {dag.py:3036} INFO - Sync 3 DAGs
[2026-01-19T09:40:50.444+0000] {logging_mixin.py:188} INFO - [2026-01-19T09:40:50.443+0000] {dag.py:3823} INFO - Setting next_dagrun for example_subdag_operator to 2022-01-01 00:00:00+00:00, run_after=2022-01-01 00:00:00+00:00
[2026-01-19T09:40:50.450+0000] {logging_mixin.py:188} INFO - [2026-01-19T09:40:50.450+0000] {dag.py:3823} INFO - Setting next_dagrun for example_subdag_operator.section-1 to None, run_after=None
[2026-01-19T09:40:50.452+0000] {logging_mixin.py:188} INFO - [2026-01-19T09:40:50.452+0000] {dag.py:3823} INFO - Setting next_dagrun for example_subdag_operator.section-2 to None, run_after=None
[2026-01-19T09:40:50.465+0000] {logging_mixin.py:188} INFO - [2026-01-19T09:40:50.465+0000] {dag.py:3036} INFO - Sync 2 DAGs
[2026-01-19T09:40:50.473+0000] {logging_mixin.py:188} INFO - [2026-01-19T09:40:50.473+0000] {dag.py:3823} INFO - Setting next_dagrun for example_subdag_operator.section-1 to None, run_after=None
[2026-01-19T09:40:50.474+0000] {logging_mixin.py:188} INFO - [2026-01-19T09:40:50.474+0000] {dag.py:3823} INFO - Setting next_dagrun for example_subdag_operator.section-2 to None, run_after=None
[2026-01-19T09:40:50.492+0000] {processor.py:183} INFO - Processing /home/airflow/.local/lib/python3.8/site-packages/airflow/example_dags/example_subdag_operator.py took 0.157 seconds
[2026-01-19T09:41:20.636+0000] {processor.py:161} INFO - Started process (PID=1086) to work on /home/airflow/.local/lib/python3.8/site-packages/airflow/example_dags/example_subdag_operator.py
[2026-01-19T09:41:20.638+0000] {processor.py:830} INFO - Processing file /home/airflow/.local/lib/python3.8/site-packages/airflow/example_dags/example_subdag_operator.py for tasks to queue
[2026-01-19T09:41:20.640+0000] {logging_mixin.py:188} INFO - [2026-01-19T09:41:20.640+0000] {dagbag.py:538} INFO - Filling up the DagBag from /home/airflow/.local/lib/python3.8/site-packages/airflow/example_dags/example_subdag_operator.py
[2026-01-19T09:41:20.676+0000] {processor.py:840} INFO - DAG(s) 'example_subdag_operator.section-1', 'example_subdag_operator.section-2', 'example_subdag_operator' retrieved from /home/airflow/.local/lib/python3.8/site-packages/airflow/example_dags/example_subdag_operator.py
[2026-01-19T09:41:20.696+0000] {logging_mixin.py:188} INFO - [2026-01-19T09:41:20.695+0000] {dag.py:3036} INFO - Sync 3 DAGs
[2026-01-19T09:41:20.725+0000] {logging_mixin.py:188} INFO - [2026-01-19T09:41:20.725+0000] {dag.py:3823} INFO - Setting next_dagrun for example_subdag_operator to 2022-01-01 00:00:00+00:00, run_after=2022-01-01 00:00:00+00:00
[2026-01-19T09:41:20.730+0000] {logging_mixin.py:188} INFO - [2026-01-19T09:41:20.730+0000] {dag.py:3823} INFO - Setting next_dagrun for example_subdag_operator.section-1 to None, run_after=None
[2026-01-19T09:41:20.731+0000] {logging_mixin.py:188} INFO - [2026-01-19T09:41:20.731+0000] {dag.py:3823} INFO - Setting next_dagrun for example_subdag_operator.section-2 to None, run_after=None
[2026-01-19T09:41:20.741+0000] {logging_mixin.py:188} INFO - [2026-01-19T09:41:20.741+0000] {dag.py:3036} INFO - Sync 2 DAGs
[2026-01-19T09:41:20.747+0000] {logging_mixin.py:188} INFO - [2026-01-19T09:41:20.747+0000] {dag.py:3823} INFO - Setting next_dagrun for example_subdag_operator.section-1 to None, run_after=None
[2026-01-19T09:41:20.748+0000] {logging_mixin.py:188} INFO - [2026-01-19T09:41:20.748+0000] {dag.py:3823} INFO - Setting next_dagrun for example_subdag_operator.section-2 to None, run_after=None
[2026-01-19T09:41:20.761+0000] {processor.py:183} INFO - Processing /home/airflow/.local/lib/python3.8/site-packages/airflow/example_dags/example_subdag_operator.py took 0.131 seconds
