[2026-01-19T09:39:46.770+0000] {processor.py:161} INFO - Started process (PID=289) to work on /home/airflow/.local/lib/python3.8/site-packages/airflow/example_dags/example_setup_teardown.py
[2026-01-19T09:39:46.772+0000] {processor.py:830} INFO - Processing file /home/airflow/.local/lib/python3.8/site-packages/airflow/example_dags/example_setup_teardown.py for tasks to queue
[2026-01-19T09:39:46.773+0000] {logging_mixin.py:188} INFO - [2026-01-19T09:39:46.773+0000] {dagbag.py:538} INFO - Filling up the DagBag from /home/airflow/.local/lib/python3.8/site-packages/airflow/example_dags/example_setup_teardown.py
[2026-01-19T09:39:46.787+0000] {processor.py:840} INFO - DAG(s) 'example_setup_teardown' retrieved from /home/airflow/.local/lib/python3.8/site-packages/airflow/example_dags/example_setup_teardown.py
[2026-01-19T09:39:46.804+0000] {logging_mixin.py:188} INFO - [2026-01-19T09:39:46.804+0000] {dag.py:3036} INFO - Sync 1 DAGs
[2026-01-19T09:39:46.834+0000] {logging_mixin.py:188} INFO - [2026-01-19T09:39:46.834+0000] {dag.py:3823} INFO - Setting next_dagrun for example_setup_teardown to 2026-01-18 00:00:00+00:00, run_after=2026-01-19 00:00:00+00:00
[2026-01-19T09:39:46.857+0000] {processor.py:183} INFO - Processing /home/airflow/.local/lib/python3.8/site-packages/airflow/example_dags/example_setup_teardown.py took 0.092 seconds
[2026-01-19T09:40:17.739+0000] {processor.py:161} INFO - Started process (PID=536) to work on /home/airflow/.local/lib/python3.8/site-packages/airflow/example_dags/example_setup_teardown.py
[2026-01-19T09:40:17.740+0000] {processor.py:830} INFO - Processing file /home/airflow/.local/lib/python3.8/site-packages/airflow/example_dags/example_setup_teardown.py for tasks to queue
[2026-01-19T09:40:17.741+0000] {logging_mixin.py:188} INFO - [2026-01-19T09:40:17.741+0000] {dagbag.py:538} INFO - Filling up the DagBag from /home/airflow/.local/lib/python3.8/site-packages/airflow/example_dags/example_setup_teardown.py
[2026-01-19T09:40:17.751+0000] {processor.py:840} INFO - DAG(s) 'example_setup_teardown' retrieved from /home/airflow/.local/lib/python3.8/site-packages/airflow/example_dags/example_setup_teardown.py
[2026-01-19T09:40:17.881+0000] {logging_mixin.py:188} INFO - [2026-01-19T09:40:17.881+0000] {dag.py:3036} INFO - Sync 1 DAGs
[2026-01-19T09:40:17.917+0000] {logging_mixin.py:188} INFO - [2026-01-19T09:40:17.916+0000] {dag.py:3823} INFO - Setting next_dagrun for example_setup_teardown to 2026-01-18 00:00:00+00:00, run_after=2026-01-19 00:00:00+00:00
[2026-01-19T09:40:17.959+0000] {processor.py:183} INFO - Processing /home/airflow/.local/lib/python3.8/site-packages/airflow/example_dags/example_setup_teardown.py took 0.225 seconds
[2026-01-19T09:40:48.309+0000] {processor.py:161} INFO - Started process (PID=785) to work on /home/airflow/.local/lib/python3.8/site-packages/airflow/example_dags/example_setup_teardown.py
[2026-01-19T09:40:48.312+0000] {processor.py:830} INFO - Processing file /home/airflow/.local/lib/python3.8/site-packages/airflow/example_dags/example_setup_teardown.py for tasks to queue
[2026-01-19T09:40:48.315+0000] {logging_mixin.py:188} INFO - [2026-01-19T09:40:48.314+0000] {dagbag.py:538} INFO - Filling up the DagBag from /home/airflow/.local/lib/python3.8/site-packages/airflow/example_dags/example_setup_teardown.py
[2026-01-19T09:40:48.330+0000] {processor.py:840} INFO - DAG(s) 'example_setup_teardown' retrieved from /home/airflow/.local/lib/python3.8/site-packages/airflow/example_dags/example_setup_teardown.py
[2026-01-19T09:40:48.379+0000] {logging_mixin.py:188} INFO - [2026-01-19T09:40:48.378+0000] {dag.py:3036} INFO - Sync 1 DAGs
[2026-01-19T09:40:48.436+0000] {logging_mixin.py:188} INFO - [2026-01-19T09:40:48.435+0000] {dag.py:3823} INFO - Setting next_dagrun for example_setup_teardown to 2026-01-18 00:00:00+00:00, run_after=2026-01-19 00:00:00+00:00
[2026-01-19T09:40:48.478+0000] {processor.py:183} INFO - Processing /home/airflow/.local/lib/python3.8/site-packages/airflow/example_dags/example_setup_teardown.py took 0.175 seconds
[2026-01-19T09:41:18.927+0000] {processor.py:161} INFO - Started process (PID=1036) to work on /home/airflow/.local/lib/python3.8/site-packages/airflow/example_dags/example_setup_teardown.py
[2026-01-19T09:41:18.929+0000] {processor.py:830} INFO - Processing file /home/airflow/.local/lib/python3.8/site-packages/airflow/example_dags/example_setup_teardown.py for tasks to queue
[2026-01-19T09:41:18.930+0000] {logging_mixin.py:188} INFO - [2026-01-19T09:41:18.930+0000] {dagbag.py:538} INFO - Filling up the DagBag from /home/airflow/.local/lib/python3.8/site-packages/airflow/example_dags/example_setup_teardown.py
[2026-01-19T09:41:18.938+0000] {processor.py:840} INFO - DAG(s) 'example_setup_teardown' retrieved from /home/airflow/.local/lib/python3.8/site-packages/airflow/example_dags/example_setup_teardown.py
[2026-01-19T09:41:18.964+0000] {logging_mixin.py:188} INFO - [2026-01-19T09:41:18.963+0000] {dag.py:3036} INFO - Sync 1 DAGs
[2026-01-19T09:41:18.994+0000] {logging_mixin.py:188} INFO - [2026-01-19T09:41:18.993+0000] {dag.py:3823} INFO - Setting next_dagrun for example_setup_teardown to 2026-01-18 00:00:00+00:00, run_after=2026-01-19 00:00:00+00:00
[2026-01-19T09:41:19.015+0000] {processor.py:183} INFO - Processing /home/airflow/.local/lib/python3.8/site-packages/airflow/example_dags/example_setup_teardown.py took 0.093 seconds
