[2026-01-19T09:39:44.213+0000] {processor.py:161} INFO - Started process (PID=193) to work on /home/airflow/.local/lib/python3.8/site-packages/airflow/example_dags/example_skip_dag.py
[2026-01-19T09:39:44.216+0000] {processor.py:830} INFO - Processing file /home/airflow/.local/lib/python3.8/site-packages/airflow/example_dags/example_skip_dag.py for tasks to queue
[2026-01-19T09:39:44.219+0000] {logging_mixin.py:188} INFO - [2026-01-19T09:39:44.218+0000] {dagbag.py:538} INFO - Filling up the DagBag from /home/airflow/.local/lib/python3.8/site-packages/airflow/example_dags/example_skip_dag.py
[2026-01-19T09:39:44.273+0000] {processor.py:840} INFO - DAG(s) 'example_skip_dag' retrieved from /home/airflow/.local/lib/python3.8/site-packages/airflow/example_dags/example_skip_dag.py
[2026-01-19T09:39:44.331+0000] {logging_mixin.py:188} INFO - [2026-01-19T09:39:44.330+0000] {dag.py:3036} INFO - Sync 1 DAGs
[2026-01-19T09:39:44.395+0000] {logging_mixin.py:188} INFO - [2026-01-19T09:39:44.395+0000] {dag.py:3823} INFO - Setting next_dagrun for example_skip_dag to 2026-01-18 00:00:00+00:00, run_after=2026-01-19 00:00:00+00:00
[2026-01-19T09:39:44.453+0000] {processor.py:183} INFO - Processing /home/airflow/.local/lib/python3.8/site-packages/airflow/example_dags/example_skip_dag.py took 0.247 seconds
[2026-01-19T09:40:15.207+0000] {processor.py:161} INFO - Started process (PID=440) to work on /home/airflow/.local/lib/python3.8/site-packages/airflow/example_dags/example_skip_dag.py
[2026-01-19T09:40:15.208+0000] {processor.py:830} INFO - Processing file /home/airflow/.local/lib/python3.8/site-packages/airflow/example_dags/example_skip_dag.py for tasks to queue
[2026-01-19T09:40:15.210+0000] {logging_mixin.py:188} INFO - [2026-01-19T09:40:15.209+0000] {dagbag.py:538} INFO - Filling up the DagBag from /home/airflow/.local/lib/python3.8/site-packages/airflow/example_dags/example_skip_dag.py
[2026-01-19T09:40:15.222+0000] {processor.py:840} INFO - DAG(s) 'example_skip_dag' retrieved from /home/airflow/.local/lib/python3.8/site-packages/airflow/example_dags/example_skip_dag.py
[2026-01-19T09:40:15.416+0000] {logging_mixin.py:188} INFO - [2026-01-19T09:40:15.416+0000] {dag.py:3036} INFO - Sync 1 DAGs
[2026-01-19T09:40:15.447+0000] {logging_mixin.py:188} INFO - [2026-01-19T09:40:15.447+0000] {dag.py:3823} INFO - Setting next_dagrun for example_skip_dag to 2026-01-18 00:00:00+00:00, run_after=2026-01-19 00:00:00+00:00
[2026-01-19T09:40:15.484+0000] {processor.py:183} INFO - Processing /home/airflow/.local/lib/python3.8/site-packages/airflow/example_dags/example_skip_dag.py took 0.281 seconds
[2026-01-19T09:40:45.865+0000] {processor.py:161} INFO - Started process (PID=687) to work on /home/airflow/.local/lib/python3.8/site-packages/airflow/example_dags/example_skip_dag.py
[2026-01-19T09:40:45.866+0000] {processor.py:830} INFO - Processing file /home/airflow/.local/lib/python3.8/site-packages/airflow/example_dags/example_skip_dag.py for tasks to queue
[2026-01-19T09:40:45.867+0000] {logging_mixin.py:188} INFO - [2026-01-19T09:40:45.867+0000] {dagbag.py:538} INFO - Filling up the DagBag from /home/airflow/.local/lib/python3.8/site-packages/airflow/example_dags/example_skip_dag.py
[2026-01-19T09:40:45.880+0000] {processor.py:840} INFO - DAG(s) 'example_skip_dag' retrieved from /home/airflow/.local/lib/python3.8/site-packages/airflow/example_dags/example_skip_dag.py
[2026-01-19T09:40:45.908+0000] {logging_mixin.py:188} INFO - [2026-01-19T09:40:45.908+0000] {dag.py:3036} INFO - Sync 1 DAGs
[2026-01-19T09:40:45.931+0000] {logging_mixin.py:188} INFO - [2026-01-19T09:40:45.931+0000] {dag.py:3823} INFO - Setting next_dagrun for example_skip_dag to 2026-01-18 00:00:00+00:00, run_after=2026-01-19 00:00:00+00:00
[2026-01-19T09:40:45.949+0000] {processor.py:183} INFO - Processing /home/airflow/.local/lib/python3.8/site-packages/airflow/example_dags/example_skip_dag.py took 0.089 seconds
[2026-01-19T09:41:16.302+0000] {processor.py:161} INFO - Started process (PID=940) to work on /home/airflow/.local/lib/python3.8/site-packages/airflow/example_dags/example_skip_dag.py
[2026-01-19T09:41:16.303+0000] {processor.py:830} INFO - Processing file /home/airflow/.local/lib/python3.8/site-packages/airflow/example_dags/example_skip_dag.py for tasks to queue
[2026-01-19T09:41:16.304+0000] {logging_mixin.py:188} INFO - [2026-01-19T09:41:16.304+0000] {dagbag.py:538} INFO - Filling up the DagBag from /home/airflow/.local/lib/python3.8/site-packages/airflow/example_dags/example_skip_dag.py
[2026-01-19T09:41:16.312+0000] {processor.py:840} INFO - DAG(s) 'example_skip_dag' retrieved from /home/airflow/.local/lib/python3.8/site-packages/airflow/example_dags/example_skip_dag.py
[2026-01-19T09:41:16.333+0000] {logging_mixin.py:188} INFO - [2026-01-19T09:41:16.333+0000] {dag.py:3036} INFO - Sync 1 DAGs
[2026-01-19T09:41:16.356+0000] {logging_mixin.py:188} INFO - [2026-01-19T09:41:16.356+0000] {dag.py:3823} INFO - Setting next_dagrun for example_skip_dag to 2026-01-18 00:00:00+00:00, run_after=2026-01-19 00:00:00+00:00
[2026-01-19T09:41:16.374+0000] {processor.py:183} INFO - Processing /home/airflow/.local/lib/python3.8/site-packages/airflow/example_dags/example_skip_dag.py took 0.076 seconds
