[2026-01-19T09:39:46.878+0000] {processor.py:161} INFO - Started process (PID=295) to work on /home/airflow/.local/lib/python3.8/site-packages/airflow/example_dags/example_setup_teardown_taskflow.py
[2026-01-19T09:39:46.879+0000] {processor.py:830} INFO - Processing file /home/airflow/.local/lib/python3.8/site-packages/airflow/example_dags/example_setup_teardown_taskflow.py for tasks to queue
[2026-01-19T09:39:46.880+0000] {logging_mixin.py:188} INFO - [2026-01-19T09:39:46.880+0000] {dagbag.py:538} INFO - Filling up the DagBag from /home/airflow/.local/lib/python3.8/site-packages/airflow/example_dags/example_setup_teardown_taskflow.py
[2026-01-19T09:39:46.894+0000] {processor.py:840} INFO - DAG(s) 'example_setup_teardown_taskflow' retrieved from /home/airflow/.local/lib/python3.8/site-packages/airflow/example_dags/example_setup_teardown_taskflow.py
[2026-01-19T09:39:46.908+0000] {logging_mixin.py:188} INFO - [2026-01-19T09:39:46.908+0000] {dag.py:3036} INFO - Sync 1 DAGs
[2026-01-19T09:39:46.932+0000] {logging_mixin.py:188} INFO - [2026-01-19T09:39:46.932+0000] {dag.py:3823} INFO - Setting next_dagrun for example_setup_teardown_taskflow to 2026-01-18 00:00:00+00:00, run_after=2026-01-19 00:00:00+00:00
[2026-01-19T09:39:46.950+0000] {processor.py:183} INFO - Processing /home/airflow/.local/lib/python3.8/site-packages/airflow/example_dags/example_setup_teardown_taskflow.py took 0.076 seconds
[2026-01-19T09:40:17.889+0000] {processor.py:161} INFO - Started process (PID=541) to work on /home/airflow/.local/lib/python3.8/site-packages/airflow/example_dags/example_setup_teardown_taskflow.py
[2026-01-19T09:40:17.891+0000] {processor.py:830} INFO - Processing file /home/airflow/.local/lib/python3.8/site-packages/airflow/example_dags/example_setup_teardown_taskflow.py for tasks to queue
[2026-01-19T09:40:17.894+0000] {logging_mixin.py:188} INFO - [2026-01-19T09:40:17.893+0000] {dagbag.py:538} INFO - Filling up the DagBag from /home/airflow/.local/lib/python3.8/site-packages/airflow/example_dags/example_setup_teardown_taskflow.py
[2026-01-19T09:40:17.916+0000] {processor.py:840} INFO - DAG(s) 'example_setup_teardown_taskflow' retrieved from /home/airflow/.local/lib/python3.8/site-packages/airflow/example_dags/example_setup_teardown_taskflow.py
[2026-01-19T09:40:18.136+0000] {logging_mixin.py:188} INFO - [2026-01-19T09:40:18.136+0000] {dag.py:3036} INFO - Sync 1 DAGs
[2026-01-19T09:40:18.200+0000] {logging_mixin.py:188} INFO - [2026-01-19T09:40:18.199+0000] {dag.py:3823} INFO - Setting next_dagrun for example_setup_teardown_taskflow to 2026-01-18 00:00:00+00:00, run_after=2026-01-19 00:00:00+00:00
[2026-01-19T09:40:18.249+0000] {processor.py:183} INFO - Processing /home/airflow/.local/lib/python3.8/site-packages/airflow/example_dags/example_setup_teardown_taskflow.py took 0.367 seconds
[2026-01-19T09:40:48.400+0000] {processor.py:161} INFO - Started process (PID=790) to work on /home/airflow/.local/lib/python3.8/site-packages/airflow/example_dags/example_setup_teardown_taskflow.py
[2026-01-19T09:40:48.403+0000] {processor.py:830} INFO - Processing file /home/airflow/.local/lib/python3.8/site-packages/airflow/example_dags/example_setup_teardown_taskflow.py for tasks to queue
[2026-01-19T09:40:48.405+0000] {logging_mixin.py:188} INFO - [2026-01-19T09:40:48.404+0000] {dagbag.py:538} INFO - Filling up the DagBag from /home/airflow/.local/lib/python3.8/site-packages/airflow/example_dags/example_setup_teardown_taskflow.py
[2026-01-19T09:40:48.435+0000] {processor.py:840} INFO - DAG(s) 'example_setup_teardown_taskflow' retrieved from /home/airflow/.local/lib/python3.8/site-packages/airflow/example_dags/example_setup_teardown_taskflow.py
[2026-01-19T09:40:48.489+0000] {logging_mixin.py:188} INFO - [2026-01-19T09:40:48.488+0000] {dag.py:3036} INFO - Sync 1 DAGs
[2026-01-19T09:40:48.545+0000] {logging_mixin.py:188} INFO - [2026-01-19T09:40:48.544+0000] {dag.py:3823} INFO - Setting next_dagrun for example_setup_teardown_taskflow to 2026-01-18 00:00:00+00:00, run_after=2026-01-19 00:00:00+00:00
[2026-01-19T09:40:48.588+0000] {processor.py:183} INFO - Processing /home/airflow/.local/lib/python3.8/site-packages/airflow/example_dags/example_setup_teardown_taskflow.py took 0.197 seconds
[2026-01-19T09:41:19.056+0000] {processor.py:161} INFO - Started process (PID=1041) to work on /home/airflow/.local/lib/python3.8/site-packages/airflow/example_dags/example_setup_teardown_taskflow.py
[2026-01-19T09:41:19.058+0000] {processor.py:830} INFO - Processing file /home/airflow/.local/lib/python3.8/site-packages/airflow/example_dags/example_setup_teardown_taskflow.py for tasks to queue
[2026-01-19T09:41:19.059+0000] {logging_mixin.py:188} INFO - [2026-01-19T09:41:19.059+0000] {dagbag.py:538} INFO - Filling up the DagBag from /home/airflow/.local/lib/python3.8/site-packages/airflow/example_dags/example_setup_teardown_taskflow.py
[2026-01-19T09:41:19.072+0000] {processor.py:840} INFO - DAG(s) 'example_setup_teardown_taskflow' retrieved from /home/airflow/.local/lib/python3.8/site-packages/airflow/example_dags/example_setup_teardown_taskflow.py
[2026-01-19T09:41:19.095+0000] {logging_mixin.py:188} INFO - [2026-01-19T09:41:19.095+0000] {dag.py:3036} INFO - Sync 1 DAGs
[2026-01-19T09:41:19.119+0000] {logging_mixin.py:188} INFO - [2026-01-19T09:41:19.119+0000] {dag.py:3823} INFO - Setting next_dagrun for example_setup_teardown_taskflow to 2026-01-18 00:00:00+00:00, run_after=2026-01-19 00:00:00+00:00
[2026-01-19T09:41:19.141+0000] {processor.py:183} INFO - Processing /home/airflow/.local/lib/python3.8/site-packages/airflow/example_dags/example_setup_teardown_taskflow.py took 0.089 seconds
