[2026-01-19T09:39:48.984+0000] {processor.py:161} INFO - Started process (PID=379) to work on /home/airflow/.local/lib/python3.8/site-packages/airflow/example_dags/example_python_decorator.py
[2026-01-19T09:39:48.986+0000] {processor.py:830} INFO - Processing file /home/airflow/.local/lib/python3.8/site-packages/airflow/example_dags/example_python_decorator.py for tasks to queue
[2026-01-19T09:39:48.988+0000] {logging_mixin.py:188} INFO - [2026-01-19T09:39:48.988+0000] {dagbag.py:538} INFO - Filling up the DagBag from /home/airflow/.local/lib/python3.8/site-packages/airflow/example_dags/example_python_decorator.py
[2026-01-19T09:39:49.021+0000] {processor.py:840} INFO - DAG(s) 'example_python_decorator' retrieved from /home/airflow/.local/lib/python3.8/site-packages/airflow/example_dags/example_python_decorator.py
[2026-01-19T09:39:49.179+0000] {logging_mixin.py:188} INFO - [2026-01-19T09:39:49.179+0000] {dag.py:3036} INFO - Sync 1 DAGs
[2026-01-19T09:39:49.190+0000] {logging_mixin.py:188} INFO - [2026-01-19T09:39:49.190+0000] {dag.py:3823} INFO - Setting next_dagrun for example_python_decorator to None, run_after=None
[2026-01-19T09:39:49.212+0000] {processor.py:183} INFO - Processing /home/airflow/.local/lib/python3.8/site-packages/airflow/example_dags/example_python_decorator.py took 0.235 seconds
[2026-01-19T09:40:20.463+0000] {processor.py:161} INFO - Started process (PID=626) to work on /home/airflow/.local/lib/python3.8/site-packages/airflow/example_dags/example_python_decorator.py
[2026-01-19T09:40:20.465+0000] {processor.py:830} INFO - Processing file /home/airflow/.local/lib/python3.8/site-packages/airflow/example_dags/example_python_decorator.py for tasks to queue
[2026-01-19T09:40:20.466+0000] {logging_mixin.py:188} INFO - [2026-01-19T09:40:20.466+0000] {dagbag.py:538} INFO - Filling up the DagBag from /home/airflow/.local/lib/python3.8/site-packages/airflow/example_dags/example_python_decorator.py
[2026-01-19T09:40:20.487+0000] {processor.py:840} INFO - DAG(s) 'example_python_decorator' retrieved from /home/airflow/.local/lib/python3.8/site-packages/airflow/example_dags/example_python_decorator.py
[2026-01-19T09:40:20.518+0000] {logging_mixin.py:188} INFO - [2026-01-19T09:40:20.517+0000] {dag.py:3036} INFO - Sync 1 DAGs
[2026-01-19T09:40:20.533+0000] {logging_mixin.py:188} INFO - [2026-01-19T09:40:20.533+0000] {dag.py:3823} INFO - Setting next_dagrun for example_python_decorator to None, run_after=None
[2026-01-19T09:40:20.560+0000] {processor.py:183} INFO - Processing /home/airflow/.local/lib/python3.8/site-packages/airflow/example_dags/example_python_decorator.py took 0.102 seconds
[2026-01-19T09:40:51.131+0000] {processor.py:161} INFO - Started process (PID=879) to work on /home/airflow/.local/lib/python3.8/site-packages/airflow/example_dags/example_python_decorator.py
[2026-01-19T09:40:51.133+0000] {processor.py:830} INFO - Processing file /home/airflow/.local/lib/python3.8/site-packages/airflow/example_dags/example_python_decorator.py for tasks to queue
[2026-01-19T09:40:51.134+0000] {logging_mixin.py:188} INFO - [2026-01-19T09:40:51.134+0000] {dagbag.py:538} INFO - Filling up the DagBag from /home/airflow/.local/lib/python3.8/site-packages/airflow/example_dags/example_python_decorator.py
[2026-01-19T09:40:51.149+0000] {processor.py:840} INFO - DAG(s) 'example_python_decorator' retrieved from /home/airflow/.local/lib/python3.8/site-packages/airflow/example_dags/example_python_decorator.py
[2026-01-19T09:40:51.175+0000] {logging_mixin.py:188} INFO - [2026-01-19T09:40:51.175+0000] {dag.py:3036} INFO - Sync 1 DAGs
[2026-01-19T09:40:51.188+0000] {logging_mixin.py:188} INFO - [2026-01-19T09:40:51.188+0000] {dag.py:3823} INFO - Setting next_dagrun for example_python_decorator to None, run_after=None
[2026-01-19T09:40:51.209+0000] {processor.py:183} INFO - Processing /home/airflow/.local/lib/python3.8/site-packages/airflow/example_dags/example_python_decorator.py took 0.083 seconds
[2026-01-19T09:41:21.321+0000] {processor.py:161} INFO - Started process (PID=1126) to work on /home/airflow/.local/lib/python3.8/site-packages/airflow/example_dags/example_python_decorator.py
[2026-01-19T09:41:21.322+0000] {processor.py:830} INFO - Processing file /home/airflow/.local/lib/python3.8/site-packages/airflow/example_dags/example_python_decorator.py for tasks to queue
[2026-01-19T09:41:21.323+0000] {logging_mixin.py:188} INFO - [2026-01-19T09:41:21.323+0000] {dagbag.py:538} INFO - Filling up the DagBag from /home/airflow/.local/lib/python3.8/site-packages/airflow/example_dags/example_python_decorator.py
[2026-01-19T09:41:21.336+0000] {processor.py:840} INFO - DAG(s) 'example_python_decorator' retrieved from /home/airflow/.local/lib/python3.8/site-packages/airflow/example_dags/example_python_decorator.py
[2026-01-19T09:41:21.359+0000] {logging_mixin.py:188} INFO - [2026-01-19T09:41:21.359+0000] {dag.py:3036} INFO - Sync 1 DAGs
[2026-01-19T09:41:21.374+0000] {logging_mixin.py:188} INFO - [2026-01-19T09:41:21.374+0000] {dag.py:3823} INFO - Setting next_dagrun for example_python_decorator to None, run_after=None
[2026-01-19T09:41:21.396+0000] {processor.py:183} INFO - Processing /home/airflow/.local/lib/python3.8/site-packages/airflow/example_dags/example_python_decorator.py took 0.078 seconds
