[2026-01-19T09:39:48.058+0000] {processor.py:161} INFO - Started process (PID=349) to work on /home/airflow/.local/lib/python3.8/site-packages/airflow/example_dags/example_branch_python_dop_operator_3.py
[2026-01-19T09:39:48.060+0000] {processor.py:830} INFO - Processing file /home/airflow/.local/lib/python3.8/site-packages/airflow/example_dags/example_branch_python_dop_operator_3.py for tasks to queue
[2026-01-19T09:39:48.061+0000] {logging_mixin.py:188} INFO - [2026-01-19T09:39:48.061+0000] {dagbag.py:538} INFO - Filling up the DagBag from /home/airflow/.local/lib/python3.8/site-packages/airflow/example_dags/example_branch_python_dop_operator_3.py
[2026-01-19T09:39:48.074+0000] {processor.py:840} INFO - DAG(s) 'example_branch_dop_operator_v3' retrieved from /home/airflow/.local/lib/python3.8/site-packages/airflow/example_dags/example_branch_python_dop_operator_3.py
[2026-01-19T09:39:48.193+0000] {logging_mixin.py:188} INFO - [2026-01-19T09:39:48.192+0000] {dag.py:3036} INFO - Sync 1 DAGs
[2026-01-19T09:39:48.215+0000] {logging_mixin.py:188} INFO - [2026-01-19T09:39:48.215+0000] {dag.py:3823} INFO - Setting next_dagrun for example_branch_dop_operator_v3 to 2026-01-19 09:38:00+00:00, run_after=2026-01-19 09:39:00+00:00
[2026-01-19T09:39:48.237+0000] {processor.py:183} INFO - Processing /home/airflow/.local/lib/python3.8/site-packages/airflow/example_dags/example_branch_python_dop_operator_3.py took 0.183 seconds
[2026-01-19T09:40:19.983+0000] {processor.py:161} INFO - Started process (PID=596) to work on /home/airflow/.local/lib/python3.8/site-packages/airflow/example_dags/example_branch_python_dop_operator_3.py
[2026-01-19T09:40:19.984+0000] {processor.py:830} INFO - Processing file /home/airflow/.local/lib/python3.8/site-packages/airflow/example_dags/example_branch_python_dop_operator_3.py for tasks to queue
[2026-01-19T09:40:19.986+0000] {logging_mixin.py:188} INFO - [2026-01-19T09:40:19.986+0000] {dagbag.py:538} INFO - Filling up the DagBag from /home/airflow/.local/lib/python3.8/site-packages/airflow/example_dags/example_branch_python_dop_operator_3.py
[2026-01-19T09:40:19.998+0000] {processor.py:840} INFO - DAG(s) 'example_branch_dop_operator_v3' retrieved from /home/airflow/.local/lib/python3.8/site-packages/airflow/example_dags/example_branch_python_dop_operator_3.py
[2026-01-19T09:40:20.031+0000] {logging_mixin.py:188} INFO - [2026-01-19T09:40:20.031+0000] {dag.py:3036} INFO - Sync 1 DAGs
[2026-01-19T09:40:20.066+0000] {logging_mixin.py:188} INFO - [2026-01-19T09:40:20.065+0000] {dag.py:3823} INFO - Setting next_dagrun for example_branch_dop_operator_v3 to 2026-01-19 09:39:00+00:00, run_after=2026-01-19 09:40:00+00:00
[2026-01-19T09:40:20.095+0000] {processor.py:183} INFO - Processing /home/airflow/.local/lib/python3.8/site-packages/airflow/example_dags/example_branch_python_dop_operator_3.py took 0.118 seconds
[2026-01-19T09:40:50.553+0000] {processor.py:161} INFO - Started process (PID=849) to work on /home/airflow/.local/lib/python3.8/site-packages/airflow/example_dags/example_branch_python_dop_operator_3.py
[2026-01-19T09:40:50.554+0000] {processor.py:830} INFO - Processing file /home/airflow/.local/lib/python3.8/site-packages/airflow/example_dags/example_branch_python_dop_operator_3.py for tasks to queue
[2026-01-19T09:40:50.556+0000] {logging_mixin.py:188} INFO - [2026-01-19T09:40:50.555+0000] {dagbag.py:538} INFO - Filling up the DagBag from /home/airflow/.local/lib/python3.8/site-packages/airflow/example_dags/example_branch_python_dop_operator_3.py
[2026-01-19T09:40:50.570+0000] {processor.py:840} INFO - DAG(s) 'example_branch_dop_operator_v3' retrieved from /home/airflow/.local/lib/python3.8/site-packages/airflow/example_dags/example_branch_python_dop_operator_3.py
[2026-01-19T09:40:50.614+0000] {logging_mixin.py:188} INFO - [2026-01-19T09:40:50.613+0000] {dag.py:3036} INFO - Sync 1 DAGs
[2026-01-19T09:40:50.681+0000] {logging_mixin.py:188} INFO - [2026-01-19T09:40:50.680+0000] {dag.py:3823} INFO - Setting next_dagrun for example_branch_dop_operator_v3 to 2026-01-19 09:39:00+00:00, run_after=2026-01-19 09:40:00+00:00
[2026-01-19T09:40:50.723+0000] {processor.py:183} INFO - Processing /home/airflow/.local/lib/python3.8/site-packages/airflow/example_dags/example_branch_python_dop_operator_3.py took 0.176 seconds
[2026-01-19T09:41:20.808+0000] {processor.py:161} INFO - Started process (PID=1096) to work on /home/airflow/.local/lib/python3.8/site-packages/airflow/example_dags/example_branch_python_dop_operator_3.py
[2026-01-19T09:41:20.810+0000] {processor.py:830} INFO - Processing file /home/airflow/.local/lib/python3.8/site-packages/airflow/example_dags/example_branch_python_dop_operator_3.py for tasks to queue
[2026-01-19T09:41:20.816+0000] {logging_mixin.py:188} INFO - [2026-01-19T09:41:20.815+0000] {dagbag.py:538} INFO - Filling up the DagBag from /home/airflow/.local/lib/python3.8/site-packages/airflow/example_dags/example_branch_python_dop_operator_3.py
[2026-01-19T09:41:20.829+0000] {processor.py:840} INFO - DAG(s) 'example_branch_dop_operator_v3' retrieved from /home/airflow/.local/lib/python3.8/site-packages/airflow/example_dags/example_branch_python_dop_operator_3.py
[2026-01-19T09:41:20.865+0000] {logging_mixin.py:188} INFO - [2026-01-19T09:41:20.865+0000] {dag.py:3036} INFO - Sync 1 DAGs
[2026-01-19T09:41:20.893+0000] {logging_mixin.py:188} INFO - [2026-01-19T09:41:20.892+0000] {dag.py:3823} INFO - Setting next_dagrun for example_branch_dop_operator_v3 to 2026-01-19 09:40:00+00:00, run_after=2026-01-19 09:41:00+00:00
[2026-01-19T09:41:20.911+0000] {processor.py:183} INFO - Processing /home/airflow/.local/lib/python3.8/site-packages/airflow/example_dags/example_branch_python_dop_operator_3.py took 0.108 seconds
