[2026-01-19T09:39:47.258+0000] {processor.py:161} INFO - Started process (PID=324) to work on /home/airflow/.local/lib/python3.8/site-packages/airflow/example_dags/example_bash_operator.py
[2026-01-19T09:39:47.260+0000] {processor.py:830} INFO - Processing file /home/airflow/.local/lib/python3.8/site-packages/airflow/example_dags/example_bash_operator.py for tasks to queue
[2026-01-19T09:39:47.263+0000] {logging_mixin.py:188} INFO - [2026-01-19T09:39:47.262+0000] {dagbag.py:538} INFO - Filling up the DagBag from /home/airflow/.local/lib/python3.8/site-packages/airflow/example_dags/example_bash_operator.py
[2026-01-19T09:39:47.283+0000] {processor.py:840} INFO - DAG(s) 'example_bash_operator' retrieved from /home/airflow/.local/lib/python3.8/site-packages/airflow/example_dags/example_bash_operator.py
[2026-01-19T09:39:47.298+0000] {logging_mixin.py:188} INFO - [2026-01-19T09:39:47.297+0000] {dag.py:3036} INFO - Sync 1 DAGs
[2026-01-19T09:39:47.324+0000] {logging_mixin.py:188} INFO - [2026-01-19T09:39:47.324+0000] {dag.py:3823} INFO - Setting next_dagrun for example_bash_operator to 2026-01-18 00:00:00+00:00, run_after=2026-01-19 00:00:00+00:00
[2026-01-19T09:39:47.345+0000] {processor.py:183} INFO - Processing /home/airflow/.local/lib/python3.8/site-packages/airflow/example_dags/example_bash_operator.py took 0.093 seconds
[2026-01-19T09:40:19.378+0000] {processor.py:161} INFO - Started process (PID=571) to work on /home/airflow/.local/lib/python3.8/site-packages/airflow/example_dags/example_bash_operator.py
[2026-01-19T09:40:19.380+0000] {processor.py:830} INFO - Processing file /home/airflow/.local/lib/python3.8/site-packages/airflow/example_dags/example_bash_operator.py for tasks to queue
[2026-01-19T09:40:19.383+0000] {logging_mixin.py:188} INFO - [2026-01-19T09:40:19.382+0000] {dagbag.py:538} INFO - Filling up the DagBag from /home/airflow/.local/lib/python3.8/site-packages/airflow/example_dags/example_bash_operator.py
[2026-01-19T09:40:19.406+0000] {processor.py:840} INFO - DAG(s) 'example_bash_operator' retrieved from /home/airflow/.local/lib/python3.8/site-packages/airflow/example_dags/example_bash_operator.py
[2026-01-19T09:40:19.655+0000] {logging_mixin.py:188} INFO - [2026-01-19T09:40:19.654+0000] {dag.py:3036} INFO - Sync 1 DAGs
[2026-01-19T09:40:19.697+0000] {logging_mixin.py:188} INFO - [2026-01-19T09:40:19.696+0000] {dag.py:3823} INFO - Setting next_dagrun for example_bash_operator to 2026-01-18 00:00:00+00:00, run_after=2026-01-19 00:00:00+00:00
[2026-01-19T09:40:19.726+0000] {processor.py:183} INFO - Processing /home/airflow/.local/lib/python3.8/site-packages/airflow/example_dags/example_bash_operator.py took 0.357 seconds
[2026-01-19T09:40:50.168+0000] {processor.py:161} INFO - Started process (PID=826) to work on /home/airflow/.local/lib/python3.8/site-packages/airflow/example_dags/example_bash_operator.py
[2026-01-19T09:40:50.170+0000] {processor.py:830} INFO - Processing file /home/airflow/.local/lib/python3.8/site-packages/airflow/example_dags/example_bash_operator.py for tasks to queue
[2026-01-19T09:40:50.171+0000] {logging_mixin.py:188} INFO - [2026-01-19T09:40:50.170+0000] {dagbag.py:538} INFO - Filling up the DagBag from /home/airflow/.local/lib/python3.8/site-packages/airflow/example_dags/example_bash_operator.py
[2026-01-19T09:40:50.190+0000] {processor.py:840} INFO - DAG(s) 'example_bash_operator' retrieved from /home/airflow/.local/lib/python3.8/site-packages/airflow/example_dags/example_bash_operator.py
[2026-01-19T09:40:50.225+0000] {logging_mixin.py:188} INFO - [2026-01-19T09:40:50.224+0000] {dag.py:3036} INFO - Sync 1 DAGs
[2026-01-19T09:40:50.250+0000] {logging_mixin.py:188} INFO - [2026-01-19T09:40:50.250+0000] {dag.py:3823} INFO - Setting next_dagrun for example_bash_operator to 2026-01-18 00:00:00+00:00, run_after=2026-01-19 00:00:00+00:00
[2026-01-19T09:40:50.270+0000] {processor.py:183} INFO - Processing /home/airflow/.local/lib/python3.8/site-packages/airflow/example_dags/example_bash_operator.py took 0.107 seconds
[2026-01-19T09:41:20.463+0000] {processor.py:161} INFO - Started process (PID=1072) to work on /home/airflow/.local/lib/python3.8/site-packages/airflow/example_dags/example_bash_operator.py
[2026-01-19T09:41:20.464+0000] {processor.py:830} INFO - Processing file /home/airflow/.local/lib/python3.8/site-packages/airflow/example_dags/example_bash_operator.py for tasks to queue
[2026-01-19T09:41:20.466+0000] {logging_mixin.py:188} INFO - [2026-01-19T09:41:20.465+0000] {dagbag.py:538} INFO - Filling up the DagBag from /home/airflow/.local/lib/python3.8/site-packages/airflow/example_dags/example_bash_operator.py
[2026-01-19T09:41:20.481+0000] {processor.py:840} INFO - DAG(s) 'example_bash_operator' retrieved from /home/airflow/.local/lib/python3.8/site-packages/airflow/example_dags/example_bash_operator.py
[2026-01-19T09:41:20.516+0000] {logging_mixin.py:188} INFO - [2026-01-19T09:41:20.516+0000] {dag.py:3036} INFO - Sync 1 DAGs
[2026-01-19T09:41:20.541+0000] {logging_mixin.py:188} INFO - [2026-01-19T09:41:20.541+0000] {dag.py:3823} INFO - Setting next_dagrun for example_bash_operator to 2026-01-18 00:00:00+00:00, run_after=2026-01-19 00:00:00+00:00
[2026-01-19T09:41:20.560+0000] {processor.py:183} INFO - Processing /home/airflow/.local/lib/python3.8/site-packages/airflow/example_dags/example_bash_operator.py took 0.103 seconds
