[2026-01-19T09:39:44.911+0000] {processor.py:161} INFO - Started process (PID=205) to work on /home/airflow/.local/lib/python3.8/site-packages/airflow/example_dags/example_params_trigger_ui.py
[2026-01-19T09:39:44.913+0000] {processor.py:830} INFO - Processing file /home/airflow/.local/lib/python3.8/site-packages/airflow/example_dags/example_params_trigger_ui.py for tasks to queue
[2026-01-19T09:39:44.915+0000] {logging_mixin.py:188} INFO - [2026-01-19T09:39:44.914+0000] {dagbag.py:538} INFO - Filling up the DagBag from /home/airflow/.local/lib/python3.8/site-packages/airflow/example_dags/example_params_trigger_ui.py
[2026-01-19T09:39:44.965+0000] {processor.py:840} INFO - DAG(s) 'example_params_trigger_ui' retrieved from /home/airflow/.local/lib/python3.8/site-packages/airflow/example_dags/example_params_trigger_ui.py
[2026-01-19T09:39:44.997+0000] {logging_mixin.py:188} INFO - [2026-01-19T09:39:44.996+0000] {dag.py:3036} INFO - Sync 1 DAGs
[2026-01-19T09:39:45.026+0000] {logging_mixin.py:188} INFO - [2026-01-19T09:39:45.026+0000] {dag.py:3823} INFO - Setting next_dagrun for example_params_trigger_ui to None, run_after=None
[2026-01-19T09:39:45.059+0000] {processor.py:183} INFO - Processing /home/airflow/.local/lib/python3.8/site-packages/airflow/example_dags/example_params_trigger_ui.py took 0.154 seconds
[2026-01-19T09:40:15.734+0000] {processor.py:161} INFO - Started process (PID=452) to work on /home/airflow/.local/lib/python3.8/site-packages/airflow/example_dags/example_params_trigger_ui.py
[2026-01-19T09:40:15.736+0000] {processor.py:830} INFO - Processing file /home/airflow/.local/lib/python3.8/site-packages/airflow/example_dags/example_params_trigger_ui.py for tasks to queue
[2026-01-19T09:40:15.739+0000] {logging_mixin.py:188} INFO - [2026-01-19T09:40:15.739+0000] {dagbag.py:538} INFO - Filling up the DagBag from /home/airflow/.local/lib/python3.8/site-packages/airflow/example_dags/example_params_trigger_ui.py
[2026-01-19T09:40:15.759+0000] {processor.py:840} INFO - DAG(s) 'example_params_trigger_ui' retrieved from /home/airflow/.local/lib/python3.8/site-packages/airflow/example_dags/example_params_trigger_ui.py
[2026-01-19T09:40:15.964+0000] {logging_mixin.py:188} INFO - [2026-01-19T09:40:15.964+0000] {dag.py:3036} INFO - Sync 1 DAGs
[2026-01-19T09:40:15.979+0000] {logging_mixin.py:188} INFO - [2026-01-19T09:40:15.979+0000] {dag.py:3823} INFO - Setting next_dagrun for example_params_trigger_ui to None, run_after=None
[2026-01-19T09:40:16.010+0000] {processor.py:183} INFO - Processing /home/airflow/.local/lib/python3.8/site-packages/airflow/example_dags/example_params_trigger_ui.py took 0.281 seconds
[2026-01-19T09:40:46.121+0000] {processor.py:161} INFO - Started process (PID=699) to work on /home/airflow/.local/lib/python3.8/site-packages/airflow/example_dags/example_params_trigger_ui.py
[2026-01-19T09:40:46.122+0000] {processor.py:830} INFO - Processing file /home/airflow/.local/lib/python3.8/site-packages/airflow/example_dags/example_params_trigger_ui.py for tasks to queue
[2026-01-19T09:40:46.124+0000] {logging_mixin.py:188} INFO - [2026-01-19T09:40:46.124+0000] {dagbag.py:538} INFO - Filling up the DagBag from /home/airflow/.local/lib/python3.8/site-packages/airflow/example_dags/example_params_trigger_ui.py
[2026-01-19T09:40:46.138+0000] {processor.py:840} INFO - DAG(s) 'example_params_trigger_ui' retrieved from /home/airflow/.local/lib/python3.8/site-packages/airflow/example_dags/example_params_trigger_ui.py
[2026-01-19T09:40:46.195+0000] {logging_mixin.py:188} INFO - [2026-01-19T09:40:46.194+0000] {dag.py:3036} INFO - Sync 1 DAGs
[2026-01-19T09:40:46.211+0000] {logging_mixin.py:188} INFO - [2026-01-19T09:40:46.210+0000] {dag.py:3823} INFO - Setting next_dagrun for example_params_trigger_ui to None, run_after=None
[2026-01-19T09:40:46.230+0000] {processor.py:183} INFO - Processing /home/airflow/.local/lib/python3.8/site-packages/airflow/example_dags/example_params_trigger_ui.py took 0.112 seconds
[2026-01-19T09:41:16.422+0000] {processor.py:161} INFO - Started process (PID=950) to work on /home/airflow/.local/lib/python3.8/site-packages/airflow/example_dags/example_params_trigger_ui.py
[2026-01-19T09:41:16.423+0000] {processor.py:830} INFO - Processing file /home/airflow/.local/lib/python3.8/site-packages/airflow/example_dags/example_params_trigger_ui.py for tasks to queue
[2026-01-19T09:41:16.424+0000] {logging_mixin.py:188} INFO - [2026-01-19T09:41:16.423+0000] {dagbag.py:538} INFO - Filling up the DagBag from /home/airflow/.local/lib/python3.8/site-packages/airflow/example_dags/example_params_trigger_ui.py
[2026-01-19T09:41:16.438+0000] {processor.py:840} INFO - DAG(s) 'example_params_trigger_ui' retrieved from /home/airflow/.local/lib/python3.8/site-packages/airflow/example_dags/example_params_trigger_ui.py
[2026-01-19T09:41:16.490+0000] {logging_mixin.py:188} INFO - [2026-01-19T09:41:16.490+0000] {dag.py:3036} INFO - Sync 1 DAGs
[2026-01-19T09:41:16.503+0000] {logging_mixin.py:188} INFO - [2026-01-19T09:41:16.503+0000] {dag.py:3823} INFO - Setting next_dagrun for example_params_trigger_ui to None, run_after=None
[2026-01-19T09:41:16.524+0000] {processor.py:183} INFO - Processing /home/airflow/.local/lib/python3.8/site-packages/airflow/example_dags/example_params_trigger_ui.py took 0.106 seconds
