[2026-01-19T09:39:49.258+0000] {processor.py:161} INFO - Started process (PID=384) to work on /home/airflow/.local/lib/python3.8/site-packages/airflow/example_dags/example_xcom.py
[2026-01-19T09:39:49.260+0000] {processor.py:830} INFO - Processing file /home/airflow/.local/lib/python3.8/site-packages/airflow/example_dags/example_xcom.py for tasks to queue
[2026-01-19T09:39:49.262+0000] {logging_mixin.py:188} INFO - [2026-01-19T09:39:49.261+0000] {dagbag.py:538} INFO - Filling up the DagBag from /home/airflow/.local/lib/python3.8/site-packages/airflow/example_dags/example_xcom.py
[2026-01-19T09:39:49.274+0000] {processor.py:840} INFO - DAG(s) 'example_xcom' retrieved from /home/airflow/.local/lib/python3.8/site-packages/airflow/example_dags/example_xcom.py
[2026-01-19T09:39:49.389+0000] {logging_mixin.py:188} INFO - [2026-01-19T09:39:49.389+0000] {dag.py:3036} INFO - Sync 1 DAGs
[2026-01-19T09:39:49.411+0000] {logging_mixin.py:188} INFO - [2026-01-19T09:39:49.410+0000] {dag.py:3823} INFO - Setting next_dagrun for example_xcom to 2021-01-01 00:00:00+00:00, run_after=2021-01-01 00:00:00+00:00
[2026-01-19T09:39:49.433+0000] {processor.py:183} INFO - Processing /home/airflow/.local/lib/python3.8/site-packages/airflow/example_dags/example_xcom.py took 0.179 seconds
[2026-01-19T09:40:20.570+0000] {processor.py:161} INFO - Started process (PID=631) to work on /home/airflow/.local/lib/python3.8/site-packages/airflow/example_dags/example_xcom.py
[2026-01-19T09:40:20.572+0000] {processor.py:830} INFO - Processing file /home/airflow/.local/lib/python3.8/site-packages/airflow/example_dags/example_xcom.py for tasks to queue
[2026-01-19T09:40:20.573+0000] {logging_mixin.py:188} INFO - [2026-01-19T09:40:20.573+0000] {dagbag.py:538} INFO - Filling up the DagBag from /home/airflow/.local/lib/python3.8/site-packages/airflow/example_dags/example_xcom.py
[2026-01-19T09:40:20.584+0000] {processor.py:840} INFO - DAG(s) 'example_xcom' retrieved from /home/airflow/.local/lib/python3.8/site-packages/airflow/example_dags/example_xcom.py
[2026-01-19T09:40:20.611+0000] {logging_mixin.py:188} INFO - [2026-01-19T09:40:20.611+0000] {dag.py:3036} INFO - Sync 1 DAGs
[2026-01-19T09:40:20.637+0000] {logging_mixin.py:188} INFO - [2026-01-19T09:40:20.636+0000] {dag.py:3823} INFO - Setting next_dagrun for example_xcom to 2021-01-01 00:00:00+00:00, run_after=2021-01-01 00:00:00+00:00
[2026-01-19T09:40:20.660+0000] {processor.py:183} INFO - Processing /home/airflow/.local/lib/python3.8/site-packages/airflow/example_dags/example_xcom.py took 0.094 seconds
[2026-01-19T09:40:51.220+0000] {processor.py:161} INFO - Started process (PID=884) to work on /home/airflow/.local/lib/python3.8/site-packages/airflow/example_dags/example_xcom.py
[2026-01-19T09:40:51.221+0000] {processor.py:830} INFO - Processing file /home/airflow/.local/lib/python3.8/site-packages/airflow/example_dags/example_xcom.py for tasks to queue
[2026-01-19T09:40:51.222+0000] {logging_mixin.py:188} INFO - [2026-01-19T09:40:51.222+0000] {dagbag.py:538} INFO - Filling up the DagBag from /home/airflow/.local/lib/python3.8/site-packages/airflow/example_dags/example_xcom.py
[2026-01-19T09:40:51.232+0000] {processor.py:840} INFO - DAG(s) 'example_xcom' retrieved from /home/airflow/.local/lib/python3.8/site-packages/airflow/example_dags/example_xcom.py
[2026-01-19T09:40:51.257+0000] {logging_mixin.py:188} INFO - [2026-01-19T09:40:51.257+0000] {dag.py:3036} INFO - Sync 1 DAGs
[2026-01-19T09:40:51.282+0000] {logging_mixin.py:188} INFO - [2026-01-19T09:40:51.282+0000] {dag.py:3823} INFO - Setting next_dagrun for example_xcom to 2021-01-01 00:00:00+00:00, run_after=2021-01-01 00:00:00+00:00
[2026-01-19T09:40:51.303+0000] {processor.py:183} INFO - Processing /home/airflow/.local/lib/python3.8/site-packages/airflow/example_dags/example_xcom.py took 0.088 seconds
[2026-01-19T09:41:21.445+0000] {processor.py:161} INFO - Started process (PID=1131) to work on /home/airflow/.local/lib/python3.8/site-packages/airflow/example_dags/example_xcom.py
[2026-01-19T09:41:21.446+0000] {processor.py:830} INFO - Processing file /home/airflow/.local/lib/python3.8/site-packages/airflow/example_dags/example_xcom.py for tasks to queue
[2026-01-19T09:41:21.448+0000] {logging_mixin.py:188} INFO - [2026-01-19T09:41:21.447+0000] {dagbag.py:538} INFO - Filling up the DagBag from /home/airflow/.local/lib/python3.8/site-packages/airflow/example_dags/example_xcom.py
[2026-01-19T09:41:21.456+0000] {processor.py:840} INFO - DAG(s) 'example_xcom' retrieved from /home/airflow/.local/lib/python3.8/site-packages/airflow/example_dags/example_xcom.py
[2026-01-19T09:41:21.488+0000] {logging_mixin.py:188} INFO - [2026-01-19T09:41:21.487+0000] {dag.py:3036} INFO - Sync 1 DAGs
[2026-01-19T09:41:21.512+0000] {logging_mixin.py:188} INFO - [2026-01-19T09:41:21.512+0000] {dag.py:3823} INFO - Setting next_dagrun for example_xcom to 2021-01-01 00:00:00+00:00, run_after=2021-01-01 00:00:00+00:00
[2026-01-19T09:41:21.534+0000] {processor.py:183} INFO - Processing /home/airflow/.local/lib/python3.8/site-packages/airflow/example_dags/example_xcom.py took 0.093 seconds
