[2026-01-19T09:39:45.123+0000] {processor.py:161} INFO - Started process (PID=215) to work on /home/airflow/.local/lib/python3.8/site-packages/airflow/example_dags/example_sensor_decorator.py
[2026-01-19T09:39:45.125+0000] {processor.py:830} INFO - Processing file /home/airflow/.local/lib/python3.8/site-packages/airflow/example_dags/example_sensor_decorator.py for tasks to queue
[2026-01-19T09:39:45.126+0000] {logging_mixin.py:188} INFO - [2026-01-19T09:39:45.125+0000] {dagbag.py:538} INFO - Filling up the DagBag from /home/airflow/.local/lib/python3.8/site-packages/airflow/example_dags/example_sensor_decorator.py
[2026-01-19T09:39:45.136+0000] {processor.py:840} INFO - DAG(s) 'example_sensor_decorator' retrieved from /home/airflow/.local/lib/python3.8/site-packages/airflow/example_dags/example_sensor_decorator.py
[2026-01-19T09:39:45.151+0000] {logging_mixin.py:188} INFO - [2026-01-19T09:39:45.151+0000] {dag.py:3036} INFO - Sync 1 DAGs
[2026-01-19T09:39:45.170+0000] {logging_mixin.py:188} INFO - [2026-01-19T09:39:45.170+0000] {dag.py:3823} INFO - Setting next_dagrun for example_sensor_decorator to None, run_after=None
[2026-01-19T09:39:45.189+0000] {processor.py:183} INFO - Processing /home/airflow/.local/lib/python3.8/site-packages/airflow/example_dags/example_sensor_decorator.py took 0.070 seconds
[2026-01-19T09:40:16.029+0000] {processor.py:161} INFO - Started process (PID=460) to work on /home/airflow/.local/lib/python3.8/site-packages/airflow/example_dags/example_sensor_decorator.py
[2026-01-19T09:40:16.031+0000] {processor.py:830} INFO - Processing file /home/airflow/.local/lib/python3.8/site-packages/airflow/example_dags/example_sensor_decorator.py for tasks to queue
[2026-01-19T09:40:16.032+0000] {logging_mixin.py:188} INFO - [2026-01-19T09:40:16.032+0000] {dagbag.py:538} INFO - Filling up the DagBag from /home/airflow/.local/lib/python3.8/site-packages/airflow/example_dags/example_sensor_decorator.py
[2026-01-19T09:40:16.042+0000] {processor.py:840} INFO - DAG(s) 'example_sensor_decorator' retrieved from /home/airflow/.local/lib/python3.8/site-packages/airflow/example_dags/example_sensor_decorator.py
[2026-01-19T09:40:16.153+0000] {logging_mixin.py:188} INFO - [2026-01-19T09:40:16.152+0000] {dag.py:3036} INFO - Sync 1 DAGs
[2026-01-19T09:40:16.165+0000] {logging_mixin.py:188} INFO - [2026-01-19T09:40:16.165+0000] {dag.py:3823} INFO - Setting next_dagrun for example_sensor_decorator to None, run_after=None
[2026-01-19T09:40:16.187+0000] {processor.py:183} INFO - Processing /home/airflow/.local/lib/python3.8/site-packages/airflow/example_dags/example_sensor_decorator.py took 0.162 seconds
[2026-01-19T09:40:46.254+0000] {processor.py:161} INFO - Started process (PID=709) to work on /home/airflow/.local/lib/python3.8/site-packages/airflow/example_dags/example_sensor_decorator.py
[2026-01-19T09:40:46.255+0000] {processor.py:830} INFO - Processing file /home/airflow/.local/lib/python3.8/site-packages/airflow/example_dags/example_sensor_decorator.py for tasks to queue
[2026-01-19T09:40:46.256+0000] {logging_mixin.py:188} INFO - [2026-01-19T09:40:46.256+0000] {dagbag.py:538} INFO - Filling up the DagBag from /home/airflow/.local/lib/python3.8/site-packages/airflow/example_dags/example_sensor_decorator.py
[2026-01-19T09:40:46.263+0000] {processor.py:840} INFO - DAG(s) 'example_sensor_decorator' retrieved from /home/airflow/.local/lib/python3.8/site-packages/airflow/example_dags/example_sensor_decorator.py
[2026-01-19T09:40:46.286+0000] {logging_mixin.py:188} INFO - [2026-01-19T09:40:46.286+0000] {dag.py:3036} INFO - Sync 1 DAGs
[2026-01-19T09:40:46.298+0000] {logging_mixin.py:188} INFO - [2026-01-19T09:40:46.298+0000] {dag.py:3823} INFO - Setting next_dagrun for example_sensor_decorator to None, run_after=None
[2026-01-19T09:40:46.318+0000] {processor.py:183} INFO - Processing /home/airflow/.local/lib/python3.8/site-packages/airflow/example_dags/example_sensor_decorator.py took 0.068 seconds
[2026-01-19T09:41:16.577+0000] {processor.py:161} INFO - Started process (PID=960) to work on /home/airflow/.local/lib/python3.8/site-packages/airflow/example_dags/example_sensor_decorator.py
[2026-01-19T09:41:16.579+0000] {processor.py:830} INFO - Processing file /home/airflow/.local/lib/python3.8/site-packages/airflow/example_dags/example_sensor_decorator.py for tasks to queue
[2026-01-19T09:41:16.580+0000] {logging_mixin.py:188} INFO - [2026-01-19T09:41:16.580+0000] {dagbag.py:538} INFO - Filling up the DagBag from /home/airflow/.local/lib/python3.8/site-packages/airflow/example_dags/example_sensor_decorator.py
[2026-01-19T09:41:16.587+0000] {processor.py:840} INFO - DAG(s) 'example_sensor_decorator' retrieved from /home/airflow/.local/lib/python3.8/site-packages/airflow/example_dags/example_sensor_decorator.py
[2026-01-19T09:41:16.613+0000] {logging_mixin.py:188} INFO - [2026-01-19T09:41:16.612+0000] {dag.py:3036} INFO - Sync 1 DAGs
[2026-01-19T09:41:16.629+0000] {logging_mixin.py:188} INFO - [2026-01-19T09:41:16.629+0000] {dag.py:3823} INFO - Setting next_dagrun for example_sensor_decorator to None, run_after=None
[2026-01-19T09:41:16.647+0000] {processor.py:183} INFO - Processing /home/airflow/.local/lib/python3.8/site-packages/airflow/example_dags/example_sensor_decorator.py took 0.074 seconds
