[2026-01-19T09:39:47.841+0000] {processor.py:161} INFO - Started process (PID=336) to work on /home/airflow/.local/lib/python3.8/site-packages/airflow/example_dags/example_sensors.py
[2026-01-19T09:39:47.842+0000] {processor.py:830} INFO - Processing file /home/airflow/.local/lib/python3.8/site-packages/airflow/example_dags/example_sensors.py for tasks to queue
[2026-01-19T09:39:47.843+0000] {logging_mixin.py:188} INFO - [2026-01-19T09:39:47.843+0000] {dagbag.py:538} INFO - Filling up the DagBag from /home/airflow/.local/lib/python3.8/site-packages/airflow/example_dags/example_sensors.py
[2026-01-19T09:39:47.855+0000] {processor.py:840} INFO - DAG(s) 'example_sensors' retrieved from /home/airflow/.local/lib/python3.8/site-packages/airflow/example_dags/example_sensors.py
[2026-01-19T09:39:47.954+0000] {logging_mixin.py:188} INFO - [2026-01-19T09:39:47.953+0000] {dag.py:3036} INFO - Sync 1 DAGs
[2026-01-19T09:39:47.963+0000] {logging_mixin.py:188} INFO - [2026-01-19T09:39:47.963+0000] {dag.py:3823} INFO - Setting next_dagrun for example_sensors to None, run_after=None
[2026-01-19T09:39:47.982+0000] {processor.py:183} INFO - Processing /home/airflow/.local/lib/python3.8/site-packages/airflow/example_dags/example_sensors.py took 0.145 seconds
[2026-01-19T09:40:19.715+0000] {processor.py:161} INFO - Started process (PID=581) to work on /home/airflow/.local/lib/python3.8/site-packages/airflow/example_dags/example_sensors.py
[2026-01-19T09:40:19.717+0000] {processor.py:830} INFO - Processing file /home/airflow/.local/lib/python3.8/site-packages/airflow/example_dags/example_sensors.py for tasks to queue
[2026-01-19T09:40:19.719+0000] {logging_mixin.py:188} INFO - [2026-01-19T09:40:19.718+0000] {dagbag.py:538} INFO - Filling up the DagBag from /home/airflow/.local/lib/python3.8/site-packages/airflow/example_dags/example_sensors.py
[2026-01-19T09:40:19.735+0000] {processor.py:840} INFO - DAG(s) 'example_sensors' retrieved from /home/airflow/.local/lib/python3.8/site-packages/airflow/example_dags/example_sensors.py
[2026-01-19T09:40:19.783+0000] {logging_mixin.py:188} INFO - [2026-01-19T09:40:19.783+0000] {dag.py:3036} INFO - Sync 1 DAGs
[2026-01-19T09:40:19.800+0000] {logging_mixin.py:188} INFO - [2026-01-19T09:40:19.799+0000] {dag.py:3823} INFO - Setting next_dagrun for example_sensors to None, run_after=None
[2026-01-19T09:40:19.828+0000] {processor.py:183} INFO - Processing /home/airflow/.local/lib/python3.8/site-packages/airflow/example_dags/example_sensors.py took 0.118 seconds
[2026-01-19T09:40:50.319+0000] {processor.py:161} INFO - Started process (PID=836) to work on /home/airflow/.local/lib/python3.8/site-packages/airflow/example_dags/example_sensors.py
[2026-01-19T09:40:50.320+0000] {processor.py:830} INFO - Processing file /home/airflow/.local/lib/python3.8/site-packages/airflow/example_dags/example_sensors.py for tasks to queue
[2026-01-19T09:40:50.321+0000] {logging_mixin.py:188} INFO - [2026-01-19T09:40:50.321+0000] {dagbag.py:538} INFO - Filling up the DagBag from /home/airflow/.local/lib/python3.8/site-packages/airflow/example_dags/example_sensors.py
[2026-01-19T09:40:50.333+0000] {processor.py:840} INFO - DAG(s) 'example_sensors' retrieved from /home/airflow/.local/lib/python3.8/site-packages/airflow/example_dags/example_sensors.py
[2026-01-19T09:40:50.368+0000] {logging_mixin.py:188} INFO - [2026-01-19T09:40:50.367+0000] {dag.py:3036} INFO - Sync 1 DAGs
[2026-01-19T09:40:50.385+0000] {logging_mixin.py:188} INFO - [2026-01-19T09:40:50.385+0000] {dag.py:3823} INFO - Setting next_dagrun for example_sensors to None, run_after=None
[2026-01-19T09:40:50.411+0000] {processor.py:183} INFO - Processing /home/airflow/.local/lib/python3.8/site-packages/airflow/example_dags/example_sensors.py took 0.096 seconds
[2026-01-19T09:41:20.607+0000] {processor.py:161} INFO - Started process (PID=1081) to work on /home/airflow/.local/lib/python3.8/site-packages/airflow/example_dags/example_sensors.py
[2026-01-19T09:41:20.609+0000] {processor.py:830} INFO - Processing file /home/airflow/.local/lib/python3.8/site-packages/airflow/example_dags/example_sensors.py for tasks to queue
[2026-01-19T09:41:20.610+0000] {logging_mixin.py:188} INFO - [2026-01-19T09:41:20.610+0000] {dagbag.py:538} INFO - Filling up the DagBag from /home/airflow/.local/lib/python3.8/site-packages/airflow/example_dags/example_sensors.py
[2026-01-19T09:41:20.622+0000] {processor.py:840} INFO - DAG(s) 'example_sensors' retrieved from /home/airflow/.local/lib/python3.8/site-packages/airflow/example_dags/example_sensors.py
[2026-01-19T09:41:20.655+0000] {logging_mixin.py:188} INFO - [2026-01-19T09:41:20.655+0000] {dag.py:3036} INFO - Sync 1 DAGs
[2026-01-19T09:41:20.672+0000] {logging_mixin.py:188} INFO - [2026-01-19T09:41:20.672+0000] {dag.py:3823} INFO - Setting next_dagrun for example_sensors to None, run_after=None
[2026-01-19T09:41:20.694+0000] {processor.py:183} INFO - Processing /home/airflow/.local/lib/python3.8/site-packages/airflow/example_dags/example_sensors.py took 0.091 seconds
