[2026-01-19T09:39:46.383+0000] {processor.py:161} INFO - Started process (PID=276) to work on /home/airflow/.local/lib/python3.8/site-packages/airflow/example_dags/example_dag_decorator.py
[2026-01-19T09:39:46.386+0000] {processor.py:830} INFO - Processing file /home/airflow/.local/lib/python3.8/site-packages/airflow/example_dags/example_dag_decorator.py for tasks to queue
[2026-01-19T09:39:46.387+0000] {logging_mixin.py:188} INFO - [2026-01-19T09:39:46.387+0000] {dagbag.py:538} INFO - Filling up the DagBag from /home/airflow/.local/lib/python3.8/site-packages/airflow/example_dags/example_dag_decorator.py
[2026-01-19T09:39:46.774+0000] {processor.py:840} INFO - DAG(s) 'example_dag_decorator' retrieved from /home/airflow/.local/lib/python3.8/site-packages/airflow/example_dags/example_dag_decorator.py
[2026-01-19T09:39:46.789+0000] {logging_mixin.py:188} INFO - [2026-01-19T09:39:46.789+0000] {dag.py:3036} INFO - Sync 1 DAGs
[2026-01-19T09:39:46.807+0000] {logging_mixin.py:188} INFO - [2026-01-19T09:39:46.806+0000] {dag.py:3823} INFO - Setting next_dagrun for example_dag_decorator to None, run_after=None
[2026-01-19T09:39:46.832+0000] {processor.py:183} INFO - Processing /home/airflow/.local/lib/python3.8/site-packages/airflow/example_dags/example_dag_decorator.py took 0.456 seconds
[2026-01-19T09:40:17.334+0000] {processor.py:161} INFO - Started process (PID=521) to work on /home/airflow/.local/lib/python3.8/site-packages/airflow/example_dags/example_dag_decorator.py
[2026-01-19T09:40:17.336+0000] {processor.py:830} INFO - Processing file /home/airflow/.local/lib/python3.8/site-packages/airflow/example_dags/example_dag_decorator.py for tasks to queue
[2026-01-19T09:40:17.337+0000] {logging_mixin.py:188} INFO - [2026-01-19T09:40:17.337+0000] {dagbag.py:538} INFO - Filling up the DagBag from /home/airflow/.local/lib/python3.8/site-packages/airflow/example_dags/example_dag_decorator.py
[2026-01-19T09:40:17.430+0000] {processor.py:840} INFO - DAG(s) 'example_dag_decorator' retrieved from /home/airflow/.local/lib/python3.8/site-packages/airflow/example_dags/example_dag_decorator.py
[2026-01-19T09:40:17.568+0000] {logging_mixin.py:188} INFO - [2026-01-19T09:40:17.568+0000] {dag.py:3036} INFO - Sync 1 DAGs
[2026-01-19T09:40:17.583+0000] {logging_mixin.py:188} INFO - [2026-01-19T09:40:17.583+0000] {dag.py:3823} INFO - Setting next_dagrun for example_dag_decorator to None, run_after=None
[2026-01-19T09:40:17.606+0000] {processor.py:183} INFO - Processing /home/airflow/.local/lib/python3.8/site-packages/airflow/example_dags/example_dag_decorator.py took 0.276 seconds
[2026-01-19T09:40:47.836+0000] {processor.py:161} INFO - Started process (PID=772) to work on /home/airflow/.local/lib/python3.8/site-packages/airflow/example_dags/example_dag_decorator.py
[2026-01-19T09:40:47.838+0000] {processor.py:830} INFO - Processing file /home/airflow/.local/lib/python3.8/site-packages/airflow/example_dags/example_dag_decorator.py for tasks to queue
[2026-01-19T09:40:47.840+0000] {logging_mixin.py:188} INFO - [2026-01-19T09:40:47.839+0000] {dagbag.py:538} INFO - Filling up the DagBag from /home/airflow/.local/lib/python3.8/site-packages/airflow/example_dags/example_dag_decorator.py
[2026-01-19T09:40:48.041+0000] {processor.py:840} INFO - DAG(s) 'example_dag_decorator' retrieved from /home/airflow/.local/lib/python3.8/site-packages/airflow/example_dags/example_dag_decorator.py
[2026-01-19T09:40:48.234+0000] {logging_mixin.py:188} INFO - [2026-01-19T09:40:48.234+0000] {dag.py:3036} INFO - Sync 1 DAGs
[2026-01-19T09:40:48.256+0000] {logging_mixin.py:188} INFO - [2026-01-19T09:40:48.256+0000] {dag.py:3823} INFO - Setting next_dagrun for example_dag_decorator to None, run_after=None
[2026-01-19T09:40:48.299+0000] {processor.py:183} INFO - Processing /home/airflow/.local/lib/python3.8/site-packages/airflow/example_dags/example_dag_decorator.py took 0.472 seconds
[2026-01-19T09:41:18.877+0000] {processor.py:161} INFO - Started process (PID=1031) to work on /home/airflow/.local/lib/python3.8/site-packages/airflow/example_dags/example_dag_decorator.py
[2026-01-19T09:41:18.879+0000] {processor.py:830} INFO - Processing file /home/airflow/.local/lib/python3.8/site-packages/airflow/example_dags/example_dag_decorator.py for tasks to queue
[2026-01-19T09:41:18.881+0000] {logging_mixin.py:188} INFO - [2026-01-19T09:41:18.880+0000] {dagbag.py:538} INFO - Filling up the DagBag from /home/airflow/.local/lib/python3.8/site-packages/airflow/example_dags/example_dag_decorator.py
[2026-01-19T09:41:18.977+0000] {processor.py:840} INFO - DAG(s) 'example_dag_decorator' retrieved from /home/airflow/.local/lib/python3.8/site-packages/airflow/example_dags/example_dag_decorator.py
[2026-01-19T09:41:19.077+0000] {logging_mixin.py:188} INFO - [2026-01-19T09:41:19.076+0000] {dag.py:3036} INFO - Sync 1 DAGs
[2026-01-19T09:41:19.088+0000] {logging_mixin.py:188} INFO - [2026-01-19T09:41:19.087+0000] {dag.py:3823} INFO - Setting next_dagrun for example_dag_decorator to None, run_after=None
[2026-01-19T09:41:19.109+0000] {processor.py:183} INFO - Processing /home/airflow/.local/lib/python3.8/site-packages/airflow/example_dags/example_dag_decorator.py took 0.237 seconds
