[2026-01-19T09:39:49.329+0000] {processor.py:161} INFO - Started process (PID=389) to work on /home/airflow/.local/lib/python3.8/site-packages/airflow/example_dags/example_time_delta_sensor_async.py
[2026-01-19T09:39:49.330+0000] {processor.py:830} INFO - Processing file /home/airflow/.local/lib/python3.8/site-packages/airflow/example_dags/example_time_delta_sensor_async.py for tasks to queue
[2026-01-19T09:39:49.331+0000] {logging_mixin.py:188} INFO - [2026-01-19T09:39:49.331+0000] {dagbag.py:538} INFO - Filling up the DagBag from /home/airflow/.local/lib/python3.8/site-packages/airflow/example_dags/example_time_delta_sensor_async.py
[2026-01-19T09:39:49.338+0000] {processor.py:840} INFO - DAG(s) 'example_time_delta_sensor_async' retrieved from /home/airflow/.local/lib/python3.8/site-packages/airflow/example_dags/example_time_delta_sensor_async.py
[2026-01-19T09:39:49.447+0000] {logging_mixin.py:188} INFO - [2026-01-19T09:39:49.447+0000] {dag.py:3036} INFO - Sync 1 DAGs
[2026-01-19T09:39:49.458+0000] {logging_mixin.py:188} INFO - [2026-01-19T09:39:49.458+0000] {dag.py:3823} INFO - Setting next_dagrun for example_time_delta_sensor_async to None, run_after=None
[2026-01-19T09:39:49.481+0000] {processor.py:183} INFO - Processing /home/airflow/.local/lib/python3.8/site-packages/airflow/example_dags/example_time_delta_sensor_async.py took 0.156 seconds
[2026-01-19T09:40:20.608+0000] {processor.py:161} INFO - Started process (PID=636) to work on /home/airflow/.local/lib/python3.8/site-packages/airflow/example_dags/example_time_delta_sensor_async.py
[2026-01-19T09:40:20.610+0000] {processor.py:830} INFO - Processing file /home/airflow/.local/lib/python3.8/site-packages/airflow/example_dags/example_time_delta_sensor_async.py for tasks to queue
[2026-01-19T09:40:20.611+0000] {logging_mixin.py:188} INFO - [2026-01-19T09:40:20.611+0000] {dagbag.py:538} INFO - Filling up the DagBag from /home/airflow/.local/lib/python3.8/site-packages/airflow/example_dags/example_time_delta_sensor_async.py
[2026-01-19T09:40:20.617+0000] {processor.py:840} INFO - DAG(s) 'example_time_delta_sensor_async' retrieved from /home/airflow/.local/lib/python3.8/site-packages/airflow/example_dags/example_time_delta_sensor_async.py
[2026-01-19T09:40:20.646+0000] {logging_mixin.py:188} INFO - [2026-01-19T09:40:20.646+0000] {dag.py:3036} INFO - Sync 1 DAGs
[2026-01-19T09:40:20.662+0000] {logging_mixin.py:188} INFO - [2026-01-19T09:40:20.662+0000] {dag.py:3823} INFO - Setting next_dagrun for example_time_delta_sensor_async to None, run_after=None
[2026-01-19T09:40:20.696+0000] {processor.py:183} INFO - Processing /home/airflow/.local/lib/python3.8/site-packages/airflow/example_dags/example_time_delta_sensor_async.py took 0.092 seconds
[2026-01-19T09:40:51.253+0000] {processor.py:161} INFO - Started process (PID=889) to work on /home/airflow/.local/lib/python3.8/site-packages/airflow/example_dags/example_time_delta_sensor_async.py
[2026-01-19T09:40:51.255+0000] {processor.py:830} INFO - Processing file /home/airflow/.local/lib/python3.8/site-packages/airflow/example_dags/example_time_delta_sensor_async.py for tasks to queue
[2026-01-19T09:40:51.256+0000] {logging_mixin.py:188} INFO - [2026-01-19T09:40:51.255+0000] {dagbag.py:538} INFO - Filling up the DagBag from /home/airflow/.local/lib/python3.8/site-packages/airflow/example_dags/example_time_delta_sensor_async.py
[2026-01-19T09:40:51.261+0000] {processor.py:840} INFO - DAG(s) 'example_time_delta_sensor_async' retrieved from /home/airflow/.local/lib/python3.8/site-packages/airflow/example_dags/example_time_delta_sensor_async.py
[2026-01-19T09:40:51.288+0000] {logging_mixin.py:188} INFO - [2026-01-19T09:40:51.287+0000] {dag.py:3036} INFO - Sync 1 DAGs
[2026-01-19T09:40:51.301+0000] {logging_mixin.py:188} INFO - [2026-01-19T09:40:51.301+0000] {dag.py:3823} INFO - Setting next_dagrun for example_time_delta_sensor_async to None, run_after=None
[2026-01-19T09:40:51.324+0000] {processor.py:183} INFO - Processing /home/airflow/.local/lib/python3.8/site-packages/airflow/example_dags/example_time_delta_sensor_async.py took 0.075 seconds
[2026-01-19T09:41:21.493+0000] {processor.py:161} INFO - Started process (PID=1136) to work on /home/airflow/.local/lib/python3.8/site-packages/airflow/example_dags/example_time_delta_sensor_async.py
[2026-01-19T09:41:21.494+0000] {processor.py:830} INFO - Processing file /home/airflow/.local/lib/python3.8/site-packages/airflow/example_dags/example_time_delta_sensor_async.py for tasks to queue
[2026-01-19T09:41:21.496+0000] {logging_mixin.py:188} INFO - [2026-01-19T09:41:21.495+0000] {dagbag.py:538} INFO - Filling up the DagBag from /home/airflow/.local/lib/python3.8/site-packages/airflow/example_dags/example_time_delta_sensor_async.py
[2026-01-19T09:41:21.502+0000] {processor.py:840} INFO - DAG(s) 'example_time_delta_sensor_async' retrieved from /home/airflow/.local/lib/python3.8/site-packages/airflow/example_dags/example_time_delta_sensor_async.py
[2026-01-19T09:41:21.528+0000] {logging_mixin.py:188} INFO - [2026-01-19T09:41:21.528+0000] {dag.py:3036} INFO - Sync 1 DAGs
[2026-01-19T09:41:21.540+0000] {logging_mixin.py:188} INFO - [2026-01-19T09:41:21.540+0000] {dag.py:3823} INFO - Setting next_dagrun for example_time_delta_sensor_async to None, run_after=None
[2026-01-19T09:41:21.559+0000] {processor.py:183} INFO - Processing /home/airflow/.local/lib/python3.8/site-packages/airflow/example_dags/example_time_delta_sensor_async.py took 0.071 seconds
