[2026-01-19T09:39:49.531+0000] {processor.py:161} INFO - Started process (PID=399) to work on /home/airflow/.local/lib/python3.8/site-packages/airflow/example_dags/example_complex.py
[2026-01-19T09:39:49.533+0000] {processor.py:830} INFO - Processing file /home/airflow/.local/lib/python3.8/site-packages/airflow/example_dags/example_complex.py for tasks to queue
[2026-01-19T09:39:49.534+0000] {logging_mixin.py:188} INFO - [2026-01-19T09:39:49.533+0000] {dagbag.py:538} INFO - Filling up the DagBag from /home/airflow/.local/lib/python3.8/site-packages/airflow/example_dags/example_complex.py
[2026-01-19T09:39:49.546+0000] {processor.py:840} INFO - DAG(s) 'example_complex' retrieved from /home/airflow/.local/lib/python3.8/site-packages/airflow/example_dags/example_complex.py
[2026-01-19T09:39:49.659+0000] {logging_mixin.py:188} INFO - [2026-01-19T09:39:49.658+0000] {dag.py:3036} INFO - Sync 1 DAGs
[2026-01-19T09:39:49.670+0000] {logging_mixin.py:188} INFO - [2026-01-19T09:39:49.670+0000] {dag.py:3823} INFO - Setting next_dagrun for example_complex to None, run_after=None
[2026-01-19T09:39:49.691+0000] {processor.py:183} INFO - Processing /home/airflow/.local/lib/python3.8/site-packages/airflow/example_dags/example_complex.py took 0.164 seconds
[2026-01-19T09:40:20.807+0000] {processor.py:161} INFO - Started process (PID=646) to work on /home/airflow/.local/lib/python3.8/site-packages/airflow/example_dags/example_complex.py
[2026-01-19T09:40:20.809+0000] {processor.py:830} INFO - Processing file /home/airflow/.local/lib/python3.8/site-packages/airflow/example_dags/example_complex.py for tasks to queue
[2026-01-19T09:40:20.812+0000] {logging_mixin.py:188} INFO - [2026-01-19T09:40:20.811+0000] {dagbag.py:538} INFO - Filling up the DagBag from /home/airflow/.local/lib/python3.8/site-packages/airflow/example_dags/example_complex.py
[2026-01-19T09:40:20.841+0000] {processor.py:840} INFO - DAG(s) 'example_complex' retrieved from /home/airflow/.local/lib/python3.8/site-packages/airflow/example_dags/example_complex.py
[2026-01-19T09:40:20.916+0000] {logging_mixin.py:188} INFO - [2026-01-19T09:40:20.915+0000] {dag.py:3036} INFO - Sync 1 DAGs
[2026-01-19T09:40:20.960+0000] {logging_mixin.py:188} INFO - [2026-01-19T09:40:20.959+0000] {dag.py:3823} INFO - Setting next_dagrun for example_complex to None, run_after=None
[2026-01-19T09:40:21.003+0000] {processor.py:183} INFO - Processing /home/airflow/.local/lib/python3.8/site-packages/airflow/example_dags/example_complex.py took 0.203 seconds
[2026-01-19T09:40:51.372+0000] {processor.py:161} INFO - Started process (PID=899) to work on /home/airflow/.local/lib/python3.8/site-packages/airflow/example_dags/example_complex.py
[2026-01-19T09:40:51.373+0000] {processor.py:830} INFO - Processing file /home/airflow/.local/lib/python3.8/site-packages/airflow/example_dags/example_complex.py for tasks to queue
[2026-01-19T09:40:51.374+0000] {logging_mixin.py:188} INFO - [2026-01-19T09:40:51.374+0000] {dagbag.py:538} INFO - Filling up the DagBag from /home/airflow/.local/lib/python3.8/site-packages/airflow/example_dags/example_complex.py
[2026-01-19T09:40:51.386+0000] {processor.py:840} INFO - DAG(s) 'example_complex' retrieved from /home/airflow/.local/lib/python3.8/site-packages/airflow/example_dags/example_complex.py
[2026-01-19T09:40:51.417+0000] {logging_mixin.py:188} INFO - [2026-01-19T09:40:51.417+0000] {dag.py:3036} INFO - Sync 1 DAGs
[2026-01-19T09:40:51.430+0000] {logging_mixin.py:188} INFO - [2026-01-19T09:40:51.430+0000] {dag.py:3823} INFO - Setting next_dagrun for example_complex to None, run_after=None
[2026-01-19T09:40:51.451+0000] {processor.py:183} INFO - Processing /home/airflow/.local/lib/python3.8/site-packages/airflow/example_dags/example_complex.py took 0.083 seconds
[2026-01-19T09:41:21.604+0000] {processor.py:161} INFO - Started process (PID=1146) to work on /home/airflow/.local/lib/python3.8/site-packages/airflow/example_dags/example_complex.py
[2026-01-19T09:41:21.605+0000] {processor.py:830} INFO - Processing file /home/airflow/.local/lib/python3.8/site-packages/airflow/example_dags/example_complex.py for tasks to queue
[2026-01-19T09:41:21.606+0000] {logging_mixin.py:188} INFO - [2026-01-19T09:41:21.606+0000] {dagbag.py:538} INFO - Filling up the DagBag from /home/airflow/.local/lib/python3.8/site-packages/airflow/example_dags/example_complex.py
[2026-01-19T09:41:21.617+0000] {processor.py:840} INFO - DAG(s) 'example_complex' retrieved from /home/airflow/.local/lib/python3.8/site-packages/airflow/example_dags/example_complex.py
[2026-01-19T09:41:21.646+0000] {logging_mixin.py:188} INFO - [2026-01-19T09:41:21.646+0000] {dag.py:3036} INFO - Sync 1 DAGs
[2026-01-19T09:41:21.658+0000] {logging_mixin.py:188} INFO - [2026-01-19T09:41:21.657+0000] {dag.py:3823} INFO - Setting next_dagrun for example_complex to None, run_after=None
[2026-01-19T09:41:21.683+0000] {processor.py:183} INFO - Processing /home/airflow/.local/lib/python3.8/site-packages/airflow/example_dags/example_complex.py took 0.083 seconds
