[2026-01-19T09:39:47.127+0000] {processor.py:161} INFO - Started process (PID=316) to work on /home/airflow/.local/lib/python3.8/site-packages/airflow/example_dags/example_kubernetes_executor.py
[2026-01-19T09:39:47.128+0000] {processor.py:830} INFO - Processing file /home/airflow/.local/lib/python3.8/site-packages/airflow/example_dags/example_kubernetes_executor.py for tasks to queue
[2026-01-19T09:39:47.130+0000] {logging_mixin.py:188} INFO - [2026-01-19T09:39:47.129+0000] {dagbag.py:538} INFO - Filling up the DagBag from /home/airflow/.local/lib/python3.8/site-packages/airflow/example_dags/example_kubernetes_executor.py
[2026-01-19T09:39:47.148+0000] {processor.py:840} INFO - DAG(s) 'example_kubernetes_executor' retrieved from /home/airflow/.local/lib/python3.8/site-packages/airflow/example_dags/example_kubernetes_executor.py
[2026-01-19T09:39:47.162+0000] {logging_mixin.py:188} INFO - [2026-01-19T09:39:47.162+0000] {dag.py:3036} INFO - Sync 1 DAGs
[2026-01-19T09:39:47.176+0000] {logging_mixin.py:188} INFO - [2026-01-19T09:39:47.176+0000] {dag.py:3823} INFO - Setting next_dagrun for example_kubernetes_executor to None, run_after=None
[2026-01-19T09:39:47.193+0000] {processor.py:183} INFO - Processing /home/airflow/.local/lib/python3.8/site-packages/airflow/example_dags/example_kubernetes_executor.py took 0.070 seconds
[2026-01-19T09:40:18.898+0000] {processor.py:161} INFO - Started process (PID=561) to work on /home/airflow/.local/lib/python3.8/site-packages/airflow/example_dags/example_kubernetes_executor.py
[2026-01-19T09:40:18.900+0000] {processor.py:830} INFO - Processing file /home/airflow/.local/lib/python3.8/site-packages/airflow/example_dags/example_kubernetes_executor.py for tasks to queue
[2026-01-19T09:40:18.902+0000] {logging_mixin.py:188} INFO - [2026-01-19T09:40:18.901+0000] {dagbag.py:538} INFO - Filling up the DagBag from /home/airflow/.local/lib/python3.8/site-packages/airflow/example_dags/example_kubernetes_executor.py
[2026-01-19T09:40:18.941+0000] {processor.py:840} INFO - DAG(s) 'example_kubernetes_executor' retrieved from /home/airflow/.local/lib/python3.8/site-packages/airflow/example_dags/example_kubernetes_executor.py
[2026-01-19T09:40:19.238+0000] {logging_mixin.py:188} INFO - [2026-01-19T09:40:19.237+0000] {dag.py:3036} INFO - Sync 1 DAGs
[2026-01-19T09:40:19.254+0000] {logging_mixin.py:188} INFO - [2026-01-19T09:40:19.254+0000] {dag.py:3823} INFO - Setting next_dagrun for example_kubernetes_executor to None, run_after=None
[2026-01-19T09:40:19.285+0000] {processor.py:183} INFO - Processing /home/airflow/.local/lib/python3.8/site-packages/airflow/example_dags/example_kubernetes_executor.py took 0.394 seconds
[2026-01-19T09:40:49.919+0000] {processor.py:161} INFO - Started process (PID=815) to work on /home/airflow/.local/lib/python3.8/site-packages/airflow/example_dags/example_kubernetes_executor.py
[2026-01-19T09:40:49.920+0000] {processor.py:830} INFO - Processing file /home/airflow/.local/lib/python3.8/site-packages/airflow/example_dags/example_kubernetes_executor.py for tasks to queue
[2026-01-19T09:40:49.922+0000] {logging_mixin.py:188} INFO - [2026-01-19T09:40:49.921+0000] {dagbag.py:538} INFO - Filling up the DagBag from /home/airflow/.local/lib/python3.8/site-packages/airflow/example_dags/example_kubernetes_executor.py
[2026-01-19T09:40:49.949+0000] {processor.py:840} INFO - DAG(s) 'example_kubernetes_executor' retrieved from /home/airflow/.local/lib/python3.8/site-packages/airflow/example_dags/example_kubernetes_executor.py
[2026-01-19T09:40:50.046+0000] {logging_mixin.py:188} INFO - [2026-01-19T09:40:50.046+0000] {dag.py:3036} INFO - Sync 1 DAGs
[2026-01-19T09:40:50.075+0000] {logging_mixin.py:188} INFO - [2026-01-19T09:40:50.075+0000] {dag.py:3823} INFO - Setting next_dagrun for example_kubernetes_executor to None, run_after=None
[2026-01-19T09:40:50.104+0000] {processor.py:183} INFO - Processing /home/airflow/.local/lib/python3.8/site-packages/airflow/example_dags/example_kubernetes_executor.py took 0.191 seconds
[2026-01-19T09:41:20.302+0000] {processor.py:161} INFO - Started process (PID=1061) to work on /home/airflow/.local/lib/python3.8/site-packages/airflow/example_dags/example_kubernetes_executor.py
[2026-01-19T09:41:20.304+0000] {processor.py:830} INFO - Processing file /home/airflow/.local/lib/python3.8/site-packages/airflow/example_dags/example_kubernetes_executor.py for tasks to queue
[2026-01-19T09:41:20.305+0000] {logging_mixin.py:188} INFO - [2026-01-19T09:41:20.304+0000] {dagbag.py:538} INFO - Filling up the DagBag from /home/airflow/.local/lib/python3.8/site-packages/airflow/example_dags/example_kubernetes_executor.py
[2026-01-19T09:41:20.321+0000] {processor.py:840} INFO - DAG(s) 'example_kubernetes_executor' retrieved from /home/airflow/.local/lib/python3.8/site-packages/airflow/example_dags/example_kubernetes_executor.py
[2026-01-19T09:41:20.368+0000] {logging_mixin.py:188} INFO - [2026-01-19T09:41:20.368+0000] {dag.py:3036} INFO - Sync 1 DAGs
[2026-01-19T09:41:20.381+0000] {logging_mixin.py:188} INFO - [2026-01-19T09:41:20.380+0000] {dag.py:3823} INFO - Setting next_dagrun for example_kubernetes_executor to None, run_after=None
[2026-01-19T09:41:20.403+0000] {processor.py:183} INFO - Processing /home/airflow/.local/lib/python3.8/site-packages/airflow/example_dags/example_kubernetes_executor.py took 0.105 seconds
