[2026-01-19T09:39:49.480+0000] {processor.py:161} INFO - Started process (PID=394) to work on /home/airflow/.local/lib/python3.8/site-packages/airflow/example_dags/example_task_group.py
[2026-01-19T09:39:49.482+0000] {processor.py:830} INFO - Processing file /home/airflow/.local/lib/python3.8/site-packages/airflow/example_dags/example_task_group.py for tasks to queue
[2026-01-19T09:39:49.483+0000] {logging_mixin.py:188} INFO - [2026-01-19T09:39:49.483+0000] {dagbag.py:538} INFO - Filling up the DagBag from /home/airflow/.local/lib/python3.8/site-packages/airflow/example_dags/example_task_group.py
[2026-01-19T09:39:49.495+0000] {processor.py:840} INFO - DAG(s) 'example_task_group' retrieved from /home/airflow/.local/lib/python3.8/site-packages/airflow/example_dags/example_task_group.py
[2026-01-19T09:39:49.604+0000] {logging_mixin.py:188} INFO - [2026-01-19T09:39:49.604+0000] {dag.py:3036} INFO - Sync 1 DAGs
[2026-01-19T09:39:49.626+0000] {logging_mixin.py:188} INFO - [2026-01-19T09:39:49.626+0000] {dag.py:3823} INFO - Setting next_dagrun for example_task_group to 2026-01-18 00:00:00+00:00, run_after=2026-01-19 00:00:00+00:00
[2026-01-19T09:39:49.646+0000] {processor.py:183} INFO - Processing /home/airflow/.local/lib/python3.8/site-packages/airflow/example_dags/example_task_group.py took 0.170 seconds
[2026-01-19T09:40:20.740+0000] {processor.py:161} INFO - Started process (PID=642) to work on /home/airflow/.local/lib/python3.8/site-packages/airflow/example_dags/example_task_group.py
[2026-01-19T09:40:20.745+0000] {processor.py:830} INFO - Processing file /home/airflow/.local/lib/python3.8/site-packages/airflow/example_dags/example_task_group.py for tasks to queue
[2026-01-19T09:40:20.753+0000] {logging_mixin.py:188} INFO - [2026-01-19T09:40:20.752+0000] {dagbag.py:538} INFO - Filling up the DagBag from /home/airflow/.local/lib/python3.8/site-packages/airflow/example_dags/example_task_group.py
[2026-01-19T09:40:20.775+0000] {processor.py:840} INFO - DAG(s) 'example_task_group' retrieved from /home/airflow/.local/lib/python3.8/site-packages/airflow/example_dags/example_task_group.py
[2026-01-19T09:40:20.824+0000] {logging_mixin.py:188} INFO - [2026-01-19T09:40:20.823+0000] {dag.py:3036} INFO - Sync 1 DAGs
[2026-01-19T09:40:20.872+0000] {logging_mixin.py:188} INFO - [2026-01-19T09:40:20.872+0000] {dag.py:3823} INFO - Setting next_dagrun for example_task_group to 2026-01-18 00:00:00+00:00, run_after=2026-01-19 00:00:00+00:00
[2026-01-19T09:40:20.918+0000] {processor.py:183} INFO - Processing /home/airflow/.local/lib/python3.8/site-packages/airflow/example_dags/example_task_group.py took 0.186 seconds
[2026-01-19T09:40:51.347+0000] {processor.py:161} INFO - Started process (PID=896) to work on /home/airflow/.local/lib/python3.8/site-packages/airflow/example_dags/example_task_group.py
[2026-01-19T09:40:51.349+0000] {processor.py:830} INFO - Processing file /home/airflow/.local/lib/python3.8/site-packages/airflow/example_dags/example_task_group.py for tasks to queue
[2026-01-19T09:40:51.350+0000] {logging_mixin.py:188} INFO - [2026-01-19T09:40:51.350+0000] {dagbag.py:538} INFO - Filling up the DagBag from /home/airflow/.local/lib/python3.8/site-packages/airflow/example_dags/example_task_group.py
[2026-01-19T09:40:51.358+0000] {processor.py:840} INFO - DAG(s) 'example_task_group' retrieved from /home/airflow/.local/lib/python3.8/site-packages/airflow/example_dags/example_task_group.py
[2026-01-19T09:40:51.383+0000] {logging_mixin.py:188} INFO - [2026-01-19T09:40:51.383+0000] {dag.py:3036} INFO - Sync 1 DAGs
[2026-01-19T09:40:51.406+0000] {logging_mixin.py:188} INFO - [2026-01-19T09:40:51.406+0000] {dag.py:3823} INFO - Setting next_dagrun for example_task_group to 2026-01-18 00:00:00+00:00, run_after=2026-01-19 00:00:00+00:00
[2026-01-19T09:40:51.425+0000] {processor.py:183} INFO - Processing /home/airflow/.local/lib/python3.8/site-packages/airflow/example_dags/example_task_group.py took 0.081 seconds
[2026-01-19T09:41:21.576+0000] {processor.py:161} INFO - Started process (PID=1141) to work on /home/airflow/.local/lib/python3.8/site-packages/airflow/example_dags/example_task_group.py
[2026-01-19T09:41:21.578+0000] {processor.py:830} INFO - Processing file /home/airflow/.local/lib/python3.8/site-packages/airflow/example_dags/example_task_group.py for tasks to queue
[2026-01-19T09:41:21.579+0000] {logging_mixin.py:188} INFO - [2026-01-19T09:41:21.578+0000] {dagbag.py:538} INFO - Filling up the DagBag from /home/airflow/.local/lib/python3.8/site-packages/airflow/example_dags/example_task_group.py
[2026-01-19T09:41:21.587+0000] {processor.py:840} INFO - DAG(s) 'example_task_group' retrieved from /home/airflow/.local/lib/python3.8/site-packages/airflow/example_dags/example_task_group.py
[2026-01-19T09:41:21.611+0000] {logging_mixin.py:188} INFO - [2026-01-19T09:41:21.611+0000] {dag.py:3036} INFO - Sync 1 DAGs
[2026-01-19T09:41:21.631+0000] {logging_mixin.py:188} INFO - [2026-01-19T09:41:21.631+0000] {dag.py:3823} INFO - Setting next_dagrun for example_task_group to 2026-01-18 00:00:00+00:00, run_after=2026-01-19 00:00:00+00:00
[2026-01-19T09:41:21.648+0000] {processor.py:183} INFO - Processing /home/airflow/.local/lib/python3.8/site-packages/airflow/example_dags/example_task_group.py took 0.076 seconds
