[2026-01-19T09:39:48.913+0000] {processor.py:161} INFO - Started process (PID=374) to work on /home/airflow/.local/lib/python3.8/site-packages/airflow/example_dags/example_datasets.py
[2026-01-19T09:39:48.915+0000] {processor.py:830} INFO - Processing file /home/airflow/.local/lib/python3.8/site-packages/airflow/example_dags/example_datasets.py for tasks to queue
[2026-01-19T09:39:48.917+0000] {logging_mixin.py:188} INFO - [2026-01-19T09:39:48.917+0000] {dagbag.py:538} INFO - Filling up the DagBag from /home/airflow/.local/lib/python3.8/site-packages/airflow/example_dags/example_datasets.py
[2026-01-19T09:39:48.938+0000] {processor.py:840} INFO - DAG(s) 'dataset_consumes_1_never_scheduled', 'dataset_produces_2', 'dataset_consumes_unknown_never_scheduled', 'dataset_produces_1', 'dataset_consumes_1_and_2', 'dataset_consumes_1' retrieved from /home/airflow/.local/lib/python3.8/site-packages/airflow/example_dags/example_datasets.py
[2026-01-19T09:39:49.204+0000] {logging_mixin.py:188} INFO - [2026-01-19T09:39:49.203+0000] {dag.py:3036} INFO - Sync 6 DAGs
[2026-01-19T09:39:49.226+0000] {logging_mixin.py:188} INFO - [2026-01-19T09:39:49.226+0000] {dag.py:3823} INFO - Setting next_dagrun for dataset_consumes_1 to None, run_after=None
[2026-01-19T09:39:49.230+0000] {logging_mixin.py:188} INFO - [2026-01-19T09:39:49.230+0000] {dag.py:3823} INFO - Setting next_dagrun for dataset_consumes_1_and_2 to None, run_after=None
[2026-01-19T09:39:49.232+0000] {logging_mixin.py:188} INFO - [2026-01-19T09:39:49.232+0000] {dag.py:3823} INFO - Setting next_dagrun for dataset_consumes_1_never_scheduled to None, run_after=None
[2026-01-19T09:39:49.234+0000] {logging_mixin.py:188} INFO - [2026-01-19T09:39:49.233+0000] {dag.py:3823} INFO - Setting next_dagrun for dataset_consumes_unknown_never_scheduled to None, run_after=None
[2026-01-19T09:39:49.237+0000] {logging_mixin.py:188} INFO - [2026-01-19T09:39:49.236+0000] {dag.py:3823} INFO - Setting next_dagrun for dataset_produces_1 to 2026-01-18 00:00:00+00:00, run_after=2026-01-19 00:00:00+00:00
[2026-01-19T09:39:49.239+0000] {logging_mixin.py:188} INFO - [2026-01-19T09:39:49.239+0000] {dag.py:3823} INFO - Setting next_dagrun for dataset_produces_2 to None, run_after=None
[2026-01-19T09:39:49.280+0000] {processor.py:183} INFO - Processing /home/airflow/.local/lib/python3.8/site-packages/airflow/example_dags/example_datasets.py took 0.374 seconds
[2026-01-19T09:40:20.353+0000] {processor.py:161} INFO - Started process (PID=621) to work on /home/airflow/.local/lib/python3.8/site-packages/airflow/example_dags/example_datasets.py
[2026-01-19T09:40:20.354+0000] {processor.py:830} INFO - Processing file /home/airflow/.local/lib/python3.8/site-packages/airflow/example_dags/example_datasets.py for tasks to queue
[2026-01-19T09:40:20.356+0000] {logging_mixin.py:188} INFO - [2026-01-19T09:40:20.356+0000] {dagbag.py:538} INFO - Filling up the DagBag from /home/airflow/.local/lib/python3.8/site-packages/airflow/example_dags/example_datasets.py
[2026-01-19T09:40:20.371+0000] {processor.py:840} INFO - DAG(s) 'dataset_consumes_1_and_2', 'dataset_consumes_1', 'dataset_produces_1', 'dataset_consumes_1_never_scheduled', 'dataset_consumes_unknown_never_scheduled', 'dataset_produces_2' retrieved from /home/airflow/.local/lib/python3.8/site-packages/airflow/example_dags/example_datasets.py
[2026-01-19T09:40:20.428+0000] {logging_mixin.py:188} INFO - [2026-01-19T09:40:20.427+0000] {dag.py:3036} INFO - Sync 6 DAGs
[2026-01-19T09:40:20.462+0000] {logging_mixin.py:188} INFO - [2026-01-19T09:40:20.462+0000] {dag.py:3823} INFO - Setting next_dagrun for dataset_consumes_1 to None, run_after=None
[2026-01-19T09:40:20.468+0000] {logging_mixin.py:188} INFO - [2026-01-19T09:40:20.467+0000] {dag.py:3823} INFO - Setting next_dagrun for dataset_consumes_1_and_2 to None, run_after=None
[2026-01-19T09:40:20.470+0000] {logging_mixin.py:188} INFO - [2026-01-19T09:40:20.469+0000] {dag.py:3823} INFO - Setting next_dagrun for dataset_consumes_1_never_scheduled to None, run_after=None
[2026-01-19T09:40:20.472+0000] {logging_mixin.py:188} INFO - [2026-01-19T09:40:20.472+0000] {dag.py:3823} INFO - Setting next_dagrun for dataset_consumes_unknown_never_scheduled to None, run_after=None
[2026-01-19T09:40:20.476+0000] {logging_mixin.py:188} INFO - [2026-01-19T09:40:20.476+0000] {dag.py:3823} INFO - Setting next_dagrun for dataset_produces_1 to 2026-01-18 00:00:00+00:00, run_after=2026-01-19 00:00:00+00:00
[2026-01-19T09:40:20.479+0000] {logging_mixin.py:188} INFO - [2026-01-19T09:40:20.478+0000] {dag.py:3823} INFO - Setting next_dagrun for dataset_produces_2 to None, run_after=None
[2026-01-19T09:40:20.520+0000] {processor.py:183} INFO - Processing /home/airflow/.local/lib/python3.8/site-packages/airflow/example_dags/example_datasets.py took 0.172 seconds
[2026-01-19T09:40:51.054+0000] {processor.py:161} INFO - Started process (PID=874) to work on /home/airflow/.local/lib/python3.8/site-packages/airflow/example_dags/example_datasets.py
[2026-01-19T09:40:51.055+0000] {processor.py:830} INFO - Processing file /home/airflow/.local/lib/python3.8/site-packages/airflow/example_dags/example_datasets.py for tasks to queue
[2026-01-19T09:40:51.056+0000] {logging_mixin.py:188} INFO - [2026-01-19T09:40:51.056+0000] {dagbag.py:538} INFO - Filling up the DagBag from /home/airflow/.local/lib/python3.8/site-packages/airflow/example_dags/example_datasets.py
[2026-01-19T09:40:51.066+0000] {processor.py:840} INFO - DAG(s) 'dataset_consumes_1', 'dataset_consumes_1_and_2', 'dataset_consumes_unknown_never_scheduled', 'dataset_produces_2', 'dataset_produces_1', 'dataset_consumes_1_never_scheduled' retrieved from /home/airflow/.local/lib/python3.8/site-packages/airflow/example_dags/example_datasets.py
[2026-01-19T09:40:51.108+0000] {logging_mixin.py:188} INFO - [2026-01-19T09:40:51.108+0000] {dag.py:3036} INFO - Sync 6 DAGs
[2026-01-19T09:40:51.132+0000] {logging_mixin.py:188} INFO - [2026-01-19T09:40:51.131+0000] {dag.py:3823} INFO - Setting next_dagrun for dataset_consumes_1 to None, run_after=None
[2026-01-19T09:40:51.136+0000] {logging_mixin.py:188} INFO - [2026-01-19T09:40:51.136+0000] {dag.py:3823} INFO - Setting next_dagrun for dataset_consumes_1_and_2 to None, run_after=None
[2026-01-19T09:40:51.138+0000] {logging_mixin.py:188} INFO - [2026-01-19T09:40:51.138+0000] {dag.py:3823} INFO - Setting next_dagrun for dataset_consumes_1_never_scheduled to None, run_after=None
[2026-01-19T09:40:51.139+0000] {logging_mixin.py:188} INFO - [2026-01-19T09:40:51.139+0000] {dag.py:3823} INFO - Setting next_dagrun for dataset_consumes_unknown_never_scheduled to None, run_after=None
[2026-01-19T09:40:51.142+0000] {logging_mixin.py:188} INFO - [2026-01-19T09:40:51.142+0000] {dag.py:3823} INFO - Setting next_dagrun for dataset_produces_1 to 2026-01-18 00:00:00+00:00, run_after=2026-01-19 00:00:00+00:00
[2026-01-19T09:40:51.144+0000] {logging_mixin.py:188} INFO - [2026-01-19T09:40:51.144+0000] {dag.py:3823} INFO - Setting next_dagrun for dataset_produces_2 to None, run_after=None
[2026-01-19T09:40:51.176+0000] {processor.py:183} INFO - Processing /home/airflow/.local/lib/python3.8/site-packages/airflow/example_dags/example_datasets.py took 0.126 seconds
[2026-01-19T09:41:21.320+0000] {processor.py:161} INFO - Started process (PID=1123) to work on /home/airflow/.local/lib/python3.8/site-packages/airflow/example_dags/example_datasets.py
[2026-01-19T09:41:21.321+0000] {processor.py:830} INFO - Processing file /home/airflow/.local/lib/python3.8/site-packages/airflow/example_dags/example_datasets.py for tasks to queue
[2026-01-19T09:41:21.322+0000] {logging_mixin.py:188} INFO - [2026-01-19T09:41:21.321+0000] {dagbag.py:538} INFO - Filling up the DagBag from /home/airflow/.local/lib/python3.8/site-packages/airflow/example_dags/example_datasets.py
[2026-01-19T09:41:21.331+0000] {processor.py:840} INFO - DAG(s) 'dataset_produces_2', 'dataset_consumes_1_and_2', 'dataset_consumes_1', 'dataset_consumes_unknown_never_scheduled', 'dataset_produces_1', 'dataset_consumes_1_never_scheduled' retrieved from /home/airflow/.local/lib/python3.8/site-packages/airflow/example_dags/example_datasets.py
[2026-01-19T09:41:21.367+0000] {logging_mixin.py:188} INFO - [2026-01-19T09:41:21.366+0000] {dag.py:3036} INFO - Sync 6 DAGs
[2026-01-19T09:41:21.394+0000] {logging_mixin.py:188} INFO - [2026-01-19T09:41:21.393+0000] {dag.py:3823} INFO - Setting next_dagrun for dataset_consumes_1 to None, run_after=None
[2026-01-19T09:41:21.398+0000] {logging_mixin.py:188} INFO - [2026-01-19T09:41:21.397+0000] {dag.py:3823} INFO - Setting next_dagrun for dataset_consumes_1_and_2 to None, run_after=None
[2026-01-19T09:41:21.400+0000] {logging_mixin.py:188} INFO - [2026-01-19T09:41:21.400+0000] {dag.py:3823} INFO - Setting next_dagrun for dataset_consumes_1_never_scheduled to None, run_after=None
[2026-01-19T09:41:21.402+0000] {logging_mixin.py:188} INFO - [2026-01-19T09:41:21.401+0000] {dag.py:3823} INFO - Setting next_dagrun for dataset_consumes_unknown_never_scheduled to None, run_after=None
[2026-01-19T09:41:21.406+0000] {logging_mixin.py:188} INFO - [2026-01-19T09:41:21.405+0000] {dag.py:3823} INFO - Setting next_dagrun for dataset_produces_1 to 2026-01-18 00:00:00+00:00, run_after=2026-01-19 00:00:00+00:00
[2026-01-19T09:41:21.408+0000] {logging_mixin.py:188} INFO - [2026-01-19T09:41:21.408+0000] {dag.py:3823} INFO - Setting next_dagrun for dataset_produces_2 to None, run_after=None
[2026-01-19T09:41:21.445+0000] {processor.py:183} INFO - Processing /home/airflow/.local/lib/python3.8/site-packages/airflow/example_dags/example_datasets.py took 0.129 seconds
