[2026-01-19T09:39:49.737+0000] {processor.py:161} INFO - Started process (PID=409) to work on /home/airflow/.local/lib/python3.8/site-packages/airflow/example_dags/example_xcomargs.py
[2026-01-19T09:39:49.739+0000] {processor.py:830} INFO - Processing file /home/airflow/.local/lib/python3.8/site-packages/airflow/example_dags/example_xcomargs.py for tasks to queue
[2026-01-19T09:39:49.740+0000] {logging_mixin.py:188} INFO - [2026-01-19T09:39:49.740+0000] {dagbag.py:538} INFO - Filling up the DagBag from /home/airflow/.local/lib/python3.8/site-packages/airflow/example_dags/example_xcomargs.py
[2026-01-19T09:39:49.751+0000] {processor.py:840} INFO - DAG(s) 'example_xcom_args_with_operators', 'example_xcom_args' retrieved from /home/airflow/.local/lib/python3.8/site-packages/airflow/example_dags/example_xcomargs.py
[2026-01-19T09:39:49.893+0000] {logging_mixin.py:188} INFO - [2026-01-19T09:39:49.892+0000] {dag.py:3036} INFO - Sync 2 DAGs
[2026-01-19T09:39:49.905+0000] {logging_mixin.py:188} INFO - [2026-01-19T09:39:49.905+0000] {dag.py:3823} INFO - Setting next_dagrun for example_xcom_args to None, run_after=None
[2026-01-19T09:39:49.910+0000] {logging_mixin.py:188} INFO - [2026-01-19T09:39:49.909+0000] {dag.py:3823} INFO - Setting next_dagrun for example_xcom_args_with_operators to None, run_after=None
[2026-01-19T09:39:49.931+0000] {processor.py:183} INFO - Processing /home/airflow/.local/lib/python3.8/site-packages/airflow/example_dags/example_xcomargs.py took 0.198 seconds
[2026-01-19T09:40:21.082+0000] {processor.py:161} INFO - Started process (PID=656) to work on /home/airflow/.local/lib/python3.8/site-packages/airflow/example_dags/example_xcomargs.py
[2026-01-19T09:40:21.084+0000] {processor.py:830} INFO - Processing file /home/airflow/.local/lib/python3.8/site-packages/airflow/example_dags/example_xcomargs.py for tasks to queue
[2026-01-19T09:40:21.090+0000] {logging_mixin.py:188} INFO - [2026-01-19T09:40:21.087+0000] {dagbag.py:538} INFO - Filling up the DagBag from /home/airflow/.local/lib/python3.8/site-packages/airflow/example_dags/example_xcomargs.py
[2026-01-19T09:40:21.106+0000] {processor.py:840} INFO - DAG(s) 'example_xcom_args_with_operators', 'example_xcom_args' retrieved from /home/airflow/.local/lib/python3.8/site-packages/airflow/example_dags/example_xcomargs.py
[2026-01-19T09:40:21.141+0000] {logging_mixin.py:188} INFO - [2026-01-19T09:40:21.141+0000] {dag.py:3036} INFO - Sync 2 DAGs
[2026-01-19T09:40:21.159+0000] {logging_mixin.py:188} INFO - [2026-01-19T09:40:21.159+0000] {dag.py:3823} INFO - Setting next_dagrun for example_xcom_args to None, run_after=None
[2026-01-19T09:40:21.164+0000] {logging_mixin.py:188} INFO - [2026-01-19T09:40:21.164+0000] {dag.py:3823} INFO - Setting next_dagrun for example_xcom_args_with_operators to None, run_after=None
[2026-01-19T09:40:21.200+0000] {processor.py:183} INFO - Processing /home/airflow/.local/lib/python3.8/site-packages/airflow/example_dags/example_xcomargs.py took 0.124 seconds
[2026-01-19T09:40:51.500+0000] {processor.py:161} INFO - Started process (PID=909) to work on /home/airflow/.local/lib/python3.8/site-packages/airflow/example_dags/example_xcomargs.py
[2026-01-19T09:40:51.501+0000] {processor.py:830} INFO - Processing file /home/airflow/.local/lib/python3.8/site-packages/airflow/example_dags/example_xcomargs.py for tasks to queue
[2026-01-19T09:40:51.502+0000] {logging_mixin.py:188} INFO - [2026-01-19T09:40:51.502+0000] {dagbag.py:538} INFO - Filling up the DagBag from /home/airflow/.local/lib/python3.8/site-packages/airflow/example_dags/example_xcomargs.py
[2026-01-19T09:40:51.512+0000] {processor.py:840} INFO - DAG(s) 'example_xcom_args_with_operators', 'example_xcom_args' retrieved from /home/airflow/.local/lib/python3.8/site-packages/airflow/example_dags/example_xcomargs.py
[2026-01-19T09:40:51.546+0000] {logging_mixin.py:188} INFO - [2026-01-19T09:40:51.546+0000] {dag.py:3036} INFO - Sync 2 DAGs
[2026-01-19T09:40:51.565+0000] {logging_mixin.py:188} INFO - [2026-01-19T09:40:51.565+0000] {dag.py:3823} INFO - Setting next_dagrun for example_xcom_args to None, run_after=None
[2026-01-19T09:40:51.570+0000] {logging_mixin.py:188} INFO - [2026-01-19T09:40:51.569+0000] {dag.py:3823} INFO - Setting next_dagrun for example_xcom_args_with_operators to None, run_after=None
[2026-01-19T09:40:51.592+0000] {processor.py:183} INFO - Processing /home/airflow/.local/lib/python3.8/site-packages/airflow/example_dags/example_xcomargs.py took 0.096 seconds
[2026-01-19T09:41:21.739+0000] {processor.py:161} INFO - Started process (PID=1156) to work on /home/airflow/.local/lib/python3.8/site-packages/airflow/example_dags/example_xcomargs.py
[2026-01-19T09:41:21.740+0000] {processor.py:830} INFO - Processing file /home/airflow/.local/lib/python3.8/site-packages/airflow/example_dags/example_xcomargs.py for tasks to queue
[2026-01-19T09:41:21.742+0000] {logging_mixin.py:188} INFO - [2026-01-19T09:41:21.741+0000] {dagbag.py:538} INFO - Filling up the DagBag from /home/airflow/.local/lib/python3.8/site-packages/airflow/example_dags/example_xcomargs.py
[2026-01-19T09:41:21.752+0000] {processor.py:840} INFO - DAG(s) 'example_xcom_args_with_operators', 'example_xcom_args' retrieved from /home/airflow/.local/lib/python3.8/site-packages/airflow/example_dags/example_xcomargs.py
[2026-01-19T09:41:21.794+0000] {logging_mixin.py:188} INFO - [2026-01-19T09:41:21.793+0000] {dag.py:3036} INFO - Sync 2 DAGs
[2026-01-19T09:41:21.834+0000] {logging_mixin.py:188} INFO - [2026-01-19T09:41:21.834+0000] {dag.py:3823} INFO - Setting next_dagrun for example_xcom_args to None, run_after=None
[2026-01-19T09:41:21.845+0000] {logging_mixin.py:188} INFO - [2026-01-19T09:41:21.845+0000] {dag.py:3823} INFO - Setting next_dagrun for example_xcom_args_with_operators to None, run_after=None
[2026-01-19T09:41:21.874+0000] {processor.py:183} INFO - Processing /home/airflow/.local/lib/python3.8/site-packages/airflow/example_dags/example_xcomargs.py took 0.141 seconds
