[2026-01-19T09:39:48.563+0000] {processor.py:161} INFO - Started process (PID=364) to work on /home/airflow/.local/lib/python3.8/site-packages/airflow/example_dags/tutorial.py
[2026-01-19T09:39:48.565+0000] {processor.py:830} INFO - Processing file /home/airflow/.local/lib/python3.8/site-packages/airflow/example_dags/tutorial.py for tasks to queue
[2026-01-19T09:39:48.567+0000] {logging_mixin.py:188} INFO - [2026-01-19T09:39:48.567+0000] {dagbag.py:538} INFO - Filling up the DagBag from /home/airflow/.local/lib/python3.8/site-packages/airflow/example_dags/tutorial.py
[2026-01-19T09:39:48.587+0000] {processor.py:840} INFO - DAG(s) 'tutorial' retrieved from /home/airflow/.local/lib/python3.8/site-packages/airflow/example_dags/tutorial.py
[2026-01-19T09:39:48.756+0000] {logging_mixin.py:188} INFO - [2026-01-19T09:39:48.756+0000] {dag.py:3036} INFO - Sync 1 DAGs
[2026-01-19T09:39:48.793+0000] {logging_mixin.py:188} INFO - [2026-01-19T09:39:48.792+0000] {dag.py:3823} INFO - Setting next_dagrun for tutorial to 2026-01-18 00:00:00+00:00, run_after=2026-01-19 00:00:00+00:00
[2026-01-19T09:39:48.834+0000] {processor.py:183} INFO - Processing /home/airflow/.local/lib/python3.8/site-packages/airflow/example_dags/tutorial.py took 0.278 seconds
[2026-01-19T09:40:20.188+0000] {processor.py:161} INFO - Started process (PID=611) to work on /home/airflow/.local/lib/python3.8/site-packages/airflow/example_dags/tutorial.py
[2026-01-19T09:40:20.190+0000] {processor.py:830} INFO - Processing file /home/airflow/.local/lib/python3.8/site-packages/airflow/example_dags/tutorial.py for tasks to queue
[2026-01-19T09:40:20.191+0000] {logging_mixin.py:188} INFO - [2026-01-19T09:40:20.191+0000] {dagbag.py:538} INFO - Filling up the DagBag from /home/airflow/.local/lib/python3.8/site-packages/airflow/example_dags/tutorial.py
[2026-01-19T09:40:20.203+0000] {processor.py:840} INFO - DAG(s) 'tutorial' retrieved from /home/airflow/.local/lib/python3.8/site-packages/airflow/example_dags/tutorial.py
[2026-01-19T09:40:20.236+0000] {logging_mixin.py:188} INFO - [2026-01-19T09:40:20.235+0000] {dag.py:3036} INFO - Sync 1 DAGs
[2026-01-19T09:40:20.271+0000] {logging_mixin.py:188} INFO - [2026-01-19T09:40:20.271+0000] {dag.py:3823} INFO - Setting next_dagrun for tutorial to 2026-01-18 00:00:00+00:00, run_after=2026-01-19 00:00:00+00:00
[2026-01-19T09:40:20.299+0000] {processor.py:183} INFO - Processing /home/airflow/.local/lib/python3.8/site-packages/airflow/example_dags/tutorial.py took 0.117 seconds
[2026-01-19T09:40:50.909+0000] {processor.py:161} INFO - Started process (PID=864) to work on /home/airflow/.local/lib/python3.8/site-packages/airflow/example_dags/tutorial.py
[2026-01-19T09:40:50.911+0000] {processor.py:830} INFO - Processing file /home/airflow/.local/lib/python3.8/site-packages/airflow/example_dags/tutorial.py for tasks to queue
[2026-01-19T09:40:50.913+0000] {logging_mixin.py:188} INFO - [2026-01-19T09:40:50.912+0000] {dagbag.py:538} INFO - Filling up the DagBag from /home/airflow/.local/lib/python3.8/site-packages/airflow/example_dags/tutorial.py
[2026-01-19T09:40:50.925+0000] {processor.py:840} INFO - DAG(s) 'tutorial' retrieved from /home/airflow/.local/lib/python3.8/site-packages/airflow/example_dags/tutorial.py
[2026-01-19T09:40:50.952+0000] {logging_mixin.py:188} INFO - [2026-01-19T09:40:50.952+0000] {dag.py:3036} INFO - Sync 1 DAGs
[2026-01-19T09:40:50.979+0000] {logging_mixin.py:188} INFO - [2026-01-19T09:40:50.979+0000] {dag.py:3823} INFO - Setting next_dagrun for tutorial to 2026-01-18 00:00:00+00:00, run_after=2026-01-19 00:00:00+00:00
[2026-01-19T09:40:51.006+0000] {processor.py:183} INFO - Processing /home/airflow/.local/lib/python3.8/site-packages/airflow/example_dags/tutorial.py took 0.104 seconds
[2026-01-19T09:41:21.067+0000] {processor.py:161} INFO - Started process (PID=1111) to work on /home/airflow/.local/lib/python3.8/site-packages/airflow/example_dags/tutorial.py
[2026-01-19T09:41:21.068+0000] {processor.py:830} INFO - Processing file /home/airflow/.local/lib/python3.8/site-packages/airflow/example_dags/tutorial.py for tasks to queue
[2026-01-19T09:41:21.069+0000] {logging_mixin.py:188} INFO - [2026-01-19T09:41:21.068+0000] {dagbag.py:538} INFO - Filling up the DagBag from /home/airflow/.local/lib/python3.8/site-packages/airflow/example_dags/tutorial.py
[2026-01-19T09:41:21.075+0000] {processor.py:840} INFO - DAG(s) 'tutorial' retrieved from /home/airflow/.local/lib/python3.8/site-packages/airflow/example_dags/tutorial.py
[2026-01-19T09:41:21.098+0000] {logging_mixin.py:188} INFO - [2026-01-19T09:41:21.098+0000] {dag.py:3036} INFO - Sync 1 DAGs
[2026-01-19T09:41:21.119+0000] {logging_mixin.py:188} INFO - [2026-01-19T09:41:21.119+0000] {dag.py:3823} INFO - Setting next_dagrun for tutorial to 2026-01-18 00:00:00+00:00, run_after=2026-01-19 00:00:00+00:00
[2026-01-19T09:41:21.137+0000] {processor.py:183} INFO - Processing /home/airflow/.local/lib/python3.8/site-packages/airflow/example_dags/tutorial.py took 0.074 seconds
