[2026-01-19T09:39:47.011+0000] {processor.py:161} INFO - Started process (PID=309) to work on /home/airflow/.local/lib/python3.8/site-packages/airflow/example_dags/tutorial_dag.py
[2026-01-19T09:39:47.013+0000] {processor.py:830} INFO - Processing file /home/airflow/.local/lib/python3.8/site-packages/airflow/example_dags/tutorial_dag.py for tasks to queue
[2026-01-19T09:39:47.014+0000] {logging_mixin.py:188} INFO - [2026-01-19T09:39:47.013+0000] {dagbag.py:538} INFO - Filling up the DagBag from /home/airflow/.local/lib/python3.8/site-packages/airflow/example_dags/tutorial_dag.py
[2026-01-19T09:39:47.022+0000] {processor.py:840} INFO - DAG(s) 'tutorial_dag' retrieved from /home/airflow/.local/lib/python3.8/site-packages/airflow/example_dags/tutorial_dag.py
[2026-01-19T09:39:47.037+0000] {logging_mixin.py:188} INFO - [2026-01-19T09:39:47.036+0000] {dag.py:3036} INFO - Sync 1 DAGs
[2026-01-19T09:39:47.050+0000] {logging_mixin.py:188} INFO - [2026-01-19T09:39:47.049+0000] {dag.py:3823} INFO - Setting next_dagrun for tutorial_dag to None, run_after=None
[2026-01-19T09:39:47.071+0000] {processor.py:183} INFO - Processing /home/airflow/.local/lib/python3.8/site-packages/airflow/example_dags/tutorial_dag.py took 0.064 seconds
[2026-01-19T09:40:18.580+0000] {processor.py:161} INFO - Started process (PID=556) to work on /home/airflow/.local/lib/python3.8/site-packages/airflow/example_dags/tutorial_dag.py
[2026-01-19T09:40:18.583+0000] {processor.py:830} INFO - Processing file /home/airflow/.local/lib/python3.8/site-packages/airflow/example_dags/tutorial_dag.py for tasks to queue
[2026-01-19T09:40:18.585+0000] {logging_mixin.py:188} INFO - [2026-01-19T09:40:18.585+0000] {dagbag.py:538} INFO - Filling up the DagBag from /home/airflow/.local/lib/python3.8/site-packages/airflow/example_dags/tutorial_dag.py
[2026-01-19T09:40:18.597+0000] {processor.py:840} INFO - DAG(s) 'tutorial_dag' retrieved from /home/airflow/.local/lib/python3.8/site-packages/airflow/example_dags/tutorial_dag.py
[2026-01-19T09:40:18.900+0000] {logging_mixin.py:188} INFO - [2026-01-19T09:40:18.900+0000] {dag.py:3036} INFO - Sync 1 DAGs
[2026-01-19T09:40:18.928+0000] {logging_mixin.py:188} INFO - [2026-01-19T09:40:18.928+0000] {dag.py:3823} INFO - Setting next_dagrun for tutorial_dag to None, run_after=None
[2026-01-19T09:40:18.973+0000] {processor.py:183} INFO - Processing /home/airflow/.local/lib/python3.8/site-packages/airflow/example_dags/tutorial_dag.py took 0.403 seconds
[2026-01-19T09:40:49.710+0000] {processor.py:161} INFO - Started process (PID=807) to work on /home/airflow/.local/lib/python3.8/site-packages/airflow/example_dags/tutorial_dag.py
[2026-01-19T09:40:49.716+0000] {processor.py:830} INFO - Processing file /home/airflow/.local/lib/python3.8/site-packages/airflow/example_dags/tutorial_dag.py for tasks to queue
[2026-01-19T09:40:49.719+0000] {logging_mixin.py:188} INFO - [2026-01-19T09:40:49.719+0000] {dagbag.py:538} INFO - Filling up the DagBag from /home/airflow/.local/lib/python3.8/site-packages/airflow/example_dags/tutorial_dag.py
[2026-01-19T09:40:49.738+0000] {processor.py:840} INFO - DAG(s) 'tutorial_dag' retrieved from /home/airflow/.local/lib/python3.8/site-packages/airflow/example_dags/tutorial_dag.py
[2026-01-19T09:40:49.798+0000] {logging_mixin.py:188} INFO - [2026-01-19T09:40:49.798+0000] {dag.py:3036} INFO - Sync 1 DAGs
[2026-01-19T09:40:49.829+0000] {logging_mixin.py:188} INFO - [2026-01-19T09:40:49.828+0000] {dag.py:3823} INFO - Setting next_dagrun for tutorial_dag to None, run_after=None
[2026-01-19T09:40:49.865+0000] {processor.py:183} INFO - Processing /home/airflow/.local/lib/python3.8/site-packages/airflow/example_dags/tutorial_dag.py took 0.172 seconds
[2026-01-19T09:41:20.198+0000] {processor.py:161} INFO - Started process (PID=1056) to work on /home/airflow/.local/lib/python3.8/site-packages/airflow/example_dags/tutorial_dag.py
[2026-01-19T09:41:20.200+0000] {processor.py:830} INFO - Processing file /home/airflow/.local/lib/python3.8/site-packages/airflow/example_dags/tutorial_dag.py for tasks to queue
[2026-01-19T09:41:20.201+0000] {logging_mixin.py:188} INFO - [2026-01-19T09:41:20.200+0000] {dagbag.py:538} INFO - Filling up the DagBag from /home/airflow/.local/lib/python3.8/site-packages/airflow/example_dags/tutorial_dag.py
[2026-01-19T09:41:20.206+0000] {processor.py:840} INFO - DAG(s) 'tutorial_dag' retrieved from /home/airflow/.local/lib/python3.8/site-packages/airflow/example_dags/tutorial_dag.py
[2026-01-19T09:41:20.228+0000] {logging_mixin.py:188} INFO - [2026-01-19T09:41:20.228+0000] {dag.py:3036} INFO - Sync 1 DAGs
[2026-01-19T09:41:20.239+0000] {logging_mixin.py:188} INFO - [2026-01-19T09:41:20.239+0000] {dag.py:3823} INFO - Setting next_dagrun for tutorial_dag to None, run_after=None
[2026-01-19T09:41:20.258+0000] {processor.py:183} INFO - Processing /home/airflow/.local/lib/python3.8/site-packages/airflow/example_dags/tutorial_dag.py took 0.063 seconds
