[2026-01-19T09:39:45.653+0000] {processor.py:161} INFO - Started process (PID=243) to work on /home/airflow/.local/lib/python3.8/site-packages/airflow/example_dags/tutorial_taskflow_api.py
[2026-01-19T09:39:45.655+0000] {processor.py:830} INFO - Processing file /home/airflow/.local/lib/python3.8/site-packages/airflow/example_dags/tutorial_taskflow_api.py for tasks to queue
[2026-01-19T09:39:45.657+0000] {logging_mixin.py:188} INFO - [2026-01-19T09:39:45.656+0000] {dagbag.py:538} INFO - Filling up the DagBag from /home/airflow/.local/lib/python3.8/site-packages/airflow/example_dags/tutorial_taskflow_api.py
[2026-01-19T09:39:45.675+0000] {processor.py:840} INFO - DAG(s) 'tutorial_taskflow_api' retrieved from /home/airflow/.local/lib/python3.8/site-packages/airflow/example_dags/tutorial_taskflow_api.py
[2026-01-19T09:39:45.694+0000] {logging_mixin.py:188} INFO - [2026-01-19T09:39:45.694+0000] {dag.py:3036} INFO - Sync 1 DAGs
[2026-01-19T09:39:45.714+0000] {logging_mixin.py:188} INFO - [2026-01-19T09:39:45.714+0000] {dag.py:3823} INFO - Setting next_dagrun for tutorial_taskflow_api to None, run_after=None
[2026-01-19T09:39:45.739+0000] {processor.py:183} INFO - Processing /home/airflow/.local/lib/python3.8/site-packages/airflow/example_dags/tutorial_taskflow_api.py took 0.093 seconds
[2026-01-19T09:40:16.718+0000] {processor.py:161} INFO - Started process (PID=496) to work on /home/airflow/.local/lib/python3.8/site-packages/airflow/example_dags/tutorial_taskflow_api.py
[2026-01-19T09:40:16.719+0000] {processor.py:830} INFO - Processing file /home/airflow/.local/lib/python3.8/site-packages/airflow/example_dags/tutorial_taskflow_api.py for tasks to queue
[2026-01-19T09:40:16.721+0000] {logging_mixin.py:188} INFO - [2026-01-19T09:40:16.720+0000] {dagbag.py:538} INFO - Filling up the DagBag from /home/airflow/.local/lib/python3.8/site-packages/airflow/example_dags/tutorial_taskflow_api.py
[2026-01-19T09:40:16.730+0000] {processor.py:840} INFO - DAG(s) 'tutorial_taskflow_api' retrieved from /home/airflow/.local/lib/python3.8/site-packages/airflow/example_dags/tutorial_taskflow_api.py
[2026-01-19T09:40:16.878+0000] {logging_mixin.py:188} INFO - [2026-01-19T09:40:16.878+0000] {dag.py:3036} INFO - Sync 1 DAGs
[2026-01-19T09:40:16.891+0000] {logging_mixin.py:188} INFO - [2026-01-19T09:40:16.891+0000] {dag.py:3823} INFO - Setting next_dagrun for tutorial_taskflow_api to None, run_after=None
[2026-01-19T09:40:16.916+0000] {processor.py:183} INFO - Processing /home/airflow/.local/lib/python3.8/site-packages/airflow/example_dags/tutorial_taskflow_api.py took 0.203 seconds
[2026-01-19T09:40:47.015+0000] {processor.py:161} INFO - Started process (PID=743) to work on /home/airflow/.local/lib/python3.8/site-packages/airflow/example_dags/tutorial_taskflow_api.py
[2026-01-19T09:40:47.016+0000] {processor.py:830} INFO - Processing file /home/airflow/.local/lib/python3.8/site-packages/airflow/example_dags/tutorial_taskflow_api.py for tasks to queue
[2026-01-19T09:40:47.018+0000] {logging_mixin.py:188} INFO - [2026-01-19T09:40:47.017+0000] {dagbag.py:538} INFO - Filling up the DagBag from /home/airflow/.local/lib/python3.8/site-packages/airflow/example_dags/tutorial_taskflow_api.py
[2026-01-19T09:40:47.029+0000] {processor.py:840} INFO - DAG(s) 'tutorial_taskflow_api' retrieved from /home/airflow/.local/lib/python3.8/site-packages/airflow/example_dags/tutorial_taskflow_api.py
[2026-01-19T09:40:47.058+0000] {logging_mixin.py:188} INFO - [2026-01-19T09:40:47.057+0000] {dag.py:3036} INFO - Sync 1 DAGs
[2026-01-19T09:40:47.077+0000] {logging_mixin.py:188} INFO - [2026-01-19T09:40:47.077+0000] {dag.py:3823} INFO - Setting next_dagrun for tutorial_taskflow_api to None, run_after=None
[2026-01-19T09:40:47.107+0000] {processor.py:183} INFO - Processing /home/airflow/.local/lib/python3.8/site-packages/airflow/example_dags/tutorial_taskflow_api.py took 0.097 seconds
[2026-01-19T09:41:17.221+0000] {processor.py:161} INFO - Started process (PID=996) to work on /home/airflow/.local/lib/python3.8/site-packages/airflow/example_dags/tutorial_taskflow_api.py
[2026-01-19T09:41:17.223+0000] {processor.py:830} INFO - Processing file /home/airflow/.local/lib/python3.8/site-packages/airflow/example_dags/tutorial_taskflow_api.py for tasks to queue
[2026-01-19T09:41:17.224+0000] {logging_mixin.py:188} INFO - [2026-01-19T09:41:17.224+0000] {dagbag.py:538} INFO - Filling up the DagBag from /home/airflow/.local/lib/python3.8/site-packages/airflow/example_dags/tutorial_taskflow_api.py
[2026-01-19T09:41:17.232+0000] {processor.py:840} INFO - DAG(s) 'tutorial_taskflow_api' retrieved from /home/airflow/.local/lib/python3.8/site-packages/airflow/example_dags/tutorial_taskflow_api.py
[2026-01-19T09:41:17.254+0000] {logging_mixin.py:188} INFO - [2026-01-19T09:41:17.254+0000] {dag.py:3036} INFO - Sync 1 DAGs
[2026-01-19T09:41:17.268+0000] {logging_mixin.py:188} INFO - [2026-01-19T09:41:17.268+0000] {dag.py:3823} INFO - Setting next_dagrun for tutorial_taskflow_api to None, run_after=None
[2026-01-19T09:41:17.291+0000] {processor.py:183} INFO - Processing /home/airflow/.local/lib/python3.8/site-packages/airflow/example_dags/tutorial_taskflow_api.py took 0.075 seconds
