[2026-04-09T11:45:53.626+0000] {taskinstance.py:1956} INFO - Dependencies all met for dep_context=non-requeueable deps ti=<TaskInstance: smart_building_pipeline_random.generate_iot_data manual__2026-04-09T11:45:48.046620+00:00 [queued]>
[2026-04-09T11:45:53.641+0000] {taskinstance.py:1956} INFO - Dependencies all met for dep_context=requeueable deps ti=<TaskInstance: smart_building_pipeline_random.generate_iot_data manual__2026-04-09T11:45:48.046620+00:00 [queued]>
[2026-04-09T11:45:53.642+0000] {taskinstance.py:2170} INFO - Starting attempt 1 of 3
[2026-04-09T11:45:53.660+0000] {taskinstance.py:2191} INFO - Executing <Task(PythonOperator): generate_iot_data> on 2026-04-09 11:45:48.046620+00:00
[2026-04-09T11:45:53.674+0000] {standard_task_runner.py:60} INFO - Started process 2749 to run task
[2026-04-09T11:45:53.679+0000] {standard_task_runner.py:87} INFO - Running: ['***', 'tasks', 'run', 'smart_building_pipeline_random', 'generate_iot_data', 'manual__2026-04-09T11:45:48.046620+00:00', '--job-id', '24', '--raw', '--subdir', 'DAGS_FOLDER/bems_dag.py', '--cfg-path', '/tmp/tmptnzx7aqq']
[2026-04-09T11:45:53.684+0000] {standard_task_runner.py:88} INFO - Job 24: Subtask generate_iot_data
[2026-04-09T11:45:53.790+0000] {task_command.py:423} INFO - Running <TaskInstance: smart_building_pipeline_random.generate_iot_data manual__2026-04-09T11:45:48.046620+00:00 [running]> on host d81182cf7fc4
[2026-04-09T11:45:54.144+0000] {taskinstance.py:2480} INFO - Exporting env vars: AIRFLOW_CTX_DAG_OWNER='smart-building' AIRFLOW_CTX_DAG_ID='smart_building_pipeline_random' AIRFLOW_CTX_TASK_ID='generate_iot_data' AIRFLOW_CTX_EXECUTION_DATE='2026-04-09T11:45:48.046620+00:00' AIRFLOW_CTX_TRY_NUMBER='1' AIRFLOW_CTX_DAG_RUN_ID='manual__2026-04-09T11:45:48.046620+00:00'
[2026-04-09T11:45:54.707+0000] {logging_mixin.py:188} INFO - [INFO] Sensor data rows: 13068
[2026-04-09T11:45:54.712+0000] {logging_mixin.py:188} INFO -                            readingID           timestamp roomID           deviceID  value  deviceType
8534c7bf-a71b-48f4-9c7e-05537ab90924 2026-04-01 08:00:00  IT334  IT334_temperature  31.74 temperature
30b9d44f-21eb-4a59-bbf3-dd831a452a59 2026-04-01 08:00:00  IT334        IT334_light  20.00       light
3fac7ba7-1da5-478b-a25e-062a7587ef53 2026-04-01 08:00:00  IT334        IT334_power   0.32       power
bb5154b0-a6ce-45ad-bd3b-8d2f2083c041 2026-04-01 08:00:00 Lab103 Lab103_temperature  30.33 temperature
5ee1327d-5d20-4a7b-9c96-dea9e10e3267 2026-04-01 08:00:00 Lab103       Lab103_light   6.00       light
b340a591-9925-4d2a-8f96-e4cc57fcbbd8 2026-04-01 08:00:00 Lab103       Lab103_power   0.48       power
94df29a0-d955-4dc1-a162-999c95818b60 2026-04-01 08:00:00  IT305  IT305_temperature  29.42 temperature
606eafbe-eb47-4359-9a94-b8520ac594dd 2026-04-01 08:00:00  IT305        IT305_light  20.00       light
e96232f2-a78c-4743-bd7c-b78d4163f0d7 2026-04-01 08:00:00  IT305        IT305_power   0.23       power
cfa8dda2-58bb-4336-9945-e7a784e708c3 2026-04-01 08:00:00 Lab212 Lab212_temperature    NaN temperature
67b408b6-a1fe-48e8-8004-6b651303cfe8 2026-04-01 08:00:00 Lab212       Lab212_light  19.00       light
64418ea4-532f-4149-999e-2d8bca9a4eb3 2026-04-01 08:00:00 Lab212       Lab212_power   0.31       power
ffcb256c-6e83-4e7e-9d92-ddd5a2cd2594 2026-04-01 08:00:00 Lab212 Lab212_temperature  31.49 temperature
d8c93611-2713-480e-a801-fb3ab0b50219 2026-04-01 08:00:00 Lab212       Lab212_light  18.00       light
6e1ac374-0dd9-44a4-b5d7-540d31a94b48 2026-04-01 08:00:00 Lab212       Lab212_power   0.43       power
[2026-04-09T11:45:54.845+0000] {python.py:201} INFO - Done. Returned value was: /tmp/sensor_data.csv
[2026-04-09T11:45:54.906+0000] {taskinstance.py:1138} INFO - Marking task as SUCCESS. dag_id=smart_building_pipeline_random, task_id=generate_iot_data, execution_date=20260409T114548, start_date=20260409T114553, end_date=20260409T114554
[2026-04-09T11:45:55.020+0000] {local_task_job_runner.py:234} INFO - Task exited with return code 0
[2026-04-09T11:45:55.056+0000] {taskinstance.py:3280} INFO - 0 downstream tasks scheduled from follow-on schedule check
