[2026-04-10T08:08:58.805+0000] {taskinstance.py:1956} INFO - Dependencies all met for dep_context=non-requeueable deps ti=<TaskInstance: smart_building_pipeline_stream_to_kafka.stream_to_kafka manual__2026-04-10T08:08:57.566866+00:00 [queued]>
[2026-04-10T08:08:58.816+0000] {taskinstance.py:1956} INFO - Dependencies all met for dep_context=requeueable deps ti=<TaskInstance: smart_building_pipeline_stream_to_kafka.stream_to_kafka manual__2026-04-10T08:08:57.566866+00:00 [queued]>
[2026-04-10T08:08:58.816+0000] {taskinstance.py:2170} INFO - Starting attempt 1 of 3
[2026-04-10T08:08:59.019+0000] {taskinstance.py:2191} INFO - Executing <Task(PythonOperator): stream_to_kafka> on 2026-04-10 08:08:57.566866+00:00
[2026-04-10T08:08:59.027+0000] {standard_task_runner.py:60} INFO - Started process 254 to run task
[2026-04-10T08:08:59.034+0000] {standard_task_runner.py:87} INFO - Running: ['***', 'tasks', 'run', 'smart_building_pipeline_stream_to_kafka', 'stream_to_kafka', 'manual__2026-04-10T08:08:57.566866+00:00', '--job-id', '66', '--raw', '--subdir', 'DAGS_FOLDER/bems_dag.py', '--cfg-path', '/tmp/tmp3om0266o']
[2026-04-10T08:08:59.037+0000] {standard_task_runner.py:88} INFO - Job 66: Subtask stream_to_kafka
[2026-04-10T08:08:59.115+0000] {task_command.py:423} INFO - Running <TaskInstance: smart_building_pipeline_stream_to_kafka.stream_to_kafka manual__2026-04-10T08:08:57.566866+00:00 [running]> on host 998af5aaee6c
[2026-04-10T08:08:59.208+0000] {taskinstance.py:2480} INFO - Exporting env vars: AIRFLOW_CTX_DAG_OWNER='smart-building' AIRFLOW_CTX_DAG_ID='smart_building_pipeline_stream_to_kafka' AIRFLOW_CTX_TASK_ID='stream_to_kafka' AIRFLOW_CTX_EXECUTION_DATE='2026-04-10T08:08:57.566866+00:00' AIRFLOW_CTX_TRY_NUMBER='1' AIRFLOW_CTX_DAG_RUN_ID='manual__2026-04-10T08:08:57.566866+00:00'
[2026-04-10T08:13:06.479+0000] {taskinstance.py:2698} ERROR - Task failed with exception
Traceback (most recent call last):
  File "/home/airflow/.local/lib/python3.8/site-packages/airflow/models/taskinstance.py", line 433, in _execute_task
    result = execute_callable(context=context, **execute_callable_kwargs)
  File "/home/airflow/.local/lib/python3.8/site-packages/airflow/operators/python.py", line 199, in execute
    return_value = self.execute_callable()
  File "/home/airflow/.local/lib/python3.8/site-packages/airflow/operators/python.py", line 216, in execute_callable
    return self.python_callable(*self.op_args, **self.op_kwargs)
  File "/opt/airflow/dags/bems_dag.py", line 223, in stream_to_kafka
  File "/usr/local/lib/python3.8/subprocess.py", line 495, in run
    stdout, stderr = process.communicate(input, timeout=timeout)
  File "/usr/local/lib/python3.8/subprocess.py", line 1028, in communicate
    stdout, stderr = self._communicate(input, endtime, timeout)
  File "/usr/local/lib/python3.8/subprocess.py", line 1910, in _communicate
    self.wait(timeout=self._remaining_time(endtime))
  File "/usr/local/lib/python3.8/subprocess.py", line 1083, in wait
    return self._wait(timeout=timeout)
  File "/usr/local/lib/python3.8/subprocess.py", line 1814, in _wait
    raise TimeoutExpired(self.args, timeout)
subprocess.TimeoutExpired: Command '['ssh', 'itds344@10.34.111.33', 'echo \'{"readingID": "ad7818eb-543e-43c2-b6db-a00f935ee656", "timestamp": "2026-04-01 14:10:00", "roomID": "IT332", "deviceID": "IT332_power", "value": "0.29", "deviceType": "power"}\\n{"readingID": "47f503f5-6d7a-41b0-a47f-46693fb78aa0", "timestamp": "2026-04-01 14:10:00", "roomID": "Lab212", "deviceID": "Lab212_temperature", "value": "31.97", "deviceType": "temperature"}\\n{"readingID": "f07c5283-f62a-48a6-a5a6-822efe78c504", "timestamp": "2026-04-01 14:10:00", "roomID": "Lab212", "deviceID": "Lab212_light", "value": "18.0", "deviceType": "light"}\\n{"readingID": "defa9b4a-d5d2-4af1-8b71-92485eebf9fc", "timestamp": "2026-04-01 14:10:00", "roomID": "Lab212", "deviceID": "Lab212_power", "value": "0.44", "deviceType": "power"}\\n{"readingID": "2fcc4b96-7b98-4eb3-8640-6563f3c6dbb0", "timestamp": "2026-04-01 14:10:00", "roomID": "IT332", "deviceID": "IT332_temperature", "value": "89.95", "deviceType": "temperature"}\\n{"readingID": "11a808ad-89a9-4be4-bbfe-4fe544fd894a", "timestamp": "2026-04-01 14:10:00", "roomID": "IT332", "deviceID": "IT332_light", "value": "32.0", "deviceType": "light"}\\n{"readingID": "3cf644d5-f05c-49c9-a734-b49dee8e7c16", "timestamp": "2026-04-01 14:10:00", "roomID": "IT332", "deviceID": "IT332_power", "value": "0.38", "deviceType": "power"}\\n{"readingID": "568b29df-64ac-428d-82e8-1bc7d6fbfda0", "timestamp": "2026-04-01 14:10:00", "roomID": "Lab212", "deviceID": "Lab212_temperature", "value": null, "deviceType": "temperature"}\\n{"readingID": "399ff047-0dcc-4497-8a1c-3f83fab724ba", "timestamp": "2026-04-01 14:10:00", "roomID": "Lab212", "deviceID": "Lab212_light", "value": "22.0", "deviceType": "light"}\\n{"readingID": "5df575d7-1d83-44b7-9d1e-9788097afc66", "timestamp": "2026-04-01 14:10:00", "roomID": "Lab212", "deviceID": "Lab212_power", "value": "0.47", "deviceType": "power"}\' | /opt/kafka/bin/kafka-console-producer.sh --broker-list localhost:9092 --topic iot-sensor']' timed out after 9.999939111003187 seconds
[2026-04-10T08:13:06.508+0000] {taskinstance.py:1138} INFO - Marking task as UP_FOR_RETRY. dag_id=smart_building_pipeline_stream_to_kafka, task_id=stream_to_kafka, execution_date=20260410T080857, start_date=20260410T080858, end_date=20260410T081306
[2026-04-10T08:13:06.533+0000] {standard_task_runner.py:107} ERROR - Failed to execute job 66 for task stream_to_kafka (Command '['ssh', 'itds344@10.34.111.33', 'echo \'{"readingID": "ad7818eb-543e-43c2-b6db-a00f935ee656", "timestamp": "2026-04-01 14:10:00", "roomID": "IT332", "deviceID": "IT332_power", "value": "0.29", "deviceType": "power"}\\n{"readingID": "47f503f5-6d7a-41b0-a47f-46693fb78aa0", "timestamp": "2026-04-01 14:10:00", "roomID": "Lab212", "deviceID": "Lab212_temperature", "value": "31.97", "deviceType": "temperature"}\\n{"readingID": "f07c5283-f62a-48a6-a5a6-822efe78c504", "timestamp": "2026-04-01 14:10:00", "roomID": "Lab212", "deviceID": "Lab212_light", "value": "18.0", "deviceType": "light"}\\n{"readingID": "defa9b4a-d5d2-4af1-8b71-92485eebf9fc", "timestamp": "2026-04-01 14:10:00", "roomID": "Lab212", "deviceID": "Lab212_power", "value": "0.44", "deviceType": "power"}\\n{"readingID": "2fcc4b96-7b98-4eb3-8640-6563f3c6dbb0", "timestamp": "2026-04-01 14:10:00", "roomID": "IT332", "deviceID": "IT332_temperature", "value": "89.95", "deviceType": "temperature"}\\n{"readingID": "11a808ad-89a9-4be4-bbfe-4fe544fd894a", "timestamp": "2026-04-01 14:10:00", "roomID": "IT332", "deviceID": "IT332_light", "value": "32.0", "deviceType": "light"}\\n{"readingID": "3cf644d5-f05c-49c9-a734-b49dee8e7c16", "timestamp": "2026-04-01 14:10:00", "roomID": "IT332", "deviceID": "IT332_power", "value": "0.38", "deviceType": "power"}\\n{"readingID": "568b29df-64ac-428d-82e8-1bc7d6fbfda0", "timestamp": "2026-04-01 14:10:00", "roomID": "Lab212", "deviceID": "Lab212_temperature", "value": null, "deviceType": "temperature"}\\n{"readingID": "399ff047-0dcc-4497-8a1c-3f83fab724ba", "timestamp": "2026-04-01 14:10:00", "roomID": "Lab212", "deviceID": "Lab212_light", "value": "22.0", "deviceType": "light"}\\n{"readingID": "5df575d7-1d83-44b7-9d1e-9788097afc66", "timestamp": "2026-04-01 14:10:00", "roomID": "Lab212", "deviceID": "Lab212_power", "value": "0.47", "deviceType": "power"}\' | /opt/kafka/bin/kafka-console-producer.sh --broker-list localhost:9092 --topic iot-sensor']' timed out after 9.999939111003187 seconds; 254)
[2026-04-10T08:13:06.555+0000] {local_task_job_runner.py:234} INFO - Task exited with return code 1
[2026-04-10T08:13:06.580+0000] {taskinstance.py:3280} INFO - 0 downstream tasks scheduled from follow-on schedule check
