[2026-04-10T08:09:01.815+0000] {taskinstance.py:1956} INFO - Dependencies all met for dep_context=non-requeueable deps ti=<TaskInstance: smart_building_pipeline_stream_to_kafka.generate_iot_data manual__2026-04-10T08:08:57.566866+00:00 [queued]>
[2026-04-10T08:09:01.822+0000] {taskinstance.py:1956} INFO - Dependencies all met for dep_context=requeueable deps ti=<TaskInstance: smart_building_pipeline_stream_to_kafka.generate_iot_data manual__2026-04-10T08:08:57.566866+00:00 [queued]>
[2026-04-10T08:09:01.823+0000] {taskinstance.py:2170} INFO - Starting attempt 1 of 3
[2026-04-10T08:09:01.976+0000] {taskinstance.py:2191} INFO - Executing <Task(PythonOperator): generate_iot_data> on 2026-04-10 08:08:57.566866+00:00
[2026-04-10T08:09:01.986+0000] {standard_task_runner.py:60} INFO - Started process 272 to run task
[2026-04-10T08:09:01.991+0000] {standard_task_runner.py:87} INFO - Running: ['***', 'tasks', 'run', 'smart_building_pipeline_stream_to_kafka', 'generate_iot_data', 'manual__2026-04-10T08:08:57.566866+00:00', '--job-id', '69', '--raw', '--subdir', 'DAGS_FOLDER/bems_dag.py', '--cfg-path', '/tmp/tmp7ldy8u8m']
[2026-04-10T08:09:01.994+0000] {standard_task_runner.py:88} INFO - Job 69: Subtask generate_iot_data
[2026-04-10T08:09:02.066+0000] {task_command.py:423} INFO - Running <TaskInstance: smart_building_pipeline_stream_to_kafka.generate_iot_data manual__2026-04-10T08:08:57.566866+00:00 [running]> on host 998af5aaee6c
[2026-04-10T08:09:02.177+0000] {taskinstance.py:2480} INFO - Exporting env vars: AIRFLOW_CTX_DAG_OWNER='smart-building' AIRFLOW_CTX_DAG_ID='smart_building_pipeline_stream_to_kafka' AIRFLOW_CTX_TASK_ID='generate_iot_data' AIRFLOW_CTX_EXECUTION_DATE='2026-04-10T08:08:57.566866+00:00' AIRFLOW_CTX_TRY_NUMBER='1' AIRFLOW_CTX_DAG_RUN_ID='manual__2026-04-10T08:08:57.566866+00:00'
[2026-04-10T08:09:02.748+0000] {logging_mixin.py:188} INFO - [INFO] Sensor data rows: 13068
[2026-04-10T08:09:02.753+0000] {logging_mixin.py:188} INFO -                            readingID           timestamp roomID           deviceID  value  deviceType
eaca164b-4468-4967-a0d2-4aa937f1ed0b 2026-04-01 08:00:00  IT334  IT334_temperature  31.90 temperature
6eb58ba4-9890-4795-a380-6c55f22e64bc 2026-04-01 08:00:00  IT334        IT334_light  26.00       light
8bc5ccd4-421f-4fdd-a1e9-173413eed1cf 2026-04-01 08:00:00  IT334        IT334_power   0.39       power
c1d91bdf-19f6-4078-8bb7-f9748d3c49de 2026-04-01 08:00:00 Lab103 Lab103_temperature  29.29 temperature
d65f729a-edba-47a0-bc62-e26fff30312a 2026-04-01 08:00:00 Lab103       Lab103_light  12.00       light
39057cae-2930-49cc-94f5-97b6d3464e8e 2026-04-01 08:00:00 Lab103       Lab103_power   0.48       power
deb1be34-3074-4a72-b423-264d37b0bee3 2026-04-01 08:00:00  IT305  IT305_temperature  30.90 temperature
b6d06b7f-cdac-4952-bb8c-9d1e16547e38 2026-04-01 08:00:00  IT305        IT305_light  10.00       light
65dc2085-414f-476d-9bde-b13585396358 2026-04-01 08:00:00  IT305        IT305_power   0.39       power
f43cf118-f8e7-42b6-bbf0-4da281d93671 2026-04-01 08:00:00 Lab212 Lab212_temperature  30.01 temperature
e856c67f-2c2d-44ed-b7ae-b7efaf88ceb5 2026-04-01 08:00:00 Lab212       Lab212_light  15.00       light
382016b9-c7d7-4ddb-8505-ce7792be7b93 2026-04-01 08:00:00 Lab212       Lab212_power   0.23       power
bf39e656-4447-4dcf-b996-bf4b9e3f81d7 2026-04-01 08:00:00 Lab212 Lab212_temperature  31.97 temperature
9fa92a42-f58e-48a5-96bc-aefdb0fbf6e5 2026-04-01 08:00:00 Lab212       Lab212_light  35.00       light
aec95d5d-87a2-435c-b68a-94f6cf8af363 2026-04-01 08:00:00 Lab212       Lab212_power   0.38       power
[2026-04-10T08:09:02.817+0000] {python.py:201} INFO - Done. Returned value was: /tmp/sensor_data.csv
[2026-04-10T08:09:02.842+0000] {taskinstance.py:1138} INFO - Marking task as SUCCESS. dag_id=smart_building_pipeline_stream_to_kafka, task_id=generate_iot_data, execution_date=20260410T080857, start_date=20260410T080901, end_date=20260410T080902
[2026-04-10T08:09:02.890+0000] {local_task_job_runner.py:234} INFO - Task exited with return code 0
[2026-04-10T08:09:02.908+0000] {taskinstance.py:3280} INFO - 0 downstream tasks scheduled from follow-on schedule check
